pwd: /Users/prashant/Dropbox/Work/Simulations/TumorModeling/PosteriorAnalysis/Quasistatic_Problem
py file: run_1
 
Running chain 1
 
Arguments passed: 
Namespace(chain_id=1)
WARNING: user expression has not supplied value_shape method or an element. Assuming scalar element.


Getting low-fidelity solution

Solve LF problem with parameters [0.25]


Compute error at one parameter sample

test parameter: <dolfin.cpp.la.Vector object at 0x7f83f87e29f0>


Solve original forward and dual problem

Solve with parameters [0.33477512 9.41860154]
Calling FFC just-in-time (JIT) compiler, this may take some time.
Calling FFC just-in-time (JIT) compiler, this may take some time.


Solve for approximate errors

Solve for errors with parameters [0.33477512 9.41860154]
Calling FFC just-in-time (JIT) compiler, this may take some time.
Calling FFC just-in-time (JIT) compiler, this may take some time.
Calling FFC just-in-time (JIT) compiler, this may take some time.
Calling FFC just-in-time (JIT) compiler, this may take some time.

 *** comparing various estimates ***


Q(u0) =  0.3357726236370517


QoI using exact

Q(u) =  0.10710090492099401

Error Q(u) - Q(u0) =  -0.22867171871605768

Estimate 1 Q(u) - Q(u0) =  -0.23599239130994318

Estimate 2 Q(u) - Q(u0) =  -0.16657973565637585


QoI using approximate


Q(u) =  0.11650473958002135

Error Q(u) - Q(u0) =  -0.21926788405703035

Estimate 1 Q(u) - Q(u0) =  -0.21926788405703249

Estimate 2 Q(u) - Q(u0) =  -0.16009273401927246


 *** Running MCMC simulation ***


Solve for errors with parameters [0.33477512 9.41860154]
  Count:  0 , QoI:  [-0.21926788]
Acceptance ratio:  0.0 %
Solve for errors with parameters [0.24099632 7.46605332]
  Count:  10 , QoI:  [-0.18837148]
Acceptance ratio:  36.36363636363637 %
Solve for errors with parameters [0.24826755 5.35922129]
  Count:  20 , QoI:  [-0.1636869]
Acceptance ratio:  47.61904761904761 %
Solve for errors with parameters [0.22880595 4.79602787]
  Count:  30 , QoI:  [-0.14829769]
Acceptance ratio:  45.16129032258064 %
Solve for errors with parameters [0.24857876 4.38344888]
  Count:  40 , QoI:  [-0.14819954]
Acceptance ratio:  36.58536585365854 %
Solve for errors with parameters [0.21568863 3.58378692]
  Count:  50 , QoI:  [-0.11795176]
Acceptance ratio:  43.13725490196079 %
Solve for errors with parameters [0.20551041 2.86523879]
  Count:  60 , QoI:  [-0.09307997]
Acceptance ratio:  39.34426229508197 %
Solve for errors with parameters [0.16986668 2.52244338]
  Count:  70 , QoI:  [-0.0538483]
Acceptance ratio:  39.436619718309856 %
Solve for errors with parameters [0.15802986 2.42353841]
  Count:  80 , QoI:  [-0.03809917]
Acceptance ratio:  37.03703703703704 %
Solve for errors with parameters [0.13043094 2.39963686]
  Count:  90 , QoI:  [-0.00452481]
Acceptance ratio:  38.46153846153847 %
Solve for errors with parameters [0.12890419 2.47344881]
  Count:  100 , QoI:  [-0.00666129]
Acceptance ratio:  38.613861386138616 %
Solve for errors with parameters [0.12175609 2.31421179]
  Count:  110 , QoI:  [0.01277263]
Acceptance ratio:  36.93693693693694 %
Solve for errors with parameters [0.12889456 2.20319394]
  Count:  120 , QoI:  [0.00919433]
Acceptance ratio:  35.53719008264463 %
Solve for errors with parameters [0.11596915 2.63771429]
  Count:  130 , QoI:  [0.0014475]
Acceptance ratio:  38.16793893129771 %
Solve for errors with parameters [0.15278058 1.92435575]
  Count:  140 , QoI:  [-0.00704274]
Acceptance ratio:  38.297872340425535 %
Solve for errors with parameters [0.16215973 1.9506768 ]
  Count:  150 , QoI:  [-0.01991477]
Acceptance ratio:  37.086092715231786 %
Solve for errors with parameters [0.14020029 1.63956068]
  Count:  160 , QoI:  [0.02852254]
Acceptance ratio:  37.267080745341616 %
Solve for errors with parameters [0.16037971 1.70868626]
  Count:  170 , QoI:  [-0.00479457]
Acceptance ratio:  35.67251461988304 %
Solve for errors with parameters [0.15997222 2.12248142]
  Count:  180 , QoI:  [-0.02600022]
Acceptance ratio:  34.25414364640884 %
Solve for errors with parameters [0.1563371  1.89453557]
  Count:  190 , QoI:  [-0.00991194]
Acceptance ratio:  33.50785340314136 %
Solve for errors with parameters [0.14687481 2.36376424]
  Count:  200 , QoI:  [-0.0230232]
Acceptance ratio:  33.83084577114428 %
Solve for errors with parameters [0.12287176 2.68365109]
  Count:  210 , QoI:  [-0.01043411]
Acceptance ratio:  35.07109004739337 %
Solve for errors with parameters [0.13231152 2.30575857]
  Count:  220 , QoI:  [-0.00168286]
Acceptance ratio:  35.74660633484163 %
Solve for errors with parameters [0.14226567 2.86358642]
  Count:  230 , QoI:  [-0.04160644]
Acceptance ratio:  36.36363636363637 %
Solve for errors with parameters [0.13416919 2.39580214]
  Count:  240 , QoI:  [-0.00919484]
Acceptance ratio:  36.09958506224066 %
Solve for errors with parameters [0.15767855 2.06356671]
  Count:  250 , QoI:  [-0.02042773]
Acceptance ratio:  35.85657370517929 %
Solve for errors with parameters [0.15719172 2.35274461]
  Count:  260 , QoI:  [-0.03396555]
Acceptance ratio:  36.015325670498086 %
Solve for errors with parameters [0.13185054 2.46182173]
  Count:  270 , QoI:  [-0.00984098]
Acceptance ratio:  35.79335793357934 %
Solve for errors with parameters [0.14098905 2.40329332]
  Count:  280 , QoI:  [-0.01808197]
Acceptance ratio:  35.587188612099645 %
Solve for errors with parameters [0.10608143 2.87923604]
  Count:  290 , QoI:  [0.00114214]
Acceptance ratio:  35.738831615120276 %
Solve for errors with parameters [0.09738101 3.03639407]
  Count:  300 , QoI:  [0.00429683]
Acceptance ratio:  35.548172757475086 %
Solve for errors with parameters [0.10258195 2.79760731]
  Count:  310 , QoI:  [0.01120211]
Acceptance ratio:  35.36977491961415 %
Solve for errors with parameters [0.11063803 2.72173967]
  Count:  320 , QoI:  [0.00400539]
Acceptance ratio:  34.890965732087224 %
Solve for errors with parameters [0.12476838 2.9464516 ]
  Count:  330 , QoI:  [-0.02640975]
Acceptance ratio:  34.44108761329305 %
Solve for errors with parameters [0.11754114 2.64508052]
  Count:  340 , QoI:  [-0.00116368]
Acceptance ratio:  34.31085043988269 %
Solve for errors with parameters [0.10929296 2.4106531 ]
  Count:  350 , QoI:  [0.02588258]
Acceptance ratio:  34.472934472934476 %
Solve for errors with parameters [0.12084284 2.41517962]
  Count:  360 , QoI:  [0.00785612]
Acceptance ratio:  33.51800554016621 %
Solve for errors with parameters [0.15172225 2.23411703]
  Count:  370 , QoI:  [-0.02212657]
Acceptance ratio:  33.692722371967655 %
Solve for errors with parameters [0.14403304 2.42581155]
  Count:  380 , QoI:  [-0.02283889]
Acceptance ratio:  33.59580052493438 %
Solve for errors with parameters [0.10679823 2.59235237]
  Count:  390 , QoI:  [0.01780137]
Acceptance ratio:  32.992327365728904 %
Solve for errors with parameters [0.15384944 2.52780726]
  Count:  400 , QoI:  [-0.03848973]
Acceptance ratio:  32.66832917705736 %
Solve for errors with parameters [0.13124187 2.45788982]
  Count:  410 , QoI:  [-0.00884146]
Acceptance ratio:  33.09002433090024 %
Solve for errors with parameters [0.15048096 2.90311804]
  Count:  420 , QoI:  [-0.05139899]
Acceptance ratio:  32.779097387173394 %
Solve for errors with parameters [0.12076879 2.51250285]
  Count:  430 , QoI:  [0.00211567]
Acceptance ratio:  33.17865429234338 %
Solve for errors with parameters [0.14927802 2.60345294]
  Count:  440 , QoI:  [-0.03715967]
Acceptance ratio:  33.10657596371882 %
Solve for errors with parameters [0.12065565 2.40685508]
  Count:  450 , QoI:  [0.00863753]
Acceptance ratio:  32.8159645232816 %
Solve for errors with parameters [0.15044461 2.33901049]
  Count:  460 , QoI:  [-0.02588692]
Acceptance ratio:  32.75488069414317 %
Solve for errors with parameters [0.14660911 1.93355387]
  Count:  470 , QoI:  [0.00055123]
Acceptance ratio:  32.696390658174096 %
Solve for errors with parameters [0.15834336 1.68901172]
  Count:  480 , QoI:  [-0.00101682]
Acceptance ratio:  32.432432432432435 %
Solve for errors with parameters [0.1471666  2.58628965]
  Count:  490 , QoI:  [-0.03412253]
Acceptance ratio:  32.586558044806516 %
Solve for errors with parameters [0.14939987 1.91629988]
  Count:  500 , QoI:  [-0.00218671]
Acceptance ratio:  32.734530938123754 %
Solve for errors with parameters [0.14847518 2.28897105]
  Count:  510 , QoI:  [-0.02111241]
Acceptance ratio:  32.28962818003914 %
Solve for errors with parameters [0.14902342 2.01071948]
  Count:  520 , QoI:  [-0.00701169]
Acceptance ratio:  32.82149712092131 %
Solve for errors with parameters [0.14876716 2.03937152]
  Count:  530 , QoI:  [-0.0082674]
Acceptance ratio:  32.580037664783426 %
Solve for errors with parameters [0.15218359 1.87049929]
  Count:  540 , QoI:  [-0.00324958]
Acceptance ratio:  32.71719038817005 %
Solve for errors with parameters [0.13146289 2.03973341]
  Count:  550 , QoI:  [0.01564428]
Acceptance ratio:  32.66787658802178 %
Solve for errors with parameters [0.11327237 2.58472601]
  Count:  560 , QoI:  [0.00849563]
Acceptance ratio:  32.62032085561498 %
Solve for errors with parameters [0.11550568 2.59537695]
  Count:  570 , QoI:  [0.00461879]
Acceptance ratio:  32.749562171628725 %
Solve for errors with parameters [0.12681069 2.70164424]
  Count:  580 , QoI:  [-0.01637377]
Acceptance ratio:  32.53012048192771 %
Solve for errors with parameters [0.1272486  2.34748227]
  Count:  590 , QoI:  [0.00282683]
Acceptance ratio:  32.82571912013537 %
Solve for errors with parameters [0.12510138 2.24522806]
  Count:  600 , QoI:  [0.01213576]
Acceptance ratio:  32.77870216306156 %
Solve for errors with parameters [0.13672779 3.00783718]
  Count:  610 , QoI:  [-0.04232529]
Acceptance ratio:  32.56955810147299 %
Solve for errors with parameters [0.15009989 2.48692192]
  Count:  620 , QoI:  [-0.03262867]
Acceptance ratio:  32.045088566827694 %
Solve for errors with parameters [0.11207239 2.49709532]
  Count:  630 , QoI:  [0.01579055]
Acceptance ratio:  31.85419968304279 %
Solve for errors with parameters [0.14378396 2.17998421]
  Count:  640 , QoI:  [-0.00964264]
Acceptance ratio:  31.669266770670827 %
Solve for errors with parameters [0.11534923 2.2379981 ]
  Count:  650 , QoI:  [0.0277743]
Acceptance ratio:  31.643625192012287 %
Solve for errors with parameters [0.12122878 3.09475656]
  Count:  660 , QoI:  [-0.02958889]
Acceptance ratio:  31.77004538577912 %
Solve for errors with parameters [0.12110331 2.74516198]
  Count:  670 , QoI:  [-0.01151149]
Acceptance ratio:  31.445603576751118 %
Solve for errors with parameters [0.11058815 2.83878679]
  Count:  680 , QoI:  [-0.00278507]
Acceptance ratio:  31.130690161527163 %
Solve for errors with parameters [0.11389891 2.70735869]
  Count:  690 , QoI:  [0.00025258]
Acceptance ratio:  31.25904486251809 %
Solve for errors with parameters [0.13018943 2.66256464]
  Count:  700 , QoI:  [-0.01847219]
Acceptance ratio:  30.813124108416545 %
Solve for errors with parameters [0.14239134 2.3040102 ]
  Count:  710 , QoI:  [-0.0145808]
Acceptance ratio:  30.801687763713083 %
Solve for errors with parameters [0.14173018 2.13375533]
  Count:  720 , QoI:  [-0.00441972]
Acceptance ratio:  31.06796116504854 %
Solve for errors with parameters [0.14235228 2.29574999]
  Count:  730 , QoI:  [-0.01409378]
Acceptance ratio:  30.779753761969904 %
Solve for errors with parameters [0.15087634 2.22913708]
  Count:  740 , QoI:  [-0.02088718]
Acceptance ratio:  30.364372469635626 %
Solve for errors with parameters [0.13248242 2.02011443]
  Count:  750 , QoI:  [0.01536668]
Acceptance ratio:  30.22636484687084 %
Solve for errors with parameters [0.13177325 2.2916677 ]
  Count:  760 , QoI:  [-0.0001376]
Acceptance ratio:  30.223390275952696 %
Solve for errors with parameters [0.1426442 2.2752588]
  Count:  770 , QoI:  [-0.01336251]
Acceptance ratio:  30.090791180285343 %
Solve for errors with parameters [0.14812845 2.29981136]
  Count:  780 , QoI:  [-0.02125633]
Acceptance ratio:  29.705505761843792 %
Solve for errors with parameters [0.13338274 2.41874748]
  Count:  790 , QoI:  [-0.00944512]
Acceptance ratio:  29.835651074589126 %
Solve for errors with parameters [0.14655156 2.4411807 ]
  Count:  800 , QoI:  [-0.02649637]
Acceptance ratio:  29.837702871410738 %
Solve for errors with parameters [0.13783982 2.27054291]
  Count:  810 , QoI:  [-0.00700709]
Acceptance ratio:  29.839704069050555 %
Solve for errors with parameters [0.1514825  2.42609847]
  Count:  820 , QoI:  [-0.03125489]
Acceptance ratio:  29.71985383678441 %
Solve for errors with parameters [0.1372859  2.10741329]
  Count:  830 , QoI:  [0.00309755]
Acceptance ratio:  29.723225030084237 %
Solve for errors with parameters [0.1407193  1.93766298]
  Count:  840 , QoI:  [0.00847739]
Acceptance ratio:  30.083234244946492 %
Solve for errors with parameters [0.1693685  2.27649931]
  Count:  850 , QoI:  [-0.0430374]
Acceptance ratio:  29.964747356051703 %
Solve for errors with parameters [0.11553338 2.4562953 ]
  Count:  860 , QoI:  [0.0131336]
Acceptance ratio:  29.965156794425084 %
Solve for errors with parameters [0.1252517  2.16453397]
  Count:  870 , QoI:  [0.01703238]
Acceptance ratio:  29.965556831228472 %
Solve for errors with parameters [0.11424702 2.6686824 ]
  Count:  880 , QoI:  [0.00203843]
Acceptance ratio:  29.96594778660613 %
Solve for errors with parameters [0.12468129 2.76108772]
  Count:  890 , QoI:  [-0.01686748]
Acceptance ratio:  29.629629629629626 %
Solve for errors with parameters [0.13013493 2.61661275]
  Count:  900 , QoI:  [-0.01600121]
Acceptance ratio:  29.411764705882355 %
Solve for errors with parameters [0.1076209  3.04348558]
  Count:  910 , QoI:  [-0.0102883]
Acceptance ratio:  29.527991218441272 %
Solve for errors with parameters [0.11331081 3.19788638]
  Count:  920 , QoI:  [-0.02545397]
Acceptance ratio:  29.31596091205212 %
Solve for errors with parameters [0.10047454 3.56593816]
  Count:  930 , QoI:  [-0.02843434]
Acceptance ratio:  29.108485499462944 %
Solve for errors with parameters [0.10602271 3.15352999]
  Count:  940 , QoI:  [-0.01417471]
Acceptance ratio:  29.011689691817217 %
Solve for errors with parameters [0.08779223 3.12404797]
  Count:  950 , QoI:  [0.01336082]
Acceptance ratio:  28.916929547844372 %
Solve for errors with parameters [0.12219261 2.66781877]
  Count:  960 , QoI:  [-0.00868233]
Acceptance ratio:  29.136316337148806 %
Solve for errors with parameters [0.14679418 2.51207013]
  Count:  970 , QoI:  [-0.03020632]
Acceptance ratio:  29.042224510813597 %
Solve for errors with parameters [0.11817289 2.57361602]
  Count:  980 , QoI:  [0.00214037]
Acceptance ratio:  28.848114169215087 %
Solve for errors with parameters [0.12408491 2.82229525]
  Count:  990 , QoI:  [-0.01932519]
Acceptance ratio:  28.960645812310798 %
Solve for errors with parameters [0.12562189 2.78227082]
  Count:  1000 , QoI:  [-0.01912437]
Acceptance ratio:  28.671328671328673 %
Solve for errors with parameters [0.09963552 3.32307856]
  Count:  1010 , QoI:  [-0.01500586]
Acceptance ratio:  28.684470820969338 %
Solve for errors with parameters [0.11982302 3.37016525]
  Count:  1020 , QoI:  [-0.04087729]
Acceptance ratio:  28.599412340842314 %
Solve for errors with parameters [0.10253774 2.42198678]
  Count:  1030 , QoI:  [0.03646969]
Acceptance ratio:  28.70999030067895 %
Solve for errors with parameters [0.13599742 2.74326593]
  Count:  1040 , QoI:  [-0.02930193]
Acceptance ratio:  28.434197886647457 %
Solve for errors with parameters [0.1805832  2.30437708]
  Count:  1050 , QoI:  [-0.05478314]
Acceptance ratio:  28.639391056137015 %
Solve for errors with parameters [0.13842194 2.29431901]
  Count:  1060 , QoI:  [-0.00907269]
Acceptance ratio:  28.65221489161169 %
Solve for errors with parameters [0.10761719 2.84448571]
  Count:  1070 , QoI:  [0.00101719]
Acceptance ratio:  28.944911297852478 %
Solve for errors with parameters [0.1200645  3.06506184]
  Count:  1080 , QoI:  [-0.02679797]
Acceptance ratio:  28.862164662349677 %
Solve for errors with parameters [0.15850638 3.02199852]
  Count:  1090 , QoI:  [-0.06334951]
Acceptance ratio:  28.780934922089823 %
Solve for errors with parameters [0.13452652 2.66761886]
  Count:  1100 , QoI:  [-0.02389517]
Acceptance ratio:  28.610354223433244 %
Solve for errors with parameters [0.10462009 2.63715501]
  Count:  1110 , QoI:  [0.01829714]
Acceptance ratio:  28.71287128712871 %
Solve for errors with parameters [0.11325965 2.3381633 ]
  Count:  1120 , QoI:  [0.02436172]
Acceptance ratio:  28.63514719000892 %
Solve for errors with parameters [0.14347287 2.6291806 ]
  Count:  1130 , QoI:  [-0.03213272]
Acceptance ratio:  28.824049513704686 %
Solve for errors with parameters [0.13747333 2.61446678]
  Count:  1140 , QoI:  [-0.02466599]
Acceptance ratio:  29.009640666082383 %
Solve for errors with parameters [0.13851796 2.60062261]
  Count:  1150 , QoI:  [-0.02518444]
Acceptance ratio:  29.018245004344053 %
Solve for errors with parameters [0.14687682 2.73863131]
  Count:  1160 , QoI:  [-0.04077215]
Acceptance ratio:  29.026701119724375 %
Solve for errors with parameters [0.12486388 2.63724903]
  Count:  1170 , QoI:  [-0.01046403]
Acceptance ratio:  29.035012809564474 %
Solve for errors with parameters [0.12865618 2.75217823]
  Count:  1180 , QoI:  [-0.0212362]
Acceptance ratio:  28.87383573243014 %
Solve for errors with parameters [0.15150053 2.43839031]
  Count:  1190 , QoI:  [-0.03185753]
Acceptance ratio:  28.71536523929471 %
Solve for errors with parameters [0.1444367  2.04864105]
  Count:  1200 , QoI:  [-0.00316356]
Acceptance ratio:  28.55953372189842 %
Solve for errors with parameters [0.14518415 2.00190674]
  Count:  1210 , QoI:  [-0.0014852]
Acceptance ratio:  28.736581337737405 %
Solve for errors with parameters [0.15345197 1.82616596]
  Count:  1220 , QoI:  [-0.00239736]
Acceptance ratio:  28.746928746928745 %
Solve for errors with parameters [0.16967212 1.83494843]
  Count:  1230 , QoI:  [-0.02274362]
Acceptance ratio:  28.594638505280262 %
Solve for errors with parameters [0.14431188 2.33515978]
  Count:  1240 , QoI:  [-0.01854467]
Acceptance ratio:  28.60596293311845 %
Solve for errors with parameters [0.1736606  2.03314429]
  Count:  1250 , QoI:  [-0.03652456]
Acceptance ratio:  28.377298161470822 %
Solve for errors with parameters [0.12599176 1.96745798]
  Count:  1260 , QoI:  [0.02898699]
Acceptance ratio:  28.231562252180808 %
Solve for errors with parameters [0.16146011 1.96565493]
  Count:  1270 , QoI:  [-0.01986072]
Acceptance ratio:  28.08811959087333 %
Solve for errors with parameters [0.1545336 2.1266922]
  Count:  1280 , QoI:  [-0.01995954]
Acceptance ratio:  27.86885245901639 %
Solve for errors with parameters [0.14357704 1.65711869]
  Count:  1290 , QoI:  [0.02203496]
Acceptance ratio:  27.96281951975213 %
Solve for errors with parameters [0.1482431  1.81820138]
  Count:  1300 , QoI:  [0.00511]
Acceptance ratio:  27.901614142966945 %
Solve for errors with parameters [0.13909693 2.21852207]
  Count:  1310 , QoI:  [-0.00573839]
Acceptance ratio:  27.91762013729977 %
Solve for errors with parameters [0.1288613  2.09679793]
  Count:  1320 , QoI:  [0.01591222]
Acceptance ratio:  27.857683573050718 %
Solve for errors with parameters [0.13640584 2.02712624]
  Count:  1330 , QoI:  [0.00917572]
Acceptance ratio:  27.64838467317806 %
Solve for errors with parameters [0.15846322 2.25403648]
  Count:  1340 , QoI:  [-0.03068766]
Acceptance ratio:  27.516778523489933 %
Solve for errors with parameters [0.15381225 1.98093173]
  Count:  1350 , QoI:  [-0.0114372]
Acceptance ratio:  27.609178386380457 %
Solve for errors with parameters [0.1458436  1.90309871]
  Count:  1360 , QoI:  [0.00337997]
Acceptance ratio:  27.700220426157234 %
Solve for errors with parameters [0.13912208 2.10606325]
  Count:  1370 , QoI:  [0.0006577]
Acceptance ratio:  27.78993435448578 %
Solve for errors with parameters [0.12552569 2.46480032]
  Count:  1380 , QoI:  [-0.0016576]
Acceptance ratio:  28.023171614771904 %
Solve for errors with parameters [0.13582125 2.80705115]
  Count:  1390 , QoI:  [-0.03216]
Acceptance ratio:  27.893601725377426 %
Solve for errors with parameters [0.14087025 2.13087315]
  Count:  1400 , QoI:  [-0.00312044]
Acceptance ratio:  27.90863668807994 %
Solve for errors with parameters [0.16876881 2.01779788]
  Count:  1410 , QoI:  [-0.03064261]
Acceptance ratio:  27.99433026222537 %
Solve for errors with parameters [0.12859539 2.19172876]
  Count:  1420 , QoI:  [0.01033601]
Acceptance ratio:  28.00844475721323 %
Solve for errors with parameters [0.12936487 2.61491619]
  Count:  1430 , QoI:  [-0.01495681]
Acceptance ratio:  27.882599580712785 %
Solve for errors with parameters [0.13036702 2.74501101]
  Count:  1440 , QoI:  [-0.02290438]
Acceptance ratio:  27.82789729354615 %
Solve for errors with parameters [0.11860644 2.447379  ]
  Count:  1450 , QoI:  [0.00913458]
Acceptance ratio:  27.77394900068918 %
Solve for errors with parameters [0.13093001 2.34925629]
  Count:  1460 , QoI:  [-0.0023208]
Acceptance ratio:  27.92607802874743 %
Solve for errors with parameters [0.13890986 2.69659188]
  Count:  1470 , QoI:  [-0.03031115]
Acceptance ratio:  27.804214819850444 %
Solve for errors with parameters [0.14274945 2.86655663]
  Count:  1480 , QoI:  [-0.0422329]
Acceptance ratio:  27.819041188386223 %
Solve for errors with parameters [0.109883   3.22724878]
  Count:  1490 , QoI:  [-0.02282745]
Acceptance ratio:  27.833668678739098 %
Solve for errors with parameters [0.08445836 3.48611238]
  Count:  1500 , QoI:  [-0.00346557]
Acceptance ratio:  27.9147235176549 %
Solve for errors with parameters [0.07470764 3.84917258]
  Count:  1510 , QoI:  [-0.01010121]
Acceptance ratio:  27.928524156187954 %
Solve for errors with parameters [0.08549259 3.29442382]
  Count:  1520 , QoI:  [0.0063227]
Acceptance ratio:  27.87639710716634 %
Solve for errors with parameters [0.08450537 2.8448725 ]
  Count:  1530 , QoI:  [0.03779157]
Acceptance ratio:  27.95558458523841 %
Solve for errors with parameters [0.09240027 3.60690547]
  Count:  1540 , QoI:  [-0.02064138]
Acceptance ratio:  27.83906554185594 %
Solve for errors with parameters [0.1041567  2.81085585]
  Count:  1550 , QoI:  [0.00803114]
Acceptance ratio:  27.917472598323663 %
Solve for errors with parameters [0.10467132 3.47617925]
  Count:  1560 , QoI:  [-0.02898971]
Acceptance ratio:  27.86675208199872 %
Solve for errors with parameters [0.09806666 3.59318701]
  Count:  1570 , QoI:  [-0.02690851]
Acceptance ratio:  27.75302355187779 %
Solve for errors with parameters [0.07724851 3.37706655]
  Count:  1580 , QoI:  [0.0139652]
Acceptance ratio:  27.830487033523088 %
Solve for errors with parameters [0.09227733 3.58980145]
  Count:  1590 , QoI:  [-0.01960378]
Acceptance ratio:  27.844123192960403 %
Solve for errors with parameters [0.10362345 3.36103295]
  Count:  1600 , QoI:  [-0.02200051]
Acceptance ratio:  27.92004996876952 %
Solve for errors with parameters [0.09175426 3.03840372]
  Count:  1610 , QoI:  [0.01261772]
Acceptance ratio:  27.87088764742396 %
Solve for errors with parameters [0.0998831  3.34903014]
  Count:  1620 , QoI:  [-0.0166991]
Acceptance ratio:  27.884022208513265 %
Solve for errors with parameters [0.10461284 3.945912  ]
  Count:  1630 , QoI:  [-0.05018984]
Acceptance ratio:  27.835683629675046 %
Solve for errors with parameters [0.09207053 3.50105493]
  Count:  1640 , QoI:  [-0.01467163]
Acceptance ratio:  27.787934186471663 %
Solve for errors with parameters [0.08812067 3.58921374]
  Count:  1650 , QoI:  [-0.01419282]
Acceptance ratio:  27.740763173834036 %
Solve for errors with parameters [0.09165661 3.56408513]
  Count:  1660 , QoI:  [-0.01747101]
Acceptance ratio:  27.69416014449127 %
Solve for errors with parameters [0.08725073 3.37600553]
  Count:  1670 , QoI:  [-0.00110402]
Acceptance ratio:  27.588270496708557 %
Solve for errors with parameters [0.08240977 3.490737  ]
  Count:  1680 , QoI:  [-0.00079201]
Acceptance ratio:  27.483640690065435 %
Solve for errors with parameters [0.07616214 3.34956735]
  Count:  1690 , QoI:  [0.01748137]
Acceptance ratio:  27.557658190419872 %
Solve for errors with parameters [0.06886812 4.3510597 ]
  Count:  1700 , QoI:  [-0.02831547]
Acceptance ratio:  27.572016460905353 %
Solve for errors with parameters [0.08864583 4.1915362 ]
  Count:  1710 , QoI:  [-0.04404364]
Acceptance ratio:  27.644652250146112 %
Solve for errors with parameters [0.08782833 3.60976567]
  Count:  1720 , QoI:  [-0.01490554]
Acceptance ratio:  27.658338175479376 %
Solve for errors with parameters [0.08662099 3.06955205]
  Count:  1730 , QoI:  [0.01872184]
Acceptance ratio:  27.61409589832467 %
Solve for errors with parameters [0.1278678  3.34485884]
  Count:  1740 , QoI:  [-0.04801863]
Acceptance ratio:  27.512923607122342 %
Solve for errors with parameters [0.14124766 2.57104847]
  Count:  1750 , QoI:  [-0.02684956]
Acceptance ratio:  27.584237578526555 %
Solve for errors with parameters [0.12397213 2.61708571]
  Count:  1760 , QoI:  [-0.00819781]
Acceptance ratio:  27.427597955706982 %
Solve for errors with parameters [0.14569359 2.4695168 ]
  Count:  1770 , QoI:  [-0.02691431]
Acceptance ratio:  27.38565782044043 %
Solve for errors with parameters [0.13783552 2.33137081]
  Count:  1780 , QoI:  [-0.0103527]
Acceptance ratio:  27.288040426726557 %
Solve for errors with parameters [0.14695863 2.43711129]
  Count:  1790 , QoI:  [-0.0267577]
Acceptance ratio:  27.30318257956449 %
Solve for errors with parameters [0.14142903 2.72263876]
  Count:  1800 , QoI:  [-0.03430573]
Acceptance ratio:  27.318156579677954 %
Solve for errors with parameters [0.14424101 2.27456077]
  Count:  1810 , QoI:  [-0.01529313]
Acceptance ratio:  27.388183324130317 %
Solve for errors with parameters [0.15715591 1.98998482]
  Count:  1820 , QoI:  [-0.01601021]
Acceptance ratio:  27.347611202635914 %
Solve for errors with parameters [0.17007807 1.66857715]
  Count:  1830 , QoI:  [-0.0146963]
Acceptance ratio:  27.47132714363736 %
Solve for errors with parameters [0.17115287 1.72646512]
  Count:  1840 , QoI:  [-0.01896956]
Acceptance ratio:  27.376425855513308 %
Solve for errors with parameters [0.19406676 1.41841552]
  Count:  1850 , QoI:  [-0.02939187]
Acceptance ratio:  27.336574824419234 %
Solve for errors with parameters [0.15014075 1.36054213]
  Count:  1860 , QoI:  [0.03172381]
Acceptance ratio:  27.35088662009672 %
Solve for errors with parameters [0.19890401 1.69491432]
  Count:  1870 , QoI:  [-0.04660221]
Acceptance ratio:  27.3650454302512 %
Solve for errors with parameters [0.16555071 1.43946125]
  Count:  1880 , QoI:  [0.00383069]
Acceptance ratio:  27.432216905901118 %
Solve for errors with parameters [0.14491566 2.18049405]
  Count:  1890 , QoI:  [-0.01109981]
Acceptance ratio:  27.551560021152827 %
Solve for errors with parameters [0.13874645 2.12011616]
  Count:  1900 , QoI:  [0.00034992]
Acceptance ratio:  27.56443976854287 %
Solve for errors with parameters [0.1319144 2.0882065]
  Count:  1910 , QoI:  [0.01191654]
Acceptance ratio:  27.681841967556252 %
Solve for errors with parameters [0.13214079 2.25088392]
  Count:  1920 , QoI:  [0.00174221]
Acceptance ratio:  27.64185320145757 %
Solve for errors with parameters [0.1243433  2.40350734]
  Count:  1930 , QoI:  [0.00356766]
Acceptance ratio:  27.602278612118074 %
Solve for errors with parameters [0.13468812 2.11960383]
  Count:  1940 , QoI:  [0.00600013]
Acceptance ratio:  27.666151468315302 %
Solve for errors with parameters [0.14092046 2.6042097 ]
  Count:  1950 , QoI:  [-0.02809933]
Acceptance ratio:  27.88313685289595 %
Solve for errors with parameters [0.15330498 2.06434714]
  Count:  1960 , QoI:  [-0.01525814]
Acceptance ratio:  27.842937276899544 %
Solve for errors with parameters [0.14004075 2.32246598]
  Count:  1970 , QoI:  [-0.01264998]
Acceptance ratio:  27.803145611364787 %
Solve for errors with parameters [0.13666364 2.6362591 ]
  Count:  1980 , QoI:  [-0.02481359]
Acceptance ratio:  27.814235234729935 %
Solve for errors with parameters [0.16860126 2.39048421]
  Count:  1990 , QoI:  [-0.04719458]
Acceptance ratio:  27.825213460572577 %
Solve for errors with parameters [0.1552081  1.74602819]
  Count:  2000 , QoI:  [-0.00013005]
Acceptance ratio:  27.736131934032983 %
Solve for errors with parameters [0.14580452 1.71536443]
  Count:  2010 , QoI:  [0.0149167]
Acceptance ratio:  27.697662854301342 %
Solve for errors with parameters [0.16261016 1.93952582]
  Count:  2020 , QoI:  [-0.01987253]
Acceptance ratio:  27.906976744186046 %
Solve for errors with parameters [0.14884006 2.27890592]
  Count:  2030 , QoI:  [-0.02102901]
Acceptance ratio:  27.868045297882816 %
Solve for errors with parameters [0.13635979 2.13533778]
  Count:  2040 , QoI:  [0.0027271]
Acceptance ratio:  27.78049975502205 %
Solve for errors with parameters [0.16981709 2.25072929]
  Count:  2050 , QoI:  [-0.0423549]
Acceptance ratio:  27.93759141882009 %
Solve for errors with parameters [0.13650233 2.43909193]
  Count:  2060 , QoI:  [-0.01447914]
Acceptance ratio:  27.850557981562346 %
Solve for errors with parameters [0.10819153 2.65473431]
  Count:  2070 , QoI:  [0.0116929]
Acceptance ratio:  27.90922259777885 %
Solve for errors with parameters [0.11862435 2.70880591]
  Count:  2080 , QoI:  [-0.00626355]
Acceptance ratio:  27.919269581931765 %
Solve for errors with parameters [0.12934943 2.10265176]
  Count:  2090 , QoI:  [0.01480656]
Acceptance ratio:  27.881396461023435 %
Solve for errors with parameters [0.16474785 2.20050917]
  Count:  2100 , QoI:  [-0.03490878]
Acceptance ratio:  27.98667301285102 %
Solve for errors with parameters [0.12450842 2.40659106]
  Count:  2110 , QoI:  [0.00315262]
Acceptance ratio:  28.185693983893888 %
Solve for errors with parameters [0.13612311 2.48154184]
  Count:  2120 , QoI:  [-0.01625595]
Acceptance ratio:  28.052805280528055 %
Solve for errors with parameters [0.13017404 2.44593339]
  Count:  2130 , QoI:  [-0.00678911]
Acceptance ratio:  28.108869075551386 %
Solve for errors with parameters [0.129938   2.88538819]
  Count:  2140 , QoI:  [-0.029345]
Acceptance ratio:  28.024287716020552 %
Solve for errors with parameters [0.1158396  3.23736704]
  Count:  2150 , QoI:  [-0.03032715]
Acceptance ratio:  28.079962807996278 %
Solve for errors with parameters [0.1274541  2.88876085]
  Count:  2160 , QoI:  [-0.02667191]
Acceptance ratio:  28.088847755668674 %
Solve for errors with parameters [0.13525797 2.28910136]
  Count:  2170 , QoI:  [-0.0046668]
Acceptance ratio:  28.143712574850298 %
Solve for errors with parameters [0.15427908 2.45232887]
  Count:  2180 , QoI:  [-0.03549008]
Acceptance ratio:  28.10637322329207 %
Solve for errors with parameters [0.09728865 3.19861603]
  Count:  2190 , QoI:  [-0.00503432]
Acceptance ratio:  28.160657234139663 %
Solve for errors with parameters [0.10836964 3.46428928]
  Count:  2200 , QoI:  [-0.03267918]
Acceptance ratio:  28.25988187187642 %
Solve for errors with parameters [0.10165759 3.62611471]
  Count:  2210 , QoI:  [-0.03270969]
Acceptance ratio:  28.31298055178652 %
Solve for errors with parameters [0.09100538 3.18018631]
  Count:  2220 , QoI:  [0.0050124]
Acceptance ratio:  28.275551553354344 %
Solve for errors with parameters [0.1084373  2.70776128]
  Count:  2230 , QoI:  [0.00804294]
Acceptance ratio:  28.238458090542355 %
Solve for errors with parameters [0.11263965 2.50317236]
  Count:  2240 , QoI:  [0.01453698]
Acceptance ratio:  28.201695671575187 %
Solve for errors with parameters [0.11301139 2.48661072]
  Count:  2250 , QoI:  [0.01502631]
Acceptance ratio:  28.12083518436251 %
Solve for errors with parameters [0.10821338 3.30543643]
  Count:  2260 , QoI:  [-0.02475463]
Acceptance ratio:  28.084918177797434 %
Solve for errors with parameters [0.12972658 3.11896749]
  Count:  2270 , QoI:  [-0.04001953]
Acceptance ratio:  28.093350946719507 %
Solve for errors with parameters [0.12219256 2.71469048]
  Count:  2280 , QoI:  [-0.0112531]
Acceptance ratio:  28.145550197281892 %
Solve for errors with parameters [0.10872495 2.92973501]
  Count:  2290 , QoI:  [-0.0054271]
Acceptance ratio:  28.1972937581842 %
Solve for errors with parameters [0.11395899 3.30257294]
  Count:  2300 , QoI:  [-0.03131684]
Acceptance ratio:  28.16166883963494 %
Solve for errors with parameters [0.11975023 2.76864464]
  Count:  2310 , QoI:  [-0.01104873]
Acceptance ratio:  28.126352228472523 %
Solve for errors with parameters [0.10621309 3.11244703]
  Count:  2320 , QoI:  [-0.01220748]
Acceptance ratio:  28.09133993968117 %
Solve for errors with parameters [0.1190006  2.77045148]
  Count:  2330 , QoI:  [-0.01017784]
Acceptance ratio:  28.142428142428145 %
Solve for errors with parameters [0.11995764 2.92536812]
  Count:  2340 , QoI:  [-0.01962314]
Acceptance ratio:  28.064929517300296 %
Solve for errors with parameters [0.11873277 2.5541995 ]
  Count:  2350 , QoI:  [0.00250313]
Acceptance ratio:  28.115695448745214 %
Solve for errors with parameters [0.11188403 3.07974216]
  Count:  2360 , QoI:  [-0.01769046]
Acceptance ratio:  28.123676408301566 %
Solve for errors with parameters [0.10101203 3.33509859]
  Count:  2370 , QoI:  [-0.01740246]
Acceptance ratio:  28.089413749472797 %
Solve for errors with parameters [0.08775116 3.58077143]
  Count:  2380 , QoI:  [-0.01324941]
Acceptance ratio:  28.18143637127257 %
Solve for errors with parameters [0.08305197 3.72452226]
  Count:  2390 , QoI:  [-0.0147083]
Acceptance ratio:  28.147218736930157 %
Solve for errors with parameters [0.1003164  3.55981374]
  Count:  2400 , QoI:  [-0.02794747]
Acceptance ratio:  28.029987505206165 %
Solve for errors with parameters [0.07531854 4.10001712]
  Count:  2410 , QoI:  [-0.02407695]
Acceptance ratio:  27.99668187474077 %
Solve for errors with parameters [0.08712294 3.73100186]
  Count:  2420 , QoI:  [-0.02034506]
Acceptance ratio:  27.963651383725736 %
Solve for errors with parameters [0.10471961 3.37393404]
  Count:  2430 , QoI:  [-0.02398829]
Acceptance ratio:  27.972027972027973 %
Solve for errors with parameters [0.07656016 3.65823354]
  Count:  2440 , QoI:  [-0.00199682]
Acceptance ratio:  28.021302744776733 %
Solve for errors with parameters [0.09959658 3.7414639 ]
  Count:  2450 , QoI:  [-0.03579056]
Acceptance ratio:  27.98857609139127 %
Solve for errors with parameters [0.0751095  3.75652106]
  Count:  2460 , QoI:  [-0.00551228]
Acceptance ratio:  28.118650954896385 %
Solve for errors with parameters [0.07914517 3.61467454]
  Count:  2470 , QoI:  [-0.00323307]
Acceptance ratio:  28.126264670174017 %
Solve for errors with parameters [0.08161877 3.85106956]
  Count:  2480 , QoI:  [-0.01947875]
Acceptance ratio:  28.012898024989923 %
Solve for errors with parameters [0.06905195 3.81420757]
  Count:  2490 , QoI:  [4.93374596e-05]
Acceptance ratio:  28.02087515054195 %
Solve for errors with parameters [0.07677644 3.5070878 ]
  Count:  2500 , QoI:  [0.00662972]
Acceptance ratio:  27.948820471811274 %
Solve for errors with parameters [0.07202468 3.84994101]
  Count:  2510 , QoI:  [-0.00635361]
Acceptance ratio:  27.877339705296695 %
Solve for errors with parameters [0.07795984 3.26426007]
  Count:  2520 , QoI:  [0.020096]
Acceptance ratio:  27.846092820309405 %
Solve for errors with parameters [0.10253958 3.50760238]
  Count:  2530 , QoI:  [-0.028019]
Acceptance ratio:  27.854602923745553 %
Solve for errors with parameters [0.09479181 3.3022942 ]
  Count:  2540 , QoI:  [-0.0074482]
Acceptance ratio:  27.863046044864227 %
Solve for errors with parameters [0.11003756 3.09394284]
  Count:  2550 , QoI:  [-0.0161199]
Acceptance ratio:  27.91062328498628 %
Solve for errors with parameters [0.09783212 3.49709215]
  Count:  2560 , QoI:  [-0.02180011]
Acceptance ratio:  27.840687231550177 %
Solve for errors with parameters [0.09671098 3.02486808]
  Count:  2570 , QoI:  [0.00597429]
Acceptance ratio:  27.771295215869312 %
Solve for errors with parameters [0.11019291 2.74813046]
  Count:  2580 , QoI:  [0.00306622]
Acceptance ratio:  27.70244091437427 %
Solve for errors with parameters [0.08160924 3.51027897]
  Count:  2590 , QoI:  [-0.00076721]
Acceptance ratio:  27.74990351215747 %
Solve for errors with parameters [0.10506804 3.18310158]
  Count:  2600 , QoI:  [-0.01452976]
Acceptance ratio:  27.758554402153017 %
Solve for errors with parameters [0.09815412 3.29651942]
  Count:  2610 , QoI:  [-0.01164132]
Acceptance ratio:  27.690540022979704 %
Solve for errors with parameters [0.12286961 3.38841887]
  Count:  2620 , QoI:  [-0.0448535]
Acceptance ratio:  27.737504769172073 %
Solve for errors with parameters [0.09355843 3.29555798]
  Count:  2630 , QoI:  [-0.00537598]
Acceptance ratio:  27.74610414291144 %
Solve for errors with parameters [0.10577718 3.43334157]
  Count:  2640 , QoI:  [-0.02819504]
Acceptance ratio:  27.678909503975767 %
Solve for errors with parameters [0.10281607 3.65154937]
  Count:  2650 , QoI:  [-0.03522267]
Acceptance ratio:  27.800829875518673 %
Solve for errors with parameters [0.09876178 3.96013732]
  Count:  2660 , QoI:  [-0.0447439]
Acceptance ratio:  27.809094325441563 %
Solve for errors with parameters [0.0915892  3.45289524]
  Count:  2670 , QoI:  [-0.01143679]
Acceptance ratio:  27.77985773118682 %
Solve for errors with parameters [0.07883818 3.90645555]
  Count:  2680 , QoI:  [-0.01873421]
Acceptance ratio:  27.8254382693025 %
Solve for errors with parameters [0.07908608 3.35580965]
  Count:  2690 , QoI:  [0.01239289]
Acceptance ratio:  27.79635823114084 %
Solve for errors with parameters [0.08510441 3.64273005]
  Count:  2700 , QoI:  [-0.01305816]
Acceptance ratio:  27.76749352091818 %
Solve for errors with parameters [0.08090067 3.70286545]
  Count:  2710 , QoI:  [-0.0106347]
Acceptance ratio:  27.701954998155664 %
Solve for errors with parameters [0.09492792 3.49726462]
  Count:  2720 , QoI:  [-0.0181607]
Acceptance ratio:  27.783902976846747 %
Solve for errors with parameters [0.08503366 3.3876887 ]
  Count:  2730 , QoI:  [0.00142289]
Acceptance ratio:  27.90186744782131 %
Solve for errors with parameters [0.0912809  3.59146715]
  Count:  2740 , QoI:  [-0.01842122]
Acceptance ratio:  27.83655600145932 %
Solve for errors with parameters [0.11792186 3.28142095]
  Count:  2750 , QoI:  [-0.03475773]
Acceptance ratio:  27.880770628862233 %
Solve for errors with parameters [0.10541976 3.02706304]
  Count:  2760 , QoI:  [-0.00644317]
Acceptance ratio:  27.9246649764578 %
Solve for errors with parameters [0.11074044 2.80397337]
  Count:  2770 , QoI:  [-0.00098509]
Acceptance ratio:  27.932154456874773 %
Solve for errors with parameters [0.13561908 2.28511807]
  Count:  2780 , QoI:  [-0.00491845]
Acceptance ratio:  27.939590075512406 %
Solve for errors with parameters [0.11965169 2.58980273]
  Count:  2790 , QoI:  [-0.0008604]
Acceptance ratio:  27.946972411322108 %
Solve for errors with parameters [0.12298613 2.7648164 ]
  Count:  2800 , QoI:  [-0.01495557]
Acceptance ratio:  27.918600499821494 %
Solve for errors with parameters [0.14050445 2.40245826]
  Count:  2810 , QoI:  [-0.01745314]
Acceptance ratio:  27.926004980434012 %
Solve for errors with parameters [0.13007756 2.57268162]
  Count:  2820 , QoI:  [-0.01359564]
Acceptance ratio:  27.897908543069832 %
Solve for errors with parameters [0.11167386 2.36691076]
  Count:  2830 , QoI:  [0.02498069]
Acceptance ratio:  27.870010596962203 %
Solve for errors with parameters [0.12094791 3.06298174]
  Count:  2840 , QoI:  [-0.0277196]
Acceptance ratio:  27.842309046110525 %
Solve for errors with parameters [0.11206755 2.58216583]
  Count:  2850 , QoI:  [0.0104306]
Acceptance ratio:  27.779726411785337 %
Solve for errors with parameters [0.13316929 3.01588318]
  Count:  2860 , QoI:  [-0.03898479]
Acceptance ratio:  27.752534078993357 %
Solve for errors with parameters [0.11949661 2.95829985]
  Count:  2870 , QoI:  [-0.02075704]
Acceptance ratio:  27.760362243120863 %
Solve for errors with parameters [0.0873289  3.17054951]
  Count:  2880 , QoI:  [0.01115567]
Acceptance ratio:  27.73342589378688 %
Solve for errors with parameters [0.08958083 3.55187054]
  Count:  2890 , QoI:  [-0.01411968]
Acceptance ratio:  27.845036319612593 %
Solve for errors with parameters [0.10696415 3.06226461]
  Count:  2900 , QoI:  [-0.01045454]
Acceptance ratio:  27.81799379524302 %
Solve for errors with parameters [0.12168144 2.50917805]
  Count:  2910 , QoI:  [0.00104021]
Acceptance ratio:  27.825489522500856 %
Solve for errors with parameters [0.14399779 2.10807578]
  Count:  2920 , QoI:  [-0.00594059]
Acceptance ratio:  27.798699075659023 %
Solve for errors with parameters [0.13563319 2.24439674]
  Count:  2930 , QoI:  [-0.00262403]
Acceptance ratio:  27.80620948481747 %
Solve for errors with parameters [0.13954758 2.18796256]
  Count:  2940 , QoI:  [-0.00460994]
Acceptance ratio:  27.84767086025162 %
Solve for errors with parameters [0.12711622 2.39933886]
  Count:  2950 , QoI:  [-3.51669875e-05]
Acceptance ratio:  27.787190782785498 %
Solve for errors with parameters [0.14158118 2.36143805]
  Count:  2960 , QoI:  [-0.01661643]
Acceptance ratio:  27.727119216480915 %
Solve for errors with parameters [0.15543177 2.62359971]
  Count:  2970 , QoI:  [-0.04434217]
Acceptance ratio:  27.734769437899697 %
Solve for errors with parameters [0.14371868 2.2221854 ]
  Count:  2980 , QoI:  [-0.01185214]
Acceptance ratio:  27.77591412277759 %
Solve for errors with parameters [0.15902573 2.43130547]
  Count:  2990 , QoI:  [-0.03947504]
Acceptance ratio:  27.850217318622533 %
Solve for errors with parameters [0.15095742 2.32136012]
  Count:  3000 , QoI:  [-0.02559913]
Acceptance ratio:  27.790736421192936 %
Solve for errors with parameters [0.10684182 3.11060041]
  Count:  3010 , QoI:  [-0.01292363]
Acceptance ratio:  27.83128528727997 %
Solve for errors with parameters [0.113128   2.93106808]
  Count:  3020 , QoI:  [-0.01133501]
Acceptance ratio:  27.871565706719633 %
Solve for errors with parameters [0.12057276 3.02559492]
  Count:  3030 , QoI:  [-0.02543766]
Acceptance ratio:  27.845595513032002 %
Solve for errors with parameters [0.11142712 2.68832589]
  Count:  3040 , QoI:  [0.00487797]
Acceptance ratio:  27.786912199934232 %
Solve for errors with parameters [0.10308037 3.26355317]
  Count:  3050 , QoI:  [-0.01626302]
Acceptance ratio:  27.859718125204854 %
Solve for errors with parameters [0.1208139  2.67018421]
  Count:  3060 , QoI:  [-0.00700326]
Acceptance ratio:  27.86671022541653 %
Solve for errors with parameters [0.13281359 2.47495601]
  Count:  3070 , QoI:  [-0.01178308]
Acceptance ratio:  27.906219472484533 %
Solve for errors with parameters [0.16606114 2.01977169]
  Count:  3080 , QoI:  [-0.02777906]
Acceptance ratio:  27.945472249269717 %
Solve for errors with parameters [0.13724602 2.23836741]
  Count:  3090 , QoI:  [-0.00442433]
Acceptance ratio:  27.98447104496927 %
Solve for errors with parameters [0.1303627  2.67922084]
  Count:  3100 , QoI:  [-0.01954368]
Acceptance ratio:  27.99097065462754 %
Solve for errors with parameters [0.1430686  2.51763531]
  Count:  3110 , QoI:  [-0.02629704]
Acceptance ratio:  27.965284474445518 %
Solve for errors with parameters [0.1314805  2.40671831]
  Count:  3120 , QoI:  [-0.00630919]
Acceptance ratio:  27.971803909003523 %
Solve for errors with parameters [0.10661516 2.71919674]
  Count:  3130 , QoI:  [0.01003487]
Acceptance ratio:  28.04215905461514 %
Solve for errors with parameters [0.09372797 3.46402691]
  Count:  3140 , QoI:  [-0.01485987]
Acceptance ratio:  28.08022922636103 %
Solve for errors with parameters [0.08216857 3.04533   ]
  Count:  3150 , QoI:  [0.02773648]
Acceptance ratio:  28.08632180260235 %
Solve for errors with parameters [0.07870495 3.47661479]
  Count:  3160 , QoI:  [0.00553716]
Acceptance ratio:  28.060740272065804 %
Solve for errors with parameters [0.07380718 4.09640343]
  Count:  3170 , QoI:  [-0.02195166]
Acceptance ratio:  28.03532008830022 %
Solve for errors with parameters [0.08016623 4.10569497]
  Count:  3180 , QoI:  [-0.0303766]
Acceptance ratio:  28.041496384784658 %
Solve for errors with parameters [0.09497191 3.72085606]
  Count:  3190 , QoI:  [-0.02947264]
Acceptance ratio:  28.110310247571295 %
Solve for errors with parameters [0.10975053 3.39385378]
  Count:  3200 , QoI:  [-0.03089027]
Acceptance ratio:  28.022492970946576 %
Solve for errors with parameters [0.08941692 3.42920369]
  Count:  3210 , QoI:  [-0.00718134]
Acceptance ratio:  27.997508564310188 %
Solve for errors with parameters [0.09201745 3.56857415]
  Count:  3220 , QoI:  [-0.01816905]
Acceptance ratio:  27.972679292145298 %
Solve for errors with parameters [0.07833388 3.77061139]
  Count:  3230 , QoI:  [-0.01081729]
Acceptance ratio:  27.978953884246366 %
Solve for errors with parameters [0.07809101 3.44847415]
  Count:  3240 , QoI:  [0.00818853]
Acceptance ratio:  27.98518975624807 %
Solve for errors with parameters [0.09686069 3.84585473]
  Count:  3250 , QoI:  [-0.03754922]
Acceptance ratio:  27.960627499231006 %
Solve for errors with parameters [0.08018134 3.45065392]
  Count:  3260 , QoI:  [0.0048715]
Acceptance ratio:  27.96688132474701 %
Solve for errors with parameters [0.08102419 3.53028296]
  Count:  3270 , QoI:  [-0.00108041]
Acceptance ratio:  27.94252522164476 %
Solve for errors with parameters [0.09170611 3.70102676]
  Count:  3280 , QoI:  [-0.02455569]
Acceptance ratio:  27.857360560804633 %
Solve for errors with parameters [0.079545  3.6360274]
  Count:  3290 , QoI:  [-0.00502113]
Acceptance ratio:  27.77271346095412 %
Solve for errors with parameters [0.08804707 3.39781493]
  Count:  3300 , QoI:  [-0.00349472]
Acceptance ratio:  27.7794607694638 %
Solve for errors with parameters [0.09323654 3.22129238]
  Count:  3310 , QoI:  [-0.00066061]
Acceptance ratio:  27.755964965267292 %
Solve for errors with parameters [0.11222144 3.79610237]
  Count:  3320 , QoI:  [-0.0515231]
Acceptance ratio:  27.732610659439928 %
Solve for errors with parameters [0.09128268 3.58597347]
  Count:  3330 , QoI:  [-0.01813675]
Acceptance ratio:  27.829480636445513 %
Solve for errors with parameters [0.08114512 3.52947631]
  Count:  3340 , QoI:  [-0.00120898]
Acceptance ratio:  27.806046093983838 %
Solve for errors with parameters [0.0822618  3.72108949]
  Count:  3350 , QoI:  [-0.01346882]
Acceptance ratio:  27.752909579230078 %
Solve for errors with parameters [0.09081586 3.4944998 ]
  Count:  3360 , QoI:  [-0.0126654]
Acceptance ratio:  27.700089259149063 %
Solve for errors with parameters [0.09373885 3.37143892]
  Count:  3370 , QoI:  [-0.00985715]
Acceptance ratio:  27.67724710768318 %
Solve for errors with parameters [0.08557556 3.55464987]
  Count:  3380 , QoI:  [-0.00888365]
Acceptance ratio:  27.684117125110912 %
Solve for errors with parameters [0.08653622 3.37735502]
  Count:  3390 , QoI:  [-0.00015416]
Acceptance ratio:  27.69094662341492 %
Solve for errors with parameters [0.08249464 3.72117438]
  Count:  3400 , QoI:  [-0.01378549]
Acceptance ratio:  27.727139076742134 %
Solve for errors with parameters [0.10007622 2.95284266]
  Count:  3410 , QoI:  [0.00538982]
Acceptance ratio:  27.76311931984755 %
Solve for errors with parameters [0.11665911 3.04905839]
  Count:  3420 , QoI:  [-0.02196324]
Acceptance ratio:  27.769657994738377 %
Solve for errors with parameters [0.15692462 2.76908319]
  Count:  3430 , QoI:  [-0.05193698]
Acceptance ratio:  27.717866511221217 %
Solve for errors with parameters [0.13061056 2.61380992]
  Count:  3440 , QoI:  [-0.01644003]
Acceptance ratio:  27.66637605347283 %
Solve for errors with parameters [0.09680631 2.99990102]
  Count:  3450 , QoI:  [0.00735233]
Acceptance ratio:  27.702115328890176 %
Solve for errors with parameters [0.10052883 3.20406604]
  Count:  3460 , QoI:  [-0.00972944]
Acceptance ratio:  27.65096792834441 %
Solve for errors with parameters [0.11885778 2.86798017]
  Count:  3470 , QoI:  [-0.01525674]
Acceptance ratio:  27.657735522904066 %
Solve for errors with parameters [0.09536139 3.09018055]
  Count:  3480 , QoI:  [0.00401945]
Acceptance ratio:  27.721918988796325 %
Solve for errors with parameters [0.09005467 3.42031709]
  Count:  3490 , QoI:  [-0.00756141]
Acceptance ratio:  27.699799484388425 %
Solve for errors with parameters [0.09428202 3.47534403]
  Count:  3500 , QoI:  [-0.0161799]
Acceptance ratio:  27.677806341045414 %
Solve for errors with parameters [0.10646481 3.15015553]
  Count:  3510 , QoI:  [-0.01456172]
Acceptance ratio:  27.684420393050413 %
Solve for errors with parameters [0.11739823 2.75783127]
  Count:  3520 , QoI:  [-0.00738042]
Acceptance ratio:  27.66259585345072 %
Solve for errors with parameters [0.11881741 2.43437247]
  Count:  3530 , QoI:  [0.00962781]
Acceptance ratio:  27.697536108751063 %
Solve for errors with parameters [0.12381366 2.57399924]
  Count:  3540 , QoI:  [-0.00558125]
Acceptance ratio:  27.704038407229596 %
Solve for errors with parameters [0.12415557 2.77556985]
  Count:  3550 , QoI:  [-0.01697825]
Acceptance ratio:  27.710504083356803 %
Solve for errors with parameters [0.11291939 3.3349368 ]
  Count:  3560 , QoI:  [-0.03168355]
Acceptance ratio:  27.745015445099693 %
Solve for errors with parameters [0.13167232 2.81138963]
  Count:  3570 , QoI:  [-0.02771584]
Acceptance ratio:  27.723326799215908 %
Solve for errors with parameters [0.10511529 2.69512963]
  Count:  3580 , QoI:  [0.01380688]
Acceptance ratio:  27.70175928511589 %
Solve for errors with parameters [0.13275626 2.85091563]
  Count:  3590 , QoI:  [-0.03085123]
Acceptance ratio:  27.708159287106653 %
Solve for errors with parameters [0.12387313 3.20971553]
  Count:  3600 , QoI:  [-0.03792255]
Acceptance ratio:  27.686753679533467 %
Solve for errors with parameters [0.11815378 2.65927222]
  Count:  3610 , QoI:  [-0.00281956]
Acceptance ratio:  27.665466629742454 %
Solve for errors with parameters [0.10685819 2.82812114]
  Count:  3620 , QoI:  [0.00306261]
Acceptance ratio:  27.64429715548191 %
Solve for errors with parameters [0.10658123 3.53507999]
  Count:  3630 , QoI:  [-0.03400251]
Acceptance ratio:  27.650784907738913 %
Solve for errors with parameters [0.12682857 2.4963032 ]
  Count:  3640 , QoI:  [-0.00520485]
Acceptance ratio:  27.629772040648177 %
Solve for errors with parameters [0.14784528 2.34087442]
  Count:  3650 , QoI:  [-0.02299927]
Acceptance ratio:  27.63626403725007 %
Solve for errors with parameters [0.12559123 2.94115789]
  Count:  3660 , QoI:  [-0.0271007]
Acceptance ratio:  27.56077574433215 %
Solve for errors with parameters [0.12584506 2.7861983 ]
  Count:  3670 , QoI:  [-0.01959819]
Acceptance ratio:  27.567420321438302 %
Solve for errors with parameters [0.14130007 2.63017998]
  Count:  3680 , QoI:  [-0.02978148]
Acceptance ratio:  27.51969573485466 %
Solve for errors with parameters [0.14989817 2.17422194]
  Count:  3690 , QoI:  [-0.01689654]
Acceptance ratio:  27.49932267678136 %
Solve for errors with parameters [0.13085178 2.45249184]
  Count:  3700 , QoI:  [-0.0080379]
Acceptance ratio:  27.506079437989733 %
Solve for errors with parameters [0.11494537 2.46666405]
  Count:  3710 , QoI:  [0.01336351]
Acceptance ratio:  27.512799784424686 %
Solve for errors with parameters [0.11829554 2.33669787]
  Count:  3720 , QoI:  [0.01656396]
Acceptance ratio:  27.49260951357162 %
Solve for errors with parameters [0.14002551 2.45901336]
  Count:  3730 , QoI:  [-0.01980342]
Acceptance ratio:  27.526132404181187 %
Solve for errors with parameters [0.12716405 2.31453896]
  Count:  3740 , QoI:  [0.0049087]
Acceptance ratio:  27.586206896551722 %
Solve for errors with parameters [0.16589362 2.4591027 ]
  Count:  3750 , QoI:  [-0.04750189]
Acceptance ratio:  27.56598240469208 %
Solve for errors with parameters [0.13424598 2.42807648]
  Count:  3760 , QoI:  [-0.0110568]
Acceptance ratio:  27.519276788088277 %
Solve for errors with parameters [0.13197221 2.38791043]
  Count:  3770 , QoI:  [-0.00590077]
Acceptance ratio:  27.499337045876427 %
Solve for errors with parameters [0.15237644 2.77885267]
  Count:  3780 , QoI:  [-0.04800842]
Acceptance ratio:  27.47950277704311 %
Solve for errors with parameters [0.13749023 2.55011444]
  Count:  3790 , QoI:  [-0.02144735]
Acceptance ratio:  27.433394882616724 %
Solve for errors with parameters [0.11945368 3.29967203]
  Count:  3800 , QoI:  [-0.03728066]
Acceptance ratio:  27.466456195737965 %
Solve for errors with parameters [0.10448705 2.4734874 ]
  Count:  3810 , QoI:  [0.02950395]
Acceptance ratio:  27.42062450800315 %
Solve for errors with parameters [0.1297469  2.78918915]
  Count:  3820 , QoI:  [-0.02439453]
Acceptance ratio:  27.401203873331585 %
Solve for errors with parameters [0.1230098  3.16714213]
  Count:  3830 , QoI:  [-0.03501926]
Acceptance ratio:  27.43409031584443 %
Solve for errors with parameters [0.12003822 2.53103112]
  Count:  3840 , QoI:  [0.00204327]
Acceptance ratio:  27.440770632647748 %
Solve for errors with parameters [0.1148094  2.75543433]
  Count:  3850 , QoI:  [-0.00377583]
Acceptance ratio:  27.447416255518046 %
Solve for errors with parameters [0.13904172 2.54326069]
  Count:  3860 , QoI:  [-0.0229253]
Acceptance ratio:  27.376327376327374 %
Solve for errors with parameters [0.12048381 2.68681942]
  Count:  3870 , QoI:  [-0.00749587]
Acceptance ratio:  27.35727202273314 %
Solve for errors with parameters [0.12153211 2.47018526]
  Count:  3880 , QoI:  [0.00355375]
Acceptance ratio:  27.38984797732543 %
Solve for errors with parameters [0.13377612 2.40360584]
  Count:  3890 , QoI:  [-0.00911862]
Acceptance ratio:  27.370855821125673 %
Solve for errors with parameters [0.14923611 2.17163406]
  Count:  3900 , QoI:  [-0.01596088]
Acceptance ratio:  27.377595488336326 %
Solve for errors with parameters [0.13659849 2.34519708]
  Count:  3910 , QoI:  [-0.00953134]
Acceptance ratio:  27.409869598568143 %
Solve for errors with parameters [0.12723726 2.07885749]
  Count:  3920 , QoI:  [0.01954555]
Acceptance ratio:  27.390971690895178 %
Solve for errors with parameters [0.1319456  1.98836394]
  Count:  3930 , QoI:  [0.01821464]
Acceptance ratio:  27.423047570592722 %
Solve for errors with parameters [0.13065111 2.54324101]
  Count:  3940 , QoI:  [-0.01273661]
Acceptance ratio:  27.45496066988074 %
Solve for errors with parameters [0.14728937 2.68767774]
  Count:  3950 , QoI:  [-0.03890968]
Acceptance ratio:  27.436092128575044 %
Solve for errors with parameters [0.14733024 2.04888234]
  Count:  3960 , QoI:  [-0.00695222]
Acceptance ratio:  27.417318858874022 %
Solve for errors with parameters [0.14805435 2.18552789]
  Count:  3970 , QoI:  [-0.01525451]
Acceptance ratio:  27.348274993704358 %
Solve for errors with parameters [0.13583244 2.4540449 ]
  Count:  3980 , QoI:  [-0.01444366]
Acceptance ratio:  27.32981662898769 %
Solve for errors with parameters [0.1064717 2.6263759]
  Count:  3990 , QoI:  [0.01611176]
Acceptance ratio:  27.3365071410674 %
Solve for errors with parameters [0.11030267 2.91023423]
  Count:  4000 , QoI:  [-0.00645494]
Acceptance ratio:  27.343164208947762 %
Solve for errors with parameters [0.10364891 2.50725771]
  Count:  4010 , QoI:  [0.02856776]
Acceptance ratio:  27.324856644228372 %
Solve for errors with parameters [0.10226099 3.38402051]
  Count:  4020 , QoI:  [-0.02149823]
Acceptance ratio:  27.35637901019647 %
Solve for errors with parameters [0.11122686 3.16521841]
  Count:  4030 , QoI:  [-0.02130228]
Acceptance ratio:  27.36293723641776 %
Solve for errors with parameters [0.119472   2.97331211]
  Count:  4040 , QoI:  [-0.02149508]
Acceptance ratio:  27.39420935412027 %
Solve for errors with parameters [0.11786319 3.11422554]
  Count:  4050 , QoI:  [-0.02665784]
Acceptance ratio:  27.400641816835346 %
Solve for errors with parameters [0.10369023 2.90737722]
  Count:  4060 , QoI:  [0.00288187]
Acceptance ratio:  27.357793646885003 %
Solve for errors with parameters [0.10986325 3.30463002]
  Count:  4070 , QoI:  [-0.02667459]
Acceptance ratio:  27.364283959715056 %
Solve for errors with parameters [0.12463247 3.06797959]
  Count:  4080 , QoI:  [-0.0321436]
Acceptance ratio:  27.37074246508209 %
Solve for errors with parameters [0.10702039 2.78004694]
  Count:  4090 , QoI:  [0.00571264]
Acceptance ratio:  27.40161329748228 %
Solve for errors with parameters [0.11862513 2.85799166]
  Count:  4100 , QoI:  [-0.01443188]
Acceptance ratio:  27.432333577176298 %
Solve for errors with parameters [0.11576671 2.57118397]
  Count:  4110 , QoI:  [0.00570104]
Acceptance ratio:  27.38992945755291 %
Solve for errors with parameters [0.11344695 2.16004646]
  Count:  4120 , QoI:  [0.03643739]
Acceptance ratio:  27.371997088085415 %
Solve for errors with parameters [0.15021119 2.46422058]
  Count:  4130 , QoI:  [-0.03167681]
Acceptance ratio:  27.402565964657466 %
Solve for errors with parameters [0.14530473 2.31594191]
  Count:  4140 , QoI:  [-0.01873966]
Acceptance ratio:  27.408838444820095 %
Solve for errors with parameters [0.15187444 2.04715135]
  Count:  4150 , QoI:  [-0.01259206]
Acceptance ratio:  27.366899542278965 %
Solve for errors with parameters [0.1603966  2.34048564]
  Count:  4160 , QoI:  [-0.03677997]
Acceptance ratio:  27.32516222062004 %
Solve for errors with parameters [0.14463358 3.0985612 ]
  Count:  4170 , QoI:  [-0.05392296]
Acceptance ratio:  27.379525293694556 %
Solve for errors with parameters [0.11718074 2.55212067]
  Count:  4180 , QoI:  [0.00482427]
Acceptance ratio:  27.36187514948577 %
Solve for errors with parameters [0.12072689 2.94847383]
  Count:  4190 , QoI:  [-0.02173946]
Acceptance ratio:  27.368169887854926 %
Solve for errors with parameters [0.11102806 3.14697201]
  Count:  4200 , QoI:  [-0.02012212]
Acceptance ratio:  27.350630802189958 %
Solve for errors with parameters [0.13606738 3.00591361]
  Count:  4210 , QoI:  [-0.04156029]
Acceptance ratio:  27.28568036095939 %
Solve for errors with parameters [0.09006064 3.14361407]
  Count:  4220 , QoI:  [0.00865322]
Acceptance ratio:  27.315801942667616 %
Solve for errors with parameters [0.08365464 3.56689625]
  Count:  4230 , QoI:  [-0.00690938]
Acceptance ratio:  27.322146064760105 %
Solve for errors with parameters [0.08655038 2.93515856]
  Count:  4240 , QoI:  [0.02783996]
Acceptance ratio:  27.304880924310304 %
Solve for errors with parameters [0.07437721 3.45675596]
  Count:  4250 , QoI:  [0.01350806]
Acceptance ratio:  27.31122088920254 %
Solve for errors with parameters [0.10035159 3.58522889]
  Count:  4260 , QoI:  [-0.02922961]
Acceptance ratio:  27.340999765313306 %
Solve for errors with parameters [0.11043608 2.89351664]
  Count:  4270 , QoI:  [-0.00569343]
Acceptance ratio:  27.394052915008192 %
Solve for errors with parameters [0.12222137 2.80382501]
  Count:  4280 , QoI:  [-0.01606689]
Acceptance ratio:  27.376781125905165 %
Solve for errors with parameters [0.10825078 2.57452372]
  Count:  4290 , QoI:  [0.01669786]
Acceptance ratio:  27.382894430202747 %
Solve for errors with parameters [0.12161884 2.95715832]
  Count:  4300 , QoI:  [-0.02324576]
Acceptance ratio:  27.365728900255753 %
Solve for errors with parameters [0.11336644 3.21785555]
  Count:  4310 , QoI:  [-0.02651012]
Acceptance ratio:  27.325446532127117 %
Solve for errors with parameters [0.09793095 3.24571854]
  Count:  4320 , QoI:  [-0.0085517]
Acceptance ratio:  27.331636195325153 %
Solve for errors with parameters [0.10302317 3.03955082]
  Count:  4330 , QoI:  [-0.0038823]
Acceptance ratio:  27.337797275456015 %
Solve for errors with parameters [0.10723452 3.86360251]
  Count:  4340 , QoI:  [-0.0493667]
Acceptance ratio:  27.36696613683483 %
Solve for errors with parameters [0.11782918 3.01364522]
  Count:  4350 , QoI:  [-0.02157075]
Acceptance ratio:  27.37301769708113 %
Solve for errors with parameters [0.11020547 2.90359922]
  Count:  4360 , QoI:  [-0.00595109]
Acceptance ratio:  27.42490254528778 %
Solve for errors with parameters [0.09035818 3.00994672]
  Count:  4370 , QoI:  [0.01661568]
Acceptance ratio:  27.49942804850149 %
Solve for errors with parameters [0.11309649 2.65532823]
  Count:  4380 , QoI:  [0.00446599]
Acceptance ratio:  27.55078749144031 %
Solve for errors with parameters [0.10999033 3.27119463]
  Count:  4390 , QoI:  [-0.02516534]
Acceptance ratio:  27.5791391482578 %
Solve for errors with parameters [0.1288349  2.86655294]
  Count:  4400 , QoI:  [-0.0271698]
Acceptance ratio:  27.539195637355146 %
Solve for errors with parameters [0.10395425 3.0283112 ]
  Count:  4410 , QoI:  [-0.00452043]
Acceptance ratio:  27.476762638857398 %
Solve for errors with parameters [0.09470423 3.05469227]
  Count:  4420 , QoI:  [0.007134]
Acceptance ratio:  27.50508934630174 %
Solve for errors with parameters [0.09310835 3.37834095]
  Count:  4430 , QoI:  [-0.00938796]
Acceptance ratio:  27.488151658767773 %
Solve for errors with parameters [0.08934072 3.45164757]
  Count:  4440 , QoI:  [-0.00832829]
Acceptance ratio:  27.493807700968247 %
Solve for errors with parameters [0.10380381 3.50027621]
  Count:  4450 , QoI:  [-0.0291473]
Acceptance ratio:  27.47697146708605 %
Solve for errors with parameters [0.0954701  2.94064525]
  Count:  4460 , QoI:  [0.01305528]
Acceptance ratio:  27.437794216543377 %
Solve for errors with parameters [0.09635071 3.38169378]
  Count:  4470 , QoI:  [-0.01387634]
Acceptance ratio:  27.421158577499437 %
Solve for errors with parameters [0.08719544 3.525599  ]
  Count:  4480 , QoI:  [-0.00949346]
Acceptance ratio:  27.382280740906044 %
Solve for errors with parameters [0.09979818 4.14072312]
  Count:  4490 , QoI:  [-0.05346888]
Acceptance ratio:  27.34357604097083 %
Solve for errors with parameters [0.1143555  3.28488472]
  Count:  4500 , QoI:  [-0.03092001]
Acceptance ratio:  27.305043323705842 %
Solve for errors with parameters [0.12552256 3.01924775]
  Count:  4510 , QoI:  [-0.03081379]
Acceptance ratio:  27.31101751274662 %
Solve for errors with parameters [0.12813696 2.40022282]
  Count:  4520 , QoI:  [-0.00147844]
Acceptance ratio:  27.316965273169654 %
Solve for errors with parameters [0.12285968 2.62789477]
  Count:  4530 , QoI:  [-0.00734013]
Acceptance ratio:  27.322886779960275 %
Solve for errors with parameters [0.12068184 2.6587649 ]
  Count:  4540 , QoI:  [-0.00618865]
Acceptance ratio:  27.28473904426338 %
Solve for errors with parameters [0.11925111 2.43509695]
  Count:  4550 , QoI:  [0.00894874]
Acceptance ratio:  27.290705339485825 %
Solve for errors with parameters [0.12618215 2.47617755]
  Count:  4560 , QoI:  [-0.0031983]
Acceptance ratio:  27.296645472484105 %
Solve for errors with parameters [0.14574925 2.63277077]
  Count:  4570 , QoI:  [-0.03476642]
Acceptance ratio:  27.28068256399037 %
Solve for errors with parameters [0.10938349 3.15071795]
  Count:  4580 , QoI:  [-0.0182806]
Acceptance ratio:  27.286618642217856 %
Solve for errors with parameters [0.1116447  3.20714051]
  Count:  4590 , QoI:  [-0.02393319]
Acceptance ratio:  27.270747113918535 %
Solve for errors with parameters [0.11279698 3.2295596 ]
  Count:  4600 , QoI:  [-0.02641928]
Acceptance ratio:  27.320147793957833 %
Solve for errors with parameters [0.08494911 3.87058638]
  Count:  4610 , QoI:  [-0.02469665]
Acceptance ratio:  27.304272392105833 %
Solve for errors with parameters [0.0970725  3.39780332]
  Count:  4620 , QoI:  [-0.01567301]
Acceptance ratio:  27.331746375243455 %
Solve for errors with parameters [0.09670317 3.43706891]
  Count:  4630 , QoI:  [-0.01727213]
Acceptance ratio:  27.294320881019217 %
Solve for errors with parameters [0.08676155 3.16334783]
  Count:  4640 , QoI:  [0.01248617]
Acceptance ratio:  27.300150829562593 %
Solve for errors with parameters [0.12009471 3.10536307]
  Count:  4650 , QoI:  [-0.02880637]
Acceptance ratio:  27.327456460976133 %
Solve for errors with parameters [0.14463377 2.06916965]
  Count:  4660 , QoI:  [-0.00458549]
Acceptance ratio:  27.419008796395623 %
Solve for errors with parameters [0.15981309 2.07753229]
  Count:  4670 , QoI:  [-0.02359749]
Acceptance ratio:  27.3817169770927 %
Solve for errors with parameters [0.14071213 2.56522164]
  Count:  4680 , QoI:  [-0.02595216]
Acceptance ratio:  27.344584490493485 %
Solve for errors with parameters [0.15024904 2.08825549]
  Count:  4690 , QoI:  [-0.01278239]
Acceptance ratio:  27.286292901300364 %
Solve for errors with parameters [0.13533461 2.14423516]
  Count:  4700 , QoI:  [0.00362107]
Acceptance ratio:  27.313337587747288 %
Solve for errors with parameters [0.16320283 2.36980298]
  Count:  4710 , QoI:  [-0.04097943]
Acceptance ratio:  27.276586711950753 %
Solve for errors with parameters [0.12322657 2.29355358]
  Count:  4720 , QoI:  [0.0118853]
Acceptance ratio:  27.303537386147003 %
Solve for errors with parameters [0.13200811 2.79126017]
  Count:  4730 , QoI:  [-0.02711369]
Acceptance ratio:  27.288099767491016 %
Solve for errors with parameters [0.11551844 2.66381066]
  Count:  4740 , QoI:  [0.00054472]
Acceptance ratio:  27.35709765872179 %
Solve for errors with parameters [0.13108636 2.24975039]
  Count:  4750 , QoI:  [0.00327052]
Acceptance ratio:  27.34161229214902 %
Solve for errors with parameters [0.12130828 2.79210909]
  Count:  4760 , QoI:  [-0.01430093]
Acceptance ratio:  27.326191976475528 %
Solve for errors with parameters [0.11867492 2.74720528]
  Count:  4770 , QoI:  [-0.00847199]
Acceptance ratio:  27.352756235590025 %
Solve for errors with parameters [0.10930812 3.28698697]
  Count:  4780 , QoI:  [-0.02514046]
Acceptance ratio:  27.358293244091193 %
Solve for errors with parameters [0.13155874 3.08103125]
  Count:  4790 , QoI:  [-0.04023391]
Acceptance ratio:  27.342934669171363 %
Solve for errors with parameters [0.10339502 2.72011367]
  Count:  4800 , QoI:  [0.01485542]
Acceptance ratio:  27.306811081024783 %
Solve for errors with parameters [0.09740038 3.71888025]
  Count:  4810 , QoI:  [-0.03221998]
Acceptance ratio:  27.312409062564956 %
Solve for errors with parameters [0.08896397 3.26157613]
  Count:  4820 , QoI:  [0.00314216]
Acceptance ratio:  27.276498651732005 %
Solve for errors with parameters [0.09384639 3.72036793]
  Count:  4830 , QoI:  [-0.02810946]
Acceptance ratio:  27.282136203684537 %
Solve for errors with parameters [0.10135952 2.79925992]
  Count:  4840 , QoI:  [0.01295351]
Acceptance ratio:  27.246436686634993 %
Solve for errors with parameters [0.10656677 3.0106131 ]
  Count:  4850 , QoI:  [-0.00706582]
Acceptance ratio:  27.231498660070088 %
Solve for errors with parameters [0.10923026 3.0103612 ]
  Count:  4860 , QoI:  [-0.01058485]
Acceptance ratio:  27.216622094219296 %
Solve for errors with parameters [0.09889627 3.18411496]
  Count:  4870 , QoI:  [-0.00641905]
Acceptance ratio:  27.2223362759187 %
Solve for errors with parameters [0.12324636 2.80346281]
  Count:  4880 , QoI:  [-0.01731813]
Acceptance ratio:  27.228027043638598 %
Solve for errors with parameters [0.12754418 2.80872481]
  Count:  4890 , QoI:  [-0.02278404]
Acceptance ratio:  27.192803107748926 %
Solve for errors with parameters [0.11036492 2.82308087]
  Count:  4900 , QoI:  [-0.00157219]
Acceptance ratio:  27.178126912874923 %
Solve for errors with parameters [0.10387449 2.98557964]
  Count:  4910 , QoI:  [-0.00196147]
Acceptance ratio:  27.163510486662595 %
Solve for errors with parameters [0.10353164 2.69309765]
  Count:  4920 , QoI:  [0.01637545]
Acceptance ratio:  27.128632391790287 %
Solve for errors with parameters [0.10937737 2.54984181]
  Count:  4930 , QoI:  [0.01654687]
Acceptance ratio:  27.093895761508826 %
Solve for errors with parameters [0.11242539 2.72222064]
  Count:  4940 , QoI:  [0.00144229]
Acceptance ratio:  27.07953855494839 %
Solve for errors with parameters [0.11824004 2.75583466]
  Count:  4950 , QoI:  [-0.00837921]
Acceptance ratio:  27.08543728539689 %
Solve for errors with parameters [0.11248609 3.89502619]
  Count:  4960 , QoI:  [-0.05584077]
Acceptance ratio:  27.091312235436405 %
Solve for errors with parameters [0.11409317 3.47421285]
  Count:  4970 , QoI:  [-0.03946205]
Acceptance ratio:  27.07704687185677 %
Solve for errors with parameters [0.11476733 2.59830403]
  Count:  4980 , QoI:  [0.00550022]
Acceptance ratio:  27.042762497490465 %
Solve for errors with parameters [0.12463039 2.54871327]
  Count:  4990 , QoI:  [-0.0052413]
Acceptance ratio:  27.008615507914246 %
Solve for errors with parameters [0.11561029 2.15444411]
  Count:  5000 , QoI:  [0.03315277]
Number accepted = 1350
