pwd: /data1/prashant/Dropbox/Dropbox/Work/Simulations/TumorModeling/PosteriorAnalysis/TumModel_AllenCahn
py file: run_6
 
Running chain 2
 
Arguments passed: 
Namespace(chain_id=2)
WARNING: user expression has not supplied value_shape method or an element. Assuming scalar element.
WARNING: user expression has not supplied value_shape method or an element. Assuming scalar element.
WARNING: user expression has not supplied value_shape method or an element. Assuming scalar element.
WARNING: user expression has not supplied value_shape method or an element. Assuming scalar element.
WARNING: user expression has not supplied value_shape method or an element. Assuming scalar element.
WARNING: user expression has not supplied value_shape method or an element. Assuming scalar element.


Getting low-fidelity solution

Solve LF with parameters [0.2, 0.1, 0.05]


Compute error at one parameter sample

test parameter: <dolfin.cpp.la.Vector object at 0x7f2ee2e1af90>


Solve original forward and dual problem

Solve with parameters [1.21313981 0.11198747 0.01300991 0.91338039]


Solve for approximate errors

Solve with parameters [1.21313981 0.11198747 0.01300991 0.91338039]

 *** comparing various estimates ***


Q(u0) =  1.1923454107206624


QoI using exact

Q(u) =  1.1868414302681316

Error Q(u) - Q(u0) =  -0.0055039804525307545

Estimate 1 Q(u) - Q(u0) =  0.48618223175261505

Estimate 2 Q(u) - Q(u0) =  0.5071935407931382

Estimate 3 Q(u) - Q(u0) =  -0.018550504315317996


QoI using approximate


Q(u) =  1.207053679962532

Error Q(u) - Q(u0) =  0.014708269241869631

Estimate 1 Q(u) - Q(u0) =  0.49879040979373607

Estimate 2 Q(u) - Q(u0) =  0.9182093364957126

Estimate 3 Q(u) - Q(u0) =  -0.0011268144350131519


 *** Running MCMC simulation ***


Solve with parameters [1.21313981 0.11198747 0.01300991 0.91338039]
  Count:  0 , QoI:  [0.01470827]
Acceptance ratio:  0.0 %
Solve with parameters [0.85451155 0.09135667 0.01428956 0.81954657]
  Count:  10 , QoI:  [-0.03095722]
Acceptance ratio:  18.181818181818183 %
Solve with parameters [0.8670502  0.09145791 0.01466343 0.69090151]
  Count:  20 , QoI:  [-0.01621415]
Acceptance ratio:  14.285714285714285 %
Solve with parameters [1.17190908 0.12784176 0.01327796 0.80290982]
  Count:  30 , QoI:  [-0.0004252]
Acceptance ratio:  12.903225806451612 %
Solve with parameters [1.14564282 0.13994431 0.01231366 0.89630053]
  Count:  40 , QoI:  [-0.02078506]
Acceptance ratio:  9.75609756097561 %
Solve with parameters [1.09244915 0.14028059 0.01036717 0.88208991]
  Count:  50 , QoI:  [-0.02046751]
Acceptance ratio:  7.8431372549019605 %
Solve with parameters [0.94328834 0.12784941 0.01124163 1.00488147]
  Count:  60 , QoI:  [-0.04804249]
Acceptance ratio:  6.557377049180328 %
Solve with parameters [1.00256582 0.11299045 0.01726998 0.71998579]
  Count:  70 , QoI:  [-0.02155334]
Acceptance ratio:  7.042253521126761 %
Solve with parameters [1.44656528 0.12025387 0.01389827 0.65155697]
  Count:  80 , QoI:  [0.07171483]
Acceptance ratio:  6.172839506172839 %
Solve with parameters [0.98873274 0.1305638  0.01442278 0.7699223 ]
  Count:  90 , QoI:  [-0.03644528]
Acceptance ratio:  5.4945054945054945 %
Solve with parameters [1.2036266  0.13728987 0.01463048 0.72446644]
  Count:  100 , QoI:  [0.00131461]
Acceptance ratio:  5.9405940594059405 %
Solve with parameters [1.09820302 0.11265447 0.01625714 0.71345089]
  Count:  110 , QoI:  [0.00028662]
Acceptance ratio:  6.306306306306306 %
Solve with parameters [1.04516883 0.10989677 0.01783597 0.70575992]
  Count:  120 , QoI:  [-0.01049669]
Acceptance ratio:  5.785123966942149 %
Solve with parameters [0.96042813 0.11135459 0.02090387 0.67517653]
  Count:  130 , QoI:  [-0.03098493]
Acceptance ratio:  5.343511450381679 %
Solve with parameters [0.99691238 0.12576947 0.01696435 0.87146875]
  Count:  140 , QoI:  [-0.05258324]
Acceptance ratio:  4.964539007092199 %
Solve with parameters [0.97892399 0.09734076 0.01562758 0.75312225]
  Count:  150 , QoI:  [-0.01137564]
Acceptance ratio:  4.635761589403973 %
Solve with parameters [1.1076897  0.11465577 0.01811891 0.68162626]
  Count:  160 , QoI:  [-4.49767002e-05]
Acceptance ratio:  4.968944099378882 %
Solve with parameters [1.21023412 0.12684793 0.01996819 0.66967668]
  Count:  170 , QoI:  [0.00706438]
Acceptance ratio:  4.678362573099415 %
Solve with parameters [1.36073156 0.12201503 0.01987408 0.58767028]
  Count:  180 , QoI:  [0.05430378]
Acceptance ratio:  4.972375690607735 %
Solve with parameters [1.17274298 0.14820106 0.01603158 0.5844659 ]
  Count:  190 , QoI:  [0.00129654]
Acceptance ratio:  4.712041884816754 %
Solve with parameters [0.94053385 0.12473314 0.0186406  0.67524863]
  Count:  200 , QoI:  [-0.04037818]
Acceptance ratio:  4.477611940298507 %
Solve with parameters [1.05304475 0.13665311 0.02065835 0.66226342]
  Count:  210 , QoI:  [-0.03184885]
Acceptance ratio:  4.265402843601896 %
Solve with parameters [1.07131477 0.11984207 0.01724634 0.5045016 ]
  Count:  220 , QoI:  [0.01608519]
Acceptance ratio:  4.072398190045249 %
Solve with parameters [1.29603521 0.12831898 0.01710413 0.71323999]
  Count:  230 , QoI:  [0.02199813]
Acceptance ratio:  3.896103896103896 %
Solve with parameters [1.12477069 0.13104104 0.02570553 0.63097312]
  Count:  240 , QoI:  [-0.01673162]
Acceptance ratio:  3.7344398340248963 %
Solve with parameters [1.22038143 0.14614309 0.0194923  0.65242488]
  Count:  250 , QoI:  [-0.00384936]
Acceptance ratio:  3.5856573705179287 %
Solve with parameters [1.53448378 0.13391309 0.01956841 0.63339543]
  Count:  260 , QoI:  [0.07198313]
Acceptance ratio:  3.4482758620689653 %
Solve with parameters [0.99271579 0.10998733 0.01726014 0.67286129]
  Count:  270 , QoI:  [-0.01431992]
Acceptance ratio:  3.6900369003690034 %
Solve with parameters [1.07119696 0.11354388 0.02077733 0.62664231]
  Count:  280 , QoI:  [-0.00318532]
Acceptance ratio:  3.9145907473309607 %
Solve with parameters [0.83578698 0.10042794 0.01650412 0.57130679]
  Count:  290 , QoI:  [-0.01918437]
Acceptance ratio:  3.7800687285223367 %
Solve with parameters [1.06986    0.09990226 0.02091424 0.6278058 ]
  Count:  300 , QoI:  [0.00775056]
Acceptance ratio:  3.6544850498338874 %
Solve with parameters [0.94022927 0.09221403 0.0186907  0.68415429]
  Count:  310 , QoI:  [-0.01423689]
Acceptance ratio:  3.536977491961415 %
Solve with parameters [1.19667258 0.09532814 0.02446593 0.70187784]
  Count:  320 , QoI:  [0.01727049]
Acceptance ratio:  3.4267912772585665 %
Solve with parameters [0.91751958 0.12517337 0.02074145 0.67002249]
  Count:  330 , QoI:  [-0.04946619]
Acceptance ratio:  3.3232628398791544 %
Solve with parameters [0.99087736 0.12063157 0.01941981 0.60352438]
  Count:  340 , QoI:  [-0.01816363]
Acceptance ratio:  3.225806451612903 %
Solve with parameters [1.09028968 0.09431067 0.01699477 0.69834104]
  Count:  350 , QoI:  [0.01490595]
Acceptance ratio:  3.133903133903134 %
Solve with parameters [0.87568016 0.08014715 0.01828014 0.8217311 ]
  Count:  360 , QoI:  [-0.03377595]
Acceptance ratio:  3.0470914127423825 %
Solve with parameters [0.86742194 0.09688784 0.02237212 0.59754652]
  Count:  370 , QoI:  [-0.02668424]
Acceptance ratio:  2.964959568733154 %
Solve with parameters [1.00274526 0.09046315 0.0191595  0.60111075]
  Count:  380 , QoI:  [0.01048523]
Acceptance ratio:  2.8871391076115485 %
Solve with parameters [1.12169332 0.09618142 0.01893178 0.6826194 ]
  Count:  390 , QoI:  [0.01672091]
Acceptance ratio:  2.813299232736573 %
Solve with parameters [0.84702183 0.11082827 0.02236323 0.6660163 ]
  Count:  400 , QoI:  [-0.05422594]
Acceptance ratio:  2.7431421446384037 %
Solve with parameters [1.02327021 0.11007193 0.02238749 0.6241012 ]
  Count:  410 , QoI:  [-0.0122052]
Acceptance ratio:  2.9197080291970803 %
Solve with parameters [1.18117608 0.09484289 0.02150932 0.78894686]
  Count:  420 , QoI:  [0.0067284]
Acceptance ratio:  2.8503562945368173 %
Solve with parameters [0.99996637 0.11957003 0.01926151 0.67776304]
  Count:  430 , QoI:  [-0.02683698]
Acceptance ratio:  2.784222737819025 %
Solve with parameters [1.05139205 0.1162576  0.01831888 0.65635597]
  Count:  440 , QoI:  [-0.00887155]
Acceptance ratio:  2.7210884353741496 %
Solve with parameters [0.91208407 0.11810747 0.02147909 0.66201429]
  Count:  450 , QoI:  [-0.04504559]
Acceptance ratio:  2.6607538802660753 %
Solve with parameters [1.1563978  0.12565344 0.01630908 0.75162023]
  Count:  460 , QoI:  [-0.00520809]
Acceptance ratio:  2.8199566160520604 %
Solve with parameters [1.50757554 0.13062522 0.01759529 0.98936719]
  Count:  470 , QoI:  [0.02500768]
Acceptance ratio:  2.9723991507431 %
Solve with parameters [1.53082424 0.1207679  0.01806833 1.0874238 ]
  Count:  480 , QoI:  [0.02577028]
Acceptance ratio:  2.9106029106029108 %
Solve with parameters [1.34254512 0.12191239 0.01593392 0.91254322]
  Count:  490 , QoI:  [0.01587406]
Acceptance ratio:  3.054989816700611 %
Solve with parameters [1.27953901 0.11294242 0.01940434 0.7535079 ]
  Count:  500 , QoI:  [0.02131169]
Acceptance ratio:  2.9940119760479043 %
Solve with parameters [1.43276642 0.10212566 0.01608615 1.10075091]
  Count:  510 , QoI:  [0.03312156]
Acceptance ratio:  3.131115459882583 %
Solve with parameters [1.35791444 0.09966058 0.01613447 0.84561315]
  Count:  520 , QoI:  [0.04641568]
Acceptance ratio:  3.071017274472169 %
Solve with parameters [1.16098548 0.12413904 0.01932009 1.12917512]
  Count:  530 , QoI:  [-0.06407206]
Acceptance ratio:  3.0131826741996233 %
Solve with parameters [1.20199035 0.12725539 0.01799568 1.33415649]
  Count:  540 , QoI:  [-0.07367793]
Acceptance ratio:  2.957486136783734 %
Solve with parameters [1.38612503 0.09911471 0.0195122  1.12030455]
  Count:  550 , QoI:  [0.00574793]
Acceptance ratio:  2.9038112522686026 %
Solve with parameters [1.43828093 0.1483551  0.01663265 1.27714864]
  Count:  560 , QoI:  [-0.03168192]
Acceptance ratio:  3.0303030303030303 %
Solve with parameters [1.35525943 0.17218793 0.01586563 1.24400726]
  Count:  570 , QoI:  [-0.06311078]
Acceptance ratio:  2.9772329246935203 %
Solve with parameters [1.51905655 0.13137723 0.0162201  1.22225183]
  Count:  580 , QoI:  [0.00951357]
Acceptance ratio:  2.9259896729776247 %
Solve with parameters [1.48394789 0.14681118 0.01494257 1.50746532]
  Count:  590 , QoI:  [-0.02357505]
Acceptance ratio:  2.8764805414551606 %
Solve with parameters [1.45912867 0.14651081 0.01390642 1.28018065]
  Count:  600 , QoI:  [-0.0061725]
Acceptance ratio:  2.828618968386023 %
Solve with parameters [1.30972852 0.13109598 0.01314342 1.1956998 ]
  Count:  610 , QoI:  [-0.00875702]
Acceptance ratio:  2.7823240589198037 %
Solve with parameters [1.4284534  0.15541128 0.01262788 1.33348147]
  Count:  620 , QoI:  [-0.01403052]
Acceptance ratio:  2.737520128824477 %
Solve with parameters [1.3855815  0.15763665 0.01681254 1.30710589]
  Count:  630 , QoI:  [-0.05559194]
Acceptance ratio:  2.694136291600634 %
Solve with parameters [1.50766188 0.18131535 0.01467861 1.27797355]
  Count:  640 , QoI:  [-0.03712603]
Acceptance ratio:  2.65210608424337 %
Solve with parameters [1.37235308 0.13270341 0.01630675 1.16566225]
  Count:  650 , QoI:  [-0.01665135]
Acceptance ratio:  2.61136712749616 %
Solve with parameters [1.65758221 0.14141465 0.01640241 0.91414063]
  Count:  660 , QoI:  [0.05823852]
Acceptance ratio:  2.5718608169440245 %
Solve with parameters [1.43535386 0.10974137 0.0152432  1.12375229]
  Count:  670 , QoI:  [0.02882103]
Acceptance ratio:  2.682563338301043 %
Solve with parameters [1.35854694 0.16081963 0.01626318 1.10790497]
  Count:  680 , QoI:  [-0.04026853]
Acceptance ratio:  2.643171806167401 %
Solve with parameters [1.39530177 0.1543779  0.01195382 1.07280129]
  Count:  690 , QoI:  [-1.52947823e-05]
Acceptance ratio:  2.7496382054992763 %
Solve with parameters [1.46753112 0.18128214 0.01069899 1.14515362]
  Count:  700 , QoI:  [-0.00925671]
Acceptance ratio:  2.710413694721826 %
Solve with parameters [1.24777944 0.12544713 0.01593516 1.04715522]
  Count:  710 , QoI:  [-0.02014905]
Acceptance ratio:  2.6722925457102673 %
Solve with parameters [1.28833723 0.16988671 0.01045568 1.17210038]
  Count:  720 , QoI:  [-0.03045534]
Acceptance ratio:  2.6352288488210815 %
Solve with parameters [1.02392184 0.13707264 0.01048439 1.16612339]
  Count:  730 , QoI:  [-0.04587329]
Acceptance ratio:  2.7359781121751023 %
Solve with parameters [1.51713746 0.13275874 0.01070319 1.03867814]
  Count:  740 , QoI:  [0.05289649]
Acceptance ratio:  2.699055330634278 %
Solve with parameters [1.24785052 0.11143205 0.00968049 1.18077052]
  Count:  750 , QoI:  [0.02630951]
Acceptance ratio:  2.6631158455392807 %
Solve with parameters [1.37077962 0.15791377 0.01138706 0.91984342]
  Count:  760 , QoI:  [0.00563042]
Acceptance ratio:  2.628120893561104 %
Solve with parameters [1.35824259 0.13335638 0.01083915 0.9576141 ]
  Count:  770 , QoI:  [0.02638231]
Acceptance ratio:  2.594033722438392 %
Solve with parameters [1.36478883 0.1604007  0.01130549 0.96614838]
  Count:  780 , QoI:  [-0.00075186]
Acceptance ratio:  2.6888604353393086 %
Solve with parameters [1.41731114 0.19020841 0.01217929 1.04863236]
  Count:  790 , QoI:  [-0.0294307]
Acceptance ratio:  2.6548672566371683 %
Solve with parameters [1.08639667 0.15527804 0.0122932  1.1511257 ]
  Count:  800 , QoI:  [-0.06492729]
Acceptance ratio:  2.6217228464419478 %
Solve with parameters [1.33771516 0.14657191 0.01156376 0.81828631]
  Count:  810 , QoI:  [0.01733933]
Acceptance ratio:  2.5893958076448826 %
Solve with parameters [1.67890459 0.20432853 0.0110574  0.89772688]
  Count:  820 , QoI:  [0.02215706]
Acceptance ratio:  2.5578562728380025 %
Solve with parameters [1.40249707 0.14715475 0.01054984 0.75929685]
  Count:  830 , QoI:  [0.03635359]
Acceptance ratio:  2.527075812274368 %
Solve with parameters [1.22556955 0.15441906 0.0113216  1.16195201]
  Count:  840 , QoI:  [-0.03254581]
Acceptance ratio:  2.4970273483947683 %
Solve with parameters [1.51956511 0.1647344  0.01013936 0.96196711]
  Count:  850 , QoI:  [0.02906778]
Acceptance ratio:  2.4676850763807283 %
Solve with parameters [1.35856341 0.19352894 0.01323958 0.83065652]
  Count:  860 , QoI:  [-0.02737028]
Acceptance ratio:  2.4390243902439024 %
Solve with parameters [1.28933862 0.18347578 0.0128506  0.87902861]
  Count:  870 , QoI:  [-0.03460428]
Acceptance ratio:  2.4110218140068884 %
Solve with parameters [1.21720254 0.16551433 0.01176366 1.06597482]
  Count:  880 , QoI:  [-0.04169785]
Acceptance ratio:  2.383654937570942 %
Solve with parameters [1.16547731 0.13970873 0.01074995 0.88010103]
  Count:  890 , QoI:  [-0.00876923]
Acceptance ratio:  2.356902356902357 %
Solve with parameters [1.22779573 0.14943535 0.01115914 1.14792803]
  Count:  900 , QoI:  [-0.0254052]
Acceptance ratio:  2.3307436182019976 %
Solve with parameters [1.12833489 0.15548028 0.01012154 0.81888668]
  Count:  910 , QoI:  [-0.02233037]
Acceptance ratio:  2.4149286498353457 %
Solve with parameters [1.35151128 0.13085234 0.00996954 0.91490908]
  Count:  920 , QoI:  [0.03406455]
Acceptance ratio:  2.3887079261672097 %
Solve with parameters [1.52965934 0.12135198 0.01250764 0.92838877]
  Count:  930 , QoI:  [0.06473942]
Acceptance ratio:  2.3630504833512354 %
Solve with parameters [1.35690589 0.14226734 0.01442116 0.88940614]
  Count:  940 , QoI:  [0.00803274]
Acceptance ratio:  2.3379383634431457 %
Solve with parameters [1.18354467 0.14428916 0.00810067 1.18841555]
  Count:  950 , QoI:  [-0.00580412]
Acceptance ratio:  2.4185068349106205 %
Solve with parameters [1.17187215 0.16349292 0.00928277 1.00930168]
  Count:  960 , QoI:  [-0.02967097]
Acceptance ratio:  2.3933402705515086 %
Solve with parameters [1.28569313 0.17361302 0.01083624 1.31783669]
  Count:  970 , QoI:  [-0.04345983]
Acceptance ratio:  2.47167868177137 %
Solve with parameters [1.20338885 0.19963647 0.01004572 1.08229588]
  Count:  980 , QoI:  [-0.06629084]
Acceptance ratio:  2.4464831804281344 %
Solve with parameters [1.2714914  0.15306642 0.00953956 1.2972226 ]
  Count:  990 , QoI:  [-0.01288468]
Acceptance ratio:  2.4217961654894045 %
Solve with parameters [1.26420822 0.17646395 0.00947169 1.16879517]
  Count:  1000 , QoI:  [-0.03381422]
Acceptance ratio:  2.3976023976023977 %
Solve with parameters [1.52844073 0.16192595 0.01039047 1.45844118]
  Count:  1010 , QoI:  [0.01643341]
Acceptance ratio:  2.3738872403560833 %
Solve with parameters [1.80870293 0.15601198 0.01016507 1.31482767]
  Count:  1020 , QoI:  [0.08080438]
Acceptance ratio:  2.3506366307541624 %
Solve with parameters [1.5331007  0.13453962 0.00984481 1.59862881]
  Count:  1030 , QoI:  [0.05725027]
Acceptance ratio:  2.3278370514064015 %
Solve with parameters [1.06439892 0.17018898 0.00868893 1.08980243]
  Count:  1040 , QoI:  [-0.05396562]
Acceptance ratio:  2.3054755043227666 %
Solve with parameters [1.10036331 0.13104905 0.0101764  1.21738122]
  Count:  1050 , QoI:  [-0.02551126]
Acceptance ratio:  2.283539486203616 %
Solve with parameters [1.12001677 0.13396414 0.01102667 1.09744447]
  Count:  1060 , QoI:  [-0.0264372]
Acceptance ratio:  2.2620169651272386 %
Solve with parameters [1.24761519 0.19304192 0.01042703 1.17087634]
  Count:  1070 , QoI:  [-0.05979165]
Acceptance ratio:  2.2408963585434174 %
Solve with parameters [1.2041361  0.14118428 0.01175751 1.38454606]
  Count:  1080 , QoI:  [-0.03618778]
Acceptance ratio:  2.2201665124884364 %
Solve with parameters [1.21355524 0.15111591 0.01007436 1.01155991]
  Count:  1090 , QoI:  [-0.01552383]
Acceptance ratio:  2.2914757103574703 %
Solve with parameters [1.27580151 0.16602926 0.00819577 1.16821675]
  Count:  1100 , QoI:  [-0.01176856]
Acceptance ratio:  2.361489554950045 %
Solve with parameters [1.23426162 0.20534167 0.00937306 0.98660335]
  Count:  1110 , QoI:  [-0.05654144]
Acceptance ratio:  2.43024302430243 %
Solve with parameters [1.59130122 0.23626103 0.00833408 1.13913361]
  Count:  1120 , QoI:  [-0.02472123]
Acceptance ratio:  2.408563782337199 %
Solve with parameters [1.52672096 0.21355464 0.00775687 1.17598957]
  Count:  1130 , QoI:  [-0.01125637]
Acceptance ratio:  2.3872679045092835 %
Solve with parameters [1.26008376 0.22372033 0.00720225 0.89980196]
  Count:  1140 , QoI:  [-0.05288567]
Acceptance ratio:  2.366345311130587 %
Solve with parameters [1.37752411 0.25518687 0.0094913  1.0702087 ]
  Count:  1150 , QoI:  [-0.08275414]
Acceptance ratio:  2.3457862728062553 %
Solve with parameters [1.78639327 0.17009311 0.01090049 0.93230302]
  Count:  1160 , QoI:  [0.07256195]
Acceptance ratio:  2.3255813953488373 %
Solve with parameters [1.55670677 0.18887096 0.00986888 0.99228405]
  Count:  1170 , QoI:  [0.01248667]
Acceptance ratio:  2.305721605465414 %
Solve with parameters [1.54310254 0.18496849 0.00932712 1.22843294]
  Count:  1180 , QoI:  [0.0075144]
Acceptance ratio:  2.3708721422523285 %
Solve with parameters [1.08332529 0.17923314 0.0082995  1.23624969]
  Count:  1190 , QoI:  [-0.06031336]
Acceptance ratio:  2.3509655751469354 %
Solve with parameters [1.6665847  0.15830033 0.00935005 0.83023528]
  Count:  1200 , QoI:  [0.0725525]
Acceptance ratio:  2.3313905079100747 %
Solve with parameters [1.68572304 0.18870863 0.00716734 0.98514912]
  Count:  1210 , QoI:  [0.04871842]
Acceptance ratio:  2.312138728323699 %
Solve with parameters [1.22350978 0.2013147  0.01138095 0.83546844]
  Count:  1220 , QoI:  [-0.05212664]
Acceptance ratio:  2.375102375102375 %
Solve with parameters [1.25689498 0.16044132 0.0104397  1.13837771]
  Count:  1230 , QoI:  [-0.02530887]
Acceptance ratio:  2.3558082859463854 %
Solve with parameters [1.37226325 0.16350449 0.00920802 0.68846266]
  Count:  1240 , QoI:  [0.0252275]
Acceptance ratio:  2.3368251410153102 %
Solve with parameters [1.35608212 0.15219362 0.00942657 0.86827257]
  Count:  1250 , QoI:  [0.01986806]
Acceptance ratio:  2.3181454836131095 %
Solve with parameters [1.37263692 0.14278704 0.01214373 0.94089885]
  Count:  1260 , QoI:  [0.01518623]
Acceptance ratio:  2.299762093576527 %
Solve with parameters [0.91898556 0.15947553 0.01091022 1.12437223]
  Count:  1270 , QoI:  [-0.08676201]
Acceptance ratio:  2.2816679779701023 %
Solve with parameters [1.48843072 0.17761781 0.00896085 0.86565683]
  Count:  1280 , QoI:  [0.02178244]
Acceptance ratio:  2.2638563622170182 %
Solve with parameters [1.36075323 0.15430946 0.01092294 0.81618752]
  Count:  1290 , QoI:  [0.01680808]
Acceptance ratio:  2.2463206816421377 %
Solve with parameters [1.24751799 0.16941008 0.00875876 0.72125549]
  Count:  1300 , QoI:  [-0.00250902]
Acceptance ratio:  2.2290545734050733 %
Solve with parameters [1.19881974 0.18973195 0.01106858 0.79973234]
  Count:  1310 , QoI:  [-0.04203016]
Acceptance ratio:  2.212051868802441 %
Solve with parameters [1.5005165  0.17040378 0.01216387 0.81311357]
  Count:  1320 , QoI:  [0.02408185]
Acceptance ratio:  2.195306585919758 %
Solve with parameters [1.4391505  0.20950783 0.00926743 0.73718717]
  Count:  1330 , QoI:  [-0.0071561]
Acceptance ratio:  2.1788129226145756 %
Solve with parameters [1.38170513 0.14344999 0.01093205 0.88919261]
  Count:  1340 , QoI:  [0.02515158]
Acceptance ratio:  2.162565249813572 %
Solve with parameters [1.2802017  0.16383754 0.0105383  0.8412957 ]
  Count:  1350 , QoI:  [-0.00665742]
Acceptance ratio:  2.146558105107328 %
Solve with parameters [1.2761438  0.1873541  0.0128405  0.87104591]
  Count:  1360 , QoI:  [-0.03956078]
Acceptance ratio:  2.1307861866274798 %
Solve with parameters [1.52553687 0.17808572 0.00679341 0.77703222]
  Count:  1370 , QoI:  [0.03939464]
Acceptance ratio:  2.1881838074398248 %
Solve with parameters [1.34628526 0.15618344 0.00728954 0.64710013]
  Count:  1380 , QoI:  [0.03409246]
Acceptance ratio:  2.172338884866039 %
Solve with parameters [1.16945701 0.16389198 0.00747703 0.69855517]
  Count:  1390 , QoI:  [-0.00551773]
Acceptance ratio:  2.156721782890007 %
Solve with parameters [1.20422011 0.17923125 0.00819515 0.78678651]
  Count:  1400 , QoI:  [-0.0208625]
Acceptance ratio:  2.141327623126338 %
Solve with parameters [1.1058453  0.18997156 0.00794755 0.89200973]
  Count:  1410 , QoI:  [-0.05160835]
Acceptance ratio:  2.1261516654854713 %
Solve with parameters [1.10773084 0.17181141 0.00943143 0.71666366]
  Count:  1420 , QoI:  [-0.02971317]
Acceptance ratio:  2.1111893033075297 %
Solve with parameters [1.20217431 0.21260768 0.00900521 0.68984598]
  Count:  1430 , QoI:  [-0.04493113]
Acceptance ratio:  2.0964360587002098 %
Solve with parameters [1.2047126  0.19754939 0.0090712  0.73584458]
  Count:  1440 , QoI:  [-0.03585147]
Acceptance ratio:  2.081887578070784 %
Solve with parameters [1.42178865 0.21309653 0.00760385 0.90046085]
  Count:  1450 , QoI:  [-0.0184409]
Acceptance ratio:  2.067539627842867 %
Solve with parameters [1.25257285 0.20945976 0.01012737 0.78302727]
  Count:  1460 , QoI:  [-0.04512635]
Acceptance ratio:  2.0533880903490758 %
Solve with parameters [1.43416232 0.18640146 0.00978398 0.73430003]
  Count:  1470 , QoI:  [0.01101991]
Acceptance ratio:  2.0394289598912305 %
Solve with parameters [1.21743614 0.19029928 0.00741546 0.73905946]
  Count:  1480 , QoI:  [-0.02267987]
Acceptance ratio:  2.025658338960162 %
Solve with parameters [1.13713836 0.19802704 0.0081224  0.63537453]
  Count:  1490 , QoI:  [-0.03683813]
Acceptance ratio:  2.0120724346076457 %
Solve with parameters [1.16480131 0.19570346 0.00926141 0.70756112]
  Count:  1500 , QoI:  [-0.03918021]
Acceptance ratio:  1.9986675549633577 %
Solve with parameters [1.56940118 0.15736723 0.0058282  0.72356314]
  Count:  1510 , QoI:  [0.07030001]
Acceptance ratio:  1.9854401058901392 %
Solve with parameters [1.25220872 0.17825043 0.00809694 0.84411629]
  Count:  1520 , QoI:  [-0.01492845]
Acceptance ratio:  1.9723865877712032 %
Solve with parameters [1.24962171 0.18178536 0.00708839 0.74583685]
  Count:  1530 , QoI:  [-0.00939342]
Acceptance ratio:  1.9595035924232527 %
Solve with parameters [1.34578808 0.18879303 0.00873157 0.72365027]
  Count:  1540 , QoI:  [-0.00278797]
Acceptance ratio:  1.9467878001297858 %
Solve with parameters [1.19542483 0.16560572 0.00823527 0.68153047]
  Count:  1550 , QoI:  [-0.00372653]
Acceptance ratio:  1.9987105093488073 %
Solve with parameters [1.08665657 0.19297424 0.00909146 0.66069952]
  Count:  1560 , QoI:  [-0.04534148]
Acceptance ratio:  1.9859064702114029 %
Solve with parameters [0.9534109  0.16449315 0.0083362  0.66607818]
  Count:  1570 , QoI:  [-0.04159353]
Acceptance ratio:  1.9732654360280075 %
Solve with parameters [1.03023154 0.19681099 0.00878655 0.52107944]
  Count:  1580 , QoI:  [-0.04429036]
Acceptance ratio:  1.9607843137254901 %
Solve with parameters [1.13783333 0.16028539 0.00791227 0.64632965]
  Count:  1590 , QoI:  [-0.00543123]
Acceptance ratio:  1.9484600879949718 %
Solve with parameters [1.34032093 0.20481151 0.00953646 0.71574424]
  Count:  1600 , QoI:  [-0.01886349]
Acceptance ratio:  1.9362898188632107 %
Solve with parameters [1.21323934 0.1778148  0.00757149 0.64353774]
  Count:  1610 , QoI:  [-0.00693868]
Acceptance ratio:  1.9242706393544382 %
Solve with parameters [1.21180126 0.16493624 0.00720817 0.77093277]
  Count:  1620 , QoI:  [-0.00257232]
Acceptance ratio:  1.9123997532387416 %
Solve with parameters [1.26380006 0.1879709  0.00852428 0.63582984]
  Count:  1630 , QoI:  [-0.00864214]
Acceptance ratio:  1.900674432863274 %
Solve with parameters [1.19972559 0.15939095 0.00720603 0.4693974 ]
  Count:  1640 , QoI:  [0.01948921]
Acceptance ratio:  1.8890920170627667 %
Solve with parameters [1.50959503 0.19275505 0.00697959 0.73487766]
  Count:  1650 , QoI:  [0.02513487]
Acceptance ratio:  1.877649909145972 %
Solve with parameters [1.07549362 0.16969888 0.00830465 0.69330939]
  Count:  1660 , QoI:  [-0.0280351]
Acceptance ratio:  1.8663455749548463 %
Solve with parameters [1.01907636 0.14736912 0.00893146 0.61464788]
  Count:  1670 , QoI:  [-0.01421726]
Acceptance ratio:  1.8551765409934171 %
Solve with parameters [1.36852313 0.1517243  0.00875935 0.59390439]
  Count:  1680 , QoI:  [0.04284531]
Acceptance ratio:  1.8441403926234383 %
Solve with parameters [1.26666436 0.15354536 0.01015471 0.62452669]
  Count:  1690 , QoI:  [0.01887843]
Acceptance ratio:  1.8332347723240685 %
Solve with parameters [1.38289063 0.17808761 0.01005798 0.58461093]
  Count:  1700 , QoI:  [0.02185117]
Acceptance ratio:  1.8224573780129336 %
Solve with parameters [1.18497525 0.17614993 0.00871355 0.51253065]
  Count:  1710 , QoI:  [-0.00171123]
Acceptance ratio:  1.8118059614260666 %
Solve with parameters [1.0127793  0.15058289 0.00949466 0.50946529]
  Count:  1720 , QoI:  [-0.0099064]
Acceptance ratio:  1.801278326554329 %
Solve with parameters [1.09961335 0.16590601 0.00745532 0.71135607]
  Count:  1730 , QoI:  [-0.01937941]
Acceptance ratio:  1.9064124783362217 %
Solve with parameters [0.82251461 0.11823546 0.00920592 0.78429914]
  Count:  1740 , QoI:  [-0.03483483]
Acceptance ratio:  1.8954623779437105 %
Solve with parameters [0.82524388 0.11178972 0.00912046 0.78205461]
  Count:  1750 , QoI:  [-0.02816941]
Acceptance ratio:  1.8846373500856655 %
Solve with parameters [0.86373881 0.12888561 0.00797735 0.81179007]
  Count:  1760 , QoI:  [-0.03324203]
Acceptance ratio:  1.8739352640545146 %
Solve with parameters [0.92116336 0.10497978 0.00773535 0.61814227]
  Count:  1770 , QoI:  [0.00879307]
Acceptance ratio:  1.8633540372670807 %
Solve with parameters [0.85624372 0.12141133 0.00830209 0.78901455]
  Count:  1780 , QoI:  [-0.02819556]
Acceptance ratio:  1.8528916339135317 %
Solve with parameters [1.0314496  0.1212062  0.00587834 0.73755112]
  Count:  1790 , QoI:  [0.01327458]
Acceptance ratio:  1.8425460636515913 %
Solve with parameters [1.0302582  0.13504281 0.00969965 0.76581909]
  Count:  1800 , QoI:  [-0.01555726]
Acceptance ratio:  1.8878400888395337 %
Solve with parameters [1.01612502 0.14033951 0.00786708 0.61382607]
  Count:  1810 , QoI:  [-0.00605141]
Acceptance ratio:  1.8774157923799006 %
Solve with parameters [0.98593919 0.127539   0.00724532 0.74755726]
  Count:  1820 , QoI:  [-0.00564957]
Acceptance ratio:  1.8671059857221308 %
Solve with parameters [0.87353505 0.14597616 0.00763069 0.86399009]
  Count:  1830 , QoI:  [-0.0475612]
Acceptance ratio:  1.8569087930092845 %
Solve with parameters [0.98248722 0.12785574 0.00654251 0.83341643]
  Count:  1840 , QoI:  [-0.00667882]
Acceptance ratio:  1.8468223791417708 %
Solve with parameters [0.84354082 0.14203073 0.00662552 0.70095545]
  Count:  1850 , QoI:  [-0.03635854]
Acceptance ratio:  1.8368449486763911 %
Solve with parameters [0.83668207 0.075166   0.0118109  0.95361453]
  Count:  1860 , QoI:  [-0.01787217]
Acceptance ratio:  1.934443847393874 %
Solve with parameters [1.11443119 0.09759084 0.00883722 0.84184835]
  Count:  1870 , QoI:  [0.03211837]
Acceptance ratio:  1.9241047568145375 %
Solve with parameters [0.93269676 0.09016958 0.00906993 0.96767664]
  Count:  1880 , QoI:  [0.00113959]
Acceptance ratio:  1.9138755980861244 %
Solve with parameters [0.98531624 0.06989517 0.00902757 0.81124116]
  Count:  1890 , QoI:  [0.03606872]
Acceptance ratio:  1.9037546271813854 %
Solve with parameters [0.77161852 0.1010625  0.01119593 0.74594528]
  Count:  1900 , QoI:  [-0.0341355]
Acceptance ratio:  1.9463440294581797 %
Solve with parameters [0.82025116 0.10427835 0.01026775 0.93374895]
  Count:  1910 , QoI:  [-0.0373438]
Acceptance ratio:  1.9361590790162218 %
Solve with parameters [0.80710941 0.09577987 0.00851259 0.88843356]
  Count:  1920 , QoI:  [-0.01909061]
Acceptance ratio:  1.9260801665799063 %
Solve with parameters [0.88323102 0.09705273 0.01236565 0.96518007]
  Count:  1930 , QoI:  [-0.03412893]
Acceptance ratio:  1.9161056447436562 %
Solve with parameters [0.94679145 0.12380185 0.00837035 0.81649548]
  Count:  1940 , QoI:  [-0.01711153]
Acceptance ratio:  1.9577537351880476 %
Solve with parameters [0.96140007 0.12607252 0.00844474 0.87520905]
  Count:  1950 , QoI:  [-0.01999646]
Acceptance ratio:  1.9477191184008202 %
Solve with parameters [0.91347876 0.12064104 0.01237724 0.95066071]
  Count:  1960 , QoI:  [-0.04939543]
Acceptance ratio:  1.9377868434472207 %
Solve with parameters [0.93896806 0.10976604 0.00878034 0.67081908]
  Count:  1970 , QoI:  [0.00101315]
Acceptance ratio:  1.97869101978691 %
Solve with parameters [1.12310725 0.10997424 0.00808162 0.71526465]
  Count:  1980 , QoI:  [0.03145534]
Acceptance ratio:  1.9687026754164565 %
Solve with parameters [0.93878411 0.10202331 0.00881732 0.78638376]
  Count:  1990 , QoI:  [0.00071292]
Acceptance ratio:  1.9588146659969865 %
Solve with parameters [0.79808113 0.1116381  0.00749312 0.84287942]
  Count:  2000 , QoI:  [-0.02742693]
Acceptance ratio:  1.9490254872563717 %
Solve with parameters [0.96098516 0.09512852 0.00697325 0.97065986]
  Count:  2010 , QoI:  [0.01499684]
Acceptance ratio:  1.9393336648433617 %
Solve with parameters [0.93956717 0.12687444 0.00828788 0.79139227]
  Count:  2020 , QoI:  [-0.019346]
Acceptance ratio:  1.929737753587333 %
Solve with parameters [0.8445298  0.11888695 0.00752885 0.98719411]
  Count:  2030 , QoI:  [-0.03131391]
Acceptance ratio:  1.9202363367799113 %
Solve with parameters [0.98883906 0.10257027 0.00766257 0.85621337]
  Count:  2040 , QoI:  [0.01112588]
Acceptance ratio:  1.910828025477707 %
Solve with parameters [1.00437685 0.10686301 0.00836691 0.75743405]
  Count:  2050 , QoI:  [0.01087995]
Acceptance ratio:  1.901511457825451 %
Solve with parameters [1.13634154 0.1110531  0.00823495 0.71452745]
  Count:  2060 , QoI:  [0.03227033]
Acceptance ratio:  1.8922852983988356 %
Solve with parameters [0.94359821 0.10878532 0.01069431 0.94094862]
  Count:  2070 , QoI:  [-0.02304462]
Acceptance ratio:  1.883148237566393 %
Solve with parameters [1.03776297 0.11465671 0.00858605 0.91507518]
  Count:  2080 , QoI:  [0.00100553]
Acceptance ratio:  1.8740989908697743 %
Solve with parameters [1.1172999  0.12150959 0.00873284 0.88650224]
  Count:  2090 , QoI:  [0.00876142]
Acceptance ratio:  1.8651362984218076 %
Solve with parameters [1.16791698 0.11365205 0.00826146 1.00586981]
  Count:  2100 , QoI:  [0.02357817]
Acceptance ratio:  1.8562589243217515 %
Solve with parameters [0.80228974 0.13147189 0.00893531 0.75193375]
  Count:  2110 , QoI:  [-0.04636565]
Acceptance ratio:  1.8474656560871625 %
Solve with parameters [1.09760919 0.11610362 0.0102879  0.96730464]
  Count:  2120 , QoI:  [-0.00191724]
Acceptance ratio:  1.8387553041018387 %
Solve with parameters [0.90569158 0.11703574 0.0085775  0.91795004]
  Count:  2130 , QoI:  [-0.02374795]
Acceptance ratio:  1.8301267010793054 %
Solve with parameters [0.99230551 0.12823401 0.00740876 0.97186329]
  Count:  2140 , QoI:  [-0.01425555]
Acceptance ratio:  1.8215787015413358 %
Solve with parameters [1.24591771 0.11168348 0.0066546  0.7718835 ]
  Count:  2150 , QoI:  [0.05341416]
Acceptance ratio:  1.813110181311018 %
Solve with parameters [0.9563437  0.13582158 0.00977441 0.74621115]
  Count:  2160 , QoI:  [-0.02757401]
Acceptance ratio:  1.8047200370198981 %
Solve with parameters [1.16734882 0.14743819 0.01101686 0.67040079]
  Count:  2170 , QoI:  [0.00090166]
Acceptance ratio:  1.8885306310456014 %
Solve with parameters [1.02702686 0.13547521 0.00831023 0.94757712]
  Count:  2180 , QoI:  [-0.01995675]
Acceptance ratio:  1.8798716185236128 %
Solve with parameters [1.07872791 0.15290957 0.00792428 0.76965254]
  Count:  2190 , QoI:  [-0.01659087]
Acceptance ratio:  1.8712916476494752 %
Solve with parameters [0.88050922 0.12959974 0.00811748 0.78720906]
  Count:  2200 , QoI:  [-0.03049478]
Acceptance ratio:  1.8627896410722398 %
Solve with parameters [0.92373974 0.13144195 0.00928756 0.79954111]
  Count:  2210 , QoI:  [-0.030947]
Acceptance ratio:  1.854364540931705 %
Solve with parameters [1.00126357 0.11213052 0.00790651 0.69151021]
  Count:  2220 , QoI:  [0.01094511]
Acceptance ratio:  1.846015308419631 %
Solve with parameters [1.01982326 0.11395311 0.00758368 0.71208643]
  Count:  2230 , QoI:  [0.01244097]
Acceptance ratio:  1.8377409233527566 %
Solve with parameters [1.14127334 0.13607717 0.00625685 0.78922926]
  Count:  2240 , QoI:  [0.01458199]
Acceptance ratio:  1.8295403837572513 %
Solve with parameters [0.97521688 0.12963293 0.00879906 0.93638532]
  Count:  2250 , QoI:  [-0.02572155]
Acceptance ratio:  1.8214127054642382 %
Solve with parameters [1.12466236 0.14337576 0.00667963 0.65765639]
  Count:  2260 , QoI:  [0.00951152]
Acceptance ratio:  1.8133569217160548 %
Solve with parameters [1.39666182 0.11339521 0.01069062 0.54590602]
  Count:  2270 , QoI:  [0.08310056]
Acceptance ratio:  1.8053720827829152 %
Solve with parameters [1.32786574 0.13026495 0.00939081 0.8541335 ]
  Count:  2280 , QoI:  [0.03616736]
Acceptance ratio:  1.7974572555896537 %
Solve with parameters [0.80070195 0.13564898 0.0074701  0.76686743]
  Count:  2290 , QoI:  [-0.04465303]
Acceptance ratio:  1.789611523352248 %
Solve with parameters [1.01856329 0.1509091  0.00942657 0.83665805]
  Count:  2300 , QoI:  [-0.03526854]
Acceptance ratio:  1.7818339852238156 %
Solve with parameters [0.9141553  0.11958597 0.00829987 0.74927296]
  Count:  2310 , QoI:  [-0.01480485]
Acceptance ratio:  1.7741237559498053 %
Solve with parameters [0.96674399 0.14849782 0.0094088  0.77394815]
  Count:  2320 , QoI:  [-0.03744879]
Acceptance ratio:  1.7664799655320984 %
Solve with parameters [1.03766563 0.14417518 0.00827683 0.67892761]
  Count:  2330 , QoI:  [-0.01136621]
Acceptance ratio:  1.758901758901759 %
Solve with parameters [1.10470611 0.12738475 0.00789496 0.7405171 ]
  Count:  2340 , QoI:  [0.01204747]
Acceptance ratio:  1.751388295600171 %
Solve with parameters [1.01401115 0.2036047  0.00934664 0.66747491]
  Count:  2350 , QoI:  [-0.06712242]
Acceptance ratio:  1.7439387494683114 %
Solve with parameters [1.06778266 0.11881886 0.00858903 0.68209478]
  Count:  2360 , QoI:  [0.01454674]
Acceptance ratio:  1.736552308343922 %
Solve with parameters [0.97068121 0.1161703  0.00792676 0.71134989]
  Count:  2370 , QoI:  [0.00113564]
Acceptance ratio:  1.7292281737663433 %
Solve with parameters [1.14072051 0.12981709 0.00757649 0.89708786]
  Count:  2380 , QoI:  [0.01052414]
Acceptance ratio:  1.7219655606887863 %
Solve with parameters [1.06116719 0.12643457 0.00833807 0.83490837]
  Count:  2390 , QoI:  [-0.0010464]
Acceptance ratio:  1.7147636971978253 %
Solve with parameters [0.9226364  0.1861913  0.00978062 1.01676273]
  Count:  2400 , QoI:  [-0.09617238]
Acceptance ratio:  1.7076218242399002 %
Solve with parameters [0.91812375 0.14732059 0.00884625 0.82488364]
  Count:  2410 , QoI:  [-0.04544834]
Acceptance ratio:  1.7420157610949814 %
Solve with parameters [1.06981934 0.1272749  0.00734814 0.63809836]
  Count:  2420 , QoI:  [0.0137575]
Acceptance ratio:  1.734820322180917 %
Solve with parameters [1.09107171 0.13131968 0.00936377 0.76626809]
  Count:  2430 , QoI:  [-0.00067069]
Acceptance ratio:  1.7688194158782395 %
Solve with parameters [0.91905101 0.12647275 0.01008093 0.79421397]
  Count:  2440 , QoI:  [-0.03045]
Acceptance ratio:  1.7615731257681277 %
Solve with parameters [1.10110619 0.14533976 0.00845461 0.92237209]
  Count:  2450 , QoI:  [-0.01625286]
Acceptance ratio:  1.7543859649122806 %
Solve with parameters [0.99042726 0.15860763 0.01145016 0.85301132]
  Count:  2460 , QoI:  [-0.05709203]
Acceptance ratio:  1.787891101178383 %
Solve with parameters [1.07914229 0.11865495 0.00893484 0.67010664]
  Count:  2470 , QoI:  [0.01637595]
Acceptance ratio:  1.7806556050182114 %
Solve with parameters [0.94974372 0.12253777 0.00960411 0.59579603]
  Count:  2480 , QoI:  [-0.00487803]
Acceptance ratio:  1.7734784361144702 %
Solve with parameters [0.85051391 0.1178885  0.00912311 0.78489785]
  Count:  2490 , QoI:  [-0.02954056]
Acceptance ratio:  1.7663588920112403 %
Solve with parameters [0.92777556 0.12829797 0.00782578 0.70343184]
  Count:  2500 , QoI:  [-0.01570096]
Acceptance ratio:  1.7592962814874051 %
Solve with parameters [1.10049713 0.14951794 0.00816665 0.80577133]
  Count:  2510 , QoI:  [-0.01295601]
Acceptance ratio:  1.752289924332935 %
Solve with parameters [0.69189233 0.09277886 0.00854764 0.74968219]
  Count:  2520 , QoI:  [-0.02882694]
Acceptance ratio:  1.7850059500198336 %
Solve with parameters [1.00657954 0.10754341 0.0095148  0.9157964 ]
  Count:  2530 , QoI:  [-0.00290004]
Acceptance ratio:  1.8174634531805611 %
Solve with parameters [0.89783381 0.09799313 0.01235416 0.78041649]
  Count:  2540 , QoI:  [-0.01729738]
Acceptance ratio:  1.8496654860291224 %
Solve with parameters [0.95730148 0.09915348 0.00743674 0.8269399 ]
  Count:  2550 , QoI:  [0.01115466]
Acceptance ratio:  1.8424147393179144 %
Solve with parameters [0.76018533 0.10408657 0.01101652 0.70581852]
  Count:  2560 , QoI:  [-0.03459379]
Acceptance ratio:  1.8352206169465053 %
Solve with parameters [0.89042029 0.1082601  0.00818939 0.66086729]
  Count:  2570 , QoI:  [-0.00312521]
Acceptance ratio:  1.8280824581874757 %
Solve with parameters [1.05235335 0.11318782 0.00918094 0.69430568]
  Count:  2580 , QoI:  [0.01425108]
Acceptance ratio:  1.8597442851607904 %
Solve with parameters [0.77882969 0.11476151 0.00964267 0.68010385]
  Count:  2590 , QoI:  [-0.03347082]
Acceptance ratio:  1.8525665766113468 %
Solve with parameters [0.8677469  0.12825061 0.00900802 0.60214327]
  Count:  2600 , QoI:  [-0.02219459]
Acceptance ratio:  1.845444059976932 %
Solve with parameters [0.87035021 0.10787759 0.00760156 0.59616893]
  Count:  2610 , QoI:  [-0.00022778]
Acceptance ratio:  1.876675603217158 %
Solve with parameters [1.05431798 0.10534897 0.00959576 0.65986376]
  Count:  2620 , QoI:  [0.02267735]
Acceptance ratio:  1.907668828691339 %
Solve with parameters [0.78720028 0.12452541 0.00977946 0.65821284]
  Count:  2630 , QoI:  [-0.03910946]
Acceptance ratio:  1.9384264538198404 %
Solve with parameters [1.05218712 0.1331904  0.00951031 0.55561167]
  Count:  2640 , QoI:  [0.00687171]
Acceptance ratio:  1.9310867095797046 %
Solve with parameters [1.08847032 0.10757188 0.00709904 0.81510946]
  Count:  2650 , QoI:  [0.02740115]
Acceptance ratio:  1.923802338740098 %
Solve with parameters [0.96103008 0.12714759 0.01078654 0.78822475]
  Count:  2660 , QoI:  [-0.02638746]
Acceptance ratio:  1.9165727170236753 %
Solve with parameters [0.80975368 0.10818927 0.00777417 0.55125967]
  Count:  2670 , QoI:  [-0.00774924]
Acceptance ratio:  1.9468363908648447 %
Solve with parameters [0.78010658 0.1151846  0.00777265 0.6433743 ]
  Count:  2680 , QoI:  [-0.02447035]
Acceptance ratio:  1.939574785527788 %
Solve with parameters [0.84152183 0.11928861 0.0092236  0.62543165]
  Count:  2690 , QoI:  [-0.02138949]
Acceptance ratio:  1.932367149758454 %
Solve with parameters [0.91950969 0.11963326 0.00967935 0.58952346]
  Count:  2700 , QoI:  [-0.00712195]
Acceptance ratio:  1.9622362088115513 %
Solve with parameters [0.68953316 0.13054909 0.00977993 0.5555371 ]
  Count:  2710 , QoI:  [-0.05098263]
Acceptance ratio:  1.9549981556621174 %
Solve with parameters [0.88309067 0.1051933  0.00931238 0.45651566]
  Count:  2720 , QoI:  [0.01112532]
Acceptance ratio:  1.947813303932378 %
Solve with parameters [1.00024236 0.12073265 0.00937603 0.61193325]
  Count:  2730 , QoI:  [0.00436408]
Acceptance ratio:  1.9772976931526913 %
Solve with parameters [0.86158357 0.12065004 0.00789503 0.56709773]
  Count:  2740 , QoI:  [-0.01128446]
Acceptance ratio:  1.9700839109813937 %
Solve with parameters [0.73534671 0.14059971 0.00891225 0.55305502]
  Count:  2750 , QoI:  [-0.0493397]
Acceptance ratio:  1.9629225736095965 %
Solve with parameters [0.82205466 0.12032892 0.01141338 0.43578449]
  Count:  2760 , QoI:  [-0.01214662]
Acceptance ratio:  2.028250633828323 %
Solve with parameters [0.71060461 0.10981035 0.0105363  0.56283048]
  Count:  2770 , QoI:  [-0.03328393]
Acceptance ratio:  2.0209310718152294 %
Solve with parameters [0.83154175 0.09963025 0.00956952 0.36847631]
  Count:  2780 , QoI:  [0.01510941]
Acceptance ratio:  2.0136641495864795 %
Solve with parameters [0.84843449 0.11219408 0.01097384 0.56854348]
  Count:  2790 , QoI:  [-0.01400129]
Acceptance ratio:  2.0064493013256897 %
Solve with parameters [1.03464508 0.12664405 0.01278826 0.49864487]
  Count:  2800 , QoI:  [0.01001669]
Acceptance ratio:  2.034987504462692 %
Solve with parameters [1.4134318  0.11253717 0.00997008 0.52107352]
  Count:  2810 , QoI:  [0.08961096]
Acceptance ratio:  2.0277481323372464 %
Solve with parameters [0.95473611 0.14655843 0.01217558 0.41597294]
  Count:  2820 , QoI:  [-0.00941542]
Acceptance ratio:  2.020560085076214 %
Solve with parameters [0.71652275 0.11259321 0.01465437 0.50566728]
  Count:  2830 , QoI:  [-0.03754967]
Acceptance ratio:  2.0487460261391734 %
Solve with parameters [1.03989906 0.08601061 0.01402843 0.49119823]
  Count:  2840 , QoI:  [0.04444279]
Acceptance ratio:  2.0415346708905315 %
Solve with parameters [0.9584532  0.11864836 0.01273664 0.47620154]
  Count:  2850 , QoI:  [0.00605559]
Acceptance ratio:  2.034373903893371 %
Solve with parameters [0.87964476 0.14701099 0.0118267  0.38942279]
  Count:  2860 , QoI:  [-0.0188555]
Acceptance ratio:  2.0622160083886754 %
Solve with parameters [1.24283282 0.149465   0.01395644 0.5266487 ]
  Count:  2870 , QoI:  [0.023262]
Acceptance ratio:  2.055033089515848 %
Solve with parameters [1.13153479 0.11647842 0.01108602 0.58527738]
  Count:  2880 , QoI:  [0.02909788]
Acceptance ratio:  2.0826102047900035 %
Solve with parameters [0.94324659 0.11188658 0.00977625 0.52113721]
  Count:  2890 , QoI:  [0.00904836]
Acceptance ratio:  2.109996540989277 %
Solve with parameters [0.95191375 0.14078549 0.01069414 0.4616958 ]
  Count:  2900 , QoI:  [-0.00890824]
Acceptance ratio:  2.102723198896932 %
Solve with parameters [0.67482413 0.08733631 0.00764331 0.5157954 ]
  Count:  2910 , QoI:  [-0.0090452]
Acceptance ratio:  2.1642047406389557 %
Solve with parameters [0.55131841 0.07444676 0.00885732 0.60930176]
  Count:  2920 , QoI:  [-0.02814036]
Acceptance ratio:  2.156795617939062 %
Solve with parameters [0.88047104 0.08227421 0.00706894 0.66587239]
  Count:  2930 , QoI:  [0.02169181]
Acceptance ratio:  2.1494370522006143 %
Solve with parameters [0.74905966 0.07748388 0.00955363 0.57137658]
  Count:  2940 , QoI:  [0.0021419]
Acceptance ratio:  2.142128527711663 %
Solve with parameters [0.72901423 0.086996   0.00772722 0.53304609]
  Count:  2950 , QoI:  [-0.00151119]
Acceptance ratio:  2.134869535750593 %
Solve with parameters [0.83841924 0.06944068 0.00852879 0.49421136]
  Count:  2960 , QoI:  [0.0320519]
Acceptance ratio:  2.127659574468085 %
Solve with parameters [0.6486778  0.09383848 0.00680574 0.63762306]
  Count:  2970 , QoI:  [-0.02324645]
Acceptance ratio:  2.1541568495456076 %
Solve with parameters [0.78911305 0.08430724 0.00628143 0.49058448]
  Count:  2980 , QoI:  [0.01633019]
Acceptance ratio:  2.1804763502180475 %
Solve with parameters [0.80942557 0.10015305 0.00946318 0.57852817]
  Count:  2990 , QoI:  [-0.00745523]
Acceptance ratio:  2.206619859578736 %
Solve with parameters [0.88080438 0.08744321 0.00758062 0.70203427]
  Count:  3000 , QoI:  [0.01355866]
Acceptance ratio:  2.2325891369543487 %
Solve with parameters [0.7742334  0.08116471 0.00896393 0.57686296]
  Count:  3010 , QoI:  [0.00439441]
Acceptance ratio:  2.225174360677516 %
Solve with parameters [0.84443875 0.09600113 0.00934193 0.64670005]
  Count:  3020 , QoI:  [-0.00293984]
Acceptance ratio:  2.2178086726249586 %
Solve with parameters [0.91147369 0.11569557 0.00937952 0.57161211]
  Count:  3030 , QoI:  [-0.00292523]
Acceptance ratio:  2.210491586935005 %
Solve with parameters [0.70969608 0.09326633 0.00812174 0.6056239 ]
  Count:  3040 , QoI:  [-0.01587306]
Acceptance ratio:  2.203222624136797 %
Solve with parameters [0.83213705 0.1074864  0.00825504 0.64201572]
  Count:  3050 , QoI:  [-0.01101454]
Acceptance ratio:  2.196001311045559 %
Solve with parameters [0.8419809  0.09315735 0.00865074 0.63532603]
  Count:  3060 , QoI:  [0.00212709]
Acceptance ratio:  2.188827180659915 %
Solve with parameters [0.91394467 0.10831746 0.00709245 0.69005623]
  Count:  3070 , QoI:  [0.00290385]
Acceptance ratio:  2.1816997720612177 %
Solve with parameters [0.65902008 0.1065978  0.00819659 0.50839585]
  Count:  3080 , QoI:  [-0.02829591]
Acceptance ratio:  2.207075624797144 %
Solve with parameters [0.80239188 0.10773422 0.00634606 0.52968832]
  Count:  3090 , QoI:  [-0.00362626]
Acceptance ratio:  2.1999352960207053 %
Solve with parameters [0.65353601 0.09943593 0.00835965 0.66215964]
  Count:  3100 , QoI:  [-0.03468619]
Acceptance ratio:  2.1928410190261207 %
Solve with parameters [0.76861227 0.0837523  0.00653717 0.51461917]
  Count:  3110 , QoI:  [0.0116352]
Acceptance ratio:  2.185792349726776 %
Solve with parameters [0.75975459 0.09691173 0.00715187 0.64708556]
  Count:  3120 , QoI:  [-0.01007319]
Acceptance ratio:  2.1787888497276513 %
Solve with parameters [0.76099132 0.09585916 0.00597728 0.62750208]
  Count:  3130 , QoI:  [-0.00381002]
Acceptance ratio:  2.1718300862344297 %
Solve with parameters [0.70684026 0.0739821  0.00814264 0.55510155]
  Count:  3140 , QoI:  [0.0033552]
Acceptance ratio:  2.164915631964343 %
Solve with parameters [0.8166375  0.09341642 0.00784796 0.62150702]
  Count:  3150 , QoI:  [0.00118597]
Acceptance ratio:  2.18978102189781 %
Solve with parameters [0.91110506 0.10804975 0.01216026 0.88944922]
  Count:  3160 , QoI:  [-0.03232391]
Acceptance ratio:  2.2461246440999685 %
Solve with parameters [0.97973278 0.1345756  0.01053123 0.73117729]
  Count:  3170 , QoI:  [-0.02410336]
Acceptance ratio:  2.239041311888994 %
Solve with parameters [0.97449674 0.12515412 0.00761643 0.75661557]
  Count:  3180 , QoI:  [-0.00736256]
Acceptance ratio:  2.2320025149324114 %
Solve with parameters [0.85894321 0.12809344 0.00843672 0.8383855 ]
  Count:  3190 , QoI:  [-0.03698928]
Acceptance ratio:  2.2250078345346287 %
Solve with parameters [0.74766178 0.10207471 0.00796221 0.73594789]
  Count:  3200 , QoI:  [-0.02449162]
Acceptance ratio:  2.218056857232115 %
Solve with parameters [0.79861686 0.09142486 0.00884002 0.63071445]
  Count:  3210 , QoI:  [-0.00383212]
Acceptance ratio:  2.211149174711928 %
Solve with parameters [0.94784655 0.11870407 0.00871666 0.83118689]
  Count:  3220 , QoI:  [-0.01476221]
Acceptance ratio:  2.2042843837317605 %
Solve with parameters [0.7522496  0.10019683 0.00949567 0.81392897]
  Count:  3230 , QoI:  [-0.03380045]
Acceptance ratio:  2.1974620860414733 %
Solve with parameters [0.96523337 0.11041591 0.0101603  0.64434092]
  Count:  3240 , QoI:  [0.0026356]
Acceptance ratio:  2.2215365627892623 %
Solve with parameters [0.85993398 0.11099613 0.00898939 0.71735248]
  Count:  3250 , QoI:  [-0.01703084]
Acceptance ratio:  2.2147031682559213 %
Solve with parameters [1.05962278 0.12321128 0.00886991 0.79357752]
  Count:  3260 , QoI:  [0.00147309]
Acceptance ratio:  2.2079116835326587 %
Solve with parameters [1.20291244 0.1129113  0.01197708 0.83955433]
  Count:  3270 , QoI:  [0.02039017]
Acceptance ratio:  2.2317334148578416 %
Solve with parameters [1.14952424 0.10954976 0.01048955 0.6600857 ]
  Count:  3280 , QoI:  [0.03307951]
Acceptance ratio:  2.2249314233465407 %
Solve with parameters [0.79070497 0.15362085 0.01095243 0.60258105]
  Count:  3290 , QoI:  [-0.06098531]
Acceptance ratio:  2.2181707687632937 %
Solve with parameters [0.99053234 0.13837674 0.00825045 0.61664439]
  Count:  3300 , QoI:  [-0.00974824]
Acceptance ratio:  2.2114510754316874 %
Solve with parameters [1.09574146 0.10670991 0.01118792 0.66296951]
  Count:  3310 , QoI:  [0.02407876]
Acceptance ratio:  2.2047719722138326 %
Solve with parameters [0.82296637 0.08966876 0.00785008 0.66096266]
  Count:  3320 , QoI:  [0.00319045]
Acceptance ratio:  2.228244504667269 %
Solve with parameters [0.9233933  0.09432219 0.01072884 0.75837779]
  Count:  3330 , QoI:  [-0.00122197]
Acceptance ratio:  2.2215550885619937 %
Solve with parameters [0.80822448 0.09902816 0.01171889 0.68630144]
  Count:  3340 , QoI:  [-0.02288261]
Acceptance ratio:  2.2149057168512423 %
Solve with parameters [1.01607223 0.09775703 0.01102514 0.80306918]
  Count:  3350 , QoI:  [0.00739631]
Acceptance ratio:  2.2082960310355118 %
Solve with parameters [0.76155611 0.10052912 0.00883838 0.56135831]
  Count:  3360 , QoI:  [-0.01259608]
Acceptance ratio:  2.2017256768818805 %
Solve with parameters [1.07130186 0.10311679 0.01043303 0.57672833]
  Count:  3370 , QoI:  [0.03218416]
Acceptance ratio:  2.1951943043607236 %
Solve with parameters [0.87324756 0.11092347 0.00857898 0.77021682]
  Count:  3380 , QoI:  [-0.01629602]
Acceptance ratio:  2.188701567583555 %
Solve with parameters [0.8185202  0.08536595 0.01237005 0.54193291]
  Count:  3390 , QoI:  [0.00293081]
Acceptance ratio:  2.182247124741964 %
Solve with parameters [1.05266205 0.08786755 0.00962678 0.65753146]
  Count:  3400 , QoI:  [0.03797341]
Acceptance ratio:  2.175830638047633 %
Solve with parameters [0.76270027 0.09757404 0.01069436 0.62337192]
  Count:  3410 , QoI:  [-0.0203538]
Acceptance ratio:  2.198768689533861 %
Solve with parameters [0.94368107 0.10645365 0.01124781 0.70090213]
  Count:  3420 , QoI:  [-0.00570889]
Acceptance ratio:  2.2215726395790703 %
Solve with parameters [1.00742539 0.10953682 0.01193359 0.7379271 ]
  Count:  3430 , QoI:  [-0.00285591]
Acceptance ratio:  2.244243660740309 %
Solve with parameters [1.16812464 0.09713371 0.01149334 0.65269989]
  Count:  3440 , QoI:  [0.04556942]
Acceptance ratio:  2.2377215925603022 %
Solve with parameters [0.96085397 0.10270582 0.01339956 0.68727538]
  Count:  3450 , QoI:  [-0.00490862]
Acceptance ratio:  2.231237322515213 %
Solve with parameters [0.81685893 0.1096565  0.01304182 0.66015359]
  Count:  3460 , QoI:  [-0.03219266]
Acceptance ratio:  2.2247905229702396 %
Solve with parameters [0.81598782 0.11269934 0.0140932  0.63325926]
  Count:  3470 , QoI:  [-0.03495526]
Acceptance ratio:  2.2183808700662633 %
Solve with parameters [1.08603883 0.10218292 0.01337623 0.51768397]
  Count:  3480 , QoI:  [0.03670364]
Acceptance ratio:  2.2120080436656133 %
Solve with parameters [1.06634037 0.11932714 0.01450605 0.51447304]
  Count:  3490 , QoI:  [0.01757367]
Acceptance ratio:  2.205671727298768 %
Solve with parameters [0.79779347 0.10841866 0.0138791  0.65433217]
  Count:  3500 , QoI:  [-0.03635634]
Acceptance ratio:  2.199371608111968 %
Solve with parameters [1.04131851 0.10712174 0.01533085 0.5573515 ]
  Count:  3510 , QoI:  [0.01659867]
Acceptance ratio:  2.193107376815722 %
Solve with parameters [0.90550225 0.10836287 0.01087788 0.6613481 ]
  Count:  3520 , QoI:  [-0.00932188]
Acceptance ratio:  2.2152797500710024 %
Solve with parameters [0.85534489 0.10359718 0.01273383 0.54292456]
  Count:  3530 , QoI:  [-0.00689127]
Acceptance ratio:  2.2090059473237043 %
Solve with parameters [1.11608015 0.10822119 0.00928556 0.53345587]
  Count:  3540 , QoI:  [0.04112727]
Acceptance ratio:  2.202767579779723 %
Solve with parameters [0.96066282 0.10294817 0.01170794 0.59312819]
  Count:  3550 , QoI:  [0.00889187]
Acceptance ratio:  2.196564348070966 %
Solve with parameters [0.82627812 0.09461023 0.00986316 0.70206405]
  Count:  3560 , QoI:  [-0.01059471]
Acceptance ratio:  2.1903959561920807 %
Solve with parameters [1.00030291 0.11361385 0.00983339 0.63378725]
  Count:  3570 , QoI:  [0.00758249]
Acceptance ratio:  2.1842621114533745 %
Solve with parameters [0.80150283 0.09700075 0.01033714 0.69039722]
  Count:  3580 , QoI:  [-0.01772243]
Acceptance ratio:  2.1781625244345153 %
Solve with parameters [1.08018935 0.11607939 0.00823021 0.64781291]
  Count:  3590 , QoI:  [0.02225445]
Acceptance ratio:  2.172096908939014 %
Solve with parameters [0.82463996 0.10414504 0.01075078 0.61382547]
  Count:  3600 , QoI:  [-0.01485124]
Acceptance ratio:  2.166064981949458 %
Solve with parameters [0.82464836 0.10203549 0.01153234 0.67351289]
  Count:  3610 , QoI:  [-0.02085857]
Acceptance ratio:  2.1600664635834947 %
Solve with parameters [0.82093992 0.11186605 0.0126805  0.77131883]
  Count:  3620 , QoI:  [-0.04340103]
Acceptance ratio:  2.1541010770505387 %
Solve with parameters [0.92417876 0.09892591 0.00927648 0.73032588]
  Count:  3630 , QoI:  [0.00243342]
Acceptance ratio:  2.1481685486091986 %
Solve with parameters [0.89299163 0.11342186 0.00991067 0.61846948]
  Count:  3640 , QoI:  [-0.00930325]
Acceptance ratio:  2.142268607525405 %
Solve with parameters [0.75957795 0.11990256 0.01075955 0.75205542]
  Count:  3650 , QoI:  [-0.0511668]
Acceptance ratio:  2.1364009860312243 %
Solve with parameters [0.82697937 0.12222564 0.01132412 0.52050485]
  Count:  3660 , QoI:  [-0.02183359]
Acceptance ratio:  2.1305654192843484 %
Solve with parameters [0.85139677 0.11362713 0.01035434 0.5464516 ]
  Count:  3670 , QoI:  [-0.01119341]
Acceptance ratio:  2.1247616453282485 %
Solve with parameters [1.04755552 0.13570265 0.01073414 0.64570665]
  Count:  3680 , QoI:  [-0.00671499]
Acceptance ratio:  2.1189894050529747 %
Solve with parameters [1.04356955 0.10529543 0.00869695 0.72823396]
  Count:  3690 , QoI:  [0.01929146]
Acceptance ratio:  2.1403413709021946 %
Solve with parameters [0.82529214 0.10396616 0.00952521 0.79080362]
  Count:  3700 , QoI:  [-0.02362669]
Acceptance ratio:  2.1345582275060795 %
Solve with parameters [0.83240036 0.11869917 0.0137424  0.62707018]
  Count:  3710 , QoI:  [-0.0354325]
Acceptance ratio:  2.155753166262463 %
Solve with parameters [0.98830252 0.12124576 0.01047825 0.74638676]
  Count:  3720 , QoI:  [-0.01203676]
Acceptance ratio:  2.1768341843590435 %
Solve with parameters [1.21087482 0.1031045  0.01130461 0.8864214 ]
  Count:  3730 , QoI:  [0.03041543]
Acceptance ratio:  2.170999731975342 %
Solve with parameters [0.89752481 0.10449882 0.01153307 0.72571888]
  Count:  3740 , QoI:  [-0.01512622]
Acceptance ratio:  2.1919272921678696 %
Solve with parameters [1.20291075 0.09701786 0.0102834  0.75433443]
  Count:  3750 , QoI:  [0.0474738]
Acceptance ratio:  2.1860837110103972 %
Solve with parameters [0.82379923 0.09740777 0.01165012 0.76130829]
  Count:  3760 , QoI:  [-0.02515438]
Acceptance ratio:  2.206859877692103 %
Solve with parameters [0.88879498 0.11752758 0.01196312 0.95940124]
  Count:  3770 , QoI:  [-0.0492403]
Acceptance ratio:  2.2540440201538052 %
Solve with parameters [1.11363171 0.10346572 0.01185147 0.76108399]
  Count:  3780 , QoI:  [0.01974191]
Acceptance ratio:  2.2480825178524197 %
Solve with parameters [0.87158343 0.11631569 0.00929926 0.82811349]
  Count:  3790 , QoI:  [-0.02808979]
Acceptance ratio:  2.242152466367713 %
Solve with parameters [1.18952949 0.12511865 0.01087247 0.70441297]
  Count:  3800 , QoI:  [0.02167743]
Acceptance ratio:  2.236253617469087 %
Solve with parameters [1.0011758  0.10562176 0.01002203 0.9953617 ]
  Count:  3810 , QoI:  [-0.00882434]
Acceptance ratio:  2.2303857255313564 %
Solve with parameters [0.95872052 0.12403002 0.01727474 0.70651706]
  Count:  3820 , QoI:  [-0.03728001]
Acceptance ratio:  2.224548547500654 %
Solve with parameters [1.09680594 0.12455364 0.00857972 0.74160198]
  Count:  3830 , QoI:  [0.01073295]
Acceptance ratio:  2.244844688071 %
Solve with parameters [1.00216317 0.11649164 0.01238999 0.73798636]
  Count:  3840 , QoI:  [-0.0114732]
Acceptance ratio:  2.2390002603488677 %
Solve with parameters [0.91532341 0.12002107 0.01180055 0.9644486 ]
  Count:  3850 , QoI:  [-0.04629432]
Acceptance ratio:  2.233186185406388 %
Solve with parameters [1.21687206 0.15524603 0.0069421  0.80979523]
  Count:  3860 , QoI:  [0.00617103]
Acceptance ratio:  2.253302253302253 %
Solve with parameters [1.06412503 0.13352244 0.00727931 0.88634138]
  Count:  3870 , QoI:  [-0.0039025]
Acceptance ratio:  2.2474812709894083 %
Solve with parameters [0.9298796  0.16873062 0.00838765 0.84243158]
  Count:  3880 , QoI:  [-0.06111332]
Acceptance ratio:  2.241690286008761 %
Solve with parameters [1.16157098 0.14908533 0.0068815  0.86541183]
  Count:  3890 , QoI:  [0.0007617]
Acceptance ratio:  2.261629401182215 %
Solve with parameters [0.9822768  0.14769164 0.00764922 0.87582277]
  Count:  3900 , QoI:  [-0.03194415]
Acceptance ratio:  2.255831837990259 %
Solve with parameters [1.40196028 0.12142508 0.00584689 0.81563035]
  Count:  3910 , QoI:  [0.07290607]
Acceptance ratio:  2.250063922270519 %
Solve with parameters [1.22616053 0.12387302 0.00530766 0.71362348]
  Count:  3920 , QoI:  [0.04532104]
Acceptance ratio:  2.244325427186942 %
Solve with parameters [1.10845439 0.14239813 0.00732245 0.80343181]
  Count:  3930 , QoI:  [-0.00159004]
Acceptance ratio:  2.238616128211651 %
Solve with parameters [1.13519079 0.15721005 0.00640555 1.0750068 ]
  Count:  3940 , QoI:  [-0.01256479]
Acceptance ratio:  2.232935803095661 %
Solve with parameters [1.32563834 0.1351596  0.00706749 0.79899606]
  Count:  3950 , QoI:  [0.0427822]
Acceptance ratio:  2.2272842318400405 %
Solve with parameters [1.15291537 0.1674703  0.00689827 0.88272841]
  Count:  3960 , QoI:  [-0.0181133]
Acceptance ratio:  2.221661196667508 %
Solve with parameters [1.5884697  0.14724521 0.00909675 0.8243584 ]
  Count:  3970 , QoI:  [0.06978371]
Acceptance ratio:  2.21606648199446 %
Solve with parameters [0.90881385 0.1581766  0.00655958 0.71216095]
  Count:  3980 , QoI:  [-0.04018117]
Acceptance ratio:  2.2104998744034163 %
Solve with parameters [1.13084391 0.13228888 0.00803346 1.06070441]
  Count:  3990 , QoI:  [-0.00075528]
Acceptance ratio:  2.2300175394637933 %
Solve with parameters [1.31148702 0.14335589 0.00868555 1.07162195]
  Count:  4000 , QoI:  [0.01550793]
Acceptance ratio:  2.224443889027743 %
Solve with parameters [0.94841492 0.16025006 0.00952269 0.88378393]
  Count:  4010 , QoI:  [-0.05885306]
Acceptance ratio:  2.218898030416355 %
Solve with parameters [1.21555714 0.14642619 0.00770895 0.98248465]
  Count:  4020 , QoI:  [0.0043017]
Acceptance ratio:  2.2133797562795325 %
Solve with parameters [1.04968243 0.15874591 0.0082774  0.8571331 ]
  Count:  4030 , QoI:  [-0.03292633]
Acceptance ratio:  2.2078888613247334 %
Solve with parameters [0.96496096 0.14849255 0.00778057 0.81347222]
  Count:  4040 , QoI:  [-0.03317866]
Acceptance ratio:  2.202425142291512 %
Solve with parameters [1.13252072 0.1652215  0.00837789 1.11795363]
  Count:  4050 , QoI:  [-0.036208]
Acceptance ratio:  2.196988397926438 %
Solve with parameters [1.32033773 0.14142529 0.00714183 0.87807311]
  Count:  4060 , QoI:  [0.03306797]
Acceptance ratio:  2.216202905688254 %
Solve with parameters [0.98004284 0.12925977 0.00949517 0.81308023]
  Count:  4070 , QoI:  [-0.02132446]
Acceptance ratio:  2.2353230164578726 %
Solve with parameters [1.05277927 0.12272025 0.00908478 0.71845925]
  Count:  4080 , QoI:  [0.00460027]
Acceptance ratio:  2.2298456260720414 %
Solve with parameters [1.08325021 0.10837728 0.00909448 0.71959649]
  Count:  4090 , QoI:  [0.02244497]
Acceptance ratio:  2.2243950134441457 %
Solve with parameters [1.14353956 0.18014957 0.00971172 0.7669877 ]
  Count:  4100 , QoI:  [-0.03576063]
Acceptance ratio:  2.2189709826871495 %
Solve with parameters [1.18578712 0.13236069 0.0085479  0.67997304]
  Count:  4110 , QoI:  [0.0228475]
Acceptance ratio:  2.213573339819995 %
Solve with parameters [1.02775363 0.14001263 0.00692055 0.61254225]
  Count:  4120 , QoI:  [-0.00139236]
Acceptance ratio:  2.2082018927444795 %
Solve with parameters [1.34684856 0.13580526 0.00883229 0.97030147]
  Count:  4130 , QoI:  [0.03155411]
Acceptance ratio:  2.202856451222464 %
Solve with parameters [1.36033055 0.14267558 0.00972807 0.93448588]
  Count:  4140 , QoI:  [0.02452833]
Acceptance ratio:  2.197536826853417 %
Solve with parameters [1.25257485 0.14225777 0.01025362 1.08596015]
  Count:  4150 , QoI:  [-0.00479984]
Acceptance ratio:  2.1922428330522767 %
Solve with parameters [1.11448908 0.15533049 0.00869801 0.96559451]
  Count:  4160 , QoI:  [-0.02649727]
Acceptance ratio:  2.1869742850276372 %
Solve with parameters [1.20021178 0.13933459 0.00834378 0.84092055]
  Count:  4170 , QoI:  [0.01054433]
Acceptance ratio:  2.181730999760249 %
Solve with parameters [1.39295647 0.12061513 0.01066711 0.80723675]
  Count:  4180 , QoI:  [0.05512508]
Acceptance ratio:  2.20043051901459 %
Solve with parameters [1.21676038 0.14597537 0.00955371 0.85013007]
  Count:  4190 , QoI:  [0.0016901]
Acceptance ratio:  2.1951801479360533 %
Solve with parameters [1.28209931 0.13191732 0.01075497 0.88400057]
  Count:  4200 , QoI:  [0.01892824]
Acceptance ratio:  2.189954772673173 %
Solve with parameters [0.95090383 0.13023219 0.00865733 0.81350957]
  Count:  4210 , QoI:  [-0.02334489]
Acceptance ratio:  2.1847542151507957 %
Solve with parameters [1.222943   0.13588155 0.01067266 0.81261293]
  Count:  4220 , QoI:  [0.01007191]
Acceptance ratio:  2.179578298981284 %
Solve with parameters [1.0384706  0.1435192  0.01040673 0.77718858]
  Count:  4230 , QoI:  [-0.0251326]
Acceptance ratio:  2.1744268494445755 %
Solve with parameters [1.07113164 0.13519194 0.00981863 0.76320521]
  Count:  4240 , QoI:  [-0.00897865]
Acceptance ratio:  2.169299693468522 %
Solve with parameters [0.90757267 0.11329073 0.00894507 0.76438624]
  Count:  4250 , QoI:  [-0.01390901]
Acceptance ratio:  2.1641966596095035 %
Solve with parameters [1.0414283  0.14270414 0.01037608 0.94262531]
  Count:  4260 , QoI:  [-0.03556012]
Acceptance ratio:  2.1591175780333254 %
Solve with parameters [1.1077644  0.14525859 0.00981958 0.81781391]
  Count:  4270 , QoI:  [-0.01549098]
Acceptance ratio:  2.1540622804963707 %
Solve with parameters [1.10244328 0.12853784 0.0085761  0.69200706]
  Count:  4280 , QoI:  [0.01124424]
Acceptance ratio:  2.1490306003270265 %
Solve with parameters [1.2259015  0.12880963 0.00932043 0.85954874]
  Count:  4290 , QoI:  [0.01949549]
Acceptance ratio:  2.144022372407364 %
Solve with parameters [0.7716542  0.15687387 0.01012605 0.71107815]
  Count:  4300 , QoI:  [-0.07439544]
Acceptance ratio:  2.13903743315508 %
Solve with parameters [1.03225777 0.12679963 0.0094411  0.80705806]
  Count:  4310 , QoI:  [-0.00962632]
Acceptance ratio:  2.134075620505683 %
Solve with parameters [1.12899769 0.11784326 0.01173997 0.72926181]
  Count:  4320 , QoI:  [0.01271887]
Acceptance ratio:  2.1291367738949316 %
Solve with parameters [1.29620891 0.1069777  0.01013993 0.87230244]
  Count:  4330 , QoI:  [0.04829077]
Acceptance ratio:  2.124220734241515 %
Solve with parameters [1.32499297 0.14247787 0.00876645 0.98797445]
  Count:  4340 , QoI:  [0.02094732]
Acceptance ratio:  2.11932734392997 %
Solve with parameters [1.00456767 0.12119666 0.00894871 0.78238346]
  Count:  4350 , QoI:  [-0.00572981]
Acceptance ratio:  2.1144564467938403 %
Solve with parameters [1.19816866 0.11414712 0.00980367 0.91032779]
  Count:  4360 , QoI:  [0.02337928]
Acceptance ratio:  2.1096078880990596 %
Solve with parameters [1.00536764 0.12713857 0.00958632 0.65950509]
  Count:  4370 , QoI:  [-0.00456879]
Acceptance ratio:  2.104781514527568 %
Solve with parameters [1.19013618 0.13393413 0.01117764 0.79662513]
  Count:  4380 , QoI:  [0.00540034]
Acceptance ratio:  2.0999771741611504 %
Solve with parameters [1.33242986 0.11578988 0.01052982 0.84987631]
  Count:  4390 , QoI:  [0.04627655]
Acceptance ratio:  2.0951947164654974 %
Solve with parameters [1.25139057 0.12695482 0.01118053 0.73899172]
  Count:  4400 , QoI:  [0.02728105]
Acceptance ratio:  2.090433992274483 %
Solve with parameters [0.85802599 0.15234525 0.0097418  0.67497589]
  Count:  4410 , QoI:  [-0.05210484]
Acceptance ratio:  2.0856948537746542 %
Solve with parameters [1.1397283  0.16516997 0.00770963 0.66625251]
  Count:  4420 , QoI:  [-0.01010256]
Acceptance ratio:  2.0809771544899345 %
Solve with parameters [1.19074001 0.16917878 0.00964502 0.77578453]
  Count:  4430 , QoI:  [-0.01871418]
Acceptance ratio:  2.076280749266531 %
Solve with parameters [1.12661009 0.12292555 0.01071435 0.78331344]
  Count:  4440 , QoI:  [0.006793]
Acceptance ratio:  2.07160549425805 %
Solve with parameters [1.13772619 0.15757943 0.01075766 0.72850497]
  Count:  4450 , QoI:  [-0.01747399]
Acceptance ratio:  2.0669512469108065 %
Solve with parameters [1.04372014 0.15271527 0.01190202 0.78078095]
  Count:  4460 , QoI:  [-0.03808577]
Acceptance ratio:  2.0623178659493386 %
Solve with parameters [0.99725162 0.12752989 0.00919189 0.78217957]
  Count:  4470 , QoI:  [-0.01360182]
Acceptance ratio:  2.0577052113621113 %
Solve with parameters [0.97455117 0.11591783 0.00855124 0.87094121]
  Count:  4480 , QoI:  [-0.00885126]
Acceptance ratio:  2.0531131443874138 %
Solve with parameters [0.88598776 0.15193829 0.0108948  0.68171301]
  Count:  4490 , QoI:  [-0.05147474]
Acceptance ratio:  2.0485415274994434 %
Solve with parameters [1.39866225 0.12260474 0.01011805 0.80397305]
  Count:  4500 , QoI:  [0.05634296]
Acceptance ratio:  2.043990224394579 %
Solve with parameters [1.09017572 0.1502014  0.01105123 0.90831313]
  Count:  4510 , QoI:  [-0.03496431]
Acceptance ratio:  2.039459099977832 %
Solve with parameters [1.38222143 0.15400313 0.00943441 0.8456535 ]
  Count:  4520 , QoI:  [0.0241398]
Acceptance ratio:  2.03494802034948 %
Solve with parameters [0.9657779  0.1526086  0.01007564 0.75041533]
  Count:  4530 , QoI:  [-0.04192923]
Acceptance ratio:  2.030456852791878 %
Solve with parameters [1.27750499 0.14809168 0.00990045 0.77060521]
  Count:  4540 , QoI:  [0.01444397]
Acceptance ratio:  2.0259854657564413 %
Solve with parameters [1.20985404 0.12697751 0.0079031  0.8177795 ]
  Count:  4550 , QoI:  [0.02647729]
Acceptance ratio:  2.0215337288508017 %
Solve with parameters [1.20969794 0.12747114 0.00925582 0.8993235 ]
  Count:  4560 , QoI:  [0.01611981]
Acceptance ratio:  2.0171015128261347 %
Solve with parameters [1.14762948 0.13242431 0.0080678  0.87247788]
  Count:  4570 , QoI:  [0.00773393]
Acceptance ratio:  2.0126886895646465 %
Solve with parameters [0.97391046 0.15433951 0.01043597 0.70285542]
  Count:  4580 , QoI:  [-0.03926864]
Acceptance ratio:  2.008295132067234 %
Solve with parameters [1.00306354 0.10869144 0.01183677 0.66454515]
  Count:  4590 , QoI:  [0.00415244]
Acceptance ratio:  2.003920714441298 %
Solve with parameters [1.09057556 0.13099578 0.00946819 0.62550971]
  Count:  4600 , QoI:  [0.00948869]
Acceptance ratio:  1.9995653118887198 %
Solve with parameters [0.8549367  0.13495341 0.00803879 1.07952971]
  Count:  4610 , QoI:  [-0.05083493]
Acceptance ratio:  1.9952288006939927 %
Solve with parameters [1.16766117 0.13954504 0.00970572 0.72515897]
  Count:  4620 , QoI:  [0.0069065]
Acceptance ratio:  1.9909110582125082 %
Solve with parameters [0.97106028 0.12020718 0.00977443 0.74118533]
  Count:  4630 , QoI:  [-0.01107259]
Acceptance ratio:  1.9866119628589938 %
Solve with parameters [1.31521695 0.12906022 0.00891229 0.75950704]
  Count:  4640 , QoI:  [0.04213118]
Acceptance ratio:  1.9823313940960998 %
Solve with parameters [1.22239284 0.15050617 0.01229613 0.66833966]
  Count:  4650 , QoI:  [0.00511824]
Acceptance ratio:  1.9780692324231348 %
Solve with parameters [1.22745514 0.1464251  0.00655357 0.87077151]
  Count:  4660 , QoI:  [0.01563167]
Acceptance ratio:  1.9738253593649433 %
Solve with parameters [0.84948754 0.11693912 0.00888413 0.79548893]
  Count:  4670 , QoI:  [-0.02842152]
Acceptance ratio:  1.9695996574609291 %
Solve with parameters [1.2031395  0.11643031 0.01100734 0.92285923]
  Count:  4680 , QoI:  [0.01547842]
Acceptance ratio:  1.9653920102542193 %
Solve with parameters [1.10662966 0.11435284 0.01091741 0.73227304]
  Count:  4690 , QoI:  [0.01422459]
Acceptance ratio:  1.9612023022809635 %
Solve with parameters [1.18043344 0.1579207  0.00999127 0.71484967]
  Count:  4700 , QoI:  [-0.00700777]
Acceptance ratio:  1.9783024888321634 %
Solve with parameters [1.09763206 0.17111146 0.01055488 0.6502446 ]
  Count:  4710 , QoI:  [-0.02809596]
Acceptance ratio:  1.9741031628104435 %
Solve with parameters [1.11300912 0.17320574 0.01210091 0.68775962]
  Count:  4720 , QoI:  [-0.03488803]
Acceptance ratio:  1.9699216267739885 %
Solve with parameters [1.303123   0.12697391 0.00963401 0.80507689]
  Count:  4730 , QoI:  [0.03673675]
Acceptance ratio:  1.9657577679137603 %
Solve with parameters [1.16346481 0.13181001 0.01079538 0.77665788]
  Count:  4740 , QoI:  [0.00553017]
Acceptance ratio:  1.9616114743724953 %
Solve with parameters [0.98350992 0.12007425 0.01198163 0.7349065 ]
  Count:  4750 , QoI:  [-0.01619874]
Acceptance ratio:  1.9574826352346875 %
Solve with parameters [1.26932304 0.12316728 0.01076391 0.79463888]
  Count:  4760 , QoI:  [0.03091623]
Acceptance ratio:  1.9533711405166982 %
Solve with parameters [1.07736287 0.08680563 0.00992684 0.62350467]
  Count:  4770 , QoI:  [0.0448725]
Acceptance ratio:  1.9911968140850975 %
Solve with parameters [0.84904611 0.09899481 0.00967514 0.88628231]
  Count:  4780 , QoI:  [-0.02148487]
Acceptance ratio:  2.007948128006693 %
Solve with parameters [0.908642   0.0996731  0.01206475 0.74288361]
  Count:  4790 , QoI:  [-0.01241645]
Acceptance ratio:  2.024629513671467 %
Solve with parameters [1.03834168 0.11030817 0.0124612  0.79149181]
  Count:  4800 , QoI:  [-0.00476601]
Acceptance ratio:  2.0204124140804 %
Solve with parameters [0.82966983 0.11358935 0.0117054  0.79152489]
  Count:  4810 , QoI:  [-0.04116461]
Acceptance ratio:  2.0369985450010395 %
Solve with parameters [0.92070098 0.08926759 0.01268621 0.71054053]
  Count:  4820 , QoI:  [-0.0003348]
Acceptance ratio:  2.0535158680771626 %
Solve with parameters [0.9669463  0.09032657 0.01103922 0.77806291]
  Count:  4830 , QoI:  [0.00726558]
Acceptance ratio:  2.0492651624922376 %
Solve with parameters [0.76445739 0.07783354 0.01267917 0.58392699]
  Count:  4840 , QoI:  [-0.00517056]
Acceptance ratio:  2.045032018178062 %
Solve with parameters [1.06967169 0.09533812 0.01641807 0.98869084]
  Count:  4850 , QoI:  [-0.02245718]
Acceptance ratio:  2.0408163265306123 %
Solve with parameters [0.81570664 0.08186085 0.01331731 0.75574583]
  Count:  4860 , QoI:  [-0.01907224]
Acceptance ratio:  2.0366179798395394 %
Solve with parameters [0.98054421 0.08533301 0.012289   0.77193791]
  Count:  4870 , QoI:  [0.00974058]
Acceptance ratio:  2.0324368712789984 %
Solve with parameters [0.87825436 0.07799138 0.01237967 0.93754908]
  Count:  4880 , QoI:  [-0.01531533]
Acceptance ratio:  2.028272894898586 %
Solve with parameters [0.80809188 0.10967105 0.0110774  0.6000867 ]
  Count:  4890 , QoI:  [-0.02194272]
Acceptance ratio:  2.0241259456143936 %
Solve with parameters [0.9387899  0.08430675 0.01253873 0.63767424]
  Count:  4900 , QoI:  [0.01471984]
Acceptance ratio:  2.0199959192001633 %
Solve with parameters [0.72294788 0.08078064 0.01486525 0.55457287]
  Count:  4910 , QoI:  [-0.01701298]
Acceptance ratio:  2.0158827122785583 %
Solve with parameters [1.06691786 0.06196824 0.01654857 0.67173133]
  Count:  4920 , QoI:  [0.04381464]
Acceptance ratio:  2.03210729526519 %
Solve with parameters [0.90388643 0.08474847 0.0118812  0.61872757]
  Count:  4930 , QoI:  [0.01180085]
Acceptance ratio:  2.027986209693774 %
Solve with parameters [0.86830915 0.0702122  0.01297493 0.762175  ]
  Count:  4940 , QoI:  [0.00144729]
Acceptance ratio:  2.0238818053025702 %
Solve with parameters [0.73379852 0.08331162 0.01095985 0.8256809 ]
  Count:  4950 , QoI:  [-0.02995843]
Acceptance ratio:  2.0197939810139367 %
Solve with parameters [0.77713602 0.07915197 0.01050888 0.53786795]
  Count:  4960 , QoI:  [0.00575624]
Acceptance ratio:  2.0157226365652083 %
Solve with parameters [0.9467595  0.08529844 0.01371331 0.73762507]
  Count:  4970 , QoI:  [0.00166554]
Acceptance ratio:  2.011667672500503 %
Solve with parameters [0.69009071 0.09504025 0.01056279 0.59532742]
  Count:  4980 , QoI:  [-0.02742204]
Acceptance ratio:  2.007628990162618 %
Solve with parameters [0.65118975 0.09094813 0.01031761 0.64825817]
  Count:  4990 , QoI:  [-0.0341294]
Acceptance ratio:  2.003606491685033 %
Solve with parameters [0.87704365 0.08928931 0.01352285 0.6275411 ]
  Count:  5000 , QoI:  [-0.00215017]
Number accepted = 100
