pwd: /Backup_Linux/Dropbox/Work/Simulations/TumorModeling/PosteriorAnalysis/TumModel_AllenCahn
py file: run_4
 
Running chain 2
 
Arguments passed: 
Namespace(chain_id=2)
WARNING: user expression has not supplied value_shape method or an element. Assuming scalar element.
WARNING: user expression has not supplied value_shape method or an element. Assuming scalar element.
WARNING: user expression has not supplied value_shape method or an element. Assuming scalar element.
WARNING: user expression has not supplied value_shape method or an element. Assuming scalar element.
WARNING: user expression has not supplied value_shape method or an element. Assuming scalar element.
WARNING: user expression has not supplied value_shape method or an element. Assuming scalar element.


Getting low-fidelity solution

Solve LF with parameters [0.2, 0.1, 0.05]


Compute error at one parameter sample

test parameter: <dolfin.cpp.la.Vector object at 0x7f3432ffae50>


Solve original forward and dual problem

Solve with parameters [0.67320276 0.09195924 0.01181696 1.12219656]


Solve for approximate errors

Solve with parameters [0.67320276 0.09195924 0.01181696 1.12219656]

 *** comparing various estimates ***


Q(u0) =  1.1923454107206624


QoI using exact

Q(u) =  1.1262698820178845

Error Q(u) - Q(u0) =  -0.06607552870277789

Estimate 1 Q(u) - Q(u0) =  0.45402571000577485

Estimate 2 Q(u) - Q(u0) =  0.6389335261205927

Estimate 3 Q(u) - Q(u0) =  -0.04071622987536338


QoI using approximate


Q(u) =  1.1260816662428974

Error Q(u) - Q(u0) =  -0.06626374447776495

Estimate 1 Q(u) - Q(u0) =  0.46165309798842025

Estimate 2 Q(u) - Q(u0) =  1.291471554011834

Estimate 3 Q(u) - Q(u0) =  -0.03833255696526246


 *** Running MCMC simulation ***


Solve with parameters [0.67320276 0.09195924 0.01181696 1.12219656]
  Count:  0 , QoI:  [-0.06626374]
Acceptance ratio:  0.0 %
Solve with parameters [0.75984956 0.05968565 0.00924253 1.0708686 ]
  Count:  10 , QoI:  [-0.00346289]
Acceptance ratio:  54.54545454545454 %
Solve with parameters [0.78165395 0.06270441 0.00810101 1.09153641]
  Count:  20 , QoI:  [0.00664475]
Acceptance ratio:  28.57142857142857 %
Solve with parameters [0.70993608 0.0601507  0.00830943 1.16392732]
  Count:  30 , QoI:  [-0.00522608]
Acceptance ratio:  19.35483870967742 %
Solve with parameters [0.79516837 0.06458319 0.0085223  1.149385  ]
  Count:  40 , QoI:  [0.00312593]
Acceptance ratio:  14.634146341463413 %
Solve with parameters [0.74717602 0.06618889 0.00849922 1.06284409]
  Count:  50 , QoI:  [-0.00587678]
Acceptance ratio:  11.76470588235294 %
Solve with parameters [0.70207301 0.05294175 0.00952616 1.03093296]
  Count:  60 , QoI:  [-0.00818464]
Acceptance ratio:  9.836065573770492 %
Solve with parameters [0.77497106 0.06349065 0.00810046 0.98552068]
  Count:  70 , QoI:  [0.00589121]
Acceptance ratio:  8.450704225352112 %
Solve with parameters [0.78230596 0.06928481 0.00879336 1.12868096]
  Count:  80 , QoI:  [-0.00621219]
Acceptance ratio:  7.4074074074074066 %
Solve with parameters [0.67582977 0.06069238 0.00936939 1.06152156]
  Count:  90 , QoI:  [-0.01989692]
Acceptance ratio:  6.593406593406594 %
Solve with parameters [0.80981065 0.06092693 0.00778234 1.12724369]
  Count:  100 , QoI:  [0.01620661]
Acceptance ratio:  5.9405940594059405 %
Solve with parameters [0.68323596 0.06109269 0.00985909 1.09286498]
  Count:  110 , QoI:  [-0.02388796]
Acceptance ratio:  5.405405405405405 %
Solve with parameters [0.62771082 0.0591371  0.0090523  0.86917724]
  Count:  120 , QoI:  [-0.01776124]
Acceptance ratio:  4.958677685950414 %
Solve with parameters [0.7532776  0.06953895 0.00724281 1.17735245]
  Count:  130 , QoI:  [0.00331597]
Acceptance ratio:  4.580152671755725 %
Solve with parameters [0.69976395 0.06690848 0.00846167 0.99537418]
  Count:  140 , QoI:  [-0.01311544]
Acceptance ratio:  4.25531914893617 %
Solve with parameters [0.78317422 0.06157934 0.00834663 0.9931065 ]
  Count:  150 , QoI:  [0.00721323]
Acceptance ratio:  3.9735099337748347 %
Solve with parameters [0.78270557 0.05381441 0.0082447  0.98147215]
  Count:  160 , QoI:  [0.01568524]
Acceptance ratio:  3.7267080745341614 %
Solve with parameters [0.87628757 0.06514984 0.00981051 0.94253455]
  Count:  170 , QoI:  [0.01153604]
Acceptance ratio:  3.508771929824561 %
Solve with parameters [0.72106054 0.06541377 0.00766112 1.06259446]
  Count:  180 , QoI:  [-0.00256335]
Acceptance ratio:  3.314917127071823 %
Solve with parameters [0.68992785 0.05916772 0.00787667 1.0120343 ]
  Count:  190 , QoI:  [-0.00305105]
Acceptance ratio:  3.1413612565445024 %
Solve with parameters [0.74268895 0.0694765  0.00812577 1.04442576]
  Count:  200 , QoI:  [-0.0065837]
Acceptance ratio:  2.9850746268656714 %
Solve with parameters [0.68712353 0.05878377 0.00867335 0.88584674]
  Count:  210 , QoI:  [-0.0057357]
Acceptance ratio:  2.843601895734597 %
Solve with parameters [0.78944381 0.05637792 0.00947138 1.01487423]
  Count:  220 , QoI:  [0.00458599]
Acceptance ratio:  2.7149321266968327 %
Solve with parameters [0.67432301 0.05873401 0.00712238 1.25856448]
  Count:  230 , QoI:  [0.0042271]
Acceptance ratio:  2.5974025974025974 %
Solve with parameters [0.76185561 0.0557675  0.00802062 1.24876586]
  Count:  240 , QoI:  [0.01232084]
Acceptance ratio:  2.904564315352697 %
Solve with parameters [0.75895416 0.06863497 0.00896522 1.07381888]
  Count:  250 , QoI:  [-0.0102708]
Acceptance ratio:  2.788844621513944 %
Solve with parameters [0.64990921 0.06919082 0.00846818 1.26547953]
  Count:  260 , QoI:  [-0.02613378]
Acceptance ratio:  2.681992337164751 %
Solve with parameters [0.70494548 0.05874831 0.00860541 1.33770555]
  Count:  270 , QoI:  [-0.0058769]
Acceptance ratio:  2.952029520295203 %
Solve with parameters [0.74402058 0.0554872  0.00911465 1.33216922]
  Count:  280 , QoI:  [-0.00150815]
Acceptance ratio:  2.8469750889679712 %
Solve with parameters [0.76373666 0.05523463 0.0090974  1.23372027]
  Count:  290 , QoI:  [0.00160376]
Acceptance ratio:  2.7491408934707904 %
Solve with parameters [0.75643438 0.05904303 0.00881362 1.36792075]
  Count:  300 , QoI:  [0.00120512]
Acceptance ratio:  2.6578073089700998 %
Solve with parameters [0.71321348 0.0583059  0.0098781  1.17621088]
  Count:  310 , QoI:  [-0.01784589]
Acceptance ratio:  2.572347266881029 %
Solve with parameters [0.70611074 0.05150535 0.00939584 1.16477774]
  Count:  320 , QoI:  [-0.00748342]
Acceptance ratio:  2.4922118380062304 %
Solve with parameters [0.74254796 0.05698594 0.00844968 1.18294519]
  Count:  330 , QoI:  [0.00240282]
Acceptance ratio:  2.416918429003021 %
Solve with parameters [0.85763602 0.05523977 0.00847528 1.07304007]
  Count:  340 , QoI:  [0.02440425]
Acceptance ratio:  2.346041055718475 %
Solve with parameters [0.64355847 0.05879295 0.00964672 1.1610078 ]
  Count:  350 , QoI:  [-0.02818578]
Acceptance ratio:  2.2792022792022792 %
Solve with parameters [0.66226496 0.05057274 0.00741289 1.26774813]
  Count:  360 , QoI:  [0.00772639]
Acceptance ratio:  2.21606648199446 %
Solve with parameters [0.74350323 0.05277167 0.00877679 1.44186256]
  Count:  370 , QoI:  [0.00854432]
Acceptance ratio:  2.4258760107816713 %
Solve with parameters [0.84338275 0.05158126 0.01082211 1.30764693]
  Count:  380 , QoI:  [0.00175922]
Acceptance ratio:  2.3622047244094486 %
Solve with parameters [0.86757402 0.05132611 0.0119103  1.15680448]
  Count:  390 , QoI:  [-0.00020304]
Acceptance ratio:  2.3017902813299234 %
Solve with parameters [0.65850225 0.05365623 0.00787821 1.32294893]
  Count:  400 , QoI:  [-0.00013644]
Acceptance ratio:  2.2443890274314215 %
Solve with parameters [0.73267872 0.05259544 0.00914526 1.47358935]
  Count:  410 , QoI:  [0.00285639]
Acceptance ratio:  2.18978102189781 %
Solve with parameters [0.67368408 0.05069082 0.01059194 1.22143168]
  Count:  420 , QoI:  [-0.02482175]
Acceptance ratio:  2.137767220902613 %
Solve with parameters [0.78256562 0.05428188 0.0110312  1.33316926]
  Count:  430 , QoI:  [-0.01489934]
Acceptance ratio:  2.088167053364269 %
Solve with parameters [0.72661896 0.05874686 0.01070329 1.29248054]
  Count:  440 , QoI:  [-0.02588005]
Acceptance ratio:  2.0408163265306123 %
Solve with parameters [0.8298012  0.04643803 0.009387   1.3275589 ]
  Count:  450 , QoI:  [0.02072114]
Acceptance ratio:  1.9955654101995564 %
Solve with parameters [0.6718427  0.05150956 0.0090357  1.28913837]
  Count:  460 , QoI:  [-0.00984586]
Acceptance ratio:  1.9522776572668112 %
Solve with parameters [0.72881182 0.05338123 0.00906592 1.28757336]
  Count:  470 , QoI:  [-0.00200379]
Acceptance ratio:  1.910828025477707 %
Solve with parameters [0.952116   0.05649058 0.00948878 1.30092172]
  Count:  480 , QoI:  [0.03090232]
Acceptance ratio:  1.8711018711018712 %
Solve with parameters [0.74507805 0.05017107 0.00972906 1.2575639 ]
  Count:  490 , QoI:  [-0.00299792]
Acceptance ratio:  1.8329938900203666 %
Solve with parameters [0.68611307 0.04626728 0.00950127 1.31192931]
  Count:  500 , QoI:  [-0.00680083]
Acceptance ratio:  1.7964071856287425 %
Solve with parameters [0.76873454 0.05554777 0.00889736 1.29382398]
  Count:  510 , QoI:  [0.00481996]
Acceptance ratio:  1.761252446183953 %
Solve with parameters [0.71837513 0.05451128 0.00988669 1.38830773]
  Count:  520 , QoI:  [-0.01363358]
Acceptance ratio:  1.727447216890595 %
Solve with parameters [0.7570109  0.03993798 0.0089487  1.45296606]
  Count:  530 , QoI:  [0.02365135]
Acceptance ratio:  1.694915254237288 %
Solve with parameters [0.73455207 0.04779967 0.01010403 1.33920779]
  Count:  540 , QoI:  [-0.00639353]
Acceptance ratio:  1.6635859519408502 %
Solve with parameters [0.73391163 0.04935342 0.00969554 1.21991245]
  Count:  550 , QoI:  [-0.00367196]
Acceptance ratio:  1.6333938294010888 %
Solve with parameters [0.81367786 0.05340714 0.0106779  1.24866126]
  Count:  560 , QoI:  [-0.00351783]
Acceptance ratio:  1.6042780748663104 %
Solve with parameters [0.79938667 0.05600815 0.01004828 1.42566875]
  Count:  570 , QoI:  [-0.00181651]
Acceptance ratio:  1.5761821366024518 %
Solve with parameters [0.77658154 0.0468936  0.00929403 1.52397663]
  Count:  580 , QoI:  [0.01748913]
Acceptance ratio:  1.549053356282272 %
Solve with parameters [0.77029907 0.05031302 0.00934836 1.17412137]
  Count:  590 , QoI:  [0.00552035]
Acceptance ratio:  1.5228426395939088 %
Solve with parameters [0.81528018 0.0539213  0.00946064 1.31676257]
  Count:  600 , QoI:  [0.00895396]
Acceptance ratio:  1.497504159733777 %
Solve with parameters [0.84075866 0.04973383 0.01013631 1.29020186]
  Count:  610 , QoI:  [0.01060331]
Acceptance ratio:  1.4729950900163666 %
Solve with parameters [0.75193946 0.0588109  0.01012026 1.21683227]
  Count:  620 , QoI:  [-0.01439398]
Acceptance ratio:  1.4492753623188406 %
Solve with parameters [0.83631807 0.05030593 0.01010973 1.4128185 ]
  Count:  630 , QoI:  [0.01042908]
Acceptance ratio:  1.4263074484944533 %
Solve with parameters [0.73058288 0.05458372 0.01123903 1.25265993]
  Count:  640 , QoI:  [-0.02559827]
Acceptance ratio:  1.40405616224649 %
Solve with parameters [0.74283798 0.05108464 0.00967492 1.26286474]
  Count:  650 , QoI:  [-0.00379793]
Acceptance ratio:  1.3824884792626728 %
Solve with parameters [0.81798353 0.0473253  0.01015426 1.21252941]
  Count:  660 , QoI:  [0.00920154]
Acceptance ratio:  1.361573373676248 %
Solve with parameters [0.82961783 0.04637664 0.00900605 1.20852371]
  Count:  670 , QoI:  [0.02357888]
Acceptance ratio:  1.3412816691505216 %
Solve with parameters [0.84040434 0.05781959 0.00920957 1.22036416]
  Count:  680 , QoI:  [0.01149886]
Acceptance ratio:  1.3215859030837005 %
Solve with parameters [0.88700365 0.05548132 0.00887868 1.09415032]
  Count:  690 , QoI:  [0.02585218]
Acceptance ratio:  1.3024602026049203 %
Solve with parameters [0.72166362 0.05848984 0.01016205 1.28818587]
  Count:  700 , QoI:  [-0.02069283]
Acceptance ratio:  1.2838801711840229 %
Solve with parameters [0.74336274 0.04872195 0.01086387 1.45172716]
  Count:  710 , QoI:  [-0.01425642]
Acceptance ratio:  1.2658227848101267 %
Solve with parameters [0.68480186 0.05014723 0.01140176 1.20440235]
  Count:  720 , QoI:  [-0.0296432]
Acceptance ratio:  1.3869625520110958 %
Solve with parameters [0.81553823 0.05308774 0.01057293 1.33424261]
  Count:  730 , QoI:  [-0.00246113]
Acceptance ratio:  1.3679890560875512 %
Solve with parameters [0.80687141 0.04782585 0.00969639 1.24931439]
  Count:  740 , QoI:  [0.01103235]
Acceptance ratio:  1.349527665317139 %
Solve with parameters [0.84027838 0.05407667 0.00935132 1.09775471]
  Count:  750 , QoI:  [0.01497869]
Acceptance ratio:  1.3315579227696404 %
Solve with parameters [0.78862405 0.05055252 0.00962863 1.33999484]
  Count:  760 , QoI:  [0.00605663]
Acceptance ratio:  1.314060446780552 %
Solve with parameters [0.75170945 0.04791068 0.009357   1.38050875]
  Count:  770 , QoI:  [0.0061103]
Acceptance ratio:  1.297016861219196 %
Solve with parameters [0.87016174 0.05218618 0.01124469 1.35619566]
  Count:  780 , QoI:  [0.00118911]
Acceptance ratio:  1.2804097311139564 %
Solve with parameters [0.86345003 0.05648203 0.00966435 1.37084145]
  Count:  790 , QoI:  [0.01339049]
Acceptance ratio:  1.2642225031605563 %
Solve with parameters [0.87912426 0.04884204 0.01003551 1.18904759]
  Count:  800 , QoI:  [0.02016223]
Acceptance ratio:  1.2484394506866416 %
Solve with parameters [0.75084723 0.04470688 0.00995044 1.2454263 ]
  Count:  810 , QoI:  [0.00152627]
Acceptance ratio:  1.2330456226880395 %
Solve with parameters [0.74586986 0.05310642 0.01065515 1.27619819]
  Count:  820 , QoI:  [-0.01575523]
Acceptance ratio:  1.2180267965895248 %
Solve with parameters [0.81874949 0.05193048 0.00997837 1.21345637]
  Count:  830 , QoI:  [0.00622633]
Acceptance ratio:  1.203369434416366 %
Solve with parameters [0.79813632 0.05144194 0.01142004 1.13634146]
  Count:  840 , QoI:  [-0.00822998]
Acceptance ratio:  1.1890606420927468 %
Solve with parameters [0.86424956 0.04926805 0.01166854 1.28039822]
  Count:  850 , QoI:  [-0.00018348]
Acceptance ratio:  1.1750881316098707 %
Solve with parameters [0.83299426 0.04788834 0.00903034 1.21936067]
  Count:  860 , QoI:  [0.02240793]
Acceptance ratio:  1.1614401858304297 %
Solve with parameters [0.81652775 0.05380143 0.0108216  1.14307533]
  Count:  870 , QoI:  [-0.0024275]
Acceptance ratio:  1.1481056257175661 %
Solve with parameters [0.84380147 0.05477989 0.01112996 1.22011683]
  Count:  880 , QoI:  [-0.00321375]
Acceptance ratio:  1.1350737797956867 %
Solve with parameters [0.7966056  0.05555926 0.01124784 1.26700415]
  Count:  890 , QoI:  [-0.01490345]
Acceptance ratio:  1.122334455667789 %
Solve with parameters [0.77241733 0.05469976 0.01051087 1.19384668]
  Count:  900 , QoI:  [-0.00980937]
Acceptance ratio:  1.1098779134295227 %
Solve with parameters [0.80844925 0.05338674 0.01059742 1.17825692]
  Count:  910 , QoI:  [-0.00239618]
Acceptance ratio:  1.0976948408342482 %
Solve with parameters [0.84880135 0.04913354 0.01151181 1.19312652]
  Count:  920 , QoI:  [0.00076619]
Acceptance ratio:  1.0857763300760044 %
Solve with parameters [0.63055829 0.04633448 0.0103207  1.39819335]
  Count:  930 , QoI:  [-0.02609904]
Acceptance ratio:  1.1815252416756177 %
Solve with parameters [0.79609359 0.04333865 0.00869836 1.4574348 ]
  Count:  940 , QoI:  [0.03068429]
Acceptance ratio:  1.1689691817215728 %
Solve with parameters [0.87211562 0.03814634 0.01082291 1.23781127]
  Count:  950 , QoI:  [0.02209805]
Acceptance ratio:  1.1566771819137749 %
Solve with parameters [0.72714702 0.04364359 0.00983338 1.29146958]
  Count:  960 , QoI:  [-0.00042486]
Acceptance ratio:  1.1446409989594173 %
Solve with parameters [0.78501374 0.04122142 0.01184711 1.11459845]
  Count:  970 , QoI:  [-0.00301978]
Acceptance ratio:  1.132852729145211 %
Solve with parameters [0.80925464 0.0465436  0.00975149 1.44249653]
  Count:  980 , QoI:  [0.0147637]
Acceptance ratio:  1.1213047910295617 %
Solve with parameters [0.74783704 0.0414098  0.01025976 1.31133071]
  Count:  990 , QoI:  [0.00107067]
Acceptance ratio:  1.109989909182644 %
Solve with parameters [0.80047624 0.04341575 0.00992528 1.25748434]
  Count:  1000 , QoI:  [0.01217102]
Acceptance ratio:  1.098901098901099 %
Solve with parameters [0.76659219 0.04704942 0.01092665 1.25940505]
  Count:  1010 , QoI:  [-0.00816586]
Acceptance ratio:  1.0880316518298714 %
Solve with parameters [0.71996856 0.04591864 0.00888256 1.23288717]
  Count:  1020 , QoI:  [0.00581582]
Acceptance ratio:  1.0773751224289911 %
Solve with parameters [0.64218491 0.04099084 0.00956014 1.24649261]
  Count:  1030 , QoI:  [-0.01003948]
Acceptance ratio:  1.066925315227934 %
Solve with parameters [0.75587149 0.04648711 0.0096163  1.33193541]
  Count:  1040 , QoI:  [0.00451305]
Acceptance ratio:  1.0566762728146013 %
Solve with parameters [0.81895182 0.03834462 0.00955763 1.28246642]
  Count:  1050 , QoI:  [0.02502359]
Acceptance ratio:  1.0466222645099905 %
Solve with parameters [0.65751322 0.03990289 0.01122325 1.231365  ]
  Count:  1060 , QoI:  [-0.02310907]
Acceptance ratio:  1.0367577756833177 %
Solve with parameters [0.86482273 0.04091522 0.00961593 1.27231398]
  Count:  1070 , QoI:  [0.02998412]
Acceptance ratio:  1.0270774976657329 %
Solve with parameters [0.74718129 0.0410109  0.01075932 1.3162894 ]
  Count:  1080 , QoI:  [-0.0041642]
Acceptance ratio:  1.0175763182238668 %
Solve with parameters [0.70269588 0.04428773 0.00980801 1.3412547 ]
  Count:  1090 , QoI:  [-0.00496488]
Acceptance ratio:  1.008249312557287 %
Solve with parameters [0.7771796  0.04610309 0.00918125 1.21137697]
  Count:  1100 , QoI:  [0.01268021]
Acceptance ratio:  0.9990917347865577 %
Solve with parameters [0.78626559 0.04049152 0.01026201 0.94158937]
  Count:  1110 , QoI:  [0.01659135]
Acceptance ratio:  0.9900990099009901 %
Solve with parameters [0.61997398 0.0457705  0.01000777 1.28011794]
  Count:  1120 , QoI:  [-0.02394236]
Acceptance ratio:  0.9812667261373774 %
Solve with parameters [0.84817592 0.04183731 0.00996707 1.45172011]
  Count:  1130 , QoI:  [0.02485045]
Acceptance ratio:  0.9725906277630416 %
Solve with parameters [0.77500162 0.04140203 0.01065073 1.22348662]
  Count:  1140 , QoI:  [0.00257062]
Acceptance ratio:  0.9640666082383873 %
Solve with parameters [0.71946097 0.0410254  0.01090031 1.22782565]
  Count:  1150 , QoI:  [-0.00971743]
Acceptance ratio:  0.9556907037358819 %
Solve with parameters [0.72012682 0.04568693 0.01184635 1.21476179]
  Count:  1160 , QoI:  [-0.02316095]
Acceptance ratio:  0.9474590869939706 %
Solve with parameters [0.73852963 0.04131146 0.01104716 1.22060654]
  Count:  1170 , QoI:  [-0.00782314]
Acceptance ratio:  0.9393680614859093 %
Solve with parameters [0.6883364  0.0416171  0.0108548  1.32049708]
  Count:  1180 , QoI:  [-0.01674541]
Acceptance ratio:  0.9314140558848433 %
Solve with parameters [0.65253275 0.0373034  0.00998397 1.28928912]
  Count:  1190 , QoI:  [-0.00889092]
Acceptance ratio:  1.0075566750629723 %
Solve with parameters [0.78010027 0.04003405 0.01166073 1.23985543]
  Count:  1200 , QoI:  [-0.00520342]
Acceptance ratio:  0.9991673605328892 %
Solve with parameters [0.74738839 0.04010305 0.00922848 1.47770199]
  Count:  1210 , QoI:  [0.01879469]
Acceptance ratio:  0.990916597853014 %
Solve with parameters [0.81586194 0.03393145 0.01081989 1.51962303]
  Count:  1220 , QoI:  [0.01806251]
Acceptance ratio:  0.9828009828009828 %
Solve with parameters [0.75220434 0.0380299  0.00965708 1.37728478]
  Count:  1230 , QoI:  [0.01332295]
Acceptance ratio:  0.974817221770918 %
Solve with parameters [0.71626803 0.03884773 0.01109728 1.26394998]
  Count:  1240 , QoI:  [-0.0106283]
Acceptance ratio:  0.9669621273166802 %
Solve with parameters [0.74518564 0.04030557 0.01062231 1.26476873]
  Count:  1250 , QoI:  [-0.00195078]
Acceptance ratio:  0.9592326139088728 %
Solve with parameters [0.79394934 0.03852299 0.00964513 1.23410186]
  Count:  1260 , QoI:  [0.01905371]
Acceptance ratio:  0.9516256938937351 %
Solve with parameters [0.71504341 0.03994277 0.01058391 1.30599907]
  Count:  1270 , QoI:  [-0.00696983]
Acceptance ratio:  0.9441384736428009 %
Solve with parameters [0.77653346 0.0366869  0.00979474 1.39008831]
  Count:  1280 , QoI:  [0.01788781]
Acceptance ratio:  0.936768149882904 %
Solve with parameters [0.79205514 0.03535619 0.01050683 1.35004044]
  Count:  1290 , QoI:  [0.01317691]
Acceptance ratio:  0.9295120061967467 %
Solve with parameters [0.73953716 0.04427882 0.01054255 1.2259278 ]
  Count:  1300 , QoI:  [-0.0058774]
Acceptance ratio:  0.9223674096848578 %
Solve with parameters [0.79166097 0.03832123 0.01089874 1.10268109]
  Count:  1310 , QoI:  [0.00927142]
Acceptance ratio:  0.9153318077803204 %
Solve with parameters [0.78396688 0.0373754  0.01079437 1.25391364]
  Count:  1320 , QoI:  [0.00663576]
Acceptance ratio:  0.9084027252081757 %
Solve with parameters [0.79992493 0.03728682 0.01093038 1.2283776 ]
  Count:  1330 , QoI:  [0.00866993]
Acceptance ratio:  0.9015777610818932 %
Solve with parameters [0.82778878 0.03638738 0.0114255  1.23063148]
  Count:  1340 , QoI:  [0.00997395]
Acceptance ratio:  0.8948545861297539 %
Solve with parameters [0.81741353 0.03734295 0.00982872 1.366956  ]
  Count:  1350 , QoI:  [0.02391517]
Acceptance ratio:  0.8882309400444115 %
Solve with parameters [0.7793252  0.0416594  0.00983589 1.48728031]
  Count:  1360 , QoI:  [0.01488212]
Acceptance ratio:  0.881704628949302 %
Solve with parameters [0.75631616 0.0360143  0.01023222 1.3888314 ]
  Count:  1370 , QoI:  [0.00943641]
Acceptance ratio:  0.87527352297593 %
Solve with parameters [0.96048028 0.0388698  0.01085388 1.33152079]
  Count:  1380 , QoI:  [0.03722364]
Acceptance ratio:  0.8689355539464156 %
Solve with parameters [0.67870024 0.03886741 0.01043368 1.23247196]
  Count:  1390 , QoI:  [-0.01028092]
Acceptance ratio:  0.8626887131560028 %
Solve with parameters [0.80767267 0.04198939 0.01174179 1.2888527 ]
  Count:  1400 , QoI:  [-0.00401632]
Acceptance ratio:  0.8565310492505354 %
Solve with parameters [0.71709641 0.04031442 0.00978821 1.25345611]
  Count:  1410 , QoI:  [0.00171631]
Acceptance ratio:  0.8504606661941885 %
Solve with parameters [0.92990284 0.03972418 0.00996187 1.36339923]
  Count:  1420 , QoI:  [0.0407813]
Acceptance ratio:  0.844475721323012 %
Solve with parameters [0.76855833 0.03511336 0.01250621 1.29664794]
  Count:  1430 , QoI:  [-0.01208619]
Acceptance ratio:  0.8385744234800839 %
Solve with parameters [0.71804506 0.04313759 0.01052451 1.431248  ]
  Count:  1440 , QoI:  [-0.00868686]
Acceptance ratio:  0.8327550312283136 %
Solve with parameters [0.73468637 0.03817036 0.01023583 1.26600124]
  Count:  1450 , QoI:  [0.00242846]
Acceptance ratio:  0.8270158511371467 %
Solve with parameters [0.73959819 0.03685439 0.01084158 1.30207729]
  Count:  1460 , QoI:  [-0.0019398]
Acceptance ratio:  0.8213552361396305 %
Solve with parameters [0.64801685 0.0382717  0.01244936 1.30858084]
  Count:  1470 , QoI:  [-0.03772415]
Acceptance ratio:  0.8157715839564922 %
Solve with parameters [0.81036726 0.04334441 0.01200975 1.16091122]
  Count:  1480 , QoI:  [-0.00368386]
Acceptance ratio:  0.8102633355840648 %
Solve with parameters [0.77567127 0.03822792 0.0107523  1.24772387]
  Count:  1490 , QoI:  [0.0046997]
Acceptance ratio:  0.8048289738430584 %
Solve with parameters [0.78668794 0.03846367 0.0108332  1.29794343]
  Count:  1500 , QoI:  [0.00519222]
Acceptance ratio:  0.7994670219853431 %
Solve with parameters [0.75939742 0.0334982  0.01034039 1.51030711]
  Count:  1510 , QoI:  [0.01417073]
Acceptance ratio:  0.7941760423560555 %
Solve with parameters [0.70178381 0.04548942 0.01038068 0.97346229]
  Count:  1520 , QoI:  [-0.00526095]
Acceptance ratio:  0.7889546351084813 %
Solve with parameters [0.77296485 0.03841242 0.01038714 1.35284909]
  Count:  1530 , QoI:  [0.00767815]
Acceptance ratio:  0.7838014369693012 %
Solve with parameters [0.73729421 0.03760042 0.01230906 1.30255541]
  Count:  1540 , QoI:  [-0.01872835]
Acceptance ratio:  0.7787151200519143 %
Solve with parameters [0.8389219  0.03955793 0.01172461 1.23304331]
  Count:  1550 , QoI:  [0.00582723]
Acceptance ratio:  0.7736943907156674 %
Solve with parameters [0.743281   0.04064159 0.0118904  1.35310249]
  Count:  1560 , QoI:  [-0.01738864]
Acceptance ratio:  0.7687379884689303 %
Solve with parameters [0.69213995 0.04229187 0.01229008 1.15644972]
  Count:  1570 , QoI:  [-0.02659452]
Acceptance ratio:  0.7638446849140674 %
Solve with parameters [0.67977728 0.03222915 0.01056356 1.24324421]
  Count:  1580 , QoI:  [-0.00459216]
Acceptance ratio:  0.7590132827324478 %
Solve with parameters [0.85308671 0.04100016 0.01003408 1.38673278]
  Count:  1590 , QoI:  [0.0244143]
Acceptance ratio:  0.754242614707731 %
Solve with parameters [0.76960358 0.04262459 0.01039833 1.31694501]
  Count:  1600 , QoI:  [0.00224118]
Acceptance ratio:  0.749531542785759 %
Solve with parameters [0.72286144 0.03619256 0.01331026 1.11144004]
  Count:  1610 , QoI:  [-0.02098062]
Acceptance ratio:  0.74487895716946 %
Solve with parameters [0.61908029 0.03499619 0.00951297 1.17253548]
  Count:  1620 , QoI:  [-0.00716453]
Acceptance ratio:  0.7402837754472548 %
Solve with parameters [0.82662472 0.04103164 0.01200728 1.30938526]
  Count:  1630 , QoI:  [-0.00257314]
Acceptance ratio:  0.7357449417535254 %
Solve with parameters [0.73472978 0.03894093 0.01182677 1.31846572]
  Count:  1640 , QoI:  [-0.01589734]
Acceptance ratio:  0.7312614259597806 %
Solve with parameters [0.78755083 0.04025078 0.01037281 1.37302763]
  Count:  1650 , QoI:  [0.00871329]
Acceptance ratio:  0.7268322228952151 %
Solve with parameters [0.76337894 0.04048334 0.01042173 1.36710535]
  Count:  1660 , QoI:  [0.00332274]
Acceptance ratio:  0.7224563515954244 %
Solve with parameters [0.7915865  0.03929499 0.01051301 1.40361349]
  Count:  1670 , QoI:  [0.00915537]
Acceptance ratio:  0.718132854578097 %
Solve with parameters [0.77626605 0.04853555 0.01458742 1.22994863]
  Count:  1680 , QoI:  [-0.04106545]
Acceptance ratio:  0.7138607971445567 %
Solve with parameters [0.7472167  0.03665736 0.01357897 1.28201514]
  Count:  1690 , QoI:  [-0.02789795]
Acceptance ratio:  0.7096392667060911 %
Solve with parameters [0.74103299 0.0381685  0.01168272 1.34650441]
  Count:  1700 , QoI:  [-0.01275387]
Acceptance ratio:  0.7054673721340388 %
Solve with parameters [0.68482624 0.03540112 0.01229059 1.29975437]
  Count:  1710 , QoI:  [-0.02595903]
Acceptance ratio:  0.701344243132671 %
Solve with parameters [0.77237297 0.03959704 0.00967343 1.3396115 ]
  Count:  1720 , QoI:  [0.01447396]
Acceptance ratio:  0.6972690296339338 %
Solve with parameters [0.71730059 0.04305534 0.01082067 1.20616347]
