pwd: /Backup_Linux/Dropbox/Work/Simulations/TumorModeling/PosteriorAnalysis/TumModel_AllenCahn
py file: run_4
 
Running chain 1
 
Arguments passed: 
Namespace(chain_id=1)
WARNING: user expression has not supplied value_shape method or an element. Assuming scalar element.
WARNING: user expression has not supplied value_shape method or an element. Assuming scalar element.
WARNING: user expression has not supplied value_shape method or an element. Assuming scalar element.
WARNING: user expression has not supplied value_shape method or an element. Assuming scalar element.
WARNING: user expression has not supplied value_shape method or an element. Assuming scalar element.
WARNING: user expression has not supplied value_shape method or an element. Assuming scalar element.


Getting low-fidelity solution

Solve LF with parameters [0.2, 0.1, 0.05]


Compute error at one parameter sample

test parameter: <dolfin.cpp.la.Vector object at 0x7f367ebd1e50>


Solve original forward and dual problem

Solve with parameters [0.47093008 0.06695502 0.0221024  0.77254986]


Solve for approximate errors

Solve with parameters [0.47093008 0.06695502 0.0221024  0.77254986]

 *** comparing various estimates ***


Q(u0) =  1.1923454107206624


QoI using exact

Q(u) =  1.1030090460940647

Error Q(u) - Q(u0) =  -0.08933636462659766

Estimate 1 Q(u) - Q(u0) =  0.4566910880466464

Estimate 2 Q(u) - Q(u0) =  0.16757042681669349

Estimate 3 Q(u) - Q(u0) =  -0.036148757769978994


QoI using approximate


Q(u) =  1.089960183534164

Error Q(u) - Q(u0) =  -0.10238522718649845

Estimate 1 Q(u) - Q(u0) =  0.4514107491465013

Estimate 2 Q(u) - Q(u0) =  0.21035739160151168

Estimate 3 Q(u) - Q(u0) =  -0.04846335208359252


 *** Running MCMC simulation ***


Solve with parameters [0.47093008 0.06695502 0.0221024  0.77254986]
  Count:  0 , QoI:  [-0.10238523]
Acceptance ratio:  0.0 %
Solve with parameters [0.54571452 0.06338236 0.01783678 0.71068827]
  Count:  10 , QoI:  [-0.06337201]
Acceptance ratio:  36.36363636363637 %
Solve with parameters [0.71423213 0.06004336 0.01368693 0.74887009]
  Count:  20 , QoI:  [-0.01857607]
Acceptance ratio:  38.095238095238095 %
Solve with parameters [0.61289779 0.05713147 0.01197391 0.4946879 ]
  Count:  30 , QoI:  [-0.00269763]
Acceptance ratio:  32.25806451612903 %
Solve with parameters [0.6140793  0.05324312 0.0128633  0.53446011]
  Count:  40 , QoI:  [-0.0055488]
Acceptance ratio:  24.390243902439025 %
Solve with parameters [0.64097824 0.05471025 0.01247552 0.53098554]
  Count:  50 , QoI:  [-0.00081994]
Acceptance ratio:  19.607843137254903 %
Solve with parameters [0.64099825 0.04940103 0.0109328  0.5419335 ]
  Count:  60 , QoI:  [0.00670226]
Acceptance ratio:  16.39344262295082 %
Solve with parameters [0.55348421 0.06161255 0.01271791 0.61628005]
  Count:  70 , QoI:  [-0.03102077]
Acceptance ratio:  14.084507042253522 %
Solve with parameters [0.61471595 0.04638462 0.01333867 0.56324629]
  Count:  80 , QoI:  [-0.00396461]
Acceptance ratio:  12.345679012345679 %
Solve with parameters [0.74415299 0.05554568 0.01241825 0.59155802]
  Count:  90 , QoI:  [0.01037977]
Acceptance ratio:  10.989010989010989 %
Solve with parameters [0.63837898 0.05895179 0.01344327 0.5578697 ]
  Count:  100 , QoI:  [-0.01023702]
Acceptance ratio:  9.900990099009901 %
Solve with parameters [0.57785049 0.0568772  0.01359391 0.49409129]
  Count:  110 , QoI:  [-0.01211788]
Acceptance ratio:  9.00900900900901 %
Solve with parameters [0.65009641 0.0536561  0.01410995 0.52593093]
  Count:  120 , QoI:  [-0.00180207]
Acceptance ratio:  8.264462809917356 %
Solve with parameters [0.69935033 0.06315434 0.01267972 0.54767685]
  Count:  130 , QoI:  [-0.00018005]
Acceptance ratio:  8.396946564885496 %
Solve with parameters [0.76133789 0.06300011 0.01472878 0.49165494]
  Count:  140 , QoI:  [0.01276662]
Acceptance ratio:  7.801418439716312 %
Solve with parameters [0.71620901 0.05632751 0.01167971 0.6890362 ]
  Count:  150 , QoI:  [-0.00154057]
Acceptance ratio:  7.28476821192053 %
Solve with parameters [0.62382158 0.06414415 0.01294254 0.57048969]
  Count:  160 , QoI:  [-0.01710951]
Acceptance ratio:  6.832298136645963 %
Solve with parameters [0.65929182 0.06246067 0.01378422 0.57769198]
  Count:  170 , QoI:  [-0.01270198]
Acceptance ratio:  6.432748538011696 %
Solve with parameters [0.60046024 0.06467282 0.01355191 0.59731072]
  Count:  180 , QoI:  [-0.02625737]
Acceptance ratio:  6.077348066298343 %
Solve with parameters [0.75924144 0.0640729  0.01344944 0.50244045]
  Count:  190 , QoI:  [0.01265354]
Acceptance ratio:  5.7591623036649215 %
Solve with parameters [0.75386487 0.07262811 0.01234722 0.55608208]
  Count:  200 , QoI:  [0.00114302]
Acceptance ratio:  5.472636815920398 %
Solve with parameters [0.76549485 0.07637252 0.0136701  0.52747994]
  Count:  210 , QoI:  [7.58493105e-05]
Acceptance ratio:  5.687203791469194 %
Solve with parameters [0.92604937 0.07914065 0.01411332 0.50625113]
  Count:  220 , QoI:  [0.02783222]
Acceptance ratio:  5.88235294117647 %
Solve with parameters [0.85933281 0.0854424  0.01405512 0.56817078]
  Count:  230 , QoI:  [0.00338246]
Acceptance ratio:  5.627705627705628 %
Solve with parameters [0.73219134 0.0811757  0.01526085 0.56485415]
  Count:  240 , QoI:  [-0.01794348]
Acceptance ratio:  5.394190871369295 %
Solve with parameters [0.7316967  0.08415665 0.01365045 0.61410046]
  Count:  250 , QoI:  [-0.0221573]
Acceptance ratio:  5.179282868525896 %
Solve with parameters [0.79429586 0.07917786 0.01562551 0.66747586]
  Count:  260 , QoI:  [-0.01892618]
Acceptance ratio:  4.980842911877394 %
Solve with parameters [0.73606955 0.08400493 0.01562652 0.65960329]
  Count:  270 , QoI:  [-0.03253539]
Acceptance ratio:  4.797047970479705 %
Solve with parameters [0.85356881 0.07342509 0.01472953 0.6483191 ]
  Count:  280 , QoI:  [0.00168593]
Acceptance ratio:  4.6263345195729535 %
Solve with parameters [0.8214566  0.08061617 0.01531314 0.59064756]
  Count:  290 , QoI:  [-0.00491809]
Acceptance ratio:  4.4673539518900345 %
Solve with parameters [0.73689194 0.08048359 0.01534998 0.54837871]
  Count:  300 , QoI:  [-0.01464057]
Acceptance ratio:  4.318936877076411 %
Solve with parameters [0.81792369 0.09097831 0.01540502 0.59114131]
  Count:  310 , QoI:  [-0.01460418]
Acceptance ratio:  4.180064308681672 %
Solve with parameters [0.78398909 0.08108169 0.01594525 0.55798631]
  Count:  320 , QoI:  [-0.0093172]
Acceptance ratio:  4.049844236760125 %
Solve with parameters [0.87132567 0.0806277  0.01846694 0.65541059]
  Count:  330 , QoI:  [-0.01247503]
Acceptance ratio:  3.927492447129909 %
Solve with parameters [0.92883601 0.06907966 0.01473227 0.6020055 ]
  Count:  340 , QoI:  [0.02448505]
Acceptance ratio:  3.812316715542522 %
Solve with parameters [0.81102038 0.0848058  0.01603408 0.61214185]
  Count:  350 , QoI:  [-0.01488546]
Acceptance ratio:  3.7037037037037033 %
Solve with parameters [0.76436703 0.08169303 0.015028   0.5689314 ]
  Count:  360 , QoI:  [-0.01263183]
Acceptance ratio:  3.6011080332409975 %
Solve with parameters [0.82939725 0.08621454 0.01408451 0.62161753]
  Count:  370 , QoI:  [-0.00881298]
Acceptance ratio:  3.5040431266846364 %
Solve with parameters [0.88643273 0.07482983 0.01403736 0.52741957]
  Count:  380 , QoI:  [0.02203305]
Acceptance ratio:  3.4120734908136483 %
Solve with parameters [0.78314369 0.09090011 0.01650675 0.66301926]
  Count:  390 , QoI:  [-0.03304524]
Acceptance ratio:  3.324808184143223 %
Solve with parameters [0.90781906 0.08914404 0.01462388 0.59091918]
  Count:  400 , QoI:  [0.004922]
Acceptance ratio:  3.4912718204488775 %
Solve with parameters [0.84408868 0.09303179 0.01218019 0.61786131]
  Count:  410 , QoI:  [-0.00645455]
Acceptance ratio:  3.64963503649635 %
Solve with parameters [0.7171907  0.08411023 0.01384688 0.60276033]
  Count:  420 , QoI:  [-0.02392352]
Acceptance ratio:  3.5629453681710213 %
Solve with parameters [0.84511796 0.07714574 0.01452617 0.59898813]
  Count:  430 , QoI:  [0.00321612]
Acceptance ratio:  3.480278422273782 %
Solve with parameters [0.8321664  0.08349278 0.01307602 0.53830656]
  Count:  440 , QoI:  [0.00576035]
Acceptance ratio:  3.4013605442176873 %
Solve with parameters [0.7695856  0.09912183 0.01259097 0.64053244]
  Count:  450 , QoI:  [-0.0279678]
Acceptance ratio:  3.325942350332594 %
Solve with parameters [0.86493861 0.09192199 0.01219175 0.63694643]
  Count:  460 , QoI:  [-0.003798]
Acceptance ratio:  3.2537960954446854 %
Solve with parameters [0.8041548  0.08985677 0.01285594 0.67669345]
  Count:  470 , QoI:  [-0.01859196]
Acceptance ratio:  3.1847133757961785 %
Solve with parameters [0.80423724 0.09217961 0.01235916 0.59834704]
  Count:  480 , QoI:  [-0.01112431]
Acceptance ratio:  3.118503118503119 %
Solve with parameters [0.84816427 0.07956774 0.01174816 0.60520101]
  Count:  490 , QoI:  [0.00822669]
Acceptance ratio:  3.054989816700611 %
Solve with parameters [0.83917477 0.09534192 0.01416867 0.59293069]
  Count:  500 , QoI:  [-0.01173411]
Acceptance ratio:  2.9940119760479043 %
Solve with parameters [0.96686461 0.08900797 0.01496532 0.59371857]
  Count:  510 , QoI:  [0.0146266]
Acceptance ratio:  2.935420743639922 %
Solve with parameters [0.90262859 0.09104019 0.0107697  0.58750321]
  Count:  520 , QoI:  [0.01186844]
Acceptance ratio:  2.8790786948176583 %
Solve with parameters [0.77306525 0.09333507 0.01424258 0.55053571]
  Count:  530 , QoI:  [-0.01676375]
Acceptance ratio:  2.824858757062147 %
Solve with parameters [0.89437511 0.09527413 0.01248281 0.58599508]
  Count:  540 , QoI:  [0.00282423]
Acceptance ratio:  2.7726432532347505 %
Solve with parameters [0.79596522 0.09469612 0.01400408 0.55583066]
  Count:  550 , QoI:  [-0.01399871]
Acceptance ratio:  2.722323049001815 %
Solve with parameters [0.76983118 0.0779145  0.01150271 0.57479256]
  Count:  560 , QoI:  [-0.00030276]
Acceptance ratio:  2.6737967914438503 %
Solve with parameters [0.90145441 0.08446088 0.01328262 0.50393309]
  Count:  570 , QoI:  [0.02057937]
Acceptance ratio:  2.626970227670753 %
Solve with parameters [0.94441272 0.09176522 0.01311219 0.57418526]
  Count:  580 , QoI:  [0.01445306]
Acceptance ratio:  2.5817555938037864 %
Solve with parameters [0.81996754 0.09118508 0.01135919 0.55608212]
  Count:  590 , QoI:  [-0.00086959]
Acceptance ratio:  2.5380710659898478 %
Solve with parameters [0.71935495 0.0924689  0.01396451 0.65155556]
  Count:  600 , QoI:  [-0.03649019]
Acceptance ratio:  2.4958402662229617 %
Solve with parameters [0.8981311  0.08268321 0.01333554 0.50999298]
  Count:  610 , QoI:  [0.02071455]
Acceptance ratio:  2.454991816693944 %
Solve with parameters [1.00860001 0.08226621 0.01302092 0.57502503]
  Count:  620 , QoI:  [0.03418834]
Acceptance ratio:  2.4154589371980677 %
Solve with parameters [0.79366615 0.0772705  0.01268774 0.55733495]
  Count:  630 , QoI:  [0.00313436]
Acceptance ratio:  2.3771790808240887 %
Solve with parameters [0.8731015  0.08927416 0.01266261 0.65713797]
  Count:  640 , QoI:  [-0.00346189]
Acceptance ratio:  2.3400936037441498 %
Solve with parameters [0.77348641 0.08343048 0.01446669 0.60155804]
  Count:  650 , QoI:  [-0.01503274]
Acceptance ratio:  2.3041474654377883 %
Solve with parameters [0.78532483 0.07934071 0.01462201 0.66513568]
  Count:  660 , QoI:  [-0.01728639]
Acceptance ratio:  2.26928895612708 %
Solve with parameters [0.85592163 0.08977916 0.01556827 0.56044272]
  Count:  670 , QoI:  [-0.00320532]
Acceptance ratio:  2.235469448584203 %
Solve with parameters [0.79728818 0.08418093 0.01346101 0.61971261]
  Count:  680 , QoI:  [-0.01080054]
Acceptance ratio:  2.2026431718061676 %
Solve with parameters [0.79114468 0.08480895 0.01663977 0.53443135]
  Count:  690 , QoI:  [-0.00941068]
Acceptance ratio:  2.170767004341534 %
Solve with parameters [0.76845434 0.08711963 0.01153232 0.52122962]
  Count:  700 , QoI:  [-0.00314906]
Acceptance ratio:  2.1398002853067046 %
Solve with parameters [0.7890346  0.07738103 0.01310323 0.57848177]
  Count:  710 , QoI:  [-0.00103339]
Acceptance ratio:  2.109704641350211 %
Solve with parameters [0.89945154 0.09087281 0.01335284 0.56304721]
  Count:  720 , QoI:  [0.00798319]
Acceptance ratio:  2.0804438280166435 %
Solve with parameters [0.85909599 0.08160585 0.01387048 0.52538526]
  Count:  730 , QoI:  [0.01197359]
Acceptance ratio:  2.0519835841313268 %
Solve with parameters [0.86823633 0.09940164 0.01507413 0.58022972]
  Count:  740 , QoI:  [-0.01055758]
Acceptance ratio:  2.0242914979757085 %
Solve with parameters [0.8364955  0.08337312 0.01549885 0.47083835]
  Count:  750 , QoI:  [0.01057295]
Acceptance ratio:  1.9973368841544608 %
Solve with parameters [0.75892435 0.08314052 0.01415906 0.56732773]
  Count:  760 , QoI:  [-0.01252771]
Acceptance ratio:  1.971090670170828 %
Solve with parameters [0.89774928 0.08208368 0.01382367 0.58024997]
  Count:  770 , QoI:  [0.01221701]
Acceptance ratio:  1.9455252918287937 %
Solve with parameters [0.92233669 0.08791878 0.01395733 0.68502023]
  Count:  780 , QoI:  [-0.00035341]
Acceptance ratio:  1.9206145966709345 %
Solve with parameters [0.73442463 0.0765948  0.01294409 0.56950457]
  Count:  790 , QoI:  [-0.00848515]
Acceptance ratio:  1.8963337547408345 %
Solve with parameters [0.87521318 0.08802818 0.01456625 0.61587711]
  Count:  800 , QoI:  [-0.00280273]
Acceptance ratio:  1.8726591760299627 %
Solve with parameters [0.87894068 0.09279762 0.01508335 0.59857709]
  Count:  810 , QoI:  [-0.00537525]
Acceptance ratio:  1.8495684340320593 %
Solve with parameters [0.85092728 0.09086345 0.01270023 0.71293186]
  Count:  820 , QoI:  [-0.0143219]
Acceptance ratio:  1.8270401948842874 %
Solve with parameters [0.8861717  0.08875958 0.01303218 0.56748259]
  Count:  830 , QoI:  [0.00764872]
Acceptance ratio:  1.8050541516245486 %
Solve with parameters [0.84646087 0.07963392 0.01342262 0.69482926]
  Count:  840 , QoI:  [-0.00597812]
Acceptance ratio:  1.78359096313912 %
Solve with parameters [0.9325516  0.07859399 0.01316439 0.58485839]
  Count:  850 , QoI:  [0.02241857]
Acceptance ratio:  1.762632197414806 %
Solve with parameters [0.88008998 0.08202284 0.01437602 0.48778915]
  Count:  860 , QoI:  [0.01900732]
Acceptance ratio:  1.7421602787456445 %
Solve with parameters [0.92695628 0.10019171 0.01132565 0.60069103]
  Count:  870 , QoI:  [0.00561587]
Acceptance ratio:  1.7221584385763489 %
Solve with parameters [0.86161391 0.08231674 0.01335154 0.65531104]
  Count:  880 , QoI:  [-0.00133121]
Acceptance ratio:  1.70261066969353 %
Solve with parameters [0.89187703 0.08443786 0.0138464  0.59434738]
  Count:  890 , QoI:  [0.00750677]
Acceptance ratio:  1.6835016835016834 %
Solve with parameters [0.9550801  0.09302754 0.01196016 0.58498515]
  Count:  900 , QoI:  [0.01665448]
Acceptance ratio:  1.6648168701442843 %
Solve with parameters [0.81108751 0.08817102 0.01379698 0.590262  ]
  Count:  910 , QoI:  [-0.00938552]
Acceptance ratio:  1.646542261251372 %
Solve with parameters [0.90267695 0.08814288 0.01149004 0.57511474]
  Count:  920 , QoI:  [0.01377228]
Acceptance ratio:  1.6286644951140066 %
Solve with parameters [0.75755911 0.07789736 0.01411786 0.60507804]
  Count:  930 , QoI:  [-0.0126149]
Acceptance ratio:  1.611170784103115 %
Solve with parameters [0.79369837 0.07675849 0.01275473 0.60784884]
  Count:  940 , QoI:  [-0.00184421]
Acceptance ratio:  1.7003188097768331 %
Solve with parameters [0.75745425 0.08490454 0.01388243 0.76961692]
  Count:  950 , QoI:  [-0.03573228]
Acceptance ratio:  1.6824395373291272 %
Solve with parameters [0.80367592 0.07821325 0.01113067 0.56279516]
  Count:  960 , QoI:  [0.00728653]
Acceptance ratio:  1.664932362122789 %
Solve with parameters [0.689104   0.08512862 0.01213784 0.71388966]
  Count:  970 , QoI:  [-0.03535343]
Acceptance ratio:  1.6477857878475797 %
Solve with parameters [0.81556302 0.08453029 0.0129766  0.65455587]
  Count:  980 , QoI:  [-0.01014258]
Acceptance ratio:  1.6309887869520898 %
Solve with parameters [0.79610696 0.07999166 0.00953692 0.5582197 ]
  Count:  990 , QoI:  [0.00889591]
Acceptance ratio:  1.7154389505549947 %
Solve with parameters [0.67715442 0.07880754 0.01079908 0.65310063]
  Count:  1000 , QoI:  [-0.02155314]
Acceptance ratio:  1.6983016983016983 %
Solve with parameters [0.75145291 0.08454887 0.01014028 0.5756986 ]
  Count:  1010 , QoI:  [-0.00545357]
Acceptance ratio:  1.6815034619188922 %
Solve with parameters [0.76677645 0.0720701  0.00991937 0.64834669]
  Count:  1020 , QoI:  [0.00282132]
Acceptance ratio:  1.665034280117532 %
Solve with parameters [0.69204279 0.08957931 0.01020813 0.62200371]
  Count:  1030 , QoI:  [-0.02366635]
Acceptance ratio:  1.6488845780795343 %
Solve with parameters [0.81481619 0.07198897 0.01079432 0.58848301]
  Count:  1040 , QoI:  [0.01312454]
Acceptance ratio:  1.633045148895293 %
Solve with parameters [0.73605421 0.08940795 0.00929681 0.64933987]
  Count:  1050 , QoI:  [-0.0152601]
Acceptance ratio:  1.6175071360608944 %
Solve with parameters [0.76272182 0.08169641 0.00976693 0.53188154]
  Count:  1060 , QoI:  [0.00347297]
Acceptance ratio:  1.6022620169651274 %
Solve with parameters [0.78933065 0.08580957 0.00912005 0.60918106]
  Count:  1070 , QoI:  [0.00010668]
Acceptance ratio:  1.5873015873015872 %
Solve with parameters [0.80939823 0.08334811 0.01095413 0.60013562]
  Count:  1080 , QoI:  [0.00096107]
Acceptance ratio:  1.572617946345976 %
Solve with parameters [0.75041142 0.08948272 0.00977042 0.65326367]
  Count:  1090 , QoI:  [-0.01489296]
Acceptance ratio:  1.5582034830430798 %
Solve with parameters [0.80253011 0.08727498 0.01033358 0.5535257 ]
  Count:  1100 , QoI:  [0.00217857]
Acceptance ratio:  1.544050862851953 %
Solve with parameters [0.68033455 0.08101442 0.00891588 0.5596502 ]
  Count:  1110 , QoI:  [-0.00944398]
Acceptance ratio:  1.5301530153015301 %
Solve with parameters [0.69608531 0.07543779 0.00977077 0.67540589]
  Count:  1120 , QoI:  [-0.01338507]
Acceptance ratio:  1.5165031222123104 %
Solve with parameters [0.77213198 0.08254045 0.00892697 0.57093065]
  Count:  1130 , QoI:  [0.00340646]
Acceptance ratio:  1.5030946065428823 %
Solve with parameters [0.77175066 0.07839528 0.00923551 0.57036652]
  Count:  1140 , QoI:  [0.00608034]
Acceptance ratio:  1.4899211218229622 %
Solve with parameters [0.82020551 0.07915473 0.00896364 0.63967984]
  Count:  1150 , QoI:  [0.00940668]
Acceptance ratio:  1.4769765421372718 %
Solve with parameters [0.843897   0.0748733  0.00967429 0.5733072 ]
  Count:  1160 , QoI:  [0.01977208]
Acceptance ratio:  1.4642549526270456 %
Solve with parameters [0.75973073 0.0778551  0.01149014 0.64800692]
  Count:  1170 , QoI:  [-0.00866521]
Acceptance ratio:  1.4517506404782237 %
Solve with parameters [0.84361173 0.07324775 0.01046896 0.64408872]
  Count:  1180 , QoI:  [0.01335427]
Acceptance ratio:  1.439458086367485 %
Solve with parameters [0.79223854 0.07271405 0.0101116  0.67181894]
  Count:  1190 , QoI:  [0.00417043]
Acceptance ratio:  1.4273719563392109 %
Solve with parameters [0.76918187 0.08826227 0.00931901 0.57140301]
  Count:  1200 , QoI:  [-0.00306508]
Acceptance ratio:  1.4154870940882598 %
Solve with parameters [0.83865176 0.07830263 0.00997547 0.61052133]
  Count:  1210 , QoI:  [0.01220743]
Acceptance ratio:  1.486374896779521 %
Solve with parameters [0.79856953 0.07297844 0.0087846  0.68999777]
  Count:  1220 , QoI:  [0.00874994]
Acceptance ratio:  1.4742014742014742 %
Solve with parameters [0.795053   0.06872122 0.01009108 0.66789323]
  Count:  1230 , QoI:  [0.00852931]
Acceptance ratio:  1.462225832656377 %
Solve with parameters [0.79535697 0.08142    0.00984283 0.64727119]
  Count:  1240 , QoI:  [-0.00018722]
Acceptance ratio:  1.4504431909750202 %
Solve with parameters [0.68716924 0.08754281 0.00892043 0.57250931]
  Count:  1250 , QoI:  [-0.01482081]
Acceptance ratio:  1.4388489208633095 %
Solve with parameters [0.68974219 0.07446874 0.00946381 0.60803712]
  Count:  1260 , QoI:  [-0.0076074]
Acceptance ratio:  1.4274385408406027 %
Solve with parameters [0.74364127 0.08144468 0.00924546 0.51460222]
  Count:  1270 , QoI:  [0.00317865]
Acceptance ratio:  1.4162077104642015 %
Solve with parameters [0.78209598 0.08518929 0.01016308 0.5139098 ]
  Count:  1280 , QoI:  [0.0044093]
Acceptance ratio:  1.405152224824356 %
Solve with parameters [0.67769044 0.08576985 0.00908344 0.71339979]
  Count:  1290 , QoI:  [-0.02522086]
Acceptance ratio:  1.39426800929512 %
Solve with parameters [0.75046359 0.08659883 0.00869874 0.5686065 ]
  Count:  1300 , QoI:  [-0.0027978]
Acceptance ratio:  1.3835511145272867 %
Solve with parameters [0.87227038 0.09476686 0.00886944 0.56243068]
  Count:  1310 , QoI:  [0.0102699]
Acceptance ratio:  1.3729977116704806 %
Solve with parameters [0.78694123 0.08736141 0.00907856 0.75743316]
  Count:  1320 , QoI:  [-0.01118882]
Acceptance ratio:  1.3626040878122634 %
Solve with parameters [0.9143147  0.08452358 0.00957506 0.53346558]
  Count:  1330 , QoI:  [0.02671826]
Acceptance ratio:  1.35236664162284 %
Solve with parameters [0.75690901 0.07968681 0.00857821 0.78143738]
  Count:  1340 , QoI:  [-0.00826391]
Acceptance ratio:  1.4168530947054436 %
Solve with parameters [0.77852502 0.07443097 0.00966734 0.69768669]
  Count:  1350 , QoI:  [0.00018107]
Acceptance ratio:  1.4063656550703183 %
Solve with parameters [0.76602078 0.08208299 0.00907983 0.62891403]
  Count:  1360 , QoI:  [-0.00180158]
Acceptance ratio:  1.396032329169728 %
Solve with parameters [0.7933592  0.07840396 0.00899716 0.67809357]
  Count:  1370 , QoI:  [0.0029898]
Acceptance ratio:  1.3858497447118892 %
Solve with parameters [0.7489632  0.08009191 0.00934346 0.62438029]
  Count:  1380 , QoI:  [-0.00345276]
Acceptance ratio:  1.3758146270818248 %
Solve with parameters [0.71422598 0.07706303 0.01079838 0.61165987]
  Count:  1390 , QoI:  [-0.01030499]
Acceptance ratio:  1.3659237958303379 %
Solve with parameters [0.8735249  0.06902232 0.00879865 0.67348044]
  Count:  1400 , QoI:  [0.02579491]
Acceptance ratio:  1.3561741613133478 %
Solve with parameters [0.79754747 0.07343369 0.01047691 0.64232991]
  Count:  1410 , QoI:  [0.00543479]
Acceptance ratio:  1.3465627214741318 %
Solve with parameters [0.86951579 0.0741789  0.00880152 0.7496875 ]
  Count:  1420 , QoI:  [0.01624053]
Acceptance ratio:  1.3370865587614356 %
Solve with parameters [0.79211628 0.08871945 0.00949194 0.77860019]
  Count:  1430 , QoI:  [-0.0146858]
Acceptance ratio:  1.3277428371767994 %
Solve with parameters [0.74333378 0.06568824 0.0111642  0.69784831]
  Count:  1440 , QoI:  [-0.00388494]
Acceptance ratio:  1.31852879944483 %
Solve with parameters [0.82495676 0.06807126 0.01099175 0.81107203]
  Count:  1450 , QoI:  [0.00050033]
Acceptance ratio:  1.3094417643004823 %
Solve with parameters [0.64421548 0.08295598 0.00873444 0.77567069]
  Count:  1460 , QoI:  [-0.03029566]
Acceptance ratio:  1.3004791238877482 %
Solve with parameters [0.74363615 0.07402851 0.00870144 0.69684782]
  Count:  1470 , QoI:  [-0.00139694]
Acceptance ratio:  1.291638341264446 %
Solve with parameters [0.80940662 0.07723352 0.00902387 0.74185073]
  Count:  1480 , QoI:  [0.00279118]
Acceptance ratio:  1.2829169480081026 %
Solve with parameters [0.74321841 0.07694438 0.00999249 0.74298483]
  Count:  1490 , QoI:  [-0.01239541]
Acceptance ratio:  1.2743125419181758 %
Solve with parameters [0.710964   0.08466938 0.00941753 0.81148407]
  Count:  1500 , QoI:  [-0.02625965]
Acceptance ratio:  1.2658227848101267 %
Solve with parameters [0.80785516 0.07060807 0.00947311 0.73858015]
  Count:  1510 , QoI:  [0.00675071]
Acceptance ratio:  1.257445400397088 %
Solve with parameters [0.76523272 0.0673596  0.00997765 0.76701504]
  Count:  1520 , QoI:  [-0.00155338]
Acceptance ratio:  1.2491781722550954 %
Solve with parameters [0.71565363 0.08195183 0.01008289 0.67336332]
  Count:  1530 , QoI:  [-0.01681919]
Acceptance ratio:  1.2410189418680602 %
Solve with parameters [0.75307309 0.08383225 0.0094008  0.65572459]
  Count:  1540 , QoI:  [-0.00844169]
Acceptance ratio:  1.2329656067488644 %
Solve with parameters [0.8630668  0.07540541 0.00924709 0.70604743]
  Count:  1550 , QoI:  [0.01470472]
Acceptance ratio:  1.2250161186331399 %
Solve with parameters [0.72344616 0.07796631 0.01031727 0.75088068]
  Count:  1560 , QoI:  [-0.01862013]
Acceptance ratio:  1.2171684817424726 %
Solve with parameters [0.7887007  0.07680057 0.00954576 0.6805732 ]
  Count:  1570 , QoI:  [0.00141848]
Acceptance ratio:  1.20942075111394 %
Solve with parameters [0.73569547 0.06879336 0.00979372 0.7458369 ]
  Count:  1580 , QoI:  [-0.00569916]
Acceptance ratio:  1.2017710309930425 %
Solve with parameters [0.80614344 0.08033514 0.009406   0.6667987 ]
  Count:  1590 , QoI:  [0.00268417]
Acceptance ratio:  1.1942174732872406 %
Solve with parameters [0.74937524 0.08846643 0.00902582 0.69459857]
  Count:  1600 , QoI:  [-0.01431531]
Acceptance ratio:  1.1867582760774515 %
Solve with parameters [0.78042422 0.07936954 0.00909719 0.78545792]
  Count:  1610 , QoI:  [-0.00677139]
Acceptance ratio:  1.1793916821849781 %
Solve with parameters [0.73765444 0.06962787 0.00893326 0.65745406]
  Count:  1620 , QoI:  [0.00298011]
Acceptance ratio:  1.172115977791487 %
Solve with parameters [0.70789324 0.07282266 0.00912079 0.67093787]
  Count:  1630 , QoI:  [-0.00632886]
Acceptance ratio:  1.1649294911097487 %
Solve with parameters [0.78519214 0.08258643 0.01032078 0.70730777]
  Count:  1640 , QoI:  [-0.00911105]
Acceptance ratio:  1.157830591102986 %
Solve with parameters [0.7259491  0.07725082 0.008694   0.77424222]
  Count:  1650 , QoI:  [-0.01142088]
Acceptance ratio:  1.150817686250757 %
Solve with parameters [0.87139345 0.07987523 0.00925366 0.69854102]
  Count:  1660 , QoI:  [0.01256291]
Acceptance ratio:  1.1438892233594222 %
Solve with parameters [0.74825892 0.07170376 0.0086536  0.74591009]
  Count:  1670 , QoI:  [-0.00105469]
Acceptance ratio:  1.1370436864153202 %
Solve with parameters [0.7981978  0.0755756  0.00930147 0.81235524]
  Count:  1680 , QoI:  [-0.00276207]
Acceptance ratio:  1.1302795954788816 %
Solve with parameters [0.77374694 0.07047537 0.00991562 0.60193647]
  Count:  1690 , QoI:  [0.00888468]
Acceptance ratio:  1.1235955056179776 %
Solve with parameters [0.79293687 0.07244395 0.00913476 0.68167428]
  Count:  1700 , QoI:  [0.0074471]
Acceptance ratio:  1.1169900058788949 %
Solve with parameters [0.82519403 0.07168423 0.01032465 0.72450436]
  Count:  1710 , QoI:  [0.0061458]
Acceptance ratio:  1.1104617182933958 %
Solve with parameters [0.72688667 0.08519207 0.00954951 0.70651748]
  Count:  1720 , QoI:  [-0.01807373]
Acceptance ratio:  1.1040092969203952 %
Solve with parameters [0.81381896 0.06834252 0.01083489 0.64240575]
  Count:  1730 , QoI:  [0.01151375]
Acceptance ratio:  1.0976314269208551 %
Solve with parameters [0.78179565 0.06592076 0.00945792 0.70659779]
