pwd: /data1/prashant/Dropbox/Dropbox/Work/Simulations/TumorModeling/PosteriorAnalysis/TumModel_AllenCahn
py file: run_2
 
Running chain 2
 
Arguments passed: 
Namespace(chain_id=2)
WARNING: user expression has not supplied value_shape method or an element. Assuming scalar element.
WARNING: user expression has not supplied value_shape method or an element. Assuming scalar element.
WARNING: user expression has not supplied value_shape method or an element. Assuming scalar element.
WARNING: user expression has not supplied value_shape method or an element. Assuming scalar element.
WARNING: user expression has not supplied value_shape method or an element. Assuming scalar element.
WARNING: user expression has not supplied value_shape method or an element. Assuming scalar element.


Getting low-fidelity solution

Solve LF with parameters [0.2, 0.1, 0.05]


Compute error at one parameter sample

test parameter: <dolfin.cpp.la.Vector object at 0x7fd2adb07f90>


Solve original forward and dual problem

Solve with parameters [0.67320276 0.09195924 0.01181696 1.12219656]


Solve for approximate errors

Solve with parameters [0.67320276 0.09195924 0.01181696 1.12219656]

 *** comparing various estimates ***


Q(u0) =  1.1923454107206624


QoI using exact

Q(u) =  1.1262698820178845

Error Q(u) - Q(u0) =  -0.06607552870277789

Estimate 1 Q(u) - Q(u0) =  0.454025710005775

Estimate 2 Q(u) - Q(u0) =  0.6389335261205927

Estimate 3 Q(u) - Q(u0) =  -0.0407162298753634


QoI using approximate


Q(u) =  1.1260816662428972

Error Q(u) - Q(u0) =  -0.06626374447776517

Estimate 1 Q(u) - Q(u0) =  0.4616530979884203

Estimate 2 Q(u) - Q(u0) =  1.291471554011834

Estimate 3 Q(u) - Q(u0) =  -0.038332556965262485


 *** Running MCMC simulation ***


Solve with parameters [0.67320276 0.09195924 0.01181696 1.12219656]
  Count:  0 , QoI:  [-0.06626374]
Acceptance ratio:  0.0 %
Solve with parameters [0.75984956 0.05968565 0.00924253 1.0708686 ]
  Count:  10 , QoI:  [-0.00346289]
Acceptance ratio:  54.54545454545454 %
Solve with parameters [0.74782947 0.06560261 0.00726459 1.19231212]
  Count:  20 , QoI:  [0.00649178]
Acceptance ratio:  52.38095238095239 %
Solve with parameters [0.70760114 0.06723993 0.00717125 1.56798117]
  Count:  30 , QoI:  [0.01677191]
Acceptance ratio:  41.935483870967744 %
Solve with parameters [0.79544611 0.05998295 0.00951789 1.51706628]
  Count:  40 , QoI:  [0.00245766]
Acceptance ratio:  41.46341463414634 %
Solve with parameters [0.69820632 0.07197962 0.00738456 1.19368086]
  Count:  50 , QoI:  [-0.00985429]
Acceptance ratio:  39.21568627450981 %
Solve with parameters [0.66524444 0.06870471 0.00663503 0.99832265]
  Count:  60 , QoI:  [-0.00645427]
Acceptance ratio:  42.62295081967213 %
Solve with parameters [0.75471337 0.07415708 0.00642103 1.06287531]
  Count:  70 , QoI:  [0.00512659]
Acceptance ratio:  40.845070422535215 %
Solve with parameters [0.78321096 0.08328964 0.00611697 1.11565048]
  Count:  80 , QoI:  [0.00427138]
Acceptance ratio:  43.20987654320987 %
Solve with parameters [0.85977964 0.10579591 0.00780528 0.97632693]
  Count:  90 , QoI:  [-0.01806271]
Acceptance ratio:  43.956043956043956 %
Solve with parameters [1.01158749 0.11073953 0.00784679 0.79034369]
  Count:  100 , QoI:  [0.00916555]
Acceptance ratio:  42.57425742574257 %
Solve with parameters [0.87149965 0.11774832 0.0104986  0.72440024]
  Count:  110 , QoI:  [-0.02720604]
Acceptance ratio:  42.34234234234234 %
Solve with parameters [0.8587524  0.12155064 0.00792508 0.56193529]
  Count:  120 , QoI:  [-0.01220011]
Acceptance ratio:  41.32231404958678 %
Solve with parameters [0.98125018 0.13914254 0.00603796 0.75809126]
  Count:  130 , QoI:  [-0.01211578]
Acceptance ratio:  39.69465648854962 %
Solve with parameters [0.71731303 0.092917   0.00658721 0.65753591]
  Count:  140 , QoI:  [-0.01174243]
Acceptance ratio:  40.42553191489361 %
Solve with parameters [0.81697954 0.09346311 0.00553057 0.72059487]
  Count:  150 , QoI:  [0.00574289]
Acceptance ratio:  40.397350993377486 %
Solve with parameters [0.885082   0.07856142 0.00590382 0.87373614]
  Count:  160 , QoI:  [0.02600529]
Acceptance ratio:  39.75155279503105 %
Solve with parameters [1.03071714 0.10208396 0.00858127 0.71788034]
  Count:  170 , QoI:  [0.02099905]
Acceptance ratio:  38.59649122807017 %
Solve with parameters [0.8308764  0.10164848 0.00578067 0.95565483]
  Count:  180 , QoI:  [-0.00442484]
Acceptance ratio:  38.67403314917127 %
Solve with parameters [0.67533681 0.06923626 0.00643365 0.77767939]
  Count:  190 , QoI:  [-0.00093423]
Acceptance ratio:  38.7434554973822 %
Solve with parameters [0.72313383 0.07956255 0.00687656 0.73846837]
  Count:  200 , QoI:  [-0.00360664]
Acceptance ratio:  39.800995024875625 %
Solve with parameters [0.71604946 0.07850843 0.00731197 0.55153095]
  Count:  210 , QoI:  [0.00356529]
Acceptance ratio:  40.758293838862556 %
Solve with parameters [0.81892548 0.08360758 0.00807705 0.54981473]
  Count:  220 , QoI:  [0.01388373]
Acceptance ratio:  40.27149321266968 %
Solve with parameters [0.74888734 0.08953674 0.00711207 0.77080001]
  Count:  230 , QoI:  [-0.01074641]
Acceptance ratio:  40.25974025974026 %
Solve with parameters [0.88367914 0.07422616 0.01140363 0.86485011]
  Count:  240 , QoI:  [-0.0005034]
Acceptance ratio:  41.90871369294606 %
Solve with parameters [0.93395008 0.08355121 0.01405319 0.81444102]
  Count:  250 , QoI:  [-0.00804909]
Acceptance ratio:  42.62948207171315 %
Solve with parameters [0.82687629 0.09623059 0.01448498 0.90941315]
  Count:  260 , QoI:  [-0.05028732]
Acceptance ratio:  41.7624521072797 %
Solve with parameters [0.98492901 0.07380542 0.01324781 1.17037821]
  Count:  270 , QoI:  [-0.01240166]
Acceptance ratio:  42.066420664206646 %
Solve with parameters [0.98489352 0.08438117 0.01024872 1.43814897]
  Count:  280 , QoI:  [-0.00074521]
Acceptance ratio:  42.34875444839858 %
Solve with parameters [1.0687501  0.08026551 0.01136385 1.33774695]
  Count:  290 , QoI:  [0.00753267]
Acceptance ratio:  41.92439862542955 %
Solve with parameters [1.08596633 0.08215186 0.01216973 1.42553507]
  Count:  300 , QoI:  [-0.00104702]
Acceptance ratio:  41.86046511627907 %
Solve with parameters [1.14006583 0.08791519 0.01563234 1.25379318]
  Count:  310 , QoI:  [-0.02083546]
Acceptance ratio:  41.157556270096464 %
Solve with parameters [0.96630561 0.08112959 0.01270937 0.92016537]
  Count:  320 , QoI:  [-0.00283326]
Acceptance ratio:  41.43302180685358 %
Solve with parameters [0.98674671 0.08770355 0.01172219 0.8692038 ]
  Count:  330 , QoI:  [0.00349136]
Acceptance ratio:  41.08761329305136 %
Solve with parameters [1.13215112 0.09912981 0.01166945 0.60080339]
  Count:  340 , QoI:  [0.0417066]
Acceptance ratio:  40.76246334310851 %
Solve with parameters [0.93906432 0.12729056 0.0138246  0.70820335]
  Count:  350 , QoI:  [-0.03353439]
Acceptance ratio:  40.17094017094017 %
Solve with parameters [0.92866991 0.10073223 0.01126554 0.81630955]
  Count:  360 , QoI:  [-0.01267137]
Acceptance ratio:  40.16620498614959 %
Solve with parameters [1.05246499 0.10601414 0.01266631 0.94799952]
  Count:  370 , QoI:  [-0.01232718]
Acceptance ratio:  40.43126684636118 %
Solve with parameters [1.16075261 0.09244261 0.01333803 0.96830831]
  Count:  380 , QoI:  [0.01545879]
Acceptance ratio:  40.15748031496063 %
Solve with parameters [1.06824066 0.08738603 0.01224655 0.99182712]
  Count:  390 , QoI:  [0.00743151]
Acceptance ratio:  40.153452685421996 %
Solve with parameters [1.04000597 0.10364629 0.01169822 1.1188894 ]
  Count:  400 , QoI:  [-0.01733482]
Acceptance ratio:  39.900249376558605 %
Solve with parameters [1.03099298 0.09737508 0.01434239 0.94251462]
  Count:  410 , QoI:  [-0.01642269]
Acceptance ratio:  39.90267639902677 %
Solve with parameters [1.0862708  0.10231743 0.018623   0.95864679]
  Count:  420 , QoI:  [-0.03286892]
Acceptance ratio:  39.66745843230404 %
Solve with parameters [1.1633889  0.08754346 0.01884378 0.94094027]
  Count:  430 , QoI:  [-0.0026916]
Acceptance ratio:  39.675174013921115 %
Solve with parameters [1.00400462 0.07897543 0.01776587 1.07781998]
  Count:  440 , QoI:  [-0.0369233]
Acceptance ratio:  39.682539682539684 %
Solve with parameters [1.18388697 0.06519092 0.01576    1.15071505]
  Count:  450 , QoI:  [0.01798026]
Acceptance ratio:  39.02439024390244 %
Solve with parameters [0.99403889 0.07335831 0.01581143 1.09116411]
  Count:  460 , QoI:  [-0.02263887]
Acceptance ratio:  38.611713665943604 %
Solve with parameters [1.12268328 0.07739168 0.01468954 1.25971451]
  Count:  470 , QoI:  [-0.00633392]
Acceptance ratio:  38.42887473460722 %
Solve with parameters [1.47727987 0.076573   0.01797859 1.21215414]
  Count:  480 , QoI:  [0.04679801]
Acceptance ratio:  37.83783783783784 %
Solve with parameters [1.33603648 0.07265212 0.02235873 1.1616778 ]
  Count:  490 , QoI:  [0.00034607]
Acceptance ratio:  37.88187372708758 %
Solve with parameters [1.15118536 0.06421875 0.02246439 1.09233765]
  Count:  500 , QoI:  [-0.02129843]
Acceptance ratio:  37.3253493013972 %
Solve with parameters [1.44234105 0.07645279 0.02318823 1.20004374]
  Count:  510 , QoI:  [0.00961029]
Acceptance ratio:  36.986301369863014 %
Solve with parameters [1.16122697 0.07863557 0.02034989 1.17581824]
  Count:  520 , QoI:  [-0.03240989]
Acceptance ratio:  37.04414587332054 %
Solve with parameters [1.13944957 0.05324169 0.01887045 1.14876018]
  Count:  530 , QoI:  [0.00076627]
Acceptance ratio:  36.91148775894539 %
Solve with parameters [1.11836455 0.06697371 0.0168962  1.24213848]
  Count:  540 , QoI:  [-0.0126517]
Acceptance ratio:  37.33826247689464 %
Solve with parameters [0.91680894 0.05419613 0.0159187  0.94783722]
  Count:  550 , QoI:  [-0.00611347]
Acceptance ratio:  37.74954627949184 %
Solve with parameters [0.96501442 0.04925224 0.01998059 0.85105248]
  Count:  560 , QoI:  [0.00073596]
Acceptance ratio:  37.78966131907308 %
Solve with parameters [1.08976141 0.05092569 0.02225422 0.94910779]
  Count:  570 , QoI:  [0.00085423]
Acceptance ratio:  37.478108581436075 %
Solve with parameters [1.17828249 0.04681372 0.02326464 1.12381719]
  Count:  580 , QoI:  [-0.00752847]
Acceptance ratio:  37.34939759036144 %
Solve with parameters [1.22116429 0.05122754 0.02051665 1.04369652]
  Count:  590 , QoI:  [0.02280663]
Acceptance ratio:  37.22504230118444 %
Solve with parameters [1.18499986 0.05236626 0.01802792 1.1133002 ]
  Count:  600 , QoI:  [0.01996952]
Acceptance ratio:  37.10482529118136 %
Solve with parameters [1.08464814 0.04529242 0.01713289 0.97713242]
  Count:  610 , QoI:  [0.02575788]
Acceptance ratio:  36.824877250409166 %
Solve with parameters [0.92850682 0.06479029 0.01519126 0.86333613]
  Count:  620 , QoI:  [-0.00174884]
Acceptance ratio:  37.19806763285024 %
Solve with parameters [1.01639286 0.05495964 0.01571918 0.98708207]
  Count:  630 , QoI:  [0.00956667]
Acceptance ratio:  36.76703645007924 %
Solve with parameters [0.90126596 0.07076716 0.0169551  0.81230093]
  Count:  640 , QoI:  [-0.01412996]
Acceptance ratio:  36.817472698907956 %
Solve with parameters [0.82899784 0.06715728 0.01206776 0.73420572]
  Count:  650 , QoI:  [0.00323076]
Acceptance ratio:  36.86635944700461 %
Solve with parameters [0.92943241 0.05447874 0.01534744 0.74216281]
  Count:  660 , QoI:  [0.01996884]
Acceptance ratio:  36.7624810892587 %
Solve with parameters [0.9150927  0.05479558 0.01124564 0.78764485]
  Count:  670 , QoI:  [0.02909107]
Acceptance ratio:  36.36363636363637 %
Solve with parameters [0.90208774 0.07637661 0.0092782  0.98491383]
  Count:  680 , QoI:  [0.0071196]
Acceptance ratio:  36.56387665198238 %
Solve with parameters [1.05454556 0.08872345 0.00919807 0.8685623 ]
  Count:  690 , QoI:  [0.02703515]
Acceptance ratio:  36.61360347322721 %
Solve with parameters [0.94051994 0.09528296 0.01035249 1.14790019]
  Count:  700 , QoI:  [-0.01791505]
Acceptance ratio:  36.51925820256776 %
Solve with parameters [0.96879967 0.07937056 0.01106747 1.29363154]
  Count:  710 , QoI:  [-0.00663499]
Acceptance ratio:  36.28691983122363 %
Solve with parameters [0.95019348 0.08877256 0.01293526 1.31296733]
  Count:  720 , QoI:  [-0.03857927]
Acceptance ratio:  36.47711511789182 %
Solve with parameters [1.14112915 0.07888798 0.01350898 1.6215532 ]
  Count:  730 , QoI:  [-0.00464934]
Acceptance ratio:  36.66210670314637 %
Solve with parameters [1.16443139 0.08940487 0.01073128 1.76841973]
  Count:  740 , QoI:  [0.0321342]
Acceptance ratio:  36.43724696356275 %
Solve with parameters [1.15120974 0.11239984 0.00935974 1.52086267]
  Count:  750 , QoI:  [0.01216015]
Acceptance ratio:  36.21837549933422 %
Solve with parameters [1.08044156 0.1050748  0.0096373  1.85646949]
  Count:  760 , QoI:  [0.02105589]
Acceptance ratio:  35.74244415243101 %
Solve with parameters [1.05362533 0.10947303 0.00915846 1.88380389]
  Count:  770 , QoI:  [0.0217616]
Acceptance ratio:  35.40856031128405 %
Solve with parameters [1.21965269 0.11924228 0.0110061  1.85062692]
  Count:  780 , QoI:  [0.00612763]
Acceptance ratio:  34.95518565941101 %
Solve with parameters [1.15371067 0.11950289 0.00994473 2.17346333]
  Count:  790 , QoI:  [0.04417224]
Acceptance ratio:  34.89254108723136 %
Solve with parameters [1.25658686 0.10769584 0.01014456 1.64055069]
  Count:  800 , QoI:  [0.03141376]
Acceptance ratio:  34.831460674157306 %
Solve with parameters [1.12785107 0.09783711 0.01036255 1.63348347]
  Count:  810 , QoI:  [0.01426176]
Acceptance ratio:  34.6485819975339 %
Solve with parameters [1.04841023 0.11684285 0.01067529 1.78115634]
  Count:  820 , QoI:  [-0.02297903]
Acceptance ratio:  34.22655298416565 %
Solve with parameters [1.12267523 0.11258974 0.00992646 1.67320656]
  Count:  830 , QoI:  [0.00393377]
Acceptance ratio:  34.05535499398315 %
Solve with parameters [1.03112667 0.11361098 0.01066846 1.62369331]
  Count:  840 , QoI:  [-0.02745717]
Acceptance ratio:  34.00713436385256 %
Solve with parameters [0.95130957 0.10189726 0.00843244 1.46809484]
  Count:  850 , QoI:  [-0.00278031]
Acceptance ratio:  34.19506462984724 %
Solve with parameters [0.99159295 0.08530189 0.00860595 1.67464558]
  Count:  860 , QoI:  [0.03248347]
Acceptance ratio:  33.91405342624855 %
Solve with parameters [0.97199128 0.09583468 0.01031303 1.56987682]
  Count:  870 , QoI:  [-0.01468561]
Acceptance ratio:  33.524684270952925 %
Solve with parameters [1.00990093 0.10125484 0.01019616 1.62883963]
  Count:  880 , QoI:  [-0.01033989]
Acceptance ratio:  33.59818388195232 %
Solve with parameters [0.99199301 0.09159173 0.01263199 1.87228143]
  Count:  890 , QoI:  [-0.03357869]
Acceptance ratio:  33.89450056116723 %
Solve with parameters [0.91316082 0.08183717 0.01137463 1.78117628]
  Count:  900 , QoI:  [-0.01926533]
Acceptance ratio:  33.62930077691454 %
Solve with parameters [0.95575819 0.07987274 0.01146829 1.75791691]
  Count:  910 , QoI:  [-0.01091351]
Acceptance ratio:  33.260153677277714 %
Solve with parameters [0.96827307 0.07057727 0.01265268 1.87942314]
  Count:  920 , QoI:  [-0.01244349]
Acceptance ratio:  33.11617806731813 %
Solve with parameters [0.7968302  0.08380745 0.01095213 1.85002139]
  Count:  930 , QoI:  [-0.03381851]
Acceptance ratio:  33.190118152524164 %
Solve with parameters [0.95739655 0.07999134 0.00859321 1.86874848]
  Count:  940 , QoI:  [0.05061103]
Acceptance ratio:  33.262486716259296 %
Solve with parameters [1.13341951 0.08389478 0.00993178 1.06190522]
  Count:  950 , QoI:  [0.0342299]
Acceptance ratio:  33.543638275499475 %
Solve with parameters [1.05927771 0.10242166 0.01073687 1.22821422]
  Count:  960 , QoI:  [-0.00917208]
Acceptance ratio:  33.714880332986475 %
Solve with parameters [1.09863543 0.09566198 0.01162565 1.04682244]
  Count:  970 , QoI:  [0.00553854]
Acceptance ratio:  33.470648815653966 %
Solve with parameters [1.11050284 0.09578275 0.01181853 1.10641096]
  Count:  980 , QoI:  [0.00319992]
Acceptance ratio:  33.43527013251784 %
Solve with parameters [1.13454009 0.09856754 0.01325631 1.12981004]
  Count:  990 , QoI:  [-0.00641638]
Acceptance ratio:  33.501513622603426 %
Solve with parameters [1.14117397 0.07092834 0.01233826 1.28695711]
  Count:  1000 , QoI:  [0.02316924]
Acceptance ratio:  33.86613386613387 %
Solve with parameters [1.11170856 0.07714423 0.01436656 1.4463424 ]
  Count:  1010 , QoI:  [-0.01469776]
Acceptance ratio:  33.72898120672602 %
Solve with parameters [1.05935999 0.07568865 0.01182188 1.42656312]
  Count:  1020 , QoI:  [0.00472908]
Acceptance ratio:  33.496571988246814 %
Solve with parameters [0.91225677 0.08181267 0.0106277  1.39338876]
  Count:  1030 , QoI:  [-0.01615801]
Acceptance ratio:  33.268671193016495 %
Solve with parameters [1.02121487 0.09816395 0.01080916 1.09006391]
  Count:  1040 , QoI:  [-0.00757153]
Acceptance ratio:  33.33333333333333 %
Solve with parameters [1.25141925 0.09592983 0.01008366 1.04245051]
  Count:  1050 , QoI:  [0.04346717]
Acceptance ratio:  33.30161750713606 %
Solve with parameters [0.93211887 0.08781122 0.01275464 0.94373505]
  Count:  1060 , QoI:  [-0.0173385]
Acceptance ratio:  33.55325164938737 %
Solve with parameters [1.09917962 0.06844584 0.01239877 0.92650301]
  Count:  1070 , QoI:  [0.0348887]
Acceptance ratio:  33.52007469654528 %
Solve with parameters [0.97427521 0.06988093 0.01455847 0.92010609]
  Count:  1080 , QoI:  [-0.00034587]
Acceptance ratio:  33.3950046253469 %
Solve with parameters [0.85993784 0.06783786 0.01247639 0.92723074]
  Count:  1090 , QoI:  [-0.0089004]
Acceptance ratio:  33.27222731439047 %
Solve with parameters [0.98621381 0.07657795 0.01212934 0.93806542]
  Count:  1100 , QoI:  [0.00693746]
Acceptance ratio:  33.33333333333333 %
Solve with parameters [1.20842268 0.07421785 0.01304705 1.10782052]
  Count:  1110 , QoI:  [0.03486877]
Acceptance ratio:  33.48334833483349 %
Solve with parameters [0.929138   0.08151432 0.01313078 1.3675779 ]
  Count:  1120 , QoI:  [-0.03916438]
Acceptance ratio:  33.45227475468332 %
Solve with parameters [1.31275528 0.07804232 0.01414936 1.47364283]
  Count:  1130 , QoI:  [0.02648028]
Acceptance ratio:  33.15649867374005 %
Solve with parameters [1.0148332  0.07884012 0.01151476 1.14539325]
  Count:  1140 , QoI:  [0.00288897]
Acceptance ratio:  33.47940403155127 %
Solve with parameters [1.00814669 0.09190433 0.01171679 1.04015141]
  Count:  1150 , QoI:  [-0.00759744]
Acceptance ratio:  33.622936576889664 %
Solve with parameters [0.97869827 0.09641875 0.01137053 1.09395435]
  Count:  1160 , QoI:  [-0.0177981]
Acceptance ratio:  33.677863910422055 %
Solve with parameters [1.0604897  0.09019483 0.0115998  1.20197373]
  Count:  1170 , QoI:  [-0.00299825]
Acceptance ratio:  33.56105892399658 %
Solve with parameters [0.97663414 0.09655225 0.01094555 1.06753571]
  Count:  1180 , QoI:  [-0.01399586]
Acceptance ratio:  33.44623200677392 %
Solve with parameters [0.92407935 0.09140667 0.01035051 0.94555963]
  Count:  1190 , QoI:  [-0.00847315]
Acceptance ratio:  33.50125944584383 %
Solve with parameters [0.96428463 0.07541568 0.01042519 1.111716  ]
  Count:  1200 , QoI:  [0.00678395]
Acceptance ratio:  33.80516236469609 %
Solve with parameters [0.89893209 0.07587807 0.00866751 1.45323443]
  Count:  1210 , QoI:  [0.01304489]
Acceptance ratio:  33.77374071015689 %
Solve with parameters [0.99564174 0.06913369 0.00965234 1.57978741]
  Count:  1220 , QoI:  [0.030533]
Acceptance ratio:  33.660933660933665 %
Solve with parameters [0.88110048 0.07529302 0.00865505 1.09094184]
  Count:  1230 , QoI:  [0.00668637]
Acceptance ratio:  33.79366368805849 %
Solve with parameters [0.83441541 0.07553274 0.01039107 1.17568593]
  Count:  1240 , QoI:  [-0.01830806]
Acceptance ratio:  33.68251410153103 %
Solve with parameters [0.89403211 0.07583577 0.00956716 1.3099849 ]
  Count:  1250 , QoI:  [-0.001354]
Acceptance ratio:  33.81294964028777 %
Solve with parameters [0.88390971 0.07640743 0.00764437 1.30131835]
  Count:  1260 , QoI:  [0.01738885]
Acceptance ratio:  33.54480570975416 %
Solve with parameters [0.772184   0.08507259 0.0080197  1.37515239]
  Count:  1270 , QoI:  [-0.01418801]
Acceptance ratio:  33.51691581431943 %
Solve with parameters [0.8500006  0.05807643 0.00834592 1.19207336]
  Count:  1280 , QoI:  [0.02134883]
Acceptance ratio:  33.567525370804056 %
Solve with parameters [0.71261229 0.04710353 0.00810477 1.09984027]
  Count:  1290 , QoI:  [0.01039449]
Acceptance ratio:  33.694810224632064 %
Solve with parameters [0.62993512 0.06221557 0.0081584  0.9477373 ]
  Count:  1300 , QoI:  [-0.01701522]
Acceptance ratio:  33.58954650269024 %
Solve with parameters [0.70458766 0.05796516 0.00741984 1.04362826]
  Count:  1310 , QoI:  [0.00413463]
Acceptance ratio:  33.790999237223495 %
Solve with parameters [0.68086778 0.05731515 0.00767874 1.16738551]
  Count:  1320 , QoI:  [-0.00109214]
Acceptance ratio:  33.68660105980318 %
Solve with parameters [0.70319755 0.05070896 0.00804599 1.28535027]
  Count:  1330 , QoI:  [0.00787327]
Acceptance ratio:  33.809166040571 %
Solve with parameters [0.69652379 0.04944414 0.00869474 1.38202714]
  Count:  1340 , QoI:  [0.00276908]
Acceptance ratio:  33.78076062639821 %
Solve with parameters [0.66046202 0.04890581 0.0077411  1.6254704 ]
  Count:  1350 , QoI:  [0.02497252]
Acceptance ratio:  34.048852701702444 %
Solve with parameters [0.79446431 0.0763848  0.00732104 1.43857504]
  Count:  1360 , QoI:  [0.01112672]
Acceptance ratio:  34.16605437178546 %
Solve with parameters [0.86978351 0.07935082 0.00823801 1.35446378]
  Count:  1370 , QoI:  [0.00620435]
Acceptance ratio:  34.28154631655726 %
Solve with parameters [0.99192    0.08714216 0.00746726 1.44743107]
  Count:  1380 , QoI:  [0.03319115]
Acceptance ratio:  34.10572049239681 %
Solve with parameters [0.66026124 0.07609218 0.00711318 1.23200165]
  Count:  1390 , QoI:  [-0.01699016]
Acceptance ratio:  34.14809489575845 %
Solve with parameters [0.8231332  0.08223345 0.00888759 1.47703631]
  Count:  1400 , QoI:  [-0.01013556]
Acceptance ratio:  34.18986438258387 %
Solve with parameters [0.69486854 0.07581292 0.0071832  1.37290199]
  Count:  1410 , QoI:  [-0.00711842]
Acceptance ratio:  34.16017009213324 %
Solve with parameters [0.73139719 0.07507999 0.00684628 1.7591991 ]
  Count:  1420 , QoI:  [0.03651525]
Acceptance ratio:  34.13089373680507 %
Solve with parameters [0.74560025 0.06865154 0.00880218 1.51186923]
  Count:  1430 , QoI:  [-0.00657494]
Acceptance ratio:  34.17190775681342 %
Solve with parameters [0.69875688 0.05663178 0.0100707  1.74461157]
  Count:  1440 , QoI:  [-0.00973542]
Acceptance ratio:  34.420541290770295 %
Solve with parameters [0.81255871 0.06476235 0.00869456 1.2089847 ]
  Count:  1450 , QoI:  [0.00436947]
Acceptance ratio:  34.45899379738112 %
Solve with parameters [0.89673941 0.07164018 0.00980144 1.21521757]
  Count:  1460 , QoI:  [0.00157655]
Acceptance ratio:  34.63381245722108 %
Solve with parameters [0.74550873 0.08086735 0.01006674 1.28539855]
  Count:  1470 , QoI:  [-0.03863302]
Acceptance ratio:  34.73827328348062 %
Solve with parameters [0.96368044 0.08763646 0.0108457  0.975317  ]
  Count:  1480 , QoI:  [-0.00244223]
Acceptance ratio:  34.77380148548278 %
Solve with parameters [0.95585435 0.09141188 0.01476459 0.72874429]
  Count:  1490 , QoI:  [-0.00470887]
Acceptance ratio:  34.942991281019445 %
Solve with parameters [0.9540653  0.0821532  0.01471501 0.73020639]
  Count:  1500 , QoI:  [0.00316083]
Acceptance ratio:  34.843437708194536 %
Solve with parameters [0.89320906 0.07252138 0.011888   0.85191985]
  Count:  1510 , QoI:  [0.00125747]
Acceptance ratio:  34.87756452680344 %
Solve with parameters [0.73780345 0.09379282 0.00885508 0.46419929]
  Count:  1520 , QoI:  [-0.00307646]
Acceptance ratio:  34.97698882314267 %
Solve with parameters [0.72823181 0.08854544 0.00568542 0.46194992]
  Count:  1530 , QoI:  [0.00613471]
Acceptance ratio:  35.20574787720444 %
Solve with parameters [0.62390051 0.07667234 0.00753144 0.41006409]
  Count:  1540 , QoI:  [-0.00048011]
Acceptance ratio:  35.171966255678136 %
Solve with parameters [0.8408548  0.09712554 0.01023222 0.43256667]
  Count:  1550 , QoI:  [0.01174236]
Acceptance ratio:  35.138620245003224 %
Solve with parameters [0.72948808 0.10055444 0.00888165 0.48453828]
  Count:  1560 , QoI:  [-0.01173209]
Acceptance ratio:  35.0416399743754 %
Solve with parameters [0.70876561 0.12516547 0.00758825 0.33066046]
  Count:  1570 , QoI:  [-0.01945187]
Acceptance ratio:  35.136855506047105 %
Solve with parameters [0.75350697 0.10571435 0.00762607 0.3491888 ]
  Count:  1580 , QoI:  [0.00116497]
Acceptance ratio:  35.420619860847566 %
Solve with parameters [0.88941625 0.12766501 0.00782798 0.33969953]
  Count:  1590 , QoI:  [0.0058338]
Acceptance ratio:  35.449402891263354 %
Solve with parameters [1.00164733 0.16570234 0.00879644 0.3865165 ]
  Count:  1600 , QoI:  [-0.01122913]
Acceptance ratio:  35.54028732042474 %
Solve with parameters [1.02734524 0.14847749 0.01171115 0.31453069]
  Count:  1610 , QoI:  [0.01388516]
Acceptance ratio:  35.44382371198014 %
Solve with parameters [0.84579668 0.15351555 0.00903354 0.35465502]
  Count:  1620 , QoI:  [-0.02346281]
Acceptance ratio:  35.41024059222702 %
Solve with parameters [1.19485039 0.18475241 0.01176924 0.37799932]
  Count:  1630 , QoI:  [0.00583309]
Acceptance ratio:  35.438381361128144 %
Solve with parameters [1.11681447 0.19437041 0.01092558 0.37971943]
  Count:  1640 , QoI:  [-0.01490522]
Acceptance ratio:  35.344302254722734 %
Solve with parameters [1.12581975 0.17048647 0.00968632 0.47255327]
  Count:  1650 , QoI:  [-0.00406891]
Acceptance ratio:  35.3725015142338 %
Solve with parameters [1.1264138  0.1762781  0.0092292  0.46698841]
  Count:  1660 , QoI:  [-0.00767055]
Acceptance ratio:  35.34015653220951 %
Solve with parameters [1.21908874 0.18461142 0.00970277 0.47653279]
  Count:  1670 , QoI:  [-0.00040472]
Acceptance ratio:  35.24835427887493 %
Solve with parameters [1.14429422 0.20744941 0.01182866 0.46313907]
  Count:  1680 , QoI:  [-0.03110068]
Acceptance ratio:  35.098155859607374 %
Solve with parameters [0.95581625 0.13542376 0.00965698 0.48555913]
  Count:  1690 , QoI:  [-0.00489314]
Acceptance ratio:  35.06800709639267 %
Solve with parameters [0.98318242 0.14388627 0.01046339 0.43841442]
  Count:  1700 , QoI:  [-0.00349723]
Acceptance ratio:  34.97942386831276 %
Solve with parameters [0.96162745 0.13894417 0.00984521 0.52283469]
  Count:  1710 , QoI:  [-0.0106325]
Acceptance ratio:  34.891876095850385 %
Solve with parameters [1.10083796 0.15296463 0.00678879 0.55169827]
  Count:  1720 , QoI:  [0.00353145]
Acceptance ratio:  34.97966298663568 %
Solve with parameters [1.02383273 0.16953155 0.00651561 0.56749293]
  Count:  1730 , QoI:  [-0.02290935]
Acceptance ratio:  34.89312536106297 %
Solve with parameters [0.98966659 0.13510755 0.00619727 0.57659442]
  Count:  1740 , QoI:  [0.00054437]
Acceptance ratio:  34.86502010338886 %
Solve with parameters [0.89651289 0.12326453 0.00786521 0.63910614]
  Count:  1750 , QoI:  [-0.01263392]
Acceptance ratio:  34.72301541976014 %
Solve with parameters [0.93467181 0.1141246  0.00796974 0.51033232]
  Count:  1760 , QoI:  [0.00993865]
Acceptance ratio:  34.63940942646224 %
Solve with parameters [0.91475614 0.1039248  0.00978021 0.56004406]
  Count:  1770 , QoI:  [0.00762102]
Acceptance ratio:  34.66967814793902 %
Solve with parameters [0.84817978 0.08314822 0.0084634  0.47907611]
  Count:  1780 , QoI:  [0.02327906]
Acceptance ratio:  34.755755193711394 %
Solve with parameters [0.69081629 0.06150533 0.01070149 0.54318804]
  Count:  1790 , QoI:  [0.00527545]
Acceptance ratio:  34.952540480178676 %
Solve with parameters [0.70706593 0.05627574 0.01087661 0.48953702]
  Count:  1800 , QoI:  [0.01686953]
Acceptance ratio:  34.869516935036096 %
Solve with parameters [0.70078522 0.05781774 0.01020441 0.68746268]
  Count:  1810 , QoI:  [0.00034653]
Acceptance ratio:  35.00828271673109 %
Solve with parameters [0.67063289 0.06269512 0.00902616 0.71856616]
  Count:  1820 , QoI:  [-0.00608912]
Acceptance ratio:  34.98077979132345 %
Solve with parameters [0.64586876 0.0522622  0.01040893 0.63600845]
  Count:  1830 , QoI:  [-0.00103827]
Acceptance ratio:  34.95357728017477 %
Solve with parameters [0.61964635 0.04681208 0.00999212 0.76277026]
  Count:  1840 , QoI:  [-0.00752642]
Acceptance ratio:  35.08962520369365 %
Solve with parameters [0.59896628 0.03943131 0.01177416 0.76737508]
  Count:  1850 , QoI:  [-0.01341406]
Acceptance ratio:  35.0621285791464 %
Solve with parameters [0.73706691 0.0414692  0.013043   0.65192638]
  Count:  1860 , QoI:  [0.01371743]
Acceptance ratio:  34.98119290703923 %
Solve with parameters [0.75075944 0.04045006 0.01013448 0.84544695]
  Count:  1870 , QoI:  [0.01555321]
Acceptance ratio:  35.06146445750936 %
Solve with parameters [0.73170541 0.04593969 0.01408336 0.91586291]
  Count:  1880 , QoI:  [-0.01985503]
Acceptance ratio:  35.08771929824561 %
Solve with parameters [0.71012684 0.04573783 0.00731545 0.85988604]
  Count:  1890 , QoI:  [0.01966334]
Acceptance ratio:  35.06081438392385 %
Solve with parameters [0.53622428 0.05481565 0.00773076 1.10218356]
  Count:  1900 , QoI:  [-0.02401466]
Acceptance ratio:  35.139400315623355 %
Solve with parameters [0.72565281 0.03782619 0.00932601 0.94861089]
  Count:  1910 , QoI:  [0.01452366]
Acceptance ratio:  35.26949241234956 %
Solve with parameters [0.93507225 0.03977509 0.01008815 1.17337352]
  Count:  1920 , QoI:  [0.03964387]
Acceptance ratio:  35.294117647058826 %
Solve with parameters [0.71380111 0.04484487 0.00962916 0.90307827]
  Count:  1930 , QoI:  [0.00533532]
Acceptance ratio:  35.422061108234075 %
Solve with parameters [0.75369493 0.044761   0.01118389 1.08072117]
  Count:  1940 , QoI:  [-0.00560018]
Acceptance ratio:  35.497166409067496 %
Solve with parameters [0.68573471 0.05135955 0.01037209 1.09217418]
  Count:  1950 , QoI:  [-0.01810203]
Acceptance ratio:  35.62275756022552 %
Solve with parameters [0.72102083 0.04481174 0.01116723 1.00197736]
  Count:  1960 , QoI:  [-0.00799334]
Acceptance ratio:  35.64507904130546 %
Solve with parameters [0.75753065 0.04300991 0.01246952 0.90812712]
  Count:  1970 , QoI:  [-0.0026043]
Acceptance ratio:  35.667174023338404 %
Solve with parameters [0.85896652 0.0436096  0.01081528 1.08839174]
  Count:  1980 , QoI:  [0.0173019]
Acceptance ratio:  35.58808682483594 %
Solve with parameters [0.59804725 0.04116655 0.00805591 0.91072383]
  Count:  1990 , QoI:  [-0.00070393]
Acceptance ratio:  35.509794073329985 %
Solve with parameters [0.65451653 0.04582069 0.00889607 1.01640259]
  Count:  2000 , QoI:  [-0.0041619]
Number accepted = 713
