pwd: /data1/prashant/Dropbox/Dropbox/Work/Simulations/TumorModeling/PosteriorAnalysis/TumModel_AllenCahn
py file: run_2
 
Running chain 4
 
Arguments passed: 
Namespace(chain_id=4)
WARNING: user expression has not supplied value_shape method or an element. Assuming scalar element.
WARNING: user expression has not supplied value_shape method or an element. Assuming scalar element.
WARNING: user expression has not supplied value_shape method or an element. Assuming scalar element.
WARNING: user expression has not supplied value_shape method or an element. Assuming scalar element.
WARNING: user expression has not supplied value_shape method or an element. Assuming scalar element.
WARNING: user expression has not supplied value_shape method or an element. Assuming scalar element.


Getting low-fidelity solution

Solve LF with parameters [0.2, 0.1, 0.05]


Compute error at one parameter sample

test parameter: <dolfin.cpp.la.Vector object at 0x7f27e355a4f0>


Solve original forward and dual problem

Solve with parameters [0.53160461 0.1738972  0.0107418  1.26575257]


Solve for approximate errors

Solve with parameters [0.53160461 0.1738972  0.0107418  1.26575257]

 *** comparing various estimates ***


Q(u0) =  1.1923454107206624


QoI using exact

Q(u) =  1.0579623053391742

Error Q(u) - Q(u0) =  -0.13438310538148812

Estimate 1 Q(u) - Q(u0) =  0.4256191300553919

Estimate 2 Q(u) - Q(u0) =  0.6810052235033832

Estimate 3 Q(u) - Q(u0) =  -0.05726686997797642


QoI using approximate


Q(u) =  1.0285646718978967

Error Q(u) - Q(u0) =  -0.16378073882276567

Estimate 1 Q(u) - Q(u0) =  0.42366746887814255

Estimate 2 Q(u) - Q(u0) =  1.4425359544150422

Estimate 3 Q(u) - Q(u0) =  -0.07634152098855608


 *** Running MCMC simulation ***


Solve with parameters [0.53160461 0.1738972  0.0107418  1.26575257]
  Count:  0 , QoI:  [-0.16378074]
Acceptance ratio:  0.0 %
Solve with parameters [0.71019452 0.12719727 0.01325856 1.37873783]
  Count:  10 , QoI:  [-0.12804429]
Acceptance ratio:  27.27272727272727 %
Solve with parameters [0.71662394 0.08869526 0.01139572 1.16520974]
  Count:  20 , QoI:  [-0.06076466]
Acceptance ratio:  47.61904761904761 %
Solve with parameters [0.90632088 0.06669482 0.00954135 2.0483035 ]
  Count:  30 , QoI:  [0.0590383]
Acceptance ratio:  41.935483870967744 %
Solve with parameters [0.67645674 0.08469468 0.00942643 1.91310545]
  Count:  40 , QoI:  [-0.02355682]
Acceptance ratio:  36.58536585365854 %
Solve with parameters [0.6896442  0.07298087 0.01122873 2.28270337]
  Count:  50 , QoI:  [-0.00744853]
Acceptance ratio:  31.372549019607842 %
Solve with parameters [0.74542879 0.08578345 0.0110509  1.97092697]
  Count:  60 , QoI:  [-0.04074953]
Acceptance ratio:  27.86885245901639 %
Solve with parameters [0.72844421 0.10563491 0.00967453 2.07610106]
  Count:  70 , QoI:  [-0.02977074]
Acceptance ratio:  26.76056338028169 %
Solve with parameters [0.68735515 0.06286773 0.01047404 2.03485026]
  Count:  80 , QoI:  [-0.00426216]
Acceptance ratio:  28.39506172839506 %
Solve with parameters [0.68037179 0.06353613 0.01075089 2.1181067 ]
  Count:  90 , QoI:  [-0.00410282]
Acceptance ratio:  26.373626373626376 %
Solve with parameters [0.77980975 0.06871845 0.01048942 2.01303097]
  Count:  100 , QoI:  [0.00416574]
Acceptance ratio:  26.732673267326735 %
Solve with parameters [0.68280104 0.07068853 0.01037113 1.96092433]
  Count:  110 , QoI:  [-0.02025924]
Acceptance ratio:  24.324324324324326 %
Solve with parameters [0.87315185 0.06891051 0.01038849 1.80500693]
  Count:  120 , QoI:  [0.00739919]
Acceptance ratio:  27.27272727272727 %
Solve with parameters [0.8092478  0.07196946 0.00846999 1.85935438]
  Count:  130 , QoI:  [0.03334738]
Acceptance ratio:  26.717557251908396 %
Solve with parameters [0.76169544 0.06788055 0.00913693 1.60338749]
  Count:  140 , QoI:  [-0.00347868]
Acceptance ratio:  26.95035460992908 %
Solve with parameters [0.755973   0.07064423 0.00957776 1.56885222]
  Count:  150 , QoI:  [-0.01607341]
Acceptance ratio:  25.165562913907287 %
Solve with parameters [0.73272428 0.05909774 0.01044236 1.88806326]
  Count:  160 , QoI:  [-0.00304845]
Acceptance ratio:  26.70807453416149 %
Solve with parameters [0.65723202 0.05492284 0.01018308 1.93691038]
  Count:  170 , QoI:  [-0.00303439]
Acceptance ratio:  27.485380116959064 %
Solve with parameters [0.72818761 0.05499233 0.01073021 2.21429403]
  Count:  180 , QoI:  [0.03080322]
Acceptance ratio:  27.071823204419886 %
Solve with parameters [0.59860504 0.05611146 0.01081157 2.19254363]
  Count:  190 , QoI:  [-0.00323356]
Acceptance ratio:  26.701570680628272 %
Solve with parameters [0.65641813 0.05580757 0.01104536 1.89988468]
  Count:  200 , QoI:  [-0.02532139]
Acceptance ratio:  25.37313432835821 %
Solve with parameters [0.66632113 0.06769762 0.00949062 2.20203359]
  Count:  210 , QoI:  [0.0315854]
Acceptance ratio:  25.118483412322274 %
Solve with parameters [0.56273477 0.06896638 0.00938765 1.77445409]
  Count:  220 , QoI:  [-0.03609901]
Acceptance ratio:  24.43438914027149 %
Solve with parameters [0.60543713 0.06173238 0.00915153 2.28919965]
  Count:  230 , QoI:  [0.05271014]
Acceptance ratio:  24.242424242424242 %
Solve with parameters [0.60795869 0.05373613 0.00814775 1.5012139 ]
  Count:  240 , QoI:  [-0.00548823]
Acceptance ratio:  23.236514522821576 %
Solve with parameters [0.63861473 0.05963482 0.00798726 1.76641597]
  Count:  250 , QoI:  [0.01626648]
Acceptance ratio:  23.904382470119522 %
Solve with parameters [0.56702503 0.06025459 0.00936804 1.89696858]
  Count:  260 , QoI:  [-0.01388057]
Acceptance ratio:  24.137931034482758 %
Solve with parameters [0.47956039 0.06606682 0.0077346  1.81333515]
  Count:  270 , QoI:  [-0.01142557]
Acceptance ratio:  23.985239852398525 %
Solve with parameters [0.56285509 0.06683306 0.00543339 1.41924585]
  Count:  280 , QoI:  [0.0076336]
Acceptance ratio:  24.555160142348754 %
Solve with parameters [0.72263859 0.0734041  0.00719156 1.35877909]
  Count:  290 , QoI:  [-0.00033478]
Acceptance ratio:  25.773195876288657 %
Solve with parameters [0.67933073 0.06776537 0.0067572  1.07691659]
  Count:  300 , QoI:  [-0.00397953]
Acceptance ratio:  26.578073089701 %
Solve with parameters [0.73495996 0.08206621 0.00741682 0.87196178]
  Count:  310 , QoI:  [-0.01125144]
Acceptance ratio:  27.009646302250808 %
Solve with parameters [0.7464159  0.06568769 0.0078563  0.85690077]
  Count:  320 , QoI:  [0.00370227]
Acceptance ratio:  27.41433021806853 %
Solve with parameters [0.80553214 0.07843556 0.00748583 0.94354943]
  Count:  330 , QoI:  [0.00176384]
Acceptance ratio:  27.794561933534744 %
Solve with parameters [0.88747535 0.0675114  0.00910391 1.09221728]
  Count:  340 , QoI:  [0.01193747]
Acceptance ratio:  27.56598240469208 %
Solve with parameters [0.71785552 0.06203813 0.00806154 0.76904214]
  Count:  350 , QoI:  [0.0043852]
Acceptance ratio:  28.774928774928775 %
Solve with parameters [0.73710745 0.07685664 0.0088691  0.95533462]
  Count:  360 , QoI:  [-0.01802805]
Acceptance ratio:  28.80886426592798 %
Solve with parameters [1.00195157 0.10252201 0.00558168 1.09448931]
  Count:  370 , QoI:  [0.02598048]
Acceptance ratio:  29.649595687331537 %
Solve with parameters [0.83799534 0.09392391 0.00500415 1.02090333]
  Count:  380 , QoI:  [0.01075336]
Acceptance ratio:  30.446194225721783 %
Solve with parameters [0.71824909 0.09447949 0.00476965 1.05840077]
  Count:  390 , QoI:  [-0.00630633]
Acceptance ratio:  30.179028132992325 %
Solve with parameters [0.72205635 0.111587   0.00455116 1.26371936]
  Count:  400 , QoI:  [-0.01257912]
Acceptance ratio:  30.92269326683292 %
Solve with parameters [0.71154497 0.10042678 0.00478873 1.19863016]
  Count:  410 , QoI:  [-0.00872807]
Acceptance ratio:  31.143552311435524 %
Solve with parameters [0.67605427 0.08949719 0.00571931 1.08049572]
  Count:  420 , QoI:  [-0.01653548]
Acceptance ratio:  30.878859857482183 %
Solve with parameters [0.71430495 0.09383734 0.00708869 1.1385102 ]
  Count:  430 , QoI:  [-0.02680541]
Acceptance ratio:  31.09048723897912 %
Solve with parameters [0.67840444 0.08660547 0.00758047 1.35600772]
  Count:  440 , QoI:  [-0.02732554]
Acceptance ratio:  31.519274376417233 %
Solve with parameters [0.66577564 0.06344929 0.00779464 1.53984412]
  Count:  450 , QoI:  [0.00152888]
Acceptance ratio:  32.15077605321508 %
Solve with parameters [0.55658249 0.0795317  0.00916178 1.81604028]
  Count:  460 , QoI:  [-0.04271254]
Acceptance ratio:  31.670281995661604 %
Solve with parameters [0.56010334 0.07381371 0.00850169 1.73120641]
  Count:  470 , QoI:  [-0.02888495]
Acceptance ratio:  31.210191082802545 %
Solve with parameters [0.57083186 0.07681123 0.00736939 1.77374257]
  Count:  480 , QoI:  [-0.00452016]
Acceptance ratio:  31.185031185031185 %
Solve with parameters [0.52834179 0.08346209 0.007551   1.56911232]
  Count:  490 , QoI:  [-0.04024488]
Acceptance ratio:  30.75356415478615 %
Solve with parameters [0.49115249 0.07447276 0.0076159  1.59509509]
  Count:  500 , QoI:  [-0.0359973]
Acceptance ratio:  30.33932135728543 %
Solve with parameters [0.6080278  0.06308799 0.00496194 1.43642722]
  Count:  510 , QoI:  [0.02846372]
Acceptance ratio:  30.136986301369863 %
Solve with parameters [0.58517043 0.06415428 0.00642048 1.50704956]
  Count:  520 , QoI:  [0.00596492]
Acceptance ratio:  30.134357005758154 %
Solve with parameters [0.6168321  0.08261854 0.00597074 1.65264771]
  Count:  530 , QoI:  [0.01139563]
Acceptance ratio:  29.943502824858758 %
Solve with parameters [0.63150674 0.09160296 0.00613553 1.50719947]
  Count:  540 , QoI:  [-0.01268143]
Acceptance ratio:  29.75970425138632 %
Solve with parameters [0.59214446 0.09737903 0.00477142 1.77383428]
  Count:  550 , QoI:  [0.02953378]
Acceptance ratio:  29.58257713248639 %
Solve with parameters [0.57363225 0.10040048 0.00561358 1.73399438]
  Count:  560 , QoI:  [-0.00135021]
Acceptance ratio:  29.411764705882355 %
Solve with parameters [0.57530968 0.10502266 0.00588106 1.74447442]
  Count:  570 , QoI:  [-0.01100722]
Acceptance ratio:  29.246935201401055 %
Solve with parameters [0.58670238 0.10246531 0.00669764 1.39714358]
  Count:  580 , QoI:  [-0.0469522]
Acceptance ratio:  29.08777969018933 %
Solve with parameters [0.52195519 0.09075556 0.00590668 1.85738877]
  Count:  590 , QoI:  [0.01157107]
Acceptance ratio:  29.103214890016922 %
Solve with parameters [0.48939557 0.09471531 0.00723656 2.13609176]
  Count:  600 , QoI:  [0.01035068]
Acceptance ratio:  29.28452579034942 %
Solve with parameters [0.51869602 0.10417018 0.0071871  2.2279187 ]
  Count:  610 , QoI:  [0.0212594]
Acceptance ratio:  29.132569558101473 %
Solve with parameters [0.516152   0.10911171 0.00634719 2.4548073 ]
  Count:  620 , QoI:  [0.09682368]
Acceptance ratio:  28.663446054750402 %
Solve with parameters [0.49193572 0.11488612 0.00724815 2.21037097]
  Count:  630 , QoI:  [-0.00450799]
Acceptance ratio:  28.68462757527734 %
Solve with parameters [0.43702433 0.10287937 0.00776111 2.03017909]
  Count:  640 , QoI:  [-0.04117029]
Acceptance ratio:  28.549141965678626 %
Solve with parameters [0.47285471 0.12621111 0.0071141  2.69534711]
  Count:  650 , QoI:  [0.099723]
Acceptance ratio:  28.264208909370197 %
Solve with parameters [0.40269794 0.10789932 0.00759268 2.49053541]
  Count:  660 , QoI:  [0.03668387]
Acceptance ratio:  27.987897125567322 %
Solve with parameters [0.44820177 0.09712084 0.00883575 2.35442388]
  Count:  670 , QoI:  [-0.01041413]
Acceptance ratio:  28.017883755588674 %
Solve with parameters [0.53431301 0.08536715 0.01012402 2.35981999]
  Count:  680 , QoI:  [-0.01470659]
Acceptance ratio:  27.900146842878122 %
Solve with parameters [0.58376752 0.10443557 0.00911245 2.18894173]
  Count:  690 , QoI:  [-0.02857486]
Acceptance ratio:  27.785817655571638 %
Solve with parameters [0.70752889 0.10112952 0.00805346 1.73914057]
  Count:  700 , QoI:  [-0.02547213]
Acceptance ratio:  27.674750356633382 %
Solve with parameters [0.65550256 0.09622222 0.00814298 1.68744186]
  Count:  710 , QoI:  [-0.03463531]
Acceptance ratio:  27.42616033755274 %
Solve with parameters [0.54167942 0.07783964 0.0089928  1.77766697]
  Count:  720 , QoI:  [-0.04301616]
Acceptance ratio:  27.323162274618586 %
Solve with parameters [0.4308895  0.07950404 0.00693775 2.163407  ]
  Count:  730 , QoI:  [0.0343965]
Acceptance ratio:  27.49658002735978 %
Solve with parameters [0.45711649 0.07490242 0.00744795 1.93367885]
  Count:  740 , QoI:  [-0.00591975]
Acceptance ratio:  27.66531713900135 %
Solve with parameters [0.42213681 0.07744394 0.00813359 2.13232115]
  Count:  750 , QoI:  [-0.00472663]
Acceptance ratio:  27.563249001331556 %
Solve with parameters [0.34399293 0.06992443 0.00760629 2.26341071]
  Count:  760 , QoI:  [0.03042957]
Acceptance ratio:  27.463863337713533 %
Solve with parameters [0.40626997 0.06240377 0.00604125 1.6347935 ]
  Count:  770 , QoI:  [-0.00486843]
Acceptance ratio:  27.626459143968873 %
Solve with parameters [0.37141238 0.07084333 0.00584429 1.76492484]
  Count:  780 , QoI:  [-0.00178754]
Acceptance ratio:  27.656850192061462 %
Solve with parameters [0.4737926  0.07383108 0.00476344 1.63697208]
  Count:  790 , QoI:  [0.01869164]
Acceptance ratio:  27.939317319848296 %
Solve with parameters [0.47482952 0.09414062 0.0063933  1.68650629]
  Count:  800 , QoI:  [-0.03218592]
Acceptance ratio:  27.715355805243448 %
Solve with parameters [0.45558323 0.09882717 0.00506664 1.41841893]
  Count:  810 , QoI:  [-0.04014423]
Acceptance ratio:  27.866831072749694 %
Solve with parameters [0.45474286 0.1114185  0.00467833 1.75172764]
  Count:  820 , QoI:  [-0.01322581]
Acceptance ratio:  27.527405602923267 %
Solve with parameters [0.43124167 0.15528459 0.00456044 2.10381733]
  Count:  830 , QoI:  [-0.01120177]
Acceptance ratio:  27.557160048134776 %
Solve with parameters [0.4551793  0.13851377 0.00393932 2.05607981]
  Count:  840 , QoI:  [0.02500124]
Acceptance ratio:  27.348394768133176 %
Solve with parameters [0.37277774 0.13403255 0.00392154 1.72336594]
  Count:  850 , QoI:  [-0.04159466]
Acceptance ratio:  27.144535840188016 %
Solve with parameters [0.38829403 0.09689396 0.00533796 2.03480197]
  Count:  860 , QoI:  [0.02396623]
Acceptance ratio:  26.94541231126597 %
Solve with parameters [0.48003835 0.10923094 0.00510485 1.9366627 ]
  Count:  870 , QoI:  [0.01250813]
Acceptance ratio:  27.210103329506314 %
Solve with parameters [0.58533256 0.10622676 0.00544357 1.9589537 ]
  Count:  880 , QoI:  [0.03081687]
Acceptance ratio:  27.128263337116916 %
Solve with parameters [0.59476073 0.07732726 0.00527737 1.60455021]
  Count:  890 , QoI:  [0.02159396]
Acceptance ratio:  27.048260381593714 %
Solve with parameters [0.42643934 0.09150627 0.00585601 1.55853761]
  Count:  900 , QoI:  [-0.03910089]
Acceptance ratio:  27.081021087680355 %
Solve with parameters [0.50497134 0.11321396 0.00605282 1.98885965]
  Count:  910 , QoI:  [-0.00425399]
Acceptance ratio:  27.22283205268935 %
Solve with parameters [0.51638401 0.10453477 0.00616096 2.02817985]
  Count:  920 , QoI:  [0.01317535]
Acceptance ratio:  27.36156351791531 %
Solve with parameters [0.66120273 0.09999802 0.00867757 2.06610428]
  Count:  930 , QoI:  [-0.01248599]
Acceptance ratio:  27.38990332975295 %
Solve with parameters [0.68355589 0.10743794 0.0082594  2.0481745 ]
  Count:  940 , QoI:  [-0.01003398]
Acceptance ratio:  27.09883103081828 %
Solve with parameters [0.69056926 0.10874765 0.00830826 2.14522229]
  Count:  950 , QoI:  [0.00211806]
Acceptance ratio:  26.919032597266035 %
Solve with parameters [0.7290511  0.1219055  0.01010391 2.30890487]
  Count:  960 , QoI:  [-0.03405947]
Acceptance ratio:  26.84703433922997 %
Solve with parameters [0.71944182 0.11488771 0.00698384 1.68337559]
  Count:  970 , QoI:  [-0.02457365]
Acceptance ratio:  26.6735324407827 %
Solve with parameters [0.74800235 0.11269193 0.00687073 1.77995467]
  Count:  980 , QoI:  [-0.00541702]
Acceptance ratio:  26.605504587155966 %
Solve with parameters [0.61477403 0.11365679 0.00746791 1.99351973]
  Count:  990 , QoI:  [-0.01927812]
Acceptance ratio:  26.337033299697275 %
Solve with parameters [0.56185432 0.13378276 0.00675376 2.19002594]
  Count:  1000 , QoI:  [-0.00645323]
Acceptance ratio:  26.47352647352647 %
Solve with parameters [0.45930199 0.12804911 0.00655257 2.67423599]
  Count:  1010 , QoI:  [0.11227683]
Acceptance ratio:  26.310583580613255 %
Solve with parameters [0.43507602 0.16576425 0.00821707 2.57546006]
  Count:  1020 , QoI:  [-0.05038818]
Acceptance ratio:  26.24877571008815 %
Solve with parameters [0.4052191  0.1587319  0.00770738 2.98443405]
  Count:  1030 , QoI:  [0.09741257]
Acceptance ratio:  25.994180407371488 %
Solve with parameters [0.45015665 0.14385416 0.00779838 2.71424024]
  Count:  1040 , QoI:  [0.04002784]
Acceptance ratio:  25.74447646493756 %
Solve with parameters [0.45485997 0.14784037 0.00826923 2.50124845]
  Count:  1050 , QoI:  [-0.03674576]
Acceptance ratio:  25.499524262607043 %
Solve with parameters [0.49387743 0.15168009 0.00818205 2.40587409]
  Count:  1060 , QoI:  [-0.05032126]
Acceptance ratio:  25.25918944392083 %
Solve with parameters [0.43631954 0.14960806 0.0097392  2.89048613]
  Count:  1070 , QoI:  [-0.00929249]
Acceptance ratio:  25.023342670401494 %
Solve with parameters [0.46488483 0.15494388 0.00841299 2.83725346]
  Count:  1080 , QoI:  [0.03304074]
Acceptance ratio:  24.79185938945421 %
Solve with parameters [0.48834465 0.16105782 0.00850861 2.77788018]
  Count:  1090 , QoI:  [0.00640023]
Acceptance ratio:  24.65627864344638 %
Solve with parameters [0.56879407 0.15405158 0.00863971 3.07416444]
  Count:  1100 , QoI:  [0.12849502]
Acceptance ratio:  24.52316076294278 %
Solve with parameters [0.47392566 0.18001119 0.00737657 2.2812105 ]
  Count:  1110 , QoI:  [-0.09017747]
Acceptance ratio:  24.482448244824482 %
Solve with parameters [0.67455913 0.17584151 0.006822   2.51714333]
  Count:  1120 , QoI:  [0.02216001]
Acceptance ratio:  24.353256021409457 %
Solve with parameters [0.59343764 0.17678141 0.00604321 2.43077705]
  Count:  1130 , QoI:  [0.0119852]
Acceptance ratio:  24.137931034482758 %
Solve with parameters [0.63069366 0.18788541 0.00548097 2.52504555]
  Count:  1140 , QoI:  [0.04905865]
Acceptance ratio:  23.92638036809816 %
Solve with parameters [0.75795139 0.15673781 0.00598279 2.16008184]
  Count:  1150 , QoI:  [0.01638209]
Acceptance ratio:  23.80538662033015 %
Solve with parameters [0.67608399 0.17245942 0.00752987 2.04844167]
  Count:  1160 , QoI:  [-0.07821396]
Acceptance ratio:  23.772609819121445 %
Solve with parameters [0.63456088 0.1552     0.00771817 2.0026051 ]
  Count:  1170 , QoI:  [-0.07372449]
Acceptance ratio:  23.740392826643895 %
Solve with parameters [0.52479618 0.16324282 0.00621456 2.64152728]
  Count:  1180 , QoI:  [0.07106556]
Acceptance ratio:  23.708721422523286 %
Solve with parameters [0.60239241 0.1660478  0.00714341 2.39208932]
  Count:  1190 , QoI:  [-0.01771535]
Acceptance ratio:  23.5936188077246 %
Solve with parameters [0.53851849 0.14741044 0.00833745 2.57737222]
  Count:  1200 , QoI:  [-0.0044446]
Acceptance ratio:  23.563696919233973 %
Solve with parameters [0.44550028 0.15842241 0.00876517 2.73555306]
  Count:  1210 , QoI:  [-0.02061306]
Acceptance ratio:  23.451692815854667 %
Solve with parameters [0.54807639 0.13469505 0.0081266  2.3955878 ]
  Count:  1220 , QoI:  [-0.01457533]
Acceptance ratio:  23.34152334152334 %
Solve with parameters [0.5548285  0.1361507  0.00790386 2.44287644]
  Count:  1230 , QoI:  [0.00196727]
Acceptance ratio:  23.23314378554021 %
Solve with parameters [0.60063337 0.13285072 0.00627168 2.34984206]
  Count:  1240 , QoI:  [0.05207784]
Acceptance ratio:  23.207091055600323 %
Solve with parameters [0.5408587  0.1286226  0.00787234 2.63353816]
  Count:  1250 , QoI:  [0.05908683]
Acceptance ratio:  23.021582733812952 %
Solve with parameters [0.61382092 0.16153269 0.00605759 2.12489512]
  Count:  1260 , QoI:  [-0.02607957]
Acceptance ratio:  22.997620935765266 %
Solve with parameters [0.70917663 0.13814646 0.00828833 1.87679451]
  Count:  1270 , QoI:  [-0.06330977]
Acceptance ratio:  22.816679779701023 %
Solve with parameters [0.70171611 0.14510469 0.00643716 2.26587463]
  Count:  1280 , QoI:  [0.02941337]
Acceptance ratio:  22.716627634660423 %
Solve with parameters [0.47825059 0.16571064 0.00528506 2.2072485 ]
  Count:  1290 , QoI:  [-0.01838776]
Acceptance ratio:  22.61812548412084 %
Solve with parameters [0.49933725 0.16305775 0.00624309 2.31237536]
  Count:  1300 , QoI:  [-0.02000199]
Acceptance ratio:  22.521137586471944 %
Solve with parameters [0.64285376 0.12528275 0.00512009 1.73337586]
  Count:  1310 , QoI:  [-0.00927483]
Acceptance ratio:  22.578184591914567 %
Solve with parameters [0.77283641 0.15107276 0.00515282 1.65334339]
  Count:  1320 , QoI:  [-0.02686612]
Acceptance ratio:  22.482967448902347 %
Solve with parameters [0.85513488 0.14061263 0.00456579 1.38616132]
  Count:  1330 , QoI:  [-0.01411651]
Acceptance ratio:  22.389181066867017 %
Solve with parameters [0.94721641 0.15297102 0.00432724 1.61005423]
  Count:  1340 , QoI:  [0.01148115]
Acceptance ratio:  22.296793437733033 %
Solve with parameters [0.89138116 0.1731852  0.00575937 1.31419312]
  Count:  1350 , QoI:  [-0.06050787]
Acceptance ratio:  22.35381199111769 %
Solve with parameters [0.86099492 0.10523421 0.00533851 1.12311947]
  Count:  1360 , QoI:  [0.00260192]
Acceptance ratio:  22.630418809698753 %
Solve with parameters [0.80091447 0.09679488 0.00536601 0.98463061]
  Count:  1370 , QoI:  [-0.001467]
Acceptance ratio:  22.830051057622175 %
Solve with parameters [0.8552672  0.09780055 0.00519011 1.0523243 ]
  Count:  1380 , QoI:  [0.00879565]
Acceptance ratio:  22.73714699493121 %
Solve with parameters [0.80663455 0.08346127 0.00685672 1.0713959 ]
  Count:  1390 , QoI:  [0.00087338]
Acceptance ratio:  23.005032350826742 %
Solve with parameters [0.72671769 0.10961515 0.00668673 1.32807286]
  Count:  1400 , QoI:  [-0.03312966]
Acceptance ratio:  23.05496074232691 %
Solve with parameters [0.75823841 0.09548478 0.00647085 1.07955072]
  Count:  1410 , QoI:  [-0.01573065]
Acceptance ratio:  23.03330970942594 %
Solve with parameters [0.81836991 0.08673629 0.00605388 0.75481766]
  Count:  1420 , QoI:  [0.00870111]
Acceptance ratio:  23.15270935960591 %
Solve with parameters [0.94592917 0.10826055 0.00644923 0.99730584]
  Count:  1430 , QoI:  [0.00321801]
Acceptance ratio:  23.48008385744235 %
Solve with parameters [0.8971874  0.11347836 0.00733009 1.2095108 ]
  Count:  1440 , QoI:  [-0.01743228]
Acceptance ratio:  23.4559333795975 %
Solve with parameters [0.98793455 0.11856501 0.00719589 1.23566096]
  Count:  1450 , QoI:  [-0.00534877]
Acceptance ratio:  23.501033769813922 %
Solve with parameters [0.96677679 0.10780807 0.01172323 1.18839005]
  Count:  1460 , QoI:  [-0.03840911]
Acceptance ratio:  23.613963039014372 %
Solve with parameters [1.01570609 0.10115189 0.01060075 0.96624032]
  Count:  1470 , QoI:  [-0.00406993]
Acceptance ratio:  23.725356900067982 %
Solve with parameters [0.95139015 0.10385527 0.0106313  0.73891833]
  Count:  1480 , QoI:  [-0.00302211]
Acceptance ratio:  23.83524645509791 %
Solve with parameters [0.77711619 0.0922516  0.01082536 0.75339049]
  Count:  1490 , QoI:  [-0.0245315]
Acceptance ratio:  23.876592890677397 %
Solve with parameters [0.93675304 0.11846481 0.01012776 0.70687944]
  Count:  1500 , QoI:  [-0.01406497]
Acceptance ratio:  23.850766155896068 %
Solve with parameters [1.07346151 0.13134156 0.00969069 0.80840108]
  Count:  1510 , QoI:  [-0.00777616]
Acceptance ratio:  23.825281270681668 %
Solve with parameters [0.81625796 0.10272104 0.01329752 0.65877308]
  Count:  1520 , QoI:  [-0.02704475]
Acceptance ratio:  23.997370151216305 %
Solve with parameters [0.96769499 0.10107399 0.01123649 0.74043058]
  Count:  1530 , QoI:  [-7.02963937e-05]
Acceptance ratio:  24.297844546048335 %
Solve with parameters [0.85103942 0.0849239  0.01027143 0.93455097]
  Count:  1540 , QoI:  [-0.01410806]
Acceptance ratio:  24.399740428293313 %
Solve with parameters [0.87461675 0.08249775 0.0080918  0.89432259]
  Count:  1550 , QoI:  [0.0069527]
Acceptance ratio:  24.37137330754352 %
Solve with parameters [0.77557601 0.08114384 0.00959033 1.0315567 ]
  Count:  1560 , QoI:  [-0.02330469]
Acceptance ratio:  24.535554131966688 %
Solve with parameters [0.98672407 0.08917646 0.00934848 1.11793226]
  Count:  1570 , QoI:  [0.0053867]
Acceptance ratio:  24.633991088478677 %
Solve with parameters [1.05108803 0.08667732 0.01132848 1.16125975]
  Count:  1580 , QoI:  [0.00254808]
Acceptance ratio:  24.667931688804554 %
Solve with parameters [0.79744835 0.07659099 0.01005253 1.11539962]
  Count:  1590 , QoI:  [-0.02137656]
Acceptance ratio:  24.70144563167819 %
Solve with parameters [0.81086087 0.08740303 0.00891673 1.00950294]
  Count:  1600 , QoI:  [-0.01758493]
Acceptance ratio:  24.734540911930043 %
Solve with parameters [0.83751219 0.07353216 0.00883588 1.00435258]
  Count:  1610 , QoI:  [0.00113397]
Acceptance ratio:  24.767225325884542 %
Solve with parameters [0.96789562 0.07660589 0.01086114 0.97804075]
  Count:  1620 , QoI:  [0.00865887]
Acceptance ratio:  24.799506477483035 %
Solve with parameters [0.75486985 0.0824021  0.0089392  0.83931831]
  Count:  1630 , QoI:  [-0.01578311]
Acceptance ratio:  24.954015941140405 %
Solve with parameters [0.87504067 0.07934102 0.00961575 0.83924664]
  Count:  1640 , QoI:  [0.00391434]
Acceptance ratio:  25.1066422912858 %
Solve with parameters [0.82814415 0.06149883 0.00751278 0.98762637]
  Count:  1650 , QoI:  [0.02123144]
Acceptance ratio:  25.196850393700785 %
Solve with parameters [0.78313152 0.07162998 0.01155688 0.79799553]
  Count:  1660 , QoI:  [-0.0117625]
Acceptance ratio:  25.165562913907287 %
Solve with parameters [0.70220522 0.06160801 0.01019914 0.63283337]
  Count:  1670 , QoI:  [0.00127563]
Acceptance ratio:  25.134649910233392 %
Solve with parameters [0.64414456 0.05973753 0.00944473 0.77988948]
  Count:  1680 , QoI:  [-0.01333443]
Acceptance ratio:  25.163593099345626 %
Solve with parameters [0.68900432 0.05587068 0.01157567 0.85347055]
  Count:  1690 , QoI:  [-0.01794777]
Acceptance ratio:  25.192193968066235 %
Solve with parameters [0.71682575 0.0645042  0.0117442  0.63354584]
  Count:  1700 , QoI:  [-0.00399614]
Acceptance ratio:  25.33803644914756 %
Solve with parameters [0.64019536 0.0774985  0.01609341 0.57954403]
  Count:  1710 , QoI:  [-0.03515331]
Acceptance ratio:  25.306838106370545 %
Solve with parameters [0.6895139  0.05171401 0.01463041 0.45051949]
  Count:  1720 , QoI:  [0.0147723]
Acceptance ratio:  25.508425334108075 %
Solve with parameters [0.77217251 0.07258069 0.01501151 0.49394806]
  Count:  1730 , QoI:  [0.00586207]
Acceptance ratio:  25.76545349508954 %
Solve with parameters [0.72879454 0.07947491 0.01288579 0.57205862]
  Count:  1740 , QoI:  [-0.01201236]
Acceptance ratio:  25.7323377369328 %
Solve with parameters [0.84856585 0.10738357 0.01240128 0.69995428]
  Count:  1750 , QoI:  [-0.02676963]
Acceptance ratio:  25.92804111936037 %
Solve with parameters [0.79583827 0.07756602 0.0179014  0.5496847 ]
  Count:  1760 , QoI:  [-0.00721431]
Acceptance ratio:  26.17830777967064 %
Solve with parameters [0.76590913 0.07822261 0.01817711 0.63059485]
  Count:  1770 , QoI:  [-0.02567406]
Acceptance ratio:  26.030491247882555 %
Solve with parameters [0.73703002 0.06872161 0.01887313 0.37805662]
  Count:  1780 , QoI:  [0.01415677]
Acceptance ratio:  26.052779337450872 %
Solve with parameters [0.78121913 0.08226043 0.02001912 0.50597774]
  Count:  1790 , QoI:  [-0.01097118]
Acceptance ratio:  26.18648799553322 %
Solve with parameters [0.88151998 0.0849085  0.0185006  0.53760251]
  Count:  1800 , QoI:  [0.0031703]
Acceptance ratio:  26.318711826762907 %
Solve with parameters [1.18339373 0.07558336 0.01650646 0.58198123]
  Count:  1810 , QoI:  [0.06553899]
Acceptance ratio:  26.22860298177802 %
Solve with parameters [0.6795547  0.06742243 0.01188642 0.51202802]
  Count:  1820 , QoI:  [-0.00158815]
Acceptance ratio:  26.41405820977485 %
Solve with parameters [0.6435798  0.07775619 0.01204487 0.49790467]
  Count:  1830 , QoI:  [-0.01515453]
Acceptance ratio:  26.43364281813217 %
Solve with parameters [0.84721861 0.06786771 0.0150091  0.51343646]
  Count:  1840 , QoI:  [0.02081855]
Acceptance ratio:  26.561651276480173 %
Solve with parameters [0.81927284 0.08567498 0.00991878 0.52198135]
  Count:  1850 , QoI:  [0.01002276]
Acceptance ratio:  26.68827660723933 %
Solve with parameters [0.73000571 0.07102849 0.01371416 0.4795714 ]
  Count:  1860 , QoI:  [0.00386645]
Acceptance ratio:  26.92101020956475 %
Solve with parameters [1.00482777 0.09900175 0.01944752 0.60061786]
  Count:  1870 , QoI:  [0.00311618]
Acceptance ratio:  27.044361304115444 %
Solve with parameters [1.10627616 0.08951539 0.01847218 0.69758066]
  Count:  1880 , QoI:  [0.01854845]
Acceptance ratio:  26.953748006379584 %
Solve with parameters [1.03967892 0.09344291 0.0171959  0.64400259]
  Count:  1890 , QoI:  [0.01285886]
Acceptance ratio:  27.022739291380223 %
Solve with parameters [1.12872872 0.12371401 0.01877955 0.60530442]
  Count:  1900 , QoI:  [0.00624355]
Acceptance ratio:  26.880589163598106 %
Solve with parameters [0.93523308 0.0997366  0.01268345 0.66032703]
  Count:  1910 , QoI:  [-0.00198853]
Acceptance ratio:  27.05389848246991 %
Solve with parameters [0.69869189 0.08534698 0.01067978 0.63081487]
  Count:  1920 , QoI:  [-0.02125378]
Acceptance ratio:  27.017178552837063 %
Solve with parameters [0.90874615 0.09104558 0.00905061 0.60016564]
  Count:  1930 , QoI:  [0.01631602]
Acceptance ratio:  27.084412221646815 %
Solve with parameters [0.81336186 0.09495326 0.0093612  0.53583115]
  Count:  1940 , QoI:  [0.00129859]
Acceptance ratio:  27.0994332818135 %
Solve with parameters [0.9101099  0.10352785 0.00865828 0.65388891]
  Count:  1950 , QoI:  [0.00315851]
Acceptance ratio:  27.268067657611482 %
Solve with parameters [0.93711084 0.08628042 0.00803315 0.633519  ]
  Count:  1960 , QoI:  [0.02596405]
Acceptance ratio:  27.231004589495157 %
Solve with parameters [0.86356897 0.09553268 0.00833122 0.94472539]
  Count:  1970 , QoI:  [-0.01029986]
Acceptance ratio:  27.295788939624554 %
Solve with parameters [0.92781252 0.08152056 0.00927735 0.79252335]
  Count:  1980 , QoI:  [0.01511741]
Acceptance ratio:  27.35991923271075 %
Solve with parameters [0.87799404 0.08169235 0.01267324 0.8818971 ]
  Count:  1990 , QoI:  [-0.01613677]
Acceptance ratio:  27.423405323957812 %
Solve with parameters [0.82843217 0.06238976 0.00885398 0.99046876]
  Count:  2000 , QoI:  [0.01063623]
Number accepted = 553
