pwd: /data1/prashant/Dropbox/Dropbox/Work/Simulations/TumorModeling/PosteriorAnalysis/Quasistatic_Problem
py file: run_3
 
Running chain 2
 
Arguments passed: 
Namespace(chain_id=2)
WARNING: user expression has not supplied value_shape method or an element. Assuming scalar element.


Getting low-fidelity solution

Solve LF problem with parameters [0.25]


Compute error at one parameter sample

test parameter: <dolfin.cpp.la.Vector object at 0x7f682e85ae50>


Solve original forward and dual problem

Solve with parameters [0.33897079 5.66599833]


Solve for approximate errors

Solve for errors with parameters [0.33897079 5.66599833]

 *** comparing various estimates ***


Q(u0) =  0.33577262363705257


QoI using exact

Q(u) =  0.13659880855061643

Error Q(u) - Q(u0) =  -0.19917381508643614

Estimate 1 Q(u) - Q(u0) =  -0.2078380333186397

Estimate 2 Q(u) - Q(u0) =  -0.1503870471078101


QoI using approximate


Q(u) =  0.1467323083725338

Error Q(u) - Q(u0) =  -0.18904031526451878

Estimate 1 Q(u) - Q(u0) =  -0.18904031526450496

Estimate 2 Q(u) - Q(u0) =  -0.1415869535578783


 *** Running MCMC simulation ***


Solve for errors with parameters [0.33897079 5.66599833]
  Count:  0 , QoI:  [-0.18904032]
Acceptance ratio:  0.0 %
Solve for errors with parameters [0.2477648  4.77226514]
  Count:  10 , QoI:  [-0.15446382]
Acceptance ratio:  36.36363636363637 %
Solve for errors with parameters [0.25652142 3.79393717]
  Count:  20 , QoI:  [-0.14048332]
Acceptance ratio:  38.095238095238095 %
Solve for errors with parameters [0.19988762 3.18638002]
  Count:  30 , QoI:  [-0.09882493]
Acceptance ratio:  38.70967741935484 %
Solve for errors with parameters [0.20638017 2.73656999]
  Count:  40 , QoI:  [-0.08978987]
Acceptance ratio:  39.02439024390244 %
Solve for errors with parameters [0.18516528 2.828908  ]
  Count:  50 , QoI:  [-0.07780687]
Acceptance ratio:  33.33333333333333 %
Solve for errors with parameters [0.17506447 1.86884893]
  Count:  60 , QoI:  [-0.03036758]
Acceptance ratio:  32.78688524590164 %
Solve for errors with parameters [0.17214023 2.11788513]
  Count:  70 , QoI:  [-0.03879786]
Acceptance ratio:  30.985915492957744 %
Solve for errors with parameters [0.15300473 1.6553431 ]
  Count:  80 , QoI:  [0.00826034]
Acceptance ratio:  29.629629629629626 %
Solve for errors with parameters [0.16910317 2.04028562]
  Count:  90 , QoI:  [-0.0320642]
Acceptance ratio:  28.57142857142857 %
Solve for errors with parameters [0.14437144 1.95101112]
  Count:  100 , QoI:  [0.00257387]
Acceptance ratio:  30.693069306930692 %
Solve for errors with parameters [0.16084954 2.1901468 ]
  Count:  110 , QoI:  [-0.03024503]
Acceptance ratio:  28.82882882882883 %
Solve for errors with parameters [0.15228702 2.18403576]
  Count:  120 , QoI:  [-0.02024604]
Acceptance ratio:  28.09917355371901 %
Solve for errors with parameters [0.16623837 1.91679938]
  Count:  130 , QoI:  [-0.02291546]
Acceptance ratio:  29.770992366412212 %
Solve for errors with parameters [0.163426  1.8696613]
  Count:  140 , QoI:  [-0.01724227]
Acceptance ratio:  30.49645390070922 %
Solve for errors with parameters [0.15950613 1.85324906]
  Count:  150 , QoI:  [-0.01162506]
Acceptance ratio:  30.4635761589404 %
Solve for errors with parameters [0.15033747 1.80378213]
  Count:  160 , QoI:  [0.00308108]
Acceptance ratio:  29.81366459627329 %
Solve for errors with parameters [0.14827381 1.92904602]
  Count:  170 , QoI:  [-0.00142107]
Acceptance ratio:  30.409356725146196 %
Solve for errors with parameters [0.15574313 1.90258938]
  Count:  180 , QoI:  [-0.00960488]
Acceptance ratio:  30.386740331491712 %
Solve for errors with parameters [0.13368859 2.30969471]
  Count:  190 , QoI:  [-0.00375335]
Acceptance ratio:  30.36649214659686 %
Solve for errors with parameters [0.14431368 2.39356636]
  Count:  200 , QoI:  [-0.02153809]
Acceptance ratio:  29.850746268656714 %
Solve for errors with parameters [0.14229675 2.47413771]
  Count:  210 , QoI:  [-0.0232467]
Acceptance ratio:  29.383886255924168 %
Solve for errors with parameters [0.13748222 2.40512243]
  Count:  220 , QoI:  [-0.01388627]
Acceptance ratio:  29.86425339366516 %
Solve for errors with parameters [0.14004524 2.51978944]
  Count:  230 , QoI:  [-0.02291673]
Acceptance ratio:  29.87012987012987 %
Solve for errors with parameters [0.13432754 2.58709549]
  Count:  240 , QoI:  [-0.01956977]
Acceptance ratio:  29.460580912863072 %
Solve for errors with parameters [0.15180788 2.67271857]
  Count:  250 , QoI:  [-0.04286586]
Acceptance ratio:  29.482071713147413 %
Solve for errors with parameters [0.14777739 2.30595801]
  Count:  260 , QoI:  [-0.02115671]
Acceptance ratio:  28.735632183908045 %
Solve for errors with parameters [0.13106076 2.42604941]
  Count:  270 , QoI:  [-0.00683986]
Acceptance ratio:  28.044280442804425 %
Solve for errors with parameters [0.11876922 2.54631956]
  Count:  280 , QoI:  [0.00291904]
Acceptance ratio:  28.825622775800714 %
Solve for errors with parameters [0.10665503 3.10777184]
  Count:  290 , QoI:  [-0.01252867]
Acceptance ratio:  28.865979381443296 %
Solve for errors with parameters [0.09901128 3.07732495]
  Count:  300 , QoI:  [-0.00046472]
Acceptance ratio:  29.568106312292358 %
Solve for errors with parameters [0.10744258 2.87857381]
  Count:  310 , QoI:  [-0.00073116]
Acceptance ratio:  29.581993569131832 %
Solve for errors with parameters [0.10523749 2.85874498]
  Count:  320 , QoI:  [0.00355934]
Acceptance ratio:  29.595015576323984 %
Solve for errors with parameters [0.11650403 2.56376524]
  Count:  330 , QoI:  [0.00509117]
Acceptance ratio:  29.305135951661633 %
Solve for errors with parameters [0.12095044 2.44666047]
  Count:  340 , QoI:  [0.00578968]
Acceptance ratio:  29.03225806451613 %
Solve for errors with parameters [0.14241816 2.34822256]
  Count:  350 , QoI:  [-0.0169414]
Acceptance ratio:  28.774928774928775 %
Solve for errors with parameters [0.13161743 2.873037  ]
  Count:  360 , QoI:  [-0.03063888]
Acceptance ratio:  28.80886426592798 %
Solve for errors with parameters [0.14622755 2.50327108]
  Count:  370 , QoI:  [-0.02915461]
Acceptance ratio:  28.57142857142857 %
Solve for errors with parameters [0.13635657 2.88150088]
  Count:  380 , QoI:  [-0.03622515]
Acceptance ratio:  28.083989501312335 %
Solve for errors with parameters [0.14184245 2.49226597]
  Count:  390 , QoI:  [-0.02362777]
Acceptance ratio:  27.621483375959077 %
Solve for errors with parameters [0.10802308 3.25236192]
  Count:  400 , QoI:  [-0.02184413]
Acceptance ratio:  27.431421446384043 %
Solve for errors with parameters [0.12189725 2.6786305 ]
  Count:  410 , QoI:  [-0.00889436]
Acceptance ratio:  27.49391727493917 %
Solve for errors with parameters [0.11554074 2.56066818]
  Count:  420 , QoI:  [0.00666346]
Acceptance ratio:  27.078384798099762 %
Solve for errors with parameters [0.12206095 3.0568265 ]
  Count:  430 , QoI:  [-0.02869934]
Acceptance ratio:  26.91415313225058 %
Solve for errors with parameters [0.10964143 2.47114817]
  Count:  440 , QoI:  [0.02126894]
Acceptance ratio:  26.53061224489796 %
Solve for errors with parameters [0.14970507 2.2851101 ]
  Count:  450 , QoI:  [-0.02235312]
Acceptance ratio:  26.82926829268293 %
Solve for errors with parameters [0.13804239 2.34660191]
  Count:  460 , QoI:  [-0.01144236]
Acceptance ratio:  26.89804772234273 %
Solve for errors with parameters [0.13426337 2.36244999]
  Count:  470 , QoI:  [-0.00747344]
Acceptance ratio:  27.176220806794056 %
Solve for errors with parameters [0.12163116 2.43723938]
  Count:  480 , QoI:  [0.0053861]
Acceptance ratio:  27.234927234927238 %
Solve for errors with parameters [0.12587599 2.64128519]
  Count:  490 , QoI:  [-0.01197905]
Acceptance ratio:  27.29124236252546 %
Solve for errors with parameters [0.14817719 2.50718076]
  Count:  500 , QoI:  [-0.0314937]
Acceptance ratio:  27.345309381237527 %
Solve for errors with parameters [0.1550485  2.59996242]
  Count:  510 , QoI:  [-0.04292754]
Acceptance ratio:  26.810176125244617 %
Solve for errors with parameters [0.12979995 2.43002996]
  Count:  520 , QoI:  [-0.00540496]
Acceptance ratio:  27.06333973128599 %
Solve for errors with parameters [0.18151912 1.85450006]
  Count:  530 , QoI:  [-0.03648928]
Acceptance ratio:  27.11864406779661 %
Solve for errors with parameters [0.14342327 1.87770841]
  Count:  540 , QoI:  [0.00828603]
Acceptance ratio:  26.98706099815157 %
Solve for errors with parameters [0.14144868 1.8199233 ]
  Count:  550 , QoI:  [0.01473447]
Acceptance ratio:  27.041742286751365 %
Solve for errors with parameters [0.16230136 2.13981652]
  Count:  560 , QoI:  [-0.02942537]
Acceptance ratio:  26.737967914438503 %
Solve for errors with parameters [0.13005797 2.19632926]
  Count:  570 , QoI:  [0.00793825]
Acceptance ratio:  26.79509632224168 %
Solve for errors with parameters [0.14881461 2.53405363]
  Count:  580 , QoI:  [-0.03345396]
Acceptance ratio:  26.506024096385545 %
Solve for errors with parameters [0.15766426 2.28168824]
  Count:  590 , QoI:  [-0.03113245]
Acceptance ratio:  26.73434856175973 %
Solve for errors with parameters [0.15567016 2.19634466]
  Count:  600 , QoI:  [-0.02477718]
Acceptance ratio:  26.788685524126453 %
Solve for errors with parameters [0.15148546 2.42122663]
  Count:  610 , QoI:  [-0.03102644]
Acceptance ratio:  26.677577741407525 %
Solve for errors with parameters [0.10677712 2.50344019]
  Count:  620 , QoI:  [0.02370003]
Acceptance ratio:  26.73107890499195 %
Solve for errors with parameters [0.11163131 2.98797965]
  Count:  630 , QoI:  [-0.01248781]
Acceptance ratio:  26.30744849445325 %
Solve for errors with parameters [0.10611716 2.81574536]
  Count:  640 , QoI:  [0.00486846]
Acceptance ratio:  26.67706708268331 %
Solve for errors with parameters [0.12010939 2.64281364]
  Count:  650 , QoI:  [-0.00452373]
Acceptance ratio:  26.881720430107524 %
Solve for errors with parameters [0.11833154 2.6873662 ]
  Count:  660 , QoI:  [-0.00466209]
Acceptance ratio:  27.23146747352496 %
Solve for errors with parameters [0.10345118 3.10279188]
  Count:  670 , QoI:  [-0.00802851]
Acceptance ratio:  27.27272727272727 %
Solve for errors with parameters [0.10277841 3.09633136]
  Count:  680 , QoI:  [-0.00676136]
Acceptance ratio:  27.45961820851689 %
Solve for errors with parameters [0.11862633 3.3279475 ]
  Count:  690 , QoI:  [-0.03768285]
Acceptance ratio:  27.35166425470333 %
Solve for errors with parameters [0.11841696 2.92784779]
  Count:  700 , QoI:  [-0.01786013]
Acceptance ratio:  27.10413694721826 %
Solve for errors with parameters [0.09775926 3.98883296]
  Count:  710 , QoI:  [-0.04493543]
Acceptance ratio:  27.004219409282697 %
Solve for errors with parameters [0.11641533 2.75814719]
  Count:  720 , QoI:  [-0.00609158]
Acceptance ratio:  26.907073509015255 %
Solve for errors with parameters [0.15273381 2.33522555]
  Count:  730 , QoI:  [-0.02827477]
Acceptance ratio:  27.22298221614227 %
Solve for errors with parameters [0.15044408 2.2502117 ]
  Count:  740 , QoI:  [-0.02145094]
Acceptance ratio:  27.125506072874494 %
Solve for errors with parameters [0.13959657 2.23084168]
  Count:  750 , QoI:  [-0.00707662]
Acceptance ratio:  27.296937416777627 %
Solve for errors with parameters [0.15713215 2.16532512]
  Count:  760 , QoI:  [-0.02490318]
Acceptance ratio:  26.938239159001316 %
Solve for errors with parameters [0.16867058 1.91652915]
  Count:  770 , QoI:  [-0.02564987]
Acceptance ratio:  26.848249027237355 %
Solve for errors with parameters [0.16088296 2.10343579]
  Count:  780 , QoI:  [-0.02608901]
Acceptance ratio:  26.76056338028169 %
Solve for errors with parameters [0.14619619 1.9959157 ]
  Count:  790 , QoI:  [-0.00248851]
Acceptance ratio:  27.054361567635905 %
Solve for errors with parameters [0.13101272 2.65088262]
  Count:  800 , QoI:  [-0.0188653]
Acceptance ratio:  27.21598002496879 %
Solve for errors with parameters [0.14017365 2.98240021]
  Count:  810 , QoI:  [-0.04470763]
Acceptance ratio:  27.373612823674478 %
Solve for errors with parameters [0.12456387 2.67622873]
  Count:  820 , QoI:  [-0.01219895]
Acceptance ratio:  27.527405602923267 %
Solve for errors with parameters [0.15927816 2.60336878]
  Count:  830 , QoI:  [-0.04724404]
Acceptance ratio:  27.67749699157641 %
Solve for errors with parameters [0.14445293 2.25195118]
  Count:  840 , QoI:  [-0.01435637]
Acceptance ratio:  27.586206896551722 %
Solve for errors with parameters [0.14185093 1.99060756]
  Count:  850 , QoI:  [0.00370347]
Acceptance ratio:  27.84958871915394 %
Solve for errors with parameters [0.12185301 2.32562084]
  Count:  860 , QoI:  [0.01191324]
Acceptance ratio:  27.75842044134727 %
Solve for errors with parameters [0.14127271 2.24566081]
  Count:  870 , QoI:  [-0.01004257]
Acceptance ratio:  27.439724454649827 %
Solve for errors with parameters [0.1553579  2.12548951]
  Count:  880 , QoI:  [-0.0208642]
Acceptance ratio:  27.582292849035188 %
Solve for errors with parameters [0.14009056 2.36571541]
  Count:  890 , QoI:  [-0.01501806]
Acceptance ratio:  27.83389450056117 %
Solve for errors with parameters [0.16813731 1.76547012]
  Count:  900 , QoI:  [-0.01743266]
Acceptance ratio:  28.079911209766927 %
Solve for errors with parameters [0.15352681 1.91888616]
  Count:  910 , QoI:  [-0.00769367]
Acceptance ratio:  27.881448957189903 %
Solve for errors with parameters [0.15194848 1.85800197]
  Count:  920 , QoI:  [-0.00222897]
Acceptance ratio:  27.90445168295331 %
Solve for errors with parameters [0.15938825 1.96861205]
  Count:  930 , QoI:  [-0.01756898]
Acceptance ratio:  27.712137486573578 %
Solve for errors with parameters [0.16607393 1.88293514]
  Count:  940 , QoI:  [-0.02102496]
Acceptance ratio:  27.73645058448459 %
Solve for errors with parameters [0.13916787 1.88966102]
  Count:  950 , QoI:  [0.01369964]
Acceptance ratio:  27.549947423764458 %
Solve for errors with parameters [0.17336918 1.97099739]
  Count:  960 , QoI:  [-0.03335857]
Acceptance ratio:  27.57544224765869 %
Solve for errors with parameters [0.15518851 2.22134326]
  Count:  970 , QoI:  [-0.02546572]
Acceptance ratio:  27.29145211122554 %
Solve for errors with parameters [0.13415859 2.29015481]
  Count:  980 , QoI:  [-0.00326727]
Acceptance ratio:  27.42099898063201 %
Solve for errors with parameters [0.14051699 1.94072142]
  Count:  990 , QoI:  [0.00857912]
Acceptance ratio:  27.547931382441977 %
Solve for errors with parameters [0.16060056 2.21017749]
  Count:  1000 , QoI:  [-0.03092747]
Acceptance ratio:  27.472527472527474 %
Solve for errors with parameters [0.14365641 2.62886016]
  Count:  1010 , QoI:  [-0.03231821]
Acceptance ratio:  27.398615232443124 %
Solve for errors with parameters [0.13486098 2.67242935]
  Count:  1020 , QoI:  [-0.02452512]
Acceptance ratio:  27.52203721841332 %
Solve for errors with parameters [0.14272105 2.05563599]
  Count:  1030 , QoI:  [-0.00128041]
Acceptance ratio:  27.54607177497575 %
Solve for errors with parameters [0.13353494 2.52781257]
  Count:  1040 , QoI:  [-0.01551149]
Acceptance ratio:  27.473583093179638 %
Solve for errors with parameters [0.13161795 2.34886769]
  Count:  1050 , QoI:  [-0.00322169]
Acceptance ratio:  27.59276879162702 %
Solve for errors with parameters [0.11655152 2.30793178]
  Count:  1060 , QoI:  [0.02114199]
Acceptance ratio:  27.426955702167767 %
Solve for errors with parameters [0.1204942  2.60564337]
  Count:  1070 , QoI:  [-0.00292376]
Acceptance ratio:  27.54435107376284 %
Solve for errors with parameters [0.1334977  2.71171303]
  Count:  1080 , QoI:  [-0.02489941]
Acceptance ratio:  27.84458834412581 %
Solve for errors with parameters [0.12020585 2.24919525]
  Count:  1090 , QoI:  [0.01929288]
Acceptance ratio:  28.047662694775433 %
Solve for errors with parameters [0.12867036 2.41406905]
  Count:  1100 , QoI:  [-0.00299392]
Acceptance ratio:  28.15622161671208 %
Solve for errors with parameters [0.12955201 2.51431673]
  Count:  1110 , QoI:  [-0.00976576]
Acceptance ratio:  28.082808280828083 %
Solve for errors with parameters [0.11929438 2.21052213]
  Count:  1120 , QoI:  [0.02327611]
Acceptance ratio:  28.0107047279215 %
Solve for errors with parameters [0.13748881 2.69663799]
  Count:  1130 , QoI:  [-0.0287223]
Acceptance ratio:  28.116710875331563 %
Solve for errors with parameters [0.16284028 2.16606552]
  Count:  1140 , QoI:  [-0.03126264]
Acceptance ratio:  28.396143733567047 %
Solve for errors with parameters [0.13894399 2.40551182]
  Count:  1150 , QoI:  [-0.01571164]
Acceptance ratio:  28.236316246741964 %
Solve for errors with parameters [0.12530122 2.49065112]
  Count:  1160 , QoI:  [-0.00283921]
Acceptance ratio:  28.079242032730406 %
Solve for errors with parameters [0.14187815 2.58602242]
  Count:  1170 , QoI:  [-0.02829351]
Acceptance ratio:  28.181041844577287 %
Solve for errors with parameters [0.10847689 2.94325486]
  Count:  1180 , QoI:  [-0.00585492]
Acceptance ratio:  28.19644369178662 %
Solve for errors with parameters [0.10876912 2.78689917]
  Count:  1190 , QoI:  [0.00278809]
Acceptance ratio:  28.295549958018473 %
Solve for errors with parameters [0.09752438 3.59401012]
  Count:  1200 , QoI:  [-0.02629815]
Acceptance ratio:  28.309741881765195 %
Solve for errors with parameters [0.09237179 3.37964991]
  Count:  1210 , QoI:  [-0.00846243]
Acceptance ratio:  28.075970272502065 %
Solve for errors with parameters [0.10282957 3.12652346]
  Count:  1220 , QoI:  [-0.00851457]
Acceptance ratio:  28.00982800982801 %
Solve for errors with parameters [0.11952789 2.93875185]
  Count:  1230 , QoI:  [-0.01978983]
Acceptance ratio:  28.107229894394802 %
Solve for errors with parameters [0.091687  3.2325984]
  Count:  1240 , QoI:  [0.00089778]
Acceptance ratio:  28.122481869460113 %
Solve for errors with parameters [0.10453062 3.29632313]
  Count:  1250 , QoI:  [-0.01980012]
Acceptance ratio:  27.89768185451639 %
Solve for errors with parameters [0.11160893 3.1883795 ]
  Count:  1260 , QoI:  [-0.02294386]
Acceptance ratio:  27.755749405233942 %
Solve for errors with parameters [0.09241357 2.94728273]
  Count:  1270 , QoI:  [0.01740806]
Acceptance ratio:  27.61605035405193 %
Solve for errors with parameters [0.10130537 3.11719325]
  Count:  1280 , QoI:  [-0.00593457]
Acceptance ratio:  27.634660421545664 %
Solve for errors with parameters [0.10604602 3.46851713]
  Count:  1290 , QoI:  [-0.03021797]
Acceptance ratio:  27.575522850503486 %
Solve for errors with parameters [0.09608299 3.10239754]
  Count:  1300 , QoI:  [0.00224403]
Acceptance ratio:  27.44043043812452 %
Solve for errors with parameters [0.09395158 3.13311759]
  Count:  1310 , QoI:  [0.00350895]
Acceptance ratio:  27.45995423340961 %
Solve for errors with parameters [0.09072101 3.53758474]
  Count:  1320 , QoI:  [-0.01485448]
Acceptance ratio:  27.554882664647995 %
Solve for errors with parameters [0.09058119 3.92086462]
  Count:  1330 , QoI:  [-0.03389657]
Acceptance ratio:  27.498121712997747 %
Solve for errors with parameters [0.0923201  3.34273371]
  Count:  1340 , QoI:  [-0.00632843]
Acceptance ratio:  27.44220730797912 %
Solve for errors with parameters [0.1061572  3.13320463]
  Count:  1350 , QoI:  [-0.01325659]
Acceptance ratio:  27.53515914137676 %
Solve for errors with parameters [0.09842329 2.94936473]
  Count:  1360 , QoI:  [0.00804054]
Acceptance ratio:  27.33284349742836 %
Solve for errors with parameters [0.12419613 3.30936422]
  Count:  1370 , QoI:  [-0.0427469]
Acceptance ratio:  27.206418672501826 %
Solve for errors with parameters [0.10301971 2.63170729]
  Count:  1380 , QoI:  [0.02118808]
Acceptance ratio:  27.299058653149892 %
Solve for errors with parameters [0.12322877 2.95037735]
  Count:  1390 , QoI:  [-0.02480778]
Acceptance ratio:  27.246585190510427 %
Solve for errors with parameters [0.1405259  2.49253517]
  Count:  1400 , QoI:  [-0.02210429]
Acceptance ratio:  27.194860813704498 %
Solve for errors with parameters [0.14826883 2.37310438]
  Count:  1410 , QoI:  [-0.02509377]
Acceptance ratio:  27.072997873848337 %
Solve for errors with parameters [0.12869914 2.60403115]
  Count:  1420 , QoI:  [-0.01354384]
Acceptance ratio:  27.023223082336383 %
Solve for errors with parameters [0.13214306 2.43831087]
  Count:  1430 , QoI:  [-0.00892567]
Acceptance ratio:  26.97414395527603 %
Solve for errors with parameters [0.13874827 2.13610464]
  Count:  1440 , QoI:  [-0.00058029]
Acceptance ratio:  27.133934767522554 %
Solve for errors with parameters [0.13227346 2.76325766]
  Count:  1450 , QoI:  [-0.02603954]
Acceptance ratio:  27.22260509993108 %
Solve for errors with parameters [0.13020046 2.33744976]
  Count:  1460 , QoI:  [-0.00065243]
Acceptance ratio:  27.378507871321013 %
Solve for errors with parameters [0.14458999 2.47993509]
  Count:  1470 , QoI:  [-0.0261736]
Acceptance ratio:  27.4643099932019 %
Solve for errors with parameters [0.1087611  3.00002137]
  Count:  1480 , QoI:  [-0.00939976]
Acceptance ratio:  27.616475354490213 %
Solve for errors with parameters [0.13042288 2.7879895 ]
  Count:  1490 , QoI:  [-0.02512283]
Acceptance ratio:  27.632461435278337 %
Solve for errors with parameters [0.1230663  2.74049053]
  Count:  1500 , QoI:  [-0.01375842]
Acceptance ratio:  27.514990006662227 %
Solve for errors with parameters [0.11022057 2.86849228]
  Count:  1510 , QoI:  [-0.00398201]
Acceptance ratio:  27.729980145598944 %
Solve for errors with parameters [0.14326781 2.33061744]
  Count:  1520 , QoI:  [-0.01705129]
Acceptance ratio:  27.679158448389217 %
Solve for errors with parameters [0.13515879 2.69546701]
  Count:  1530 , QoI:  [-0.02601292]
Acceptance ratio:  27.563683866753756 %
Solve for errors with parameters [0.11173039 2.9543036 ]
  Count:  1540 , QoI:  [-0.01078526]
Acceptance ratio:  27.579493835171963 %
Solve for errors with parameters [0.10395094 2.71889763]
  Count:  1550 , QoI:  [0.01407914]
Acceptance ratio:  27.530625402965832 %
Solve for errors with parameters [0.15372077 1.82818013]
  Count:  1560 , QoI:  [-0.0028657]
Acceptance ratio:  27.738629083920564 %
Solve for errors with parameters [0.14878029 2.24550615]
  Count:  1570 , QoI:  [-0.01925111]
Acceptance ratio:  27.625716104392104 %
Solve for errors with parameters [0.13483886 2.22206762]
  Count:  1580 , QoI:  [-0.00026695]
Acceptance ratio:  27.703984819734345 %
Solve for errors with parameters [0.15192158 2.25464835]
  Count:  1590 , QoI:  [-0.02338834]
Acceptance ratio:  27.718416090509113 %
Solve for errors with parameters [0.13761336 2.65300711]
  Count:  1600 , QoI:  [-0.02673354]
Acceptance ratio:  27.670206121174267 %
Solve for errors with parameters [0.15245481 1.93156461]
  Count:  1610 , QoI:  [-0.00702497]
Acceptance ratio:  27.746741154562383 %
Solve for errors with parameters [0.14043237 2.46987385]
  Count:  1620 , QoI:  [-0.0208428]
Acceptance ratio:  27.82233189389266 %
Solve for errors with parameters [0.14006964 2.56294422]
  Count:  1630 , QoI:  [-0.02510204]
Acceptance ratio:  27.896995708154503 %
Solve for errors with parameters [0.13496351 2.3806442 ]
  Count:  1640 , QoI:  [-0.00938185]
Acceptance ratio:  27.787934186471663 %
Solve for errors with parameters [0.12898895 2.78496599]
  Count:  1650 , QoI:  [-0.02329292]
Acceptance ratio:  27.740763173834036 %
Solve for errors with parameters [0.13731966 2.45002679]
  Count:  1660 , QoI:  [-0.01606475]
Acceptance ratio:  27.69416014449127 %
Solve for errors with parameters [0.13274436 2.57701048]
  Count:  1670 , QoI:  [-0.01712746]
Acceptance ratio:  27.70795930580491 %
Solve for errors with parameters [0.13316261 2.66520046]
  Count:  1680 , QoI:  [-0.02217112]
Acceptance ratio:  27.72159428911362 %
Solve for errors with parameters [0.10931524 2.68840631]
  Count:  1690 , QoI:  [0.00793946]
Acceptance ratio:  27.794204612655232 %
Solve for errors with parameters [0.13247639 2.61584396]
  Count:  1700 , QoI:  [-0.01882277]
Acceptance ratio:  27.92475014697237 %
Solve for errors with parameters [0.11080388 3.2030514 ]
  Count:  1710 , QoI:  [-0.02271492]
Acceptance ratio:  27.819988310929283 %
Solve for errors with parameters [0.12284523 2.8906211 ]
  Count:  1720 , QoI:  [-0.02133592]
Acceptance ratio:  27.71644392794887 %
Solve for errors with parameters [0.11543748 2.41486276]
  Count:  1730 , QoI:  [0.01591304]
Acceptance ratio:  27.671865973425763 %
Solve for errors with parameters [0.12294015 2.47218243]
  Count:  1740 , QoI:  [0.00146537]
Acceptance ratio:  27.627800114876504 %
Solve for errors with parameters [0.10028748 3.57919092]
  Count:  1750 , QoI:  [-0.02886032]
Acceptance ratio:  27.698458023986294 %
Solve for errors with parameters [0.11300261 3.60546427]
  Count:  1760 , QoI:  [-0.0441623]
Acceptance ratio:  27.76831345826235 %
Solve for errors with parameters [0.09872438 3.04111845]
  Count:  1770 , QoI:  [0.00207116]
Acceptance ratio:  27.837380011293057 %
Solve for errors with parameters [0.09626766 3.06878257]
  Count:  1780 , QoI:  [0.00397879]
Acceptance ratio:  27.849522740033688 %
Solve for errors with parameters [0.09428394 3.47418331]
  Count:  1790 , QoI:  [-0.01612098]
Acceptance ratio:  27.917364600781685 %
Solve for errors with parameters [0.09782835 3.58404413]
  Count:  1800 , QoI:  [-0.02616996]
Acceptance ratio:  27.873403664630757 %
Solve for errors with parameters [0.09554029 3.1922617 ]
  Count:  1810 , QoI:  [-0.00223745]
Acceptance ratio:  27.940364439536168 %
Solve for errors with parameters [0.08254694 3.75562325]
  Count:  1820 , QoI:  [-0.01569292]
Acceptance ratio:  28.11641954969797 %
Solve for errors with parameters [0.09241169 3.38605009]
  Count:  1830 , QoI:  [-0.00887152]
Acceptance ratio:  28.345166575641727 %
Solve for errors with parameters [0.10149234 3.67549994]
  Count:  1840 , QoI:  [-0.03485032]
Acceptance ratio:  28.408473655621947 %
Solve for errors with parameters [0.08466901 3.68400688]
  Count:  1850 , QoI:  [-0.01469291]
Acceptance ratio:  28.363047001620746 %
Solve for errors with parameters [0.07208701 3.53765729]
  Count:  1860 , QoI:  [0.01207576]
Acceptance ratio:  28.425577646426653 %
Solve for errors with parameters [0.06860187 3.88399672]
  Count:  1870 , QoI:  [-0.00331028]
Acceptance ratio:  28.43399251737039 %
Solve for errors with parameters [0.07428696 3.98838207]
  Count:  1880 , QoI:  [-0.01699986]
Acceptance ratio:  28.38915470494418 %
Solve for errors with parameters [0.08563473 3.50173953]
  Count:  1890 , QoI:  [-0.0060102]
Acceptance ratio:  28.450555261766265 %
Solve for errors with parameters [0.08556484 3.44803816]
  Count:  1900 , QoI:  [-0.00285595]
Acceptance ratio:  28.458705944239878 %
Solve for errors with parameters [0.10372771 3.53022267]
  Count:  1910 , QoI:  [-0.0305083]
Acceptance ratio:  28.46677132391418 %
Solve for errors with parameters [0.09418476 3.24323878]
  Count:  1920 , QoI:  [-0.00326751]
Acceptance ratio:  28.630921395106718 %
Solve for errors with parameters [0.13620186 2.92332945]
  Count:  1930 , QoI:  [-0.03797962]
Acceptance ratio:  28.689798032107717 %
Solve for errors with parameters [0.11203186 2.41565759]
  Count:  1940 , QoI:  [0.02115265]
Acceptance ratio:  28.696548171045855 %
Solve for errors with parameters [0.13643339 2.21071069]
  Count:  1950 , QoI:  [-0.00176497]
Acceptance ratio:  28.908252178370063 %
Solve for errors with parameters [0.13379472 2.84010521]
  Count:  1960 , QoI:  [-0.03149034]
Acceptance ratio:  28.913819479857217 %
Solve for errors with parameters [0.15949    2.05847521]
  Count:  1970 , QoI:  [-0.02227301]
Acceptance ratio:  29.071537290715373 %
Solve for errors with parameters [0.14533867 2.16663577]
  Count:  1980 , QoI:  [-0.01088043]
Acceptance ratio:  29.07622412922766 %
Solve for errors with parameters [0.14834486 1.94179741]
  Count:  1990 , QoI:  [-0.00224577]
Acceptance ratio:  29.23154193872426 %
Solve for errors with parameters [0.16530063 1.97887704]
  Count:  2000 , QoI:  [-0.02493274]
Acceptance ratio:  29.28535732133933 %
Solve for errors with parameters [0.13304092 2.4538165 ]
  Count:  2010 , QoI:  [-0.01092463]
Acceptance ratio:  29.288910989557433 %
Solve for errors with parameters [0.11522953 2.46315096]
  Count:  2020 , QoI:  [0.0131578]
Acceptance ratio:  29.292429490351314 %
Solve for errors with parameters [0.09832294 2.94247622]
  Count:  2030 , QoI:  [0.00861348]
Acceptance ratio:  29.345150172328903 %
Solve for errors with parameters [0.10542272 3.41321368]
  Count:  2040 , QoI:  [-0.02678753]
Acceptance ratio:  29.348358647721707 %
Solve for errors with parameters [0.11707106 2.62734134]
  Count:  2050 , QoI:  [0.00051923]
Acceptance ratio:  29.30277913213067 %
Solve for errors with parameters [0.11636368 2.93486801]
  Count:  2060 , QoI:  [-0.01567029]
Acceptance ratio:  29.306162057253758 %
Solve for errors with parameters [0.12426541 2.93629054]
  Count:  2070 , QoI:  [-0.02532054]
Acceptance ratio:  29.164654756156445 %
Solve for errors with parameters [0.11681708 2.54156568]
  Count:  2080 , QoI:  [0.00598116]
Acceptance ratio:  29.16866890917828 %
Solve for errors with parameters [0.12998274 2.75507765]
  Count:  2090 , QoI:  [-0.02295878]
Acceptance ratio:  29.076996652319465 %
Solve for errors with parameters [0.1161986  3.04532106]
  Count:  2100 , QoI:  [-0.02121572]
Acceptance ratio:  29.224178962398856 %
Solve for errors with parameters [0.11715823 3.01409284]
  Count:  2110 , QoI:  [-0.02078116]
Acceptance ratio:  29.227854097584082 %
Solve for errors with parameters [0.11377103 2.86360366]
  Count:  2120 , QoI:  [-0.00846922]
Acceptance ratio:  29.23149457802923 %
Solve for errors with parameters [0.10028068 2.76215398]
  Count:  2130 , QoI:  [0.01699078]
Acceptance ratio:  29.282027217268887 %
Solve for errors with parameters [0.10967577 2.96855979]
  Count:  2140 , QoI:  [-0.00887067]
Acceptance ratio:  29.23867351704811 %
Solve for errors with parameters [0.12419021 2.7382939 ]
  Count:  2150 , QoI:  [-0.01505345]
Acceptance ratio:  29.102742910274294 %
Solve for errors with parameters [0.10366312 2.24658773]
  Count:  2160 , QoI:  [0.04746159]
Acceptance ratio:  29.06062008329477 %
Solve for errors with parameters [0.11848995 3.116178  ]
  Count:  2170 , QoI:  [-0.02748329]
Acceptance ratio:  29.018885306310455 %
Solve for errors with parameters [0.12690117 3.01640676]
  Count:  2180 , QoI:  [-0.03222047]
Acceptance ratio:  29.115084823475467 %
Solve for errors with parameters [0.09011179 3.41475674]
  Count:  2190 , QoI:  [-0.00732919]
Acceptance ratio:  29.073482428115017 %
Solve for errors with parameters [0.09143938 3.89487164]
  Count:  2200 , QoI:  [-0.03366485]
Acceptance ratio:  29.07769195820082 %
Solve for errors with parameters [0.09269476 3.15763461]
  Count:  2210 , QoI:  [0.00388041]
Acceptance ratio:  29.12709181365898 %
Solve for errors with parameters [0.09996775 2.85472907]
  Count:  2220 , QoI:  [0.01158442]
Acceptance ratio:  29.131022062134175 %
Solve for errors with parameters [0.13717614 2.31067379]
  Count:  2230 , QoI:  [-0.00837352]
Acceptance ratio:  29.134917077543705 %
Solve for errors with parameters [0.10603179 2.17718316]
  Count:  2240 , QoI:  [0.04839639]
Acceptance ratio:  29.049531459170012 %
Solve for errors with parameters [0.14451331 2.57173715]
  Count:  2250 , QoI:  [-0.03054266]
Acceptance ratio:  29.098178587294537 %
Solve for errors with parameters [0.14824207 2.69018275]
  Count:  2260 , QoI:  [-0.0400088]
Acceptance ratio:  29.05793896505971 %
Solve for errors with parameters [0.10829608 2.4512149 ]
  Count:  2270 , QoI:  [0.02475721]
Acceptance ratio:  28.9740202553941 %
Solve for errors with parameters [0.12034435 2.62847157]
  Count:  2280 , QoI:  [-0.00402473]
Acceptance ratio:  28.93467777290662 %
Solve for errors with parameters [0.12839643 2.66231452]
  Count:  2290 , QoI:  [-0.01626244]
Acceptance ratio:  28.98297686599738 %
Solve for errors with parameters [0.13535862 2.72802385]
  Count:  2300 , QoI:  [-0.02783991]
Acceptance ratio:  28.90047805302043 %
Solve for errors with parameters [0.14432606 2.41168156]
  Count:  2310 , QoI:  [-0.02246879]
Acceptance ratio:  28.99177845088706 %
Solve for errors with parameters [0.13295717 2.40755205]
  Count:  2320 , QoI:  [-0.00827976]
Acceptance ratio:  28.99612236105127 %
Solve for errors with parameters [0.13731066 2.91182845]
  Count:  2330 , QoI:  [-0.03862643]
Acceptance ratio:  28.957528957528954 %
Solve for errors with parameters [0.10402361 3.32764543]
  Count:  2340 , QoI:  [-0.02078537]
Acceptance ratio:  29.047415634344297 %
Solve for errors with parameters [0.09413238 3.01832642]
  Count:  2350 , QoI:  [0.01023306]
Acceptance ratio:  28.966397277754147 %
Solve for errors with parameters [0.0920477 4.3298296]
  Count:  2360 , QoI:  [-0.0534819]
Acceptance ratio:  28.928420160948747 %
Solve for errors with parameters [0.0740331  3.05874968]
  Count:  2370 , QoI:  [0.04131576]
Acceptance ratio:  29.01729228173766 %
Solve for errors with parameters [0.09404859 3.23734608]
  Count:  2380 , QoI:  [-0.00273824]
Acceptance ratio:  29.06341873162537 %
Solve for errors with parameters [0.10801326 3.26516206]
  Count:  2390 , QoI:  [-0.02248342]
Acceptance ratio:  28.983688833124216 %
Solve for errors with parameters [0.10621963 3.00680214]
  Count:  2400 , QoI:  [-0.00638461]
Acceptance ratio:  28.904623073719282 %
Solve for errors with parameters [0.09161771 3.63611544]
  Count:  2410 , QoI:  [-0.02115624]
Acceptance ratio:  28.909166321028618 %
Solve for errors with parameters [0.09023772 3.04608624]
  Count:  2420 , QoI:  [0.01448883]
Acceptance ratio:  28.872366790582404 %
Solve for errors with parameters [0.09035725 3.33001896]
  Count:  2430 , QoI:  [-0.00286798]
Acceptance ratio:  28.87700534759358 %
Solve for errors with parameters [0.10341225 3.31593557]
  Count:  2440 , QoI:  [-0.0194224]
Acceptance ratio:  28.92257271609996 %
Solve for errors with parameters [0.08127686 3.5454991 ]
  Count:  2450 , QoI:  [-0.00232561]
Acceptance ratio:  29.008567931456547 %
Solve for errors with parameters [0.08439425 3.99027876]
  Count:  2460 , QoI:  [-0.02990699]
Acceptance ratio:  28.971962616822427 %
Solve for errors with parameters [0.0919863  3.30366598]
  Count:  2470 , QoI:  [-0.00364853]
Acceptance ratio:  29.016592472683122 %
Solve for errors with parameters [0.09043568 3.09987037]
  Count:  2480 , QoI:  [0.01079265]
Acceptance ratio:  28.93994357114067 %
Solve for errors with parameters [0.09121609 3.69489049]
  Count:  2490 , QoI:  [-0.02364287]
Acceptance ratio:  28.86391007627459 %
Solve for errors with parameters [0.08581312 3.46798766]
  Count:  2500 , QoI:  [-0.00434868]
Acceptance ratio:  28.9484206317473 %
Solve for errors with parameters [0.10559144 3.10362866]
  Count:  2510 , QoI:  [-0.01091481]
Acceptance ratio:  28.912783751493432 %
Solve for errors with parameters [0.10234177 3.09616478]
  Count:  2520 , QoI:  [-0.00616001]
Acceptance ratio:  28.956763189210633 %
Solve for errors with parameters [0.10338122 2.31429133]
  Count:  2530 , QoI:  [0.04286675]
Acceptance ratio:  28.921374950612407 %
Solve for errors with parameters [0.11619692 2.86704682]
  Count:  2540 , QoI:  [-0.01182132]
Acceptance ratio:  28.886265249901616 %
Solve for errors with parameters [0.1411838  2.28834912]
  Count:  2550 , QoI:  [-0.01224467]
Acceptance ratio:  28.890631125048998 %
Solve for errors with parameters [0.1488627  2.75660649]
  Count:  2560 , QoI:  [-0.04358308]
Acceptance ratio:  28.97305739945334 %
Solve for errors with parameters [0.13047682 2.56244002]
  Count:  2570 , QoI:  [-0.0135481]
Acceptance ratio:  28.93815635939323 %
Solve for errors with parameters [0.13068906 2.75711335]
  Count:  2580 , QoI:  [-0.02389177]
Acceptance ratio:  28.903525765207284 %
Solve for errors with parameters [0.13287761 2.34079564]
  Count:  2590 , QoI:  [-0.00444047]
Acceptance ratio:  28.90775762253956 %
Solve for errors with parameters [0.15054356 2.00823521]
  Count:  2600 , QoI:  [-0.00881564]
Acceptance ratio:  28.95040369088812 %
Solve for errors with parameters [0.1153854  1.89820798]
  Count:  2610 , QoI:  [0.05260653]
Acceptance ratio:  28.877824588280355 %
Solve for errors with parameters [0.14909047 2.20360092]
  Count:  2620 , QoI:  [-0.017455]
Acceptance ratio:  28.843952689813047 %
Solve for errors with parameters [0.12055875 2.3569791 ]
  Count:  2630 , QoI:  [0.01187028]
Acceptance ratio:  28.81033827442037 %
Solve for errors with parameters [0.14733992 2.10257236]
  Count:  2640 , QoI:  [-0.00991913]
Acceptance ratio:  28.776978417266186 %
Solve for errors with parameters [0.12420207 2.47524618]
  Count:  2650 , QoI:  [-0.00045542]
Acceptance ratio:  28.81931346661637 %
Solve for errors with parameters [0.12717948 2.61166788]
  Count:  2660 , QoI:  [-0.01203445]
Acceptance ratio:  28.823750469748216 %
Solve for errors with parameters [0.11198892 2.44439306]
  Count:  2670 , QoI:  [0.01933133]
Acceptance ratio:  28.828154249344816 %
Solve for errors with parameters [0.11757906 2.55729626]
  Count:  2680 , QoI:  [0.00394754]
Acceptance ratio:  28.8325251771727 %
Solve for errors with parameters [0.11553896 3.07760584]
  Count:  2690 , QoI:  [-0.0220644]
Acceptance ratio:  28.79970271274619 %
Solve for errors with parameters [0.12407516 2.70437888]
  Count:  2700 , QoI:  [-0.01309622]
Acceptance ratio:  28.841169937060346 %
Solve for errors with parameters [0.15193251 2.62033139]
  Count:  2710 , QoI:  [-0.04067304]
Acceptance ratio:  28.808557727775728 %
Solve for errors with parameters [0.14366724 2.49215766]
  Count:  2720 , QoI:  [-0.02572396]
Acceptance ratio:  28.812936420433665 %
Solve for errors with parameters [0.14631838 2.17233828]
  Count:  2730 , QoI:  [-0.0124139]
Acceptance ratio:  28.81728304650311 %
Solve for errors with parameters [0.15986573 1.82372048]
  Count:  2740 , QoI:  [-0.01047848]
Acceptance ratio:  28.785114921561473 %
Solve for errors with parameters [0.16342883 2.15234731]
  Count:  2750 , QoI:  [-0.03124936]
Acceptance ratio:  28.75318066157761 %
Solve for errors with parameters [0.14863323 1.77131696]
  Count:  2760 , QoI:  [0.00738262]
Acceptance ratio:  28.757696486780155 %
Solve for errors with parameters [0.17050959 1.62729632]
  Count:  2770 , QoI:  [-0.01303741]
Acceptance ratio:  28.798267773367016 %
Solve for errors with parameters [0.17313962 2.07229413]
  Count:  2780 , QoI:  [-0.03776498]
Acceptance ratio:  28.874505573534698 %
Solve for errors with parameters [0.15840157 1.94019492]
  Count:  2790 , QoI:  [-0.0149001]
Acceptance ratio:  28.84270870655679 %
Solve for errors with parameters [0.1284461  2.18339478]
  Count:  2800 , QoI:  [0.01107099]
Acceptance ratio:  28.811138878971796 %
Solve for errors with parameters [0.15551138 2.29256914]
  Count:  2810 , QoI:  [-0.02929456]
Acceptance ratio:  28.70864461045891 %
Solve for errors with parameters [0.16754845 2.18253343]
  Count:  2820 , QoI:  [-0.03700747]
Acceptance ratio:  28.606876993973767 %
Solve for errors with parameters [0.15816099 2.03662061]
  Count:  2830 , QoI:  [-0.01961839]
Acceptance ratio:  28.505828329212292 %
Solve for errors with parameters [0.17762739 1.95124399]
  Count:  2840 , QoI:  [-0.03688632]
Acceptance ratio:  28.440689897923267 %
Solve for errors with parameters [0.1105949  2.37724599]
  Count:  2850 , QoI:  [0.02603094]
Acceptance ratio:  28.376008418098913 %
Solve for errors with parameters [0.1420155 2.5674542]
  Count:  2860 , QoI:  [-0.02754404]
Acceptance ratio:  28.38168472562041 %
Solve for errors with parameters [0.12418985 2.27522664]
  Count:  2870 , QoI:  [0.01160715]
Acceptance ratio:  28.387321490769768 %
Solve for errors with parameters [0.14134561 2.11058315]
  Count:  2880 , QoI:  [-0.00259472]
Acceptance ratio:  28.35820895522388 %
Solve for errors with parameters [0.15167225 2.43593328]
  Count:  2890 , QoI:  [-0.031928]
Acceptance ratio:  28.294707713593915 %
Solve for errors with parameters [0.13063743 2.52164585]
  Count:  2900 , QoI:  [-0.01155279]
Acceptance ratio:  28.300586004825924 %
Solve for errors with parameters [0.1322939  2.15576443]
  Count:  2910 , QoI:  [0.00720947]
Acceptance ratio:  28.409481277911368 %
Solve for errors with parameters [0.12651037 2.48685768]
  Count:  2920 , QoI:  [-0.0042465]
Acceptance ratio:  28.38069154399178 %
Solve for errors with parameters [0.12697475 2.3456171 ]
  Count:  2930 , QoI:  [0.00332004]
Acceptance ratio:  28.454452405322417 %
Solve for errors with parameters [0.14324519 2.15393858]
  Count:  2940 , QoI:  [-0.00752018]
Acceptance ratio:  28.459707582454946 %
Solve for errors with parameters [0.13222143 2.30276208]
  Count:  2950 , QoI:  [-0.00138849]
Acceptance ratio:  28.49881396136903 %
Solve for errors with parameters [0.17236735 2.62127106]
  Count:  2960 , QoI:  [-0.05998891]
Acceptance ratio:  28.47011144883485 %
Solve for errors with parameters [0.11267126 2.52360907]
  Count:  2970 , QoI:  [0.01319413]
Acceptance ratio:  28.441602154156847 %
Solve for errors with parameters [0.12193366 2.51940448]
  Count:  2980 , QoI:  [9.31147093e-05]
Acceptance ratio:  28.379738342837975 %
Solve for errors with parameters [0.12801632 2.7722088 ]
  Count:  2990 , QoI:  [-0.02149296]
Acceptance ratio:  28.418589100635238 %
Solve for errors with parameters [0.15247013 2.8262686 ]
  Count:  3000 , QoI:  [-0.05009407]
Acceptance ratio:  28.390536487837387 %
Solve for errors with parameters [0.1546775  2.40964498]
  Count:  3010 , QoI:  [-0.03393324]
Acceptance ratio:  28.362670209232814 %
Solve for errors with parameters [0.13552393 2.47138645]
  Count:  3020 , QoI:  [-0.01498232]
Acceptance ratio:  28.30188679245283 %
Solve for errors with parameters [0.1219978  2.38194031]
  Count:  3030 , QoI:  [0.00821624]
Acceptance ratio:  28.274496865720884 %
Solve for errors with parameters [0.12558975 2.78862589]
  Count:  3040 , QoI:  [-0.01941387]
Acceptance ratio:  28.2144031568563 %
Solve for errors with parameters [0.10815874 2.36832555]
  Count:  3050 , QoI:  [0.03066859]
Acceptance ratio:  28.187479514913143 %
Solve for errors with parameters [0.10913922 3.18140422]
  Count:  3060 , QoI:  [-0.0195712]
Acceptance ratio:  28.226069911793534 %
Solve for errors with parameters [0.11076075 2.9819929 ]
  Count:  3070 , QoI:  [-0.01103368]
Acceptance ratio:  28.23184630413546 %
Solve for errors with parameters [0.12293626 2.78270854]
  Count:  3080 , QoI:  [-0.01584172]
Acceptance ratio:  28.205128205128204 %
Solve for errors with parameters [0.11539275 2.85024198]
  Count:  3090 , QoI:  [-0.00986059]
Acceptance ratio:  28.243286962148172 %
Solve for errors with parameters [0.10193795 3.566305  ]
  Count:  3100 , QoI:  [-0.03016898]
Acceptance ratio:  28.281199613028058 %
Solve for errors with parameters [0.10830392 3.16231643]
  Count:  3110 , QoI:  [-0.01753702]
Acceptance ratio:  28.318868531018964 %
Solve for errors with parameters [0.12276119 3.3451704 ]
  Count:  3120 , QoI:  [-0.04284181]
Acceptance ratio:  28.35629605895546 %
Solve for errors with parameters [0.10606774 3.089259  ]
  Count:  3130 , QoI:  [-0.01075464]
Acceptance ratio:  28.361545832002555 %
Solve for errors with parameters [0.11572551 2.407816  ]
  Count:  3140 , QoI:  [0.01592481]
Acceptance ratio:  28.33492518306272 %
Solve for errors with parameters [0.13015446 2.60524967]
  Count:  3150 , QoI:  [-0.01542509]
Acceptance ratio:  28.24500158679784 %
Solve for errors with parameters [0.10771814 2.41981287]
  Count:  3160 , QoI:  [0.02783926]
Acceptance ratio:  28.250553622271436 %
Solve for errors with parameters [0.15414716 2.69356828]
  Count:  3170 , QoI:  [-0.04609664]
Acceptance ratio:  28.2245348470514 %
Solve for errors with parameters [0.13248814 1.96363071]
  Count:  3180 , QoI:  [0.01899084]
Acceptance ratio:  28.230116315624016 %
Solve for errors with parameters [0.11833053 2.22328551]
  Count:  3190 , QoI:  [0.02395589]
Acceptance ratio:  28.235662801629584 %
Solve for errors with parameters [0.14064825 2.39989869]
  Count:  3200 , QoI:  [-0.01749383]
Acceptance ratio:  28.209934395501406 %
Solve for errors with parameters [0.11495842 2.62611001]
  Count:  3210 , QoI:  [0.0035598]
Acceptance ratio:  28.184366241046405 %
Solve for errors with parameters [0.1122984 3.1333929]
  Count:  3220 , QoI:  [-0.02098012]
Acceptance ratio:  28.190003104625895 %
Solve for errors with parameters [0.10755062 3.03794428]
  Count:  3230 , QoI:  [-0.00989141]
Acceptance ratio:  28.195605075827917 %
Solve for errors with parameters [0.13124241 2.56834786]
  Count:  3240 , QoI:  [-0.01481912]
Acceptance ratio:  28.139463128663994 %
Solve for errors with parameters [0.14558522 2.24423065]
  Count:  3250 , QoI:  [-0.0153364]
Acceptance ratio:  28.114426330359887 %
Solve for errors with parameters [0.13500511 2.38215584]
  Count:  3260 , QoI:  [-0.00951811]
Acceptance ratio:  28.08954308494327 %
Solve for errors with parameters [0.13027904 2.80737175]
  Count:  3270 , QoI:  [-0.02591757]
Acceptance ratio:  28.095383674717212 %
Solve for errors with parameters [0.12327476 2.56275966]
  Count:  3280 , QoI:  [-0.00422616]
Acceptance ratio:  28.22310271258763 %
Solve for errors with parameters [0.13686253 3.14142995]
  Count:  3290 , QoI:  [-0.04825473]
Acceptance ratio:  28.167730173199633 %
Solve for errors with parameters [0.1274234  3.23742085]
  Count:  3300 , QoI:  [-0.04290531]
Acceptance ratio:  28.08239927294759 %
Solve for errors with parameters [0.12818901 3.40431771]
  Count:  3310 , QoI:  [-0.05084465]
Acceptance ratio:  28.02778616732105 %
Solve for errors with parameters [0.11236344 2.81748176]
  Count:  3320 , QoI:  [-0.00399129]
Acceptance ratio:  28.124059018367966 %
Solve for errors with parameters [0.10881948 3.27228166]
  Count:  3330 , QoI:  [-0.02381825]
Acceptance ratio:  28.06964875412789 %
Solve for errors with parameters [0.11650077 2.82006287]
  Count:  3340 , QoI:  [-0.00964809]
Acceptance ratio:  28.045495360670458 %
Solve for errors with parameters [0.12050146 2.78340235]
  Count:  3350 , QoI:  [-0.01281141]
Acceptance ratio:  28.081169800059687 %
Solve for errors with parameters [0.15539522 2.70705637]
  Count:  3360 , QoI:  [-0.04788829]
Acceptance ratio:  28.14638500446296 %
Solve for errors with parameters [0.12494158 2.79312484]
  Count:  3370 , QoI:  [-0.01885827]
Acceptance ratio:  28.09255413823791 %
Solve for errors with parameters [0.10897885 2.32968141]
  Count:  3380 , QoI:  [0.03199396]
Acceptance ratio:  28.068618751848568 %
Solve for errors with parameters [0.12623889 2.36664613]
  Count:  3390 , QoI:  [0.00310096]
Acceptance ratio:  28.13329401356532 %
Solve for errors with parameters [0.12181927 2.75702666]
  Count:  3400 , QoI:  [-0.0130671]
Acceptance ratio:  28.138782710967362 %
Solve for errors with parameters [0.12768755 3.50379243]
  Count:  3410 , QoI:  [-0.05446632]
Acceptance ratio:  28.114922310172968 %
Solve for errors with parameters [0.1132852  2.66736819]
  Count:  3420 , QoI:  [0.00347704]
Acceptance ratio:  28.120432622040337 %
Solve for errors with parameters [0.12376686 2.66210463]
  Count:  3430 , QoI:  [-0.01041001]
Acceptance ratio:  28.096764791605942 %
Solve for errors with parameters [0.13665484 2.71886066]
  Count:  3440 , QoI:  [-0.02886034]
Acceptance ratio:  28.07323452484743 %
Solve for errors with parameters [0.11096458 3.13821181]
  Count:  3450 , QoI:  [-0.01959173]
Acceptance ratio:  28.078817733990146 %
Solve for errors with parameters [0.14351648 2.4753391 ]
  Count:  3460 , QoI:  [-0.0247178]
Acceptance ratio:  28.02658191274198 %
Solve for errors with parameters [0.11594589 2.7710367 ]
  Count:  3470 , QoI:  [-0.00618934]
Acceptance ratio:  28.003457216940365 %
Solve for errors with parameters [0.09790336 3.34891527]
  Count:  3480 , QoI:  [-0.01414229]
Acceptance ratio:  28.03792013789141 %
Solve for errors with parameters [0.08830804 3.16707857]
  Count:  3490 , QoI:  [0.00986848]
Acceptance ratio:  28.014895445431108 %
Solve for errors with parameters [0.08193614 3.20509047]
  Count:  3500 , QoI:  [0.01746685]
Acceptance ratio:  27.992002285061414 %
Solve for errors with parameters [0.08018713 4.27108986]
  Count:  3510 , QoI:  [-0.03816431]
Acceptance ratio:  28.05468527485047 %
Solve for errors with parameters [0.0727914 4.2497842]
  Count:  3520 , QoI:  [-0.02829998]
Acceptance ratio:  28.088611190002837 %
Solve for errors with parameters [0.08824018 3.91857253]
  Count:  3530 , QoI:  [-0.03104464]
Acceptance ratio:  28.094024355706598 %
Solve for errors with parameters [0.08147095 4.27337002]
  Count:  3540 , QoI:  [-0.03973395]
Acceptance ratio:  28.099406947190058 %
Solve for errors with parameters [0.09246032 2.91168242]
  Count:  3550 , QoI:  [0.01965477]
Acceptance ratio:  28.07659814136863 %
Solve for errors with parameters [0.09614196 3.47005124]
  Count:  3560 , QoI:  [-0.01828422]
Acceptance ratio:  28.025835439483295 %
Solve for errors with parameters [0.06995132 3.38618758]
  Count:  3570 , QoI:  [0.02549166]
Acceptance ratio:  28.03136376365164 %
Solve for errors with parameters [0.0980524  3.76044121]
  Count:  3580 , QoI:  [-0.03493004]
Acceptance ratio:  28.03686121195197 %
Solve for errors with parameters [0.07876891 3.5216927 ]
  Count:  3590 , QoI:  [0.00274128]
Acceptance ratio:  28.09802283486494 %
Solve for errors with parameters [0.10355772 3.20296267]
  Count:  3600 , QoI:  [-0.01364675]
Acceptance ratio:  28.131074701471814 %
Solve for errors with parameters [0.10329468 3.59671087]
  Count:  3610 , QoI:  [-0.0331862]
Acceptance ratio:  28.108557186374966 %
Solve for errors with parameters [0.09000554 3.52315137]
  Count:  3620 , QoI:  [-0.01313746]
Acceptance ratio:  28.141397404032038 %
Solve for errors with parameters [0.09587935 3.45029666]
  Count:  3630 , QoI:  [-0.01691343]
Acceptance ratio:  28.118975488846047 %
Solve for errors with parameters [0.10426394 3.7666167 ]
  Count:  3640 , QoI:  [-0.04206069]
Acceptance ratio:  28.124141719307882 %
Solve for errors with parameters [0.12592567 2.78418963]
  Count:  3650 , QoI:  [-0.01959227]
Acceptance ratio:  28.101889893179948 %
Solve for errors with parameters [0.14512508 2.52096629]
  Count:  3660 , QoI:  [-0.02877973]
Acceptance ratio:  28.107074569789674 %
Solve for errors with parameters [0.10094135 2.72629458]
  Count:  3670 , QoI:  [0.0182787]
Acceptance ratio:  28.112230999727593 %
Solve for errors with parameters [0.09015519 3.50883795]
  Count:  3680 , QoI:  [-0.01256299]
Acceptance ratio:  28.09019288236892 %
Solve for errors with parameters [0.10007393 3.6861438 ]
  Count:  3690 , QoI:  [-0.03374015]
Acceptance ratio:  28.095367109184505 %
Solve for errors with parameters [0.09007583 3.33010255]
  Count:  3700 , QoI:  [-0.00247492]
Acceptance ratio:  28.127533099162388 %
Solve for errors with parameters [0.10031368 3.09225688]
  Count:  3710 , QoI:  [-0.00315264]
Acceptance ratio:  28.10563190514686 %
Solve for errors with parameters [0.07796414 3.43735786]
  Count:  3720 , QoI:  [0.00906832]
Acceptance ratio:  28.137597420048372 %
Solve for errors with parameters [0.10053765 3.34784721]
  Count:  3730 , QoI:  [-0.01746969]
Acceptance ratio:  28.08898418654516 %
Solve for errors with parameters [0.1061951  3.32140841]
  Count:  3740 , QoI:  [-0.02312602]
Acceptance ratio:  28.040630847367016 %
Solve for errors with parameters [0.09999734 3.50274048]
  Count:  3750 , QoI:  [-0.02473784]
Acceptance ratio:  28.019194881364967 %
Solve for errors with parameters [0.09035813 3.84749413]
  Count:  3760 , QoI:  [-0.03013447]
Acceptance ratio:  28.051050252592397 %
Solve for errors with parameters [0.10856375 3.30219395]
  Count:  3770 , QoI:  [-0.02501144]
Acceptance ratio:  28.029700344736145 %
Solve for errors with parameters [0.11013518 3.57818098]
  Count:  3780 , QoI:  [-0.03990862]
Acceptance ratio:  28.034911399100764 %
Solve for errors with parameters [0.10323273 3.20113459]
  Count:  3790 , QoI:  [-0.01312695]
Acceptance ratio:  28.01371669744131 %
Solve for errors with parameters [0.09962481 2.90140463]
  Count:  3800 , QoI:  [0.00919862]
Acceptance ratio:  27.966324651407525 %
Solve for errors with parameters [0.12469612 2.84778656]
  Count:  3810 , QoI:  [-0.02137254]
Acceptance ratio:  27.945421149304643 %
Solve for errors with parameters [0.10997611 3.02692539]
  Count:  3820 , QoI:  [-0.01245692]
Acceptance ratio:  27.898455901596442 %
Solve for errors with parameters [0.11029991 3.19277583]
  Count:  3830 , QoI:  [-0.02158049]
Acceptance ratio:  27.877838684416602 %
Solve for errors with parameters [0.11823313 3.06651484]
  Count:  3840 , QoI:  [-0.02472279]
Acceptance ratio:  27.85732882061963 %
Solve for errors with parameters [0.12259413 2.66576303]
  Count:  3850 , QoI:  [-0.00909212]
Acceptance ratio:  27.888860036354195 %
Solve for errors with parameters [0.1025256  2.84456979]
  Count:  3860 , QoI:  [0.00837688]
Acceptance ratio:  27.89432789432789 %
Solve for errors with parameters [0.10157137 3.04887999]
  Count:  3870 , QoI:  [-0.00240751]
Acceptance ratio:  27.873934383880133 %
Solve for errors with parameters [0.098325   3.49811162]
  Count:  3880 , QoI:  [-0.02246105]
Acceptance ratio:  27.853645967534142 %
Solve for errors with parameters [0.10566499 2.78593723]
  Count:  3890 , QoI:  [0.00733392]
Acceptance ratio:  27.833461835003853 %
Solve for errors with parameters [0.12187159 3.06404907]
  Count:  3900 , QoI:  [-0.0288338]
Acceptance ratio:  27.813381184311716 %
Solve for errors with parameters [0.11166225 3.05393144]
  Count:  3910 , QoI:  [-0.01605444]
Acceptance ratio:  27.844541038097674 %
Solve for errors with parameters [0.10532571 3.26912368]
  Count:  3920 , QoI:  [-0.01938152]
Acceptance ratio:  27.875541953583273 %
Solve for errors with parameters [0.10831551 2.70207966]
  Count:  3930 , QoI:  [0.00857097]
Acceptance ratio:  27.830068684813025 %
Solve for errors with parameters [0.11963156 2.42493631]
  Count:  3940 , QoI:  [0.00901853]
Acceptance ratio:  27.835574727226593 %
Solve for errors with parameters [0.10231336 3.04063344]
  Count:  3950 , QoI:  [-0.00296382]
Acceptance ratio:  27.89167299417869 %
Solve for errors with parameters [0.10643905 3.0877993 ]
  Count:  3960 , QoI:  [-0.01116191]
Acceptance ratio:  27.846503408230245 %
Solve for errors with parameters [0.10383139 3.70452356]
  Count:  3970 , QoI:  [-0.03879372]
Acceptance ratio:  27.826743893225885 %
Solve for errors with parameters [0.11985164 3.07190009]
  Count:  3980 , QoI:  [-0.02688739]
Acceptance ratio:  27.781964330570208 %
Solve for errors with parameters [0.09781898 2.961393  ]
  Count:  3990 , QoI:  [0.008203]
Acceptance ratio:  27.83763467802556 %
Solve for errors with parameters [0.10890105 2.79154199]
  Count:  4000 , QoI:  [0.00232517]
Acceptance ratio:  27.918020494876284 %
Solve for errors with parameters [0.10114754 3.52317588]
  Count:  4010 , QoI:  [-0.02713393]
Acceptance ratio:  27.87334829219646 %
Solve for errors with parameters [0.0961438 3.3124853]
  Count:  4020 , QoI:  [-0.00984056]
Acceptance ratio:  27.853767719472767 %
Solve for errors with parameters [0.09229374 3.42158613]
  Count:  4030 , QoI:  [-0.01066953]
Acceptance ratio:  27.7846688166708 %
Solve for errors with parameters [0.09927496 3.28955476]
  Count:  4040 , QoI:  [-0.01273785]
Acceptance ratio:  27.765404602821086 %
Solve for errors with parameters [0.09858839 2.94556696]
  Count:  4050 , QoI:  [0.00802768]
Acceptance ratio:  27.844976549000243 %
Solve for errors with parameters [0.11155375 3.25126114]
  Count:  4060 , QoI:  [-0.0260283]
Acceptance ratio:  27.825658704752527 %
Solve for errors with parameters [0.13661973 2.77145628]
  Count:  4070 , QoI:  [-0.03134952]
Acceptance ratio:  27.855563743551954 %
Solve for errors with parameters [0.11272374 3.48647584]
  Count:  4080 , QoI:  [-0.03854137]
Acceptance ratio:  27.885322224944865 %
Solve for errors with parameters [0.12779081 2.80354502]
  Count:  4090 , QoI:  [-0.02281443]
Acceptance ratio:  27.914935223661697 %
Solve for errors with parameters [0.12564019 2.82045302]
  Count:  4100 , QoI:  [-0.02110973]
Acceptance ratio:  27.94440380395026 %
Solve for errors with parameters [0.12729071 2.77278969]
  Count:  4110 , QoI:  [-0.02065346]
Acceptance ratio:  27.949404037946973 %
Solve for errors with parameters [0.11312465 2.87212883]
  Count:  4120 , QoI:  [-0.008088]
Acceptance ratio:  27.93011404998787 %
Solve for errors with parameters [0.11181386 3.2512897 ]
  Count:  4130 , QoI:  [-0.02633669]
Acceptance ratio:  27.86250302590172 %
Solve for errors with parameters [0.10100422 2.85016077]
  Count:  4140 , QoI:  [0.01030384]
Acceptance ratio:  27.867664815262017 %
Solve for errors with parameters [0.10656603 3.63510677]
  Count:  4150 , QoI:  [-0.03862095]
Acceptance ratio:  27.82462057335582 %
Solve for errors with parameters [0.09197413 3.10344678]
  Count:  4160 , QoI:  [0.00823589]
Acceptance ratio:  27.85388127853881 %
Solve for errors with parameters [0.11671407 2.96085598]
  Count:  4170 , QoI:  [-0.0174769]
Acceptance ratio:  27.859026612323184 %
Solve for errors with parameters [0.11477335 3.36305782]
  Count:  4180 , QoI:  [-0.03509045]
Acceptance ratio:  27.840229610141115 %
Solve for errors with parameters [0.10191812 3.91456441]
  Count:  4190 , QoI:  [-0.04608156]
Acceptance ratio:  27.845382963493197 %
Solve for errors with parameters [0.08231807 3.7455334 ]
  Count:  4200 , QoI:  [-0.01485282]
Acceptance ratio:  27.850511782908832 %
Solve for errors with parameters [0.08125802 3.82787498]
  Count:  4210 , QoI:  [-0.01780236]
Acceptance ratio:  27.831868914747094 %
Solve for errors with parameters [0.08686092 3.3644258 ]
  Count:  4220 , QoI:  [0.00013242]
Acceptance ratio:  27.837005448945746 %
Solve for errors with parameters [0.10578126 3.12386107]
  Count:  4230 , QoI:  [-0.01226411]
Acceptance ratio:  27.81848262822028 %
Solve for errors with parameters [0.08045243 3.57044596]
  Count:  4240 , QoI:  [-0.00257497]
Acceptance ratio:  27.80004715868899 %
Solve for errors with parameters [0.08253775 3.16504025]
  Count:  4250 , QoI:  [0.01909855]
Acceptance ratio:  27.78169842390026 %
Solve for errors with parameters [0.0927335  3.53739684]
  Count:  4260 , QoI:  [-0.01745493]
Acceptance ratio:  27.81037315184229 %
Solve for errors with parameters [0.07991938 3.96471698]
  Count:  4270 , QoI:  [-0.02311348]
Acceptance ratio:  27.79208616249122 %
Solve for errors with parameters [0.10061412 2.65225505]
  Count:  4280 , QoI:  [0.02369619]
Acceptance ratio:  27.773884606400372 %
Solve for errors with parameters [0.1088037 3.0370376]
  Count:  4290 , QoI:  [-0.01148403]
Acceptance ratio:  27.70915870426474 %
Solve for errors with parameters [0.09731715 2.75623759]
  Count:  4300 , QoI:  [0.02209512]
Acceptance ratio:  27.66798418972332 %
Solve for errors with parameters [0.13134031 2.26579418]
  Count:  4310 , QoI:  [0.00197004]
Acceptance ratio:  27.696590118302016 %
Solve for errors with parameters [0.12965139 2.49900168]
  Count:  4320 , QoI:  [-0.00905222]
Acceptance ratio:  27.70192085165471 %
Solve for errors with parameters [0.13227967 2.57064726]
  Count:  4330 , QoI:  [-0.01622354]
Acceptance ratio:  27.637958900946664 %
Solve for errors with parameters [0.13620796 2.44988274]
  Count:  4340 , QoI:  [-0.01468782]
Acceptance ratio:  27.597327804653304 %
Solve for errors with parameters [0.12646653 2.49537109]
  Count:  4350 , QoI:  [-0.00467063]
Acceptance ratio:  27.556883475063206 %
Solve for errors with parameters [0.10924448 2.09818362]
  Count:  4360 , QoI:  [0.04852164]
Acceptance ratio:  27.516624627379045 %
Solve for errors with parameters [0.13522279 2.07047971]
  Count:  4370 , QoI:  [0.00821892]
Acceptance ratio:  27.522306108442002 %
Solve for errors with parameters [0.15177008 1.93073172]
  Count:  4380 , QoI:  [-0.00609859]
Acceptance ratio:  27.596439169139465 %
Solve for errors with parameters [0.15024608 2.39301215]
  Count:  4390 , QoI:  [-0.02830178]
Acceptance ratio:  27.60191300387155 %
Solve for errors with parameters [0.13216092 2.57141599]
  Count:  4400 , QoI:  [-0.01611783]
Acceptance ratio:  27.58463985457851 %
Solve for errors with parameters [0.11901662 2.48773996]
  Count:  4410 , QoI:  [0.00607728]
Acceptance ratio:  27.65812740875085 %
Solve for errors with parameters [0.13266615 2.37084024]
  Count:  4420 , QoI:  [-0.00585496]
Acceptance ratio:  27.64080524768152 %
Solve for errors with parameters [0.142231   2.43163956]
  Count:  4430 , QoI:  [-0.02102086]
Acceptance ratio:  27.623561272850374 %
Solve for errors with parameters [0.14529947 1.81357172]
  Count:  4440 , QoI:  [0.00953352]
Acceptance ratio:  27.673947309164603 %
Solve for errors with parameters [0.137043  1.9239814]
  Count:  4450 , QoI:  [0.01467416]
Acceptance ratio:  27.679173219501234 %
Solve for errors with parameters [0.14129677 1.87039348]
  Count:  4460 , QoI:  [0.01179098]
Acceptance ratio:  27.661959201972653 %
Solve for errors with parameters [0.16115932 2.35325419]
  Count:  4470 , QoI:  [-0.03815178]
Acceptance ratio:  27.667188548423173 %
Solve for errors with parameters [0.14387885 2.46255957]
  Count:  4480 , QoI:  [-0.02449926]
Acceptance ratio:  27.650078107565275 %
Solve for errors with parameters [0.14735195 1.93477762]
  Count:  4490 , QoI:  [-0.00051919]
Acceptance ratio:  27.633043865508792 %
Solve for errors with parameters [0.14438569 2.1090056 ]
  Count:  4500 , QoI:  [-0.00649566]
Acceptance ratio:  27.66051988447012 %
Solve for errors with parameters [0.11772801 2.75106741]
  Count:  4510 , QoI:  [-0.0074394]
Acceptance ratio:  27.710042119264024 %
Solve for errors with parameters [0.09190151 3.22445709]
  Count:  4520 , QoI:  [0.00106741]
Acceptance ratio:  27.781464277814642 %
Solve for errors with parameters [0.11085161 3.32107752]
  Count:  4530 , QoI:  [-0.02863891]
Acceptance ratio:  27.786360626793204 %
Solve for errors with parameters [0.12839489 2.56485566]
  Count:  4540 , QoI:  [-0.01104324]
Acceptance ratio:  27.747192248403437 %
Solve for errors with parameters [0.1267174  2.24640422]
  Count:  4550 , QoI:  [0.00969266]
Acceptance ratio:  27.79608877169853 %
Solve for errors with parameters [0.1211893  2.19754456]
  Count:  4560 , QoI:  [0.02115055]
Acceptance ratio:  27.757070817803115 %
Solve for errors with parameters [0.13069866 2.88877644]
  Count:  4570 , QoI:  [-0.03036511]
Acceptance ratio:  27.71822358346095 %
Solve for errors with parameters [0.12057917 2.95071236]
  Count:  4580 , QoI:  [-0.0216759]
Acceptance ratio:  27.65771665575202 %
Solve for errors with parameters [0.11697182 2.71888539]
  Count:  4590 , QoI:  [-0.00462026]
Acceptance ratio:  27.641036811152254 %
Solve for errors with parameters [0.12968949 3.01397423]
  Count:  4600 , QoI:  [-0.03517209]
Acceptance ratio:  27.64616387741795 %
Solve for errors with parameters [0.11876514 2.56791898]
  Count:  4610 , QoI:  [0.00164751]
Acceptance ratio:  27.607894166124485 %
Solve for errors with parameters [0.13497705 2.38145143]
  Count:  4620 , QoI:  [-0.00944351]
Acceptance ratio:  27.61307076390392 %
Solve for errors with parameters [0.1466169  2.50121257]
  Count:  4630 , QoI:  [-0.02948841]
Acceptance ratio:  27.596631397106457 %
Solve for errors with parameters [0.15676744 2.19909472]
  Count:  4640 , QoI:  [-0.02615433]
Acceptance ratio:  27.623357035121742 %
Solve for errors with parameters [0.12820839 2.21973772]
  Count:  4650 , QoI:  [0.0091707]
Acceptance ratio:  27.606966243818533 %
Solve for errors with parameters [0.13997234 2.24139864]
  Count:  4660 , QoI:  [-0.00814688]
Acceptance ratio:  27.612100407637847 %
Solve for errors with parameters [0.14368538 2.16794979]
  Count:  4670 , QoI:  [-0.00885753]
Acceptance ratio:  27.59580389638193 %
Solve for errors with parameters [0.11959662 2.26702337]
  Count:  4680 , QoI:  [0.01907361]
Acceptance ratio:  27.57957701345866 %
Solve for errors with parameters [0.13454728 2.75042891]
  Count:  4690 , QoI:  [-0.02801166]
Acceptance ratio:  27.542101897250053 %
Solve for errors with parameters [0.09022284 2.85483268]
  Count:  4700 , QoI:  [0.02714376]
Acceptance ratio:  27.526058285471176 %
Solve for errors with parameters [0.09821903 3.75259537]
  Count:  4710 , QoI:  [-0.03475196]
Acceptance ratio:  27.510082784971345 %
Solve for errors with parameters [0.10786753 2.7347169 ]
  Count:  4720 , QoI:  [0.00723049]
Acceptance ratio:  27.57890277483584 %
Solve for errors with parameters [0.10698693 3.52265623]
  Count:  4730 , QoI:  [-0.03387507]
Acceptance ratio:  27.58402029169309 %
Solve for errors with parameters [0.1156212  2.86673314]
  Count:  4740 , QoI:  [-0.01106048]
Acceptance ratio:  27.589116220206705 %
Solve for errors with parameters [0.11547687 3.04072962]
  Count:  4750 , QoI:  [-0.02010135]
Acceptance ratio:  27.573142496316567 %
Solve for errors with parameters [0.13103918 2.59475277]
  Count:  4760 , QoI:  [-0.01596482]
Acceptance ratio:  27.557235874816215 %
Solve for errors with parameters [0.11652507 2.46208218]
  Count:  4770 , QoI:  [0.01128963]
Acceptance ratio:  27.56235590023056 %
Solve for errors with parameters [0.12564814 2.85201344]
  Count:  4780 , QoI:  [-0.02272337]
Acceptance ratio:  27.52562225475842 %
Solve for errors with parameters [0.12675403 2.23579323]
  Count:  4790 , QoI:  [0.01029492]
Acceptance ratio:  27.57253183051555 %
Solve for errors with parameters [0.12117083 2.62703222]
  Count:  4800 , QoI:  [-0.00505207]
Acceptance ratio:  27.59841699645907 %
Solve for errors with parameters [0.13338718 2.54895195]
  Count:  4810 , QoI:  [-0.01644364]
Acceptance ratio:  27.60340885470796 %
Solve for errors with parameters [0.13475089 2.60023042]
  Count:  4820 , QoI:  [-0.02075017]
Acceptance ratio:  27.64986517320058 %
Solve for errors with parameters [0.13303213 2.52057471]
  Count:  4830 , QoI:  [-0.01450474]
Acceptance ratio:  27.6754295176982 %
Solve for errors with parameters [0.12738687 2.50247509]
  Count:  4840 , QoI:  [-0.0062904]
Acceptance ratio:  27.680231357157613 %
Solve for errors with parameters [0.12207564 2.5776888 ]
  Count:  4850 , QoI:  [-0.00346372]
Acceptance ratio:  27.685013399299113 %
Solve for errors with parameters [0.12340828 3.05083127]
  Count:  4860 , QoI:  [-0.02994481]
Acceptance ratio:  27.669203867516973 %
Solve for errors with parameters [0.11330435 3.03841173]
  Count:  4870 , QoI:  [-0.01729714]
Acceptance ratio:  27.632929583247794 %
Solve for errors with parameters [0.10398174 2.76633551]
  Count:  4880 , QoI:  [0.0110458]
Acceptance ratio:  27.61729153861914 %
Solve for errors with parameters [0.10681722 3.25105849]
  Count:  4890 , QoI:  [-0.02029721]
Acceptance ratio:  27.642608873441016 %
Solve for errors with parameters [0.1056725  3.11466541]
  Count:  4900 , QoI:  [-0.01162288]
Acceptance ratio:  27.627014894919405 %
Solve for errors with parameters [0.09741198 3.26633127]
  Count:  4910 , QoI:  [-0.00899544]
Acceptance ratio:  27.611484422724498 %
Solve for errors with parameters [0.08401227 3.39082971]
  Count:  4920 , QoI:  [0.00273745]
Acceptance ratio:  27.575695996748628 %
Solve for errors with parameters [0.09262102 3.22766725]
  Count:  4930 , QoI:  [-0.00015407]
Acceptance ratio:  27.540052727641452 %
Solve for errors with parameters [0.09965749 3.08083946]
  Count:  4940 , QoI:  [-0.00157896]
Acceptance ratio:  27.524792552114956 %
Solve for errors with parameters [0.09701241 3.36381814]
  Count:  4950 , QoI:  [-0.01378066]
Acceptance ratio:  27.5499899010301 %
Solve for errors with parameters [0.10418231 2.99255717]
  Count:  4960 , QoI:  [-0.0027906]
Acceptance ratio:  27.534771215480752 %
Solve for errors with parameters [0.10276787 3.51205602]
  Count:  4970 , QoI:  [-0.02850593]
Acceptance ratio:  27.539730436531883 %
Solve for errors with parameters [0.11847819 2.84200754]
  Count:  4980 , QoI:  [-0.01338964]
Acceptance ratio:  27.54466974503112 %
Solve for errors with parameters [0.10458604 3.12435328]
  Count:  4990 , QoI:  [-0.01072628]
Acceptance ratio:  27.489481065918653 %
Solve for errors with parameters [0.14823276 2.51046612]
  Count:  5000 , QoI:  [-0.03171036]
Number accepted = 1376
