pwd: /Backup_Linux/Dropbox/Work/Simulations/TumorModeling/PosteriorAnalysis/TumModel_AllenCahn
py file: run_3
 
Running chain 1
 
Arguments passed: 
Namespace(chain_id=1)
WARNING: user expression has not supplied value_shape method or an element. Assuming scalar element.
WARNING: user expression has not supplied value_shape method or an element. Assuming scalar element.
WARNING: user expression has not supplied value_shape method or an element. Assuming scalar element.
WARNING: user expression has not supplied value_shape method or an element. Assuming scalar element.
WARNING: user expression has not supplied value_shape method or an element. Assuming scalar element.
WARNING: user expression has not supplied value_shape method or an element. Assuming scalar element.


Getting low-fidelity solution

Solve LF with parameters [0.2, 0.1, 0.05]


Compute error at one parameter sample

test parameter: <dolfin.cpp.la.Vector object at 0x7f0253319f90>


Solve original forward and dual problem

Solve with parameters [0.47093008 0.06695502 0.0221024  0.77254986]
Calling FFC just-in-time (JIT) compiler, this may take some time.
Calling FFC just-in-time (JIT) compiler, this may take some time.
Calling FFC just-in-time (JIT) compiler, this may take some time.
Calling FFC just-in-time (JIT) compiler, this may take some time.
Calling FFC just-in-time (JIT) compiler, this may take some time.
Calling FFC just-in-time (JIT) compiler, this may take some time.
Calling FFC just-in-time (JIT) compiler, this may take some time.
Calling FFC just-in-time (JIT) compiler, this may take some time.


Solve for approximate errors

Solve with parameters [0.47093008 0.06695502 0.0221024  0.77254986]

 *** comparing various estimates ***


Q(u0) =  1.1923454107206624


QoI using exact

Q(u) =  1.1030090460940647

Error Q(u) - Q(u0) =  -0.08933636462659766

Estimate 1 Q(u) - Q(u0) =  0.4566910880466464

Estimate 2 Q(u) - Q(u0) =  0.16757042681669349

Estimate 3 Q(u) - Q(u0) =  -0.036148757769978994


QoI using approximate


Q(u) =  1.089960183534164

Error Q(u) - Q(u0) =  -0.10238522718649845

Estimate 1 Q(u) - Q(u0) =  0.4514107491465013

Estimate 2 Q(u) - Q(u0) =  0.21035739160151168

Estimate 3 Q(u) - Q(u0) =  -0.04846335208359252


 *** Running MCMC simulation ***


Solve with parameters [0.47093008 0.06695502 0.0221024  0.77254986]
  Count:  0 , QoI:  [-0.10238523]
Acceptance ratio:  0.0 %
Solve with parameters [0.58667935 0.06523438 0.0159526  0.71764221]
  Count:  10 , QoI:  [-0.05137645]
Acceptance ratio:  36.36363636363637 %
Solve with parameters [0.76494472 0.07548869 0.0122522  0.77122276]
  Count:  20 , QoI:  [-0.0193555]
Acceptance ratio:  33.33333333333333 %
Solve with parameters [0.70163383 0.07861102 0.01129271 0.52374229]
  Count:  30 , QoI:  [-0.00701105]
Acceptance ratio:  22.58064516129032 %
Solve with parameters [0.70366366 0.07072379 0.01257398 0.58815753]
  Count:  40 , QoI:  [-0.00976401]
Acceptance ratio:  17.073170731707318 %
Solve with parameters [0.75040094 0.07366706 0.0120097  0.58243137]
  Count:  50 , QoI:  [-0.00209837]
Acceptance ratio:  13.725490196078432 %
Solve with parameters [0.75043607 0.06320832 0.00985238 0.60053692]
  Count:  60 , QoI:  [0.01156873]
Acceptance ratio:  11.475409836065573 %
Solve with parameters [0.60212449 0.0880388  0.01236141 0.72826239]
  Count:  70 , QoI:  [-0.05491145]
Acceptance ratio:  9.859154929577464 %
Solve with parameters [0.70475824 0.0575084  0.0132774  0.63630923]
  Count:  80 , QoI:  [-0.00526382]
Acceptance ratio:  9.876543209876543 %
Solve with parameters [1.01831163 0.07199398 0.01281428 0.83687193]
  Count:  90 , QoI:  [0.02125777]
Acceptance ratio:  8.791208791208792 %
Solve with parameters [0.80910564 0.0787166  0.01443315 0.76641174]
  Count:  100 , QoI:  [-0.02297113]
Acceptance ratio:  7.920792079207921 %
Solve with parameters [0.69680392 0.07459815 0.01467642 0.63881306]
  Count:  110 , QoI:  [-0.02604332]
Acceptance ratio:  7.207207207207207 %
Solve with parameters [0.83148421 0.06835172 0.01552    0.70154585]
  Count:  120 , QoI:  [-0.00650445]
Acceptance ratio:  6.6115702479338845 %
Solve with parameters [0.92774694 0.08728217 0.01322111 0.74550328]
  Count:  130 , QoI:  [-0.00255073]
Acceptance ratio:  6.106870229007633 %
Solve with parameters [0.96442445 0.070317   0.01703882 0.62812733]
  Count:  140 , QoI:  [0.02132756]
Acceptance ratio:  5.673758865248227 %
Solve with parameters [0.87995754 0.05944689 0.012032   1.04212578]
  Count:  150 , QoI:  [-0.00164475]
Acceptance ratio:  5.298013245033113 %
Solve with parameters [0.71530727 0.07224104 0.0140352  0.78510687]
  Count:  160 , QoI:  [-0.03426783]
Acceptance ratio:  4.968944099378882 %
Solve with parameters [0.77717456 0.06941579 0.01542633 0.80002137]
  Count:  170 , QoI:  [-0.02820444]
Acceptance ratio:  4.678362573099415 %
Solve with parameters [0.67550478 0.07313597 0.01503801 0.8411192 ]
  Count:  180 , QoI:  [-0.05255814]
Acceptance ratio:  4.41988950276243 %
Solve with parameters [0.96044367 0.0721207  0.01486776 0.64890927]
  Count:  190 , QoI:  [0.02186099]
Acceptance ratio:  4.18848167539267 %
Solve with parameters [0.95025968 0.08703731 0.01307806 0.75555387]
  Count:  200 , QoI:  [0.00127004]
Acceptance ratio:  3.9800995024875623 %
Solve with parameters [0.97233396 0.09385427 0.01523516 0.69801699]
  Count:  210 , QoI:  [-0.0017758]
Acceptance ratio:  3.7914691943127963 %
Solve with parameters [1.13284753 0.07487694 0.01430968 0.69356823]
  Count:  220 , QoI:  [0.04800968]
Acceptance ratio:  3.619909502262444 %
Solve with parameters [0.89236329 0.07761519 0.01201255 0.73807443]
  Count:  230 , QoI:  [0.00493226]
Acceptance ratio:  3.463203463203463 %
Solve with parameters [0.70183737 0.07187464 0.013591   0.73162124]
  Count:  240 , QoI:  [-0.02908184]
Acceptance ratio:  3.319502074688797 %
Solve with parameters [0.67643295 0.07680357 0.01086389 0.78145232]
  Count:  250 , QoI:  [-0.0302685]
Acceptance ratio:  3.5856573705179287 %
Solve with parameters [0.76507068 0.07008972 0.01330503 0.88551656]
  Count:  260 , QoI:  [-0.02929487]
Acceptance ratio:  3.4482758620689653 %
Solve with parameters [0.68250587 0.07659597 0.01330633 0.86989646]
  Count:  270 , QoI:  [-0.04848785]
Acceptance ratio:  3.3210332103321036 %
Solve with parameters [0.85228711 0.06259152 0.01217723 0.84766952]
  Count:  280 , QoI:  [0.00201765]
Acceptance ratio:  3.202846975088968 %
Solve with parameters [0.80464635 0.0720082  0.01290807 0.73711622]
  Count:  290 , QoI:  [-0.00892629]
Acceptance ratio:  3.0927835051546393 %
Solve with parameters [0.68365001 0.07183064 0.01295468 0.6594232 ]
  Count:  300 , QoI:  [-0.0225839]
Acceptance ratio:  2.990033222591362 %
Solve with parameters [0.82113299 0.09411181 0.01375889 0.6961887 ]
  Count:  310 , QoI:  [-0.02432384]
Acceptance ratio:  3.215434083601286 %
Solve with parameters [0.77056512 0.0791811  0.01448895 0.63844768]
  Count:  320 , QoI:  [-0.01630143]
Acceptance ratio:  3.115264797507788 %
Solve with parameters [0.90284891 0.07851701 0.01805852 0.812756  ]
  Count:  330 , QoI:  [-0.02513063]
Acceptance ratio:  3.0211480362537766 %
Solve with parameters [0.9936945  0.06226767 0.01286751 0.71546877]
  Count:  340 , QoI:  [0.03590705]
Acceptance ratio:  2.932551319648094 %
Solve with parameters [0.81075935 0.0846985  0.0146102  0.73361485]
  Count:  350 , QoI:  [-0.02505659]
Acceptance ratio:  2.849002849002849 %
Solve with parameters [0.74181778 0.0800783  0.01325689 0.65732455]
  Count:  360 , QoI:  [-0.02036967]
Acceptance ratio:  2.7700831024930745 %
Solve with parameters [0.8384713  0.08681767 0.01202825 0.75071464]
  Count:  370 , QoI:  [-0.01387573]
Acceptance ratio:  2.6954177897574128 %
Solve with parameters [0.92643081 0.070202   0.01196791 0.58671118]
  Count:  380 , QoI:  [0.03122383]
Acceptance ratio:  2.6246719160104988 %
Solve with parameters [0.76931907 0.0939905  0.01526098 0.82694992]
  Count:  390 , QoI:  [-0.05363317]
Acceptance ratio:  2.557544757033248 %
Solve with parameters [0.94671855 0.08183752 0.01493308 0.69897351]
  Count:  400 , QoI:  [0.0048817]
Acceptance ratio:  2.493765586034913 %
Solve with parameters [0.84376798 0.08682386 0.01205537 0.72013845]
  Count:  410 , QoI:  [-0.0103707]
Acceptance ratio:  2.4330900243309004 %
Solve with parameters [0.66083479 0.0746389  0.0146126  0.69389936]
  Count:  420 , QoI:  [-0.03852657]
Acceptance ratio:  2.375296912114014 %
Solve with parameters [0.84531177 0.06556317 0.01570095 0.68739571]
  Count:  430 , QoI:  [-0.00043848]
Acceptance ratio:  2.320185614849188 %
Solve with parameters [0.82595462 0.07381853 0.01340951 0.58563092]
  Count:  440 , QoI:  [0.00695335]
Acceptance ratio:  2.2675736961451247 %
Solve with parameters [0.73455839 0.09548739 0.01267033 0.7601358 ]
  Count:  450 , QoI:  [-0.04300847]
Acceptance ratio:  2.2172949002217295 %
Solve with parameters [0.87522327 0.08527488 0.01207254 0.75376134]
  Count:  460 , QoI:  [-0.00650234]
Acceptance ratio:  2.1691973969631237 %
Solve with parameters [0.78460381 0.08241727 0.01307239 0.82540568]
  Count:  470 , QoI:  [-0.03054657]
Acceptance ratio:  2.1231422505307855 %
Solve with parameters [0.78472446 0.08563362 0.01232205 0.68629244]
  Count:  480 , QoI:  [-0.01743885]
Acceptance ratio:  2.079002079002079 %
Solve with parameters [0.8498864  0.06867482 0.01141968 0.69811819]
  Count:  490 , QoI:  [0.01096067]
Acceptance ratio:  2.0366598778004072 %
Solve with parameters [0.83641064 0.09007782 0.01512493 0.67699489]
  Count:  500 , QoI:  [-0.02033576]
Acceptance ratio:  1.996007984031936 %
Solve with parameters [1.03440217 0.08125224 0.0164183  0.67834471]
  Count:  510 , QoI:  [0.01994387]
Acceptance ratio:  1.9569471624266144 %
Solve with parameters [0.93304921 0.08405077 0.01002316 0.66772073]
  Count:  520 , QoI:  [0.01880612]
Acceptance ratio:  1.9193857965451053 %
Solve with parameters [0.73954593 0.08724876 0.01524342 0.60570022]
  Count:  530 , QoI:  [-0.02683014]
Acceptance ratio:  1.8832391713747645 %
Solve with parameters [0.92028106 0.08998176 0.01250742 0.66515131]
  Count:  540 , QoI:  [0.00389927]
Acceptance ratio:  1.8484288354898337 %
Solve with parameters [0.77264868 0.08916416 0.01486214 0.61445948]
  Count:  550 , QoI:  [-0.02263606]
Acceptance ratio:  1.8148820326678767 %
Solve with parameters [0.73491002 0.06654561 0.01106369 0.64616913]
  Count:  560 , QoI:  [-0.00150018]
Acceptance ratio:  1.7825311942959003 %
Solve with parameters [0.93122917 0.07510614 0.01372857 0.5304431 ]
  Count:  570 , QoI:  [0.03003498]
Acceptance ratio:  1.7513134851138354 %
Solve with parameters [0.99858185 0.08505683 0.01346519 0.64514532]
  Count:  580 , QoI:  [0.02153191]
Acceptance ratio:  1.7211703958691909 %
Solve with parameters [0.80785965 0.08425151 0.01085727 0.61487649]
  Count:  590 , QoI:  [-0.00109154]
Acceptance ratio:  1.6920473773265652 %
Solve with parameters [0.66382832 0.08603705 0.01479919 0.7798421 ]
  Count:  600 , QoI:  [-0.05818947]
Acceptance ratio:  1.6638935108153077 %
Solve with parameters [0.92608431 0.07274749 0.01381069 0.54003984]
  Count:  610 , QoI:  [0.02989185]
Acceptance ratio:  1.6366612111292964 %
Solve with parameters [1.10209588 0.07219784 0.01332483 0.64656117]
  Count:  620 , QoI:  [0.05205417]
Acceptance ratio:  1.610305958132045 %
Solve with parameters [0.76930351 0.06572228 0.01281669 0.61695561]
  Count:  630 , QoI:  [0.00230584]
Acceptance ratio:  1.5847860538827259 %
Solve with parameters [0.88764238 0.08161701 0.01277864 0.78988585]
  Count:  640 , QoI:  [-0.00704582]
Acceptance ratio:  1.5600624024960998 %
Solve with parameters [0.74015035 0.07373592 0.01560461 0.69182427]
  Count:  650 , QoI:  [-0.02687747]
Acceptance ratio:  1.5360983102918586 %
Solve with parameters [0.75720752 0.0683811  0.01585661 0.80434963]
  Count:  660 , QoI:  [-0.03324397]
Acceptance ratio:  1.5128593040847202 %
Solve with parameters [0.86157269 0.08231051 0.01742048 0.62212313]
  Count:  670 , QoI:  [-0.00834378]
Acceptance ratio:  1.4903129657228018 %
Solve with parameters [0.77457577 0.07473303 0.01400606 0.7233775 ]
  Count:  680 , QoI:  [-0.01947442]
Acceptance ratio:  1.4684287812041115 %
Solve with parameters [0.76564032 0.07557089 0.01924955 0.57931849]
  Count:  690 , QoI:  [-0.01847304]
Acceptance ratio:  1.447178002894356 %
Solve with parameters [0.73293932 0.07868031 0.01110642 0.55798578]
  Count:  700 , QoI:  [-0.00459967]
Acceptance ratio:  1.4265335235378032 %
Solve with parameters [0.76257928 0.06586334 0.01345139 0.65240008]
  Count:  710 , QoI:  [-0.00455714]
Acceptance ratio:  1.4064697609001406 %
Solve with parameters [0.92812737 0.08381909 0.01383757 0.62646485]
  Count:  720 , QoI:  [0.01097022]
Acceptance ratio:  1.3869625520110958 %
Solve with parameters [0.86637012 0.07133029 0.01464996 0.5646721 ]
  Count:  730 , QoI:  [0.01578597]
Acceptance ratio:  1.3679890560875512 %
Solve with parameters [0.82218941 0.0816872  0.0156315  0.68161885]
  Count:  740 , QoI:  [-0.01779155]
Acceptance ratio:  1.484480431848853 %
Solve with parameters [0.77751784 0.06274841 0.01629676 0.49825238]
  Count:  750 , QoI:  [0.01218856]
Acceptance ratio:  1.4647137150466045 %
Solve with parameters [0.67191243 0.06248601 0.01422998 0.65901098]
  Count:  760 , QoI:  [-0.0208936]
Acceptance ratio:  1.445466491458607 %
Solve with parameters [0.86446526 0.06129837 0.01372737 0.68165453]
  Count:  770 , QoI:  [0.01375503]
Acceptance ratio:  1.4267185473411155 %
Solve with parameters [0.90022108 0.06794949 0.01392695 0.87437299]
  Count:  780 , QoI:  [-0.00501317]
Acceptance ratio:  1.4084507042253522 %
Solve with parameters [0.63964027 0.05525386 0.01243826 0.66280756]
  Count:  790 , QoI:  [-0.01434234]
Acceptance ratio:  1.390644753476612 %
Solve with parameters [0.83211954 0.06807636 0.01484821 0.74538857]
  Count:  800 , QoI:  [-0.00872564]
Acceptance ratio:  1.373283395755306 %
Solve with parameters [0.83744115 0.07368328 0.01564585 0.71420316]
  Count:  810 , QoI:  [-0.01200445]
Acceptance ratio:  1.3563501849568433 %
Solve with parameters [0.79772577 0.07139166 0.01208843 0.92835412]
  Count:  820 , QoI:  [-0.02122767]
Acceptance ratio:  1.3398294762484775 %
Solve with parameters [0.84779678 0.06892655 0.01256544 0.65928082]
  Count:  830 , QoI:  [0.00994173]
Acceptance ratio:  1.3237063778580023 %
Solve with parameters [0.79145328 0.05857481 0.01313435 0.89322071]
  Count:  840 , QoI:  [-0.01366321]
Acceptance ratio:  1.3079667063020213 %
Solve with parameters [0.91521738 0.05743117 0.01275715 0.68979131]
  Count:  850 , QoI:  [0.02874536]
Acceptance ratio:  1.2925969447708578 %
Solve with parameters [0.83908424 0.06123023 0.01455829 0.52539973]
  Count:  860 , QoI:  [0.02439458]
Acceptance ratio:  1.2775842044134729 %
Solve with parameters [0.90699276 0.08266305 0.01017998 0.71798993]
  Count:  870 , QoI:  [0.01140954]
Acceptance ratio:  1.2629161882893225 %
Solve with parameters [0.81280057 0.06155963 0.01303016 0.81811219]
  Count:  880 , QoI:  [-0.00582786]
Acceptance ratio:  1.2485811577752552 %
Solve with parameters [0.85599734 0.06395427 0.01376125 0.70664642]
  Count:  890 , QoI:  [0.00722518]
Acceptance ratio:  1.2345679012345678 %
Solve with parameters [0.94858148 0.07395729 0.01104734 0.69001559]
  Count:  900 , QoI:  [0.0254676]
Acceptance ratio:  1.2208657047724751 %
Solve with parameters [0.74236334 0.06824212 0.01368763 0.69937301]
  Count:  910 , QoI:  [-0.01584934]
Acceptance ratio:  1.2074643249176729 %
Solve with parameters [0.87159249 0.06820945 0.01040243 0.67262558]
  Count:  920 , QoI:  [0.02067749]
Acceptance ratio:  1.1943539630836049 %
Solve with parameters [0.67010019 0.0566693  0.01416791 0.7258698 ]
  Count:  930 , QoI:  [-0.0230597]
Acceptance ratio:  1.1815252416756177 %
Solve with parameters [0.73142995 0.05957451 0.01357514 0.6617304 ]
  Count:  940 , QoI:  [-0.00594924]
Acceptance ratio:  1.1689691817215728 %
Solve with parameters [0.68190538 0.06930542 0.01541473 0.94275667]
  Count:  950 , QoI:  [-0.0605079]
Acceptance ratio:  1.1566771819137749 %
Solve with parameters [0.74526538 0.06127613 0.01106674 0.58953994]
  Count:  960 , QoI:  [0.00965192]
Acceptance ratio:  1.1446409989594173 %
Solve with parameters [0.59172056 0.06957996 0.0126023  0.84223704]
  Count:  970 , QoI:  [-0.05191191]
Acceptance ratio:  1.132852729145211 %
Solve with parameters [0.7618611  0.06884768 0.0139309  0.73944825]
  Count:  980 , QoI:  [-0.01793477]
Acceptance ratio:  1.1213047910295617 %
Solve with parameters [0.83440303 0.06950246 0.0121359  0.58349614]
  Count:  990 , QoI:  [0.01558318]
Acceptance ratio:  1.109989909182644 %
Solve with parameters [0.65456129 0.06796492 0.0146231  0.73841482]
  Count:  1000 , QoI:  [-0.0388489]
Acceptance ratio:  1.098901098901099 %
Solve with parameters [0.76519372 0.07552572 0.0133056  0.61111509]
  Count:  1010 , QoI:  [-0.00765473]
Acceptance ratio:  1.0880316518298714 %
Solve with parameters [0.78871825 0.05943822 0.01287318 0.73036709]
  Count:  1020 , QoI:  [0.00020377]
Acceptance ratio:  1.0773751224289911 %
Solve with parameters [0.67626695 0.08236539 0.01343936 0.68630904]
  Count:  1030 , QoI:  [-0.03738061]
Acceptance ratio:  1.066925315227934 %
Solve with parameters [0.863989   0.05933788 0.01461345 0.63158404]
  Count:  1040 , QoI:  [0.01810618]
Acceptance ratio:  1.0566762728146013 %
Solve with parameters [0.74179422 0.08212916 0.01168048 0.73204597]
  Count:  1050 , QoI:  [-0.023489]
Acceptance ratio:  1.0466222645099905 %
Solve with parameters [0.78247055 0.07173608 0.01257757 0.54269101]
  Count:  1060 , QoI:  [0.00768545]
Acceptance ratio:  1.0367577756833177 %
Solve with parameters [0.82377232 0.07722124 0.01134894 0.66519632]
  Count:  1070 , QoI:  [0.001867]
Acceptance ratio:  1.0270774976657329 %
Solve with parameters [0.85538596 0.07392252 0.01493918 0.65043568]
  Count:  1080 , QoI:  [0.00073596]
Acceptance ratio:  1.0175763182238668 %
Solve with parameters [0.76360348 0.0822322  0.01258432 0.73869134]
  Count:  1090 , QoI:  [-0.02402909]
Acceptance ratio:  1.008249312557287 %
Solve with parameters [0.84452157 0.07920778 0.01368786 0.57615182]
  Count:  1100 , QoI:  [0.00599377]
Acceptance ratio:  0.9990917347865577 %
Solve with parameters [0.65917773 0.07083968 0.01096998 0.5857405 ]
  Count:  1110 , QoI:  [-0.01250125]
Acceptance ratio:  0.9900990099009901 %
Solve with parameters [0.68220114 0.06365267 0.01258499 0.77656447]
  Count:  1120 , QoI:  [-0.0252025]
Acceptance ratio:  0.9812667261373774 %
Solve with parameters [0.79699584 0.07285065 0.01099045 0.60353894]
  Count:  1130 , QoI:  [0.00748771]
Acceptance ratio:  0.9725906277630416 %
Solve with parameters [0.79640552 0.06743231 0.01156514 0.60264463]
  Count:  1140 , QoI:  [0.0105168]
Acceptance ratio:  0.9640666082383873 %
Solve with parameters [0.872575   0.06841454 0.01105825 0.71577125]
  Count:  1150 , QoI:  [0.01509136]
Acceptance ratio:  0.9556907037358819 %
Solve with parameters [0.91065297 0.06293954 0.01239904 0.60731127]
  Count:  1160 , QoI:  [0.03177037]
Acceptance ratio:  0.9474590869939706 %
Solve with parameters [0.77787226 0.06673655 0.01604899 0.72979304]
  Count:  1170 , QoI:  [-0.02005823]
Acceptance ratio:  0.9393680614859093 %
Solve with parameters [0.91019124 0.06090102 0.01395774 0.72318397]
  Count:  1180 , QoI:  [0.01745462]
Acceptance ratio:  0.9314140558848433 %
Solve with parameters [0.82832866 0.06023663 0.01324919 0.77038641]
  Count:  1190 , QoI:  [0.00141312]
Acceptance ratio:  0.9235936188077246 %
Solve with parameters [0.79243254 0.0805556  0.01172234 0.60428809]
  Count:  1200 , QoI:  [-0.00207936]
Acceptance ratio:  0.9159034138218152 %
Solve with parameters [0.89815434 0.06283903 0.01450192 0.68091622]
  Count:  1210 , QoI:  [0.01613372]
Acceptance ratio:  0.9083402146985963 %
Solve with parameters [0.83454082 0.05654013 0.01198418 0.81811423]
  Count:  1220 , QoI:  [0.00757071]
Acceptance ratio:  0.9009009009009009 %
Solve with parameters [0.8290345  0.05166557 0.01475476 0.77911753]
  Count:  1230 , QoI:  [0.00226216]
Acceptance ratio:  0.8935824532900082 %
Solve with parameters [0.82950999 0.06662873 0.01421364 0.74331318]
  Count:  1240 , QoI:  [-0.00530745]
Acceptance ratio:  0.8863819500402902 %
Solve with parameters [0.66615309 0.07428406 0.0122632  0.6183242 ]
  Count:  1250 , QoI:  [-0.02131216]
Acceptance ratio:  0.8792965627498002 %
Solve with parameters [0.66989798 0.05828086 0.0134006  0.67676448]
  Count:  1260 , QoI:  [-0.01657068]
Acceptance ratio:  0.8723235527359239 %
Solve with parameters [0.74993514 0.06665903 0.01293951 0.52692633]
  Count:  1270 , QoI:  [0.00720257]
Acceptance ratio:  0.865460267505901 %
Solve with parameters [0.80885107 0.07130868 0.01491295 0.52586318]
  Count:  1280 , QoI:  [0.00964748]
Acceptance ratio:  0.858704137392662 %
Solve with parameters [0.65241738 0.07203887 0.01260089 0.86008601]
  Count:  1290 , QoI:  [-0.04506732]
Acceptance ratio:  0.8520526723470179 %
Solve with parameters [0.76027886 0.07308579 0.0118089  0.61201229]
  Count:  1300 , QoI:  [-0.00216382]
Acceptance ratio:  0.8455034588777863 %
Solve with parameters [0.9526978  0.08366612 0.0121582  0.60206852]
  Count:  1310 , QoI:  [0.02219425]
Acceptance ratio:  0.8390541571319604 %
Solve with parameters [0.8163792  0.07405329 0.01259074 0.94093341]
  Count:  1320 , QoI:  [-0.02420765]
Acceptance ratio:  0.8327024981074944 %
Solve with parameters [1.02240281 0.07047446 0.01363759 0.5561629 ]
  Count:  1330 , QoI:  [0.0478095]
Acceptance ratio:  0.8264462809917356 %
Solve with parameters [0.76579602 0.07266311 0.01144395 0.80845534]
  Count:  1340 , QoI:  [-0.01596798]
Acceptance ratio:  0.8202833706189411 %
Solve with parameters [0.79883383 0.0655941  0.01369119 0.68203304]
  Count:  1350 , QoI:  [-0.00173196]
Acceptance ratio:  0.8142116950407106 %
Solve with parameters [0.8053284  0.07760254 0.01506485 0.54563803]
  Count:  1360 , QoI:  [0.00092827]
Acceptance ratio:  0.881704628949302 %
Solve with parameters [0.84882268 0.07244412 0.01485958 0.6108747 ]
  Count:  1370 , QoI:  [0.00568489]
Acceptance ratio:  0.87527352297593 %
Solve with parameters [0.77857938 0.07479614 0.01572571 0.53974854]
  Count:  1380 , QoI:  [-0.00214478]
Acceptance ratio:  0.8689355539464156 %
Solve with parameters [0.72504614 0.07059359 0.01953827 0.5233385 ]
  Count:  1390 , QoI:  [-0.01371756]
Acceptance ratio:  0.8626887131560028 %
Solve with parameters [0.98067503 0.05983847 0.01437053 0.60465156]
  Count:  1400 , QoI:  [0.04265105]
Acceptance ratio:  0.8565310492505354 %
Solve with parameters [0.85555316 0.0656658  0.01867232 0.56318998]
  Count:  1410 , QoI:  [0.01041751]
Acceptance ratio:  0.8504606661941885 %
Solve with parameters [0.97393145 0.0666679  0.01437754 0.71013041]
  Count:  1420 , QoI:  [0.02390719]
Acceptance ratio:  0.844475721323012 %
Solve with parameters [0.84682875 0.0872016  0.01610204 0.75160465]
  Count:  1430 , QoI:  [-0.02819986]
Acceptance ratio:  0.8385744234800839 %
Solve with parameters [0.76981788 0.05555557 0.02053949 0.63776289]
  Count:  1440 , QoI:  [-0.0129675]
Acceptance ratio:  0.8327550312283136 %
Solve with parameters [0.90003409 0.05860597 0.02006544 0.7991105 ]
  Count:  1450 , QoI:  [-0.0134774]
Acceptance ratio:  0.8270158511371467 %
Solve with parameters [0.62109627 0.07884384 0.01421349 0.74736676]
  Count:  1460 , QoI:  [-0.0534384]
Acceptance ratio:  0.8213552361396305 %
Solve with parameters [0.77028764 0.06646526 0.01413302 0.63639186]
  Count:  1470 , QoI:  [-0.00411543]
Acceptance ratio:  0.8157715839564922 %
Solve with parameters [0.87470642 0.07082799 0.0149258  0.69902466]
  Count:  1480 , QoI:  [0.001442]
Acceptance ratio:  0.8102633355840648 %
Solve with parameters [0.76963866 0.07043062 0.01739238 0.70062821]
  Count:  1490 , QoI:  [-0.02570935]
Acceptance ratio:  0.8048289738430584 %
Solve with parameters [0.72008473 0.0812991  0.01591306 0.79971953]
  Count:  1500 , QoI:  [-0.05107055]
Acceptance ratio:  0.7994670219853431 %
Solve with parameters [0.87219268 0.06191241 0.01605416 0.69440709]
  Count:  1510 , QoI:  [0.00578776]
Acceptance ratio:  0.7941760423560555 %
Solve with parameters [0.87724475 0.06638923 0.01598685 0.8184617 ]
  Count:  1520 , QoI:  [-0.01146303]
Acceptance ratio:  0.8547008547008548 %
Solve with parameters [0.79338649 0.08909152 0.01624044 0.67323506]
  Count:  1530 , QoI:  [-0.03018611]
Acceptance ratio:  0.8491182233834096 %
Solve with parameters [0.85641876 0.09217541 0.01462068 0.646956  ]
  Count:  1540 , QoI:  [-0.01351623]
Acceptance ratio:  0.8436080467229071 %
Solve with parameters [1.05074443 0.07863251 0.01426357 0.72284196]
  Count:  1550 , QoI:  [0.0263701]
Acceptance ratio:  0.8381689232753062 %
Solve with parameters [0.8063801  0.08267208 0.01680999 0.79277315]
  Count:  1560 , QoI:  [-0.03939436]
Acceptance ratio:  0.8327994875080076 %
Solve with parameters [0.9179073  0.08082487 0.01496017 0.68407671]
  Count:  1570 , QoI:  [0.0021239]
Acceptance ratio:  0.8274984086569064 %
Solve with parameters [0.82694686 0.06852012 0.01554682 0.78479882]
  Count:  1580 , QoI:  [-0.01711073]
Acceptance ratio:  0.8222643896268185 %
Solve with parameters [0.9485254  0.08646825 0.01463282 0.66341404]
  Count:  1590 , QoI:  [0.00607892]
Acceptance ratio:  0.8170961659333752 %
Solve with parameters [0.85011855 0.09992314 0.01375467 0.70533164]
  Count:  1600 , QoI:  [-0.0251946]
Acceptance ratio:  0.8119925046845722 %
Solve with parameters [0.90349674 0.08491398 0.01391813 0.84815831]
  Count:  1610 , QoI:  [-0.01749629]
Acceptance ratio:  0.8069522036002483 %
Solve with parameters [0.83025198 0.06977069 0.01354364 0.6495172 ]
  Count:  1620 , QoI:  [0.0040486]
Acceptance ratio:  0.8019740900678594 %
Solve with parameters [0.78051657 0.07462738 0.01397234 0.66960085]
  Count:  1630 , QoI:  [-0.01249089]
Acceptance ratio:  0.797057020232986 %
Solve with parameters [0.91178909 0.09012835 0.01681858 0.72477831]
  Count:  1640 , QoI:  [-0.01785413]
Acceptance ratio:  0.7921998781230957 %
Solve with parameters [0.81056852 0.08153668 0.01300318 0.8300568 ]
  Count:  1650 , QoI:  [-0.02524777]
Acceptance ratio:  0.7874015748031495 %
Solve with parameters [1.06598702 0.0857268  0.01427876 0.7113452 ]
  Count:  1660 , QoI:  [0.02398698]
Acceptance ratio:  0.78266104756171 %
Solve with parameters [0.84821967 0.07291405 0.01291265 0.78491433]
  Count:  1670 , QoI:  [-0.00636542]
Acceptance ratio:  0.7779772591262717 %
Solve with parameters [0.9345365  0.07889886 0.01438956 0.89209584]
  Count:  1680 , QoI:  [-0.01268937]
Acceptance ratio:  0.7733491969066032 %
Solve with parameters [0.89192616 0.07104842 0.01583799 0.5690082 ]
  Count:  1690 , QoI:  [0.01759642]
Acceptance ratio:  0.768775872264932 %
Solve with parameters [0.92531243 0.07404599 0.01400446 0.6857375 ]
  Count:  1700 , QoI:  [0.01216817]
Acceptance ratio:  0.7642563198118754 %
Solve with parameters [0.98234625 0.07288427 0.01682804 0.75137034]
  Count:  1710 , QoI:  [0.00721635]
Acceptance ratio:  0.7597895967270601 %
Solve with parameters [0.81213932 0.09442721 0.01496898 0.72356392]
  Count:  1720 , QoI:  [-0.03339894]
Acceptance ratio:  0.7553747821034282 %
Solve with parameters [0.96210436 0.06784766 0.01809079 0.62734533]
  Count:  1730 , QoI:  [0.02070245]
Acceptance ratio:  0.7510109763142693 %
Solve with parameters [0.90587933 0.06427346 0.01475414 0.7236873 ]
  Count:  1740 , QoI:  [0.01083607]
Acceptance ratio:  0.7466973004020678 %
Solve with parameters [0.89740057 0.07597437 0.01266166 0.67363743]
  Count:  1750 , QoI:  [0.0108511]
Acceptance ratio:  0.7424328954882925 %
Solve with parameters [0.81790692 0.08335168 0.01523556 0.74061165]
  Count:  1760 , QoI:  [-0.02565997]
Acceptance ratio:  0.7382169222032936 %
Solve with parameters [0.87337372 0.07505274 0.0185566  0.6576459 ]
  Count:  1770 , QoI:  [-0.00785052]
Acceptance ratio:  0.7340485601355167 %
Solve with parameters [1.00297169 0.07743712 0.01273673 0.6964848 ]
  Count:  1780 , QoI:  [0.02606168]
Acceptance ratio:  0.7299270072992701 %
Solve with parameters [0.88709892 0.06085608 0.01317742 0.76253205]
  Count:  1790 , QoI:  [0.01245466]
Acceptance ratio:  0.7258514796203238 %
Solve with parameters [1.10778572 0.08384136 0.01441237 0.87837341]
  Count:  1800 , QoI:  [0.01622636]
Acceptance ratio:  0.7218212104386451 %
Solve with parameters [0.9309408  0.0665678  0.01390932 0.89341628]
  Count:  1810 , QoI:  [0.00033368]
Acceptance ratio:  0.7178354500276091 %
Solve with parameters [0.74230045 0.07913193 0.01812496 0.7293415 ]
  Count:  1820 , QoI:  [-0.04461857]
Acceptance ratio:  0.7138934651290499 %
Solve with parameters [1.05908073 0.07945565 0.01320703 0.6647456 ]
  Count:  1830 , QoI:  [0.0361475]
Acceptance ratio:  0.70999453850355 %
Solve with parameters [0.97430097 0.09262533 0.01463339 0.60120831]
  Count:  1840 , QoI:  [0.01268718]
Acceptance ratio:  0.7061379684953829 %
Solve with parameters [0.89066072 0.07697279 0.01428764 0.86021544]
  Count:  1850 , QoI:  [-0.01546086]
Acceptance ratio:  0.7023230686115614 %
Solve with parameters [0.7964877  0.06812778 0.01421826 0.61575753]
  Count:  1860 , QoI:  [0.00116579]
Acceptance ratio:  0.6985491671144546 %
Solve with parameters [0.87901923 0.07099076 0.01500402 0.74751385]
  Count:  1870 , QoI:  [-0.00356195]
Acceptance ratio:  0.694815606627472 %
Solve with parameters [0.88396957 0.07759083 0.01312571 0.89747414]
  Count:  1880 , QoI:  [-0.01486565]
Acceptance ratio:  0.6911217437533227 %
Solve with parameters [0.98984635 0.09877766 0.0164933  0.70263012]
  Count:  1890 , QoI:  [-0.00706852]
Acceptance ratio:  0.6874669487043892 %
Solve with parameters [1.07829112 0.08515086 0.01490962 0.71697549]
  Count:  1900 , QoI:  [0.0243117]
Acceptance ratio:  0.6838506049447659 %
Solve with parameters [1.01650877 0.08075724 0.01608569 0.65910283]
  Count:  1910 , QoI:  [0.02028867]
Acceptance ratio:  0.7326007326007326 %
Solve with parameters [0.86393525 0.07162646 0.01570324 0.85618795]
  Count:  1920 , QoI:  [-0.02161233]
Acceptance ratio:  0.7287870900572618 %
Solve with parameters [0.77239735 0.10149699 0.01323121 0.87579799]
  Count:  1930 , QoI:  [-0.05510066]
Acceptance ratio:  0.7250129466597618 %
Solve with parameters [0.94192074 0.07028104 0.01490046 0.74575307]
  Count:  1940 , QoI:  [0.00920752]
Acceptance ratio:  0.7212776919113859 %
Solve with parameters [0.94503688 0.08181235 0.01567417 0.79904976]
  Count:  1950 , QoI:  [-0.00931006]
Acceptance ratio:  0.7175807278318811 %
Solve with parameters [0.72429653 0.07059832 0.01661351 0.70534973]
  Count:  1960 , QoI:  [-0.03215338]
Acceptance ratio:  0.7139214686384497 %
Solve with parameters [1.01352168 0.07346725 0.01443708 0.69431006]
  Count:  1970 , QoI:  [0.02661742]
Acceptance ratio:  0.7102993404363267 %
Solve with parameters [0.86445443 0.07771147 0.01626548 0.70621523]
  Count:  1980 , QoI:  [-0.01164503]
Acceptance ratio:  0.7067137809187279 %
Solve with parameters [0.89779767 0.08488574 0.01278399 0.8690597 ]
  Count:  1990 , QoI:  [-0.01501799]
Acceptance ratio:  0.7031642390758412 %
Solve with parameters [0.94845725 0.0743713  0.01633934 0.70340111]
  Count:  2000 , QoI:  [0.00699292]
Number accepted = 15
