pwd: /Backup_Linux/Dropbox/Work/Simulations/TumorModeling/PosteriorAnalysis/TumModel_AllenCahn
py file: run_3
 
Running chain 2
 
Arguments passed: 
Namespace(chain_id=2)
WARNING: user expression has not supplied value_shape method or an element. Assuming scalar element.
WARNING: user expression has not supplied value_shape method or an element. Assuming scalar element.
WARNING: user expression has not supplied value_shape method or an element. Assuming scalar element.
WARNING: user expression has not supplied value_shape method or an element. Assuming scalar element.
WARNING: user expression has not supplied value_shape method or an element. Assuming scalar element.
WARNING: user expression has not supplied value_shape method or an element. Assuming scalar element.


Getting low-fidelity solution

Solve LF with parameters [0.2, 0.1, 0.05]


Compute error at one parameter sample

test parameter: <dolfin.cpp.la.Vector object at 0x7feb0316df40>


Solve original forward and dual problem

Solve with parameters [0.67320276 0.09195924 0.01181696 1.12219656]
Calling FFC just-in-time (JIT) compiler, this may take some time.
Calling FFC just-in-time (JIT) compiler, this may take some time.
Calling FFC just-in-time (JIT) compiler, this may take some time.


Solve for approximate errors

Solve with parameters [0.67320276 0.09195924 0.01181696 1.12219656]
Calling FFC just-in-time (JIT) compiler, this may take some time.
Calling FFC just-in-time (JIT) compiler, this may take some time.
Calling FFC just-in-time (JIT) compiler, this may take some time.
Calling FFC just-in-time (JIT) compiler, this may take some time.

 *** comparing various estimates ***


Q(u0) =  1.1923454107206624


QoI using exact

Q(u) =  1.1262698820178845

Error Q(u) - Q(u0) =  -0.06607552870277789

Estimate 1 Q(u) - Q(u0) =  0.45402571000577485

Estimate 2 Q(u) - Q(u0) =  0.6389335261205927

Estimate 3 Q(u) - Q(u0) =  -0.04071622987536338


QoI using approximate


Q(u) =  1.1260816662428974

Error Q(u) - Q(u0) =  -0.06626374447776495

Estimate 1 Q(u) - Q(u0) =  0.46165309798842025

Estimate 2 Q(u) - Q(u0) =  1.291471554011834

Estimate 3 Q(u) - Q(u0) =  -0.03833255696526246


 *** Running MCMC simulation ***


Solve with parameters [0.67320276 0.09195924 0.01181696 1.12219656]
  Count:  0 , QoI:  [-0.06626374]
Acceptance ratio:  0.0 %
Solve with parameters [0.80654515 0.05062156 0.00842864 1.06045844]
  Count:  10 , QoI:  [0.0205759]
Acceptance ratio:  45.45454545454545 %
Solve with parameters [0.69943565 0.05904311 0.00685226 1.09339668]
  Count:  20 , QoI:  [0.00745746]
Acceptance ratio:  23.809523809523807 %
Solve with parameters [0.60541733 0.05547319 0.00711838 1.20395207]
  Count:  30 , QoI:  [-0.00561622]
Acceptance ratio:  16.129032258064516 %
Solve with parameters [0.7176532  0.06171651 0.00739367 1.18145911]
  Count:  40 , QoI:  [0.00379432]
Acceptance ratio:  12.195121951219512 %
Solve with parameters [0.65367273 0.06403239 0.00736365 1.05056941]
  Count:  50 , QoI:  [-0.00999602]
Acceptance ratio:  9.803921568627452 %
Solve with parameters [0.59538706 0.0458057  0.00873779 1.00361246]
  Count:  60 , QoI:  [-0.01275174]
Acceptance ratio:  8.19672131147541 %
Solve with parameters [0.69048492 0.06015708 0.00685156 0.93803495]
  Count:  70 , QoI:  [0.00463373]
Acceptance ratio:  7.042253521126761 %
Solve with parameters [0.74257172 0.0734737  0.00799892 1.2083651 ]
  Count:  80 , QoI:  [-0.00991443]
Acceptance ratio:  7.4074074074074066 %
Solve with parameters [0.59625142 0.06023877 0.00879762 1.10213452]
  Count:  90 , QoI:  [-0.02905944]
Acceptance ratio:  6.593406593406594 %
Solve with parameters [0.78207548 0.06058831 0.00665985 1.20605771]
  Count:  100 , QoI:  [0.02440349]
Acceptance ratio:  5.9405940594059405 %
Solve with parameters [0.6060794  0.06083574 0.00949628 1.15130698]
  Count:  110 , QoI:  [-0.03518183]
Acceptance ratio:  5.405405405405405 %
Solve with parameters [0.53371925 0.05793819 0.00835482 0.81658968]
  Count:  120 , QoI:  [-0.02582589]
Acceptance ratio:  4.958677685950414 %
Solve with parameters [0.70162657 0.07387833 0.00597943 1.28736327]
  Count:  130 , QoI:  [0.00759375]
Acceptance ratio:  4.580152671755725 %
Solve with parameters [0.62820414 0.0697263  0.00755063 1.00073924]
  Count:  140 , QoI:  [-0.02092479]
Acceptance ratio:  4.25531914893617 %
Solve with parameters [0.74380831 0.06156408 0.00739716 0.99732134]
  Count:  150 , QoI:  [0.00762299]
Acceptance ratio:  3.9735099337748347 %
Solve with parameters [0.74314076 0.05029477 0.00726208 0.97984718]
  Count:  160 , QoI:  [0.01972584]
Acceptance ratio:  3.7267080745341614 %
Solve with parameters [0.8803258  0.06699538 0.00942619 0.92211967]
  Count:  170 , QoI:  [0.01366081]
Acceptance ratio:  3.508771929824561 %
Solve with parameters [0.65709936 0.06740291 0.00650485 1.10380585]
  Count:  180 , QoI:  [-0.00468063]
Acceptance ratio:  3.314917127071823 %
Solve with parameters [0.61500545 0.05798319 0.00678129 1.02596895]
  Count:  190 , QoI:  [-0.00548554]
Acceptance ratio:  3.1413612565445024 %
Solve with parameters [0.68688478 0.07377883 0.00710551 1.07561719]
  Count:  200 , QoI:  [-0.01181732]
Acceptance ratio:  2.9850746268656714 %
Solve with parameters [0.61125959 0.05741972 0.00783573 0.84019339]
  Count:  210 , QoI:  [-0.01038899]
Acceptance ratio:  2.843601895734597 %
Solve with parameters [0.75275784 0.053931   0.00894167 1.03029054]
  Count:  220 , QoI:  [0.00422286]
Acceptance ratio:  2.7149321266968327 %
Solve with parameters [0.59425852 0.05734683 0.00583091 1.42283512]
  Count:  230 , QoI:  [0.01795814]
Acceptance ratio:  2.5974025974025974 %
Solve with parameters [0.70585489 0.05280678 0.00693518 1.16980185]
  Count:  240 , QoI:  [0.01550693]
Acceptance ratio:  2.4896265560165975 %
Solve with parameters [0.70182647 0.07210012 0.00819572 0.93279741]
  Count:  250 , QoI:  [-0.01419663]
Acceptance ratio:  2.3904382470119523 %
Solve with parameters [0.5561417  0.07297777 0.00752369 1.19336546]
  Count:  260 , QoI:  [-0.03645854]
Acceptance ratio:  2.2988505747126435 %
Solve with parameters [0.64711972 0.06674778 0.0071946  1.24922235]
  Count:  270 , QoI:  [-0.01001234]
Acceptance ratio:  2.214022140221402 %
Solve with parameters [0.7016633  0.06126789 0.0078426  1.24147519]
  Count:  280 , QoI:  [-0.00224699]
Acceptance ratio:  2.135231316725979 %
Solve with parameters [0.72973772 0.06085004 0.00782034 1.10643015]
  Count:  290 , QoI:  [0.00201173]
Acceptance ratio:  2.0618556701030926 %
Solve with parameters [0.71929696 0.06725068 0.00745729 1.29178536]
  Count:  300 , QoI:  [6.95023277e-05]
Acceptance ratio:  1.9933554817275747 %
Solve with parameters [0.65853772 0.06599521 0.00884831 1.02997514]
  Count:  310 , QoI:  [-0.02305611]
Acceptance ratio:  1.929260450160772 %
Solve with parameters [0.64872489 0.05479265 0.0082083  1.01499417]
  Count:  320 , QoI:  [-0.00844432]
Acceptance ratio:  1.8691588785046727 %
Solve with parameters [0.69958115 0.06376689 0.0070002  1.03883336]
  Count:  330 , QoI:  [0.00108435]
Acceptance ratio:  1.812688821752266 %
Solve with parameters [0.86837209 0.06085854 0.00703203 0.89747604]
  Count:  340 , QoI:  [0.03295153]
Acceptance ratio:  1.7595307917888565 %
Solve with parameters [0.56446023 0.06682388 0.00853924 1.01007043]
  Count:  350 , QoI:  [-0.03680098]
Acceptance ratio:  1.7094017094017095 %
Solve with parameters [0.58924921 0.0533112  0.00575216 1.15251987]
  Count:  360 , QoI:  [0.00727772]
Acceptance ratio:  1.662049861495845 %
Solve with parameters [0.65084736 0.06188964 0.00629888 1.23544029]
  Count:  370 , QoI:  [0.00561523]
Acceptance ratio:  1.6172506738544474 %
Solve with parameters [0.78630662 0.05980737 0.00862436 1.06701792]
  Count:  380 , QoI:  [0.00615669]
Acceptance ratio:  1.574803149606299 %
Solve with parameters [0.82037926 0.05936415 0.00995734 0.88782201]
  Count:  390 , QoI:  [0.00879365]
Acceptance ratio:  1.5345268542199488 %
Solve with parameters [0.54248878 0.06345224 0.00535674 1.08580187]
  Count:  400 , QoI:  [-0.00871858]
Acceptance ratio:  1.4962593516209477 %
Solve with parameters [0.63668589 0.06157989 0.00669966 1.27644079]
  Count:  410 , QoI:  [0.0003508]
Acceptance ratio:  1.4598540145985401 %
Solve with parameters [0.56135719 0.05826539 0.0083507  0.96325159]
  Count:  420 , QoI:  [-0.02652419]
Acceptance ratio:  1.4251781472684086 %
Solve with parameters [0.70280688 0.06456529 0.00887551 1.09840854]
  Count:  430 , QoI:  [-0.01564689]
Acceptance ratio:  1.3921113689095126 %
Solve with parameters [0.6288035  0.07269318 0.00848272 1.04850857]
  Count:  440 , QoI:  [-0.03204392]
Acceptance ratio:  1.3605442176870748 %
Solve with parameters [0.76738968 0.051089   0.00696705 1.09148221]
  Count:  450 , QoI:  [0.02604636]
Acceptance ratio:  1.3303769401330376 %
Solve with parameters [0.55905723 0.0596827  0.00657964 1.04444426]
  Count:  460 , QoI:  [-0.01455147]
Acceptance ratio:  1.3015184381778742 %
Solve with parameters [0.63165215 0.06296506 0.00661267 1.04254291]
  Count:  470 , QoI:  [-0.00610298]
Acceptance ratio:  1.2738853503184715 %
Solve with parameters [0.9431693  0.06854578 0.00708067 1.05879702]
  Count:  480 , QoI:  [0.03726424]
Acceptance ratio:  1.2474012474012475 %
Solve with parameters [0.65291631 0.05737157 0.00735132 1.0063083 ]
  Count:  490 , QoI:  [-0.00327382]
Acceptance ratio:  1.2219959266802443 %
Solve with parameters [0.57696358 0.05080748 0.00709466 1.07226374]
  Count:  500 , QoI:  [-0.00730996]
Acceptance ratio:  1.1976047904191618 %
Solve with parameters [0.68425732 0.06683695 0.00642911 1.05014377]
  Count:  510 , QoI:  [0.00046592]
Acceptance ratio:  1.1741682974559686 %
Solve with parameters [0.6181328  0.064975   0.0075307  1.16725187]
  Count:  520 , QoI:  [-0.0181603]
Acceptance ratio:  1.1516314779270633 %
Solve with parameters [0.66866418 0.04074701 0.00648484 1.24973855]
  Count:  530 , QoI:  [0.02969123]
Acceptance ratio:  1.1299435028248588 %
Solve with parameters [0.63912933 0.05335242 0.00778039 1.10587978]
  Count:  540 , QoI:  [-0.00558557]
Acceptance ratio:  1.1090573012939002 %
Solve with parameters [0.63829364 0.05597481 0.00731336 0.96145499]
  Count:  550 , QoI:  [-0.00366398]
Acceptance ratio:  1.0889292196007259 %
Solve with parameters [0.74513268 0.06301091 0.00845255 0.99564134]
  Count:  560 , QoI:  [-0.00154349]
Acceptance ratio:  1.06951871657754 %
Solve with parameters [0.66891685 0.06127294 0.00756544 1.35198766]
  Count:  570 , QoI:  [-0.00163522]
Acceptance ratio:  1.2259194395796849 %
Solve with parameters [0.64049741 0.04694207 0.00672981 1.49421208]
  Count:  580 , QoI:  [0.02972614]
Acceptance ratio:  1.2048192771084338 %
Solve with parameters [0.63274081 0.052169   0.0067889  1.01044871]
  Count:  590 , QoI:  [0.00308285]
Acceptance ratio:  1.1844331641285957 %
Solve with parameters [0.68896492 0.05788053 0.00691158 1.20006838]
  Count:  600 , QoI:  [0.00832078]
Acceptance ratio:  1.1647254575707155 %
Solve with parameters [0.72151241 0.05127075 0.00766507 1.16394183]
  Count:  610 , QoI:  [0.0122747]
Acceptance ratio:  1.1456628477905073 %
Solve with parameters [0.61025465 0.06592933 0.00764687 1.06608261]
  Count:  620 , QoI:  [-0.02168298]
Acceptance ratio:  1.1272141706924315 %
Solve with parameters [0.71580381 0.05215797 0.00763494 1.33374971]
  Count:  630 , QoI:  [0.01502547]
Acceptance ratio:  1.109350237717908 %
Solve with parameters [0.58444146 0.05895038 0.00894932 1.11351112]
  Count:  640 , QoI:  [-0.03135269]
Acceptance ratio:  1.0920436817472698 %
Solve with parameters [0.59920846 0.05337371 0.00714772 1.12714565]
  Count:  650 , QoI:  [-0.00616333]
Acceptance ratio:  1.0752688172043012 %
Solve with parameters [0.69239452 0.04759178 0.00768543 1.06043293]
  Count:  660 , QoI:  [0.01012793]
Acceptance ratio:  1.059001512859304 %
Solve with parameters [0.70721897 0.04616798 0.00641945 1.05518242]
  Count:  670 , QoI:  [0.02520498]
Acceptance ratio:  1.0432190760059614 %
Solve with parameters [0.72105636 0.06426943 0.00663827 1.07072749]
  Count:  680 , QoI:  [0.00753083]
Acceptance ratio:  1.0279001468428781 %
Solve with parameters [0.78185262 0.06041046 0.00628375 0.90899243]
  Count:  690 , QoI:  [0.02370867]
Acceptance ratio:  1.0130246020260492 %
Solve with parameters [0.57377154 0.06539019 0.00769429 1.16121485]
  Count:  700 , QoI:  [-0.02780218]
Acceptance ratio:  0.9985734664764622 %
Solve with parameters [0.59984351 0.04971402 0.00850498 1.38922403]
  Count:  710 , QoI:  [-0.01219495]
Acceptance ratio:  0.9845288326300985 %
Solve with parameters [0.49492808 0.05501665 0.00807771 1.143628  ]
  Count:  720 , QoI:  [-0.03458706]
Acceptance ratio:  0.9708737864077669 %
Solve with parameters [0.64322244 0.05992597 0.00721313 1.3334588 ]
  Count:  730 , QoI:  [-0.00088518]
Acceptance ratio:  0.957592339261286 %
Solve with parameters [0.63299633 0.05124102 0.00633499 1.20818935]
  Count:  740 , QoI:  [0.01237566]
Acceptance ratio:  0.9446693657219973 %
Solve with parameters [0.67271249 0.06160821 0.00599984 0.99514268]
  Count:  750 , QoI:  [0.0068827]
Acceptance ratio:  0.9320905459387484 %
Solve with parameters [0.61164542 0.05568496 0.0062687  1.34209136]
  Count:  760 , QoI:  [0.01108748]
Acceptance ratio:  0.9198423127463863 %
Solve with parameters [0.56920633 0.05137741 0.00600532 1.40341508]
  Count:  770 , QoI:  [0.01627686]
Acceptance ratio:  0.9079118028534372 %
Solve with parameters [0.70891583 0.05840593 0.00791137 1.36650403]
  Count:  780 , QoI:  [0.00467929]
Acceptance ratio:  0.8962868117797695 %
Solve with parameters [0.70072968 0.06576414 0.00630361 1.38869936]
  Count:  790 , QoI:  [0.01772247]
Acceptance ratio:  0.8849557522123894 %
Solve with parameters [0.71989656 0.05288279 0.00667021 1.12182792]
  Count:  800 , QoI:  [0.01941671]
Acceptance ratio:  0.8739076154806492 %
Solve with parameters [0.56822727 0.04631111 0.00658558 1.2025536 ]
  Count:  810 , QoI:  [0.00352725]
Acceptance ratio:  0.8631319358816275 %
Solve with parameters [0.56258647 0.0599576  0.00729743 1.24739666]
  Count:  820 , QoI:  [-0.01859582]
Acceptance ratio:  0.8526187576126675 %
Solve with parameters [0.64702531 0.05797719 0.00661333 1.15654794]
  Count:  830 , QoI:  [0.00314735]
Acceptance ratio:  0.842358604091456 %
Solve with parameters [0.6227451  0.05716098 0.00809715 1.04807092]
  Count:  840 , QoI:  [-0.01469441]
Acceptance ratio:  0.8323424494649228 %
Solve with parameters [0.70170319 0.05357618 0.00836287 1.2535596 ]
  Count:  850 , QoI:  [0.00033795]
Acceptance ratio:  0.8225616921269095 %
Solve with parameters [0.66398416 0.05134147 0.0056936  1.1649993 ]
  Count:  860 , QoI:  [0.02294749]
Acceptance ratio:  0.8130081300813009 %
Solve with parameters [0.64439346 0.06113844 0.00746909 1.05740088]
  Count:  870 , QoI:  [-0.00963145]
Acceptance ratio:  0.8036739380022963 %
Solve with parameters [0.6769477  0.06281386 0.0077906  1.16608314]
  Count:  880 , QoI:  [-0.00853478]
Acceptance ratio:  0.7945516458569807 %
Solve with parameters [0.62095444 0.06415912 0.0079147  1.23394115]
  Count:  890 , QoI:  [-0.02016342]
Acceptance ratio:  0.7856341189674524 %
Solve with parameters [0.59288808 0.06267607 0.00714971 1.12862646]
  Count:  900 , QoI:  [-0.01663685]
Acceptance ratio:  0.776914539400666 %
Solve with parameters [0.63485398 0.06043294 0.0072382  1.10659165]
  Count:  910 , QoI:  [-0.00834545]
Acceptance ratio:  0.7683863885839737 %
Solve with parameters [0.68297341 0.05335693 0.00819494 1.12760539]
  Count:  920 , QoI:  [-0.00191551]
Acceptance ratio:  0.760043431053203 %
Solve with parameters [0.48590092 0.06380667 0.00711242 1.38363739]
  Count:  930 , QoI:  [-0.02885169]
Acceptance ratio:  0.7518796992481203 %
Solve with parameters [0.68929646 0.05771951 0.00550314 1.47249947]
  Count:  940 , QoI:  [0.04355761]
Acceptance ratio:  0.7438894792773645 %
Solve with parameters [0.79035274 0.04766383 0.00763783 1.15253226]
  Count:  950 , QoI:  [0.0281431]
Acceptance ratio:  0.7360672975814931 %
Solve with parameters [0.60171828 0.05832977 0.00661467 1.22828095]
  Count:  960 , QoI:  [-0.00289071]
Acceptance ratio:  0.72840790842872 %
Solve with parameters [0.67495644 0.05354193 0.00874727 0.98480239]
  Count:  970 , QoI:  [-0.00631411]
Acceptance ratio:  0.7209062821833162 %
Solve with parameters [0.70646013 0.06423911 0.00653222 1.44991855]
  Count:  980 , QoI:  [0.02125062]
Acceptance ratio:  0.7135575942915392 %
Solve with parameters [0.62758177 0.05390938 0.00704952 1.25672366]
  Count:  990 , QoI:  [0.00207247]
Acceptance ratio:  0.7063572149344097 %
Solve with parameters [0.69499635 0.05787362 0.00670762 1.18011769]
  Count:  1000 , QoI:  [0.01101005]
Acceptance ratio:  0.6993006993006993 %
Solve with parameters [0.65133804 0.06528915 0.00774791 1.18282253]
  Count:  1010 , QoI:  [-0.01489409]
Acceptance ratio:  0.6923837784371909 %
Solve with parameters [0.59282997 0.06294961 0.00567887 1.14566183]
  Count:  1020 , QoI:  [-0.00150448]
Acceptance ratio:  0.6856023506366308 %
Solve with parameters [0.49940169 0.05309332 0.0063409  1.16467836]
  Count:  1030 , QoI:  [-0.01345784]
Acceptance ratio:  0.6789524733268671 %
Solve with parameters [0.63772259 0.06412221 0.00639685 1.28645971]
  Count:  1040 , QoI:  [0.00193423]
Acceptance ratio:  0.6724303554274735 %
Solve with parameters [0.71919621 0.04803593 0.00633839 1.21545938]
  Count:  1050 , QoI:  [0.03078346]
Acceptance ratio:  0.6660323501427212 %
Solve with parameters [0.51738829 0.05099365 0.00806551 1.14354076]
  Count:  1060 , QoI:  [-0.02662581]
Acceptance ratio:  0.6597549481621112 %
Solve with parameters [0.78045974 0.05294646 0.00639648 1.20105498]
  Count:  1070 , QoI:  [0.03490473]
Acceptance ratio:  0.6535947712418301 %
Solve with parameters [0.6267565  0.05313229 0.00757061 1.26385869]
  Count:  1080 , QoI:  [-0.00312988]
Acceptance ratio:  0.6475485661424607 %
Solve with parameters [0.57162468 0.05962588 0.00658909 1.29998496]
  Count:  1090 , QoI:  [-0.00636164]
Acceptance ratio:  0.6416131989000917 %
Solve with parameters [0.66487798 0.06332929 0.00596769 1.11581042]
  Count:  1100 , QoI:  [0.00621846]
Acceptance ratio:  0.6357856494096277 %
Solve with parameters [0.6765716  0.05212616 0.00705184 0.76465188]
  Count:  1110 , QoI:  [0.01198647]
Acceptance ratio:  0.6300630063006301 %
Solve with parameters [0.47371818 0.06264524 0.00679141 1.21212224]
  Count:  1120 , QoI:  [-0.03137753]
Acceptance ratio:  0.6244424620874219 %
Solve with parameters [0.75803414 0.05474635 0.00675003 1.46384733]
  Count:  1130 , QoI:  [0.03911104]
Acceptance ratio:  0.618921308576481 %
Solve with parameters [0.72378881 0.06142037 0.0074884  1.02423101]
  Count:  1140 , QoI:  [0.00347584]
Acceptance ratio:  0.7011393514461 %
Solve with parameters [0.6473942  0.06058416 0.00775315 1.02968442]
  Count:  1150 , QoI:  [-0.01081681]
Acceptance ratio:  0.6950477845351868 %
Solve with parameters [0.64829314 0.071198   0.00878409 1.0132947 ]
  Count:  1160 , QoI:  [-0.02887541]
Acceptance ratio:  0.6890611541774333 %
Solve with parameters [0.6733019  0.06121893 0.00791036 1.0206166 ]
  Count:  1170 , QoI:  [-0.00824538]
Acceptance ratio:  0.6831767719897524 %
Solve with parameters [0.60584155 0.06189958 0.00770465 1.14843192]
  Count:  1180 , QoI:  [-0.01900881]
Acceptance ratio:  0.6773920406435224 %
Solve with parameters [0.55919261 0.05252941 0.00679634 1.10796124]
  Count:  1190 , QoI:  [-0.00881243]
Acceptance ratio:  0.6717044500419815 %
Solve with parameters [0.71437983 0.06805748 0.00788836 1.01316565]
  Count:  1200 , QoI:  [-0.0076908]
Acceptance ratio:  0.6661115736885929 %
Solve with parameters [0.66992018 0.06823349 0.00555384 1.31826941]
  Count:  1210 , QoI:  [0.01546073]
Acceptance ratio:  0.6606110652353426 %
Solve with parameters [0.76406192 0.05310497 0.00705071 1.37476253]
  Count:  1220 , QoI:  [0.03202779]
Acceptance ratio:  0.6552006552006553 %
Solve with parameters [0.67640575 0.06301143 0.00594521 1.18620434]
  Count:  1230 , QoI:  [0.01090058]
Acceptance ratio:  0.6498781478472786 %
Solve with parameters [0.6285168  0.06505489 0.00732357 1.04284248]
  Count:  1240 , QoI:  [-0.01484236]
Acceptance ratio:  0.6446414182111201 %
Solve with parameters [0.66696071 0.06875101 0.00685846 1.04385594]
  Count:  1250 , QoI:  [-0.00807232]
Acceptance ratio:  0.6394884092725819 %
Solve with parameters [0.73348752 0.06424088 0.00593417 1.00612142]
  Count:  1260 , QoI:  [0.01496771]
Acceptance ratio:  0.63441712926249 %
Solve with parameters [0.62690561 0.06782483 0.00682131 1.09531286]
  Count:  1270 , QoI:  [-0.01323857]
Acceptance ratio:  0.6294256490952006 %
Solve with parameters [0.70948595 0.05970326 0.00607278 1.20278353]
  Count:  1280 , QoI:  [0.01919443]
Acceptance ratio:  0.624512099921936 %
Solve with parameters [0.73086415 0.05648455 0.00674692 1.15118217]
  Count:  1290 , QoI:  [0.01745886]
Acceptance ratio:  0.6196746707978312 %
Solve with parameters [0.6593918  0.07916362 0.00678136 0.99614194]
  Count:  1300 , QoI:  [-0.01869407]
Acceptance ratio:  0.6149116064565718 %
Solve with parameters [0.73031865 0.06373685 0.00712792 0.84976487]
  Count:  1310 , QoI:  [0.00739482]
Acceptance ratio:  0.6102212051868803 %
Solve with parameters [0.7196977  0.06139179 0.00702577 1.03044621]
  Count:  1320 , QoI:  [0.00659377]
Acceptance ratio:  0.6056018168054504 %
Solve with parameters [0.74178387 0.06117367 0.00715898 0.99912936]
  Count:  1330 , QoI:  [0.00950643]
Acceptance ratio:  0.6010518407212623 %
Solve with parameters [0.78087738 0.0589736  0.00765087 1.00188048]
  Count:  1340 , QoI:  [0.01447825]
Acceptance ratio:  0.5965697240865026 %
Solve with parameters [0.76624256 0.06131185 0.00610441 1.1728857 ]
  Count:  1350 , QoI:  [0.02571593]
Acceptance ratio:  0.5921539600296076 %
Solve with parameters [0.71331543 0.07224387 0.00611109 1.33110749]
  Count:  1360 , QoI:  [0.01195827]
Acceptance ratio:  0.5878030859662012 %
Solve with parameters [0.68195955 0.05806896 0.00648415 1.20115257]
  Count:  1370 , QoI:  [0.01161581]
Acceptance ratio:  0.5835156819839533 %
Solve with parameters [0.97596943 0.06511034 0.00708395 1.12757597]
  Count:  1380 , QoI:  [0.04732617]
Acceptance ratio:  0.5792903692976104 %
Solve with parameters [0.57972301 0.06510434 0.00667659 1.00412888]
  Count:  1390 , QoI:  [-0.01737697]
Acceptance ratio:  0.5751258087706687 %
Solve with parameters [0.75576223 0.07895344 0.00730284 0.99772383]
  Count:  1400 , QoI:  [-0.00657831]
Acceptance ratio:  0.6423982869379015 %
Solve with parameters [0.63226396 0.07427664 0.00555834 0.95690565]
  Count:  1410 , QoI:  [-0.00869471]
Acceptance ratio:  0.6378454996456413 %
Solve with parameters [0.93365937 0.07265142 0.00570692 1.08552538]
  Count:  1420 , QoI:  [0.04357293]
Acceptance ratio:  0.633356790992259 %
Solve with parameters [0.70153178 0.06037682 0.00802748 1.00678916]
  Count:  1430 , QoI:  [-0.00337807]
Acceptance ratio:  0.628930817610063 %
Solve with parameters [0.633519   0.08221395 0.00619717 1.1675561 ]
  Count:  1440 , QoI:  [-0.01929515]
Acceptance ratio:  0.6245662734212353 %
Solve with parameters [0.65566964 0.06843071 0.00594395 0.97130722]
  Count:  1450 , QoI:  [-0.00225907]
Acceptance ratio:  0.6202618883528601 %
Solve with parameters [0.66225593 0.06492254 0.00647932 1.01311924]
  Count:  1460 , QoI:  [-0.00195981]
Acceptance ratio:  0.6160164271047228 %
Solve with parameters [0.5431397  0.06870342 0.00797281 1.02071913]
  Count:  1470 , QoI:  [-0.03779561]
Acceptance ratio:  0.6118286879673691 %
Solve with parameters [0.75954749 0.08280592 0.00755425 0.85291142]
  Count:  1480 , QoI:  [-0.00812449]
Acceptance ratio:  0.6076975016880486 %
Solve with parameters [0.7112932  0.06858557 0.00639945 0.95034905]
  Count:  1490 , QoI:  [0.00319575]
Acceptance ratio:  0.6036217303822937 %
Solve with parameters [0.72650037 0.069221   0.00647181 1.00829837]
  Count:  1500 , QoI:  [0.00451698]
Acceptance ratio:  0.5996002664890073 %
Solve with parameters [0.68902627 0.05625924 0.00603526 1.26561997]
  Count:  1510 , QoI:  [0.02263453]
Acceptance ratio:  0.5956320317670417 %
Solve with parameters [0.61212077 0.08902813 0.00607057 0.65491376]
  Count:  1520 , QoI:  [-0.02264869]
Acceptance ratio:  0.591715976331361 %
Solve with parameters [0.72035828 0.06427385 0.00686327 1.10959666]
  Count:  1530 , QoI:  [0.00580255]
Acceptance ratio:  0.6531678641410843 %
Solve with parameters [0.67107363 0.06224664 0.00885369 1.04829961]
  Count:  1540 , QoI:  [-0.01772684]
Acceptance ratio:  0.6489292667099287 %
Solve with parameters [0.88866598 0.07279997 0.00895734 1.03140745]
  Count:  1550 , QoI:  [0.00921729]
Acceptance ratio:  0.7092198581560284 %
Solve with parameters [0.74111534 0.07581183 0.009148   1.18565628]
  Count:  1560 , QoI:  [-0.02388789]
Acceptance ratio:  0.7046764894298526 %
Solve with parameters [0.66595845 0.08047596 0.0096131  0.93681299]
  Count:  1570 , QoI:  [-0.03769885]
Acceptance ratio:  0.7001909611712286 %
Solve with parameters [0.64819583 0.05353702 0.00766032 1.04423305]
  Count:  1580 , QoI:  [-0.0030693]
Acceptance ratio:  0.6957621758380772 %
Solve with parameters [0.91126779 0.07681734 0.00709165 1.23013263]
  Count:  1590 , QoI:  [0.02586431]
Acceptance ratio:  0.6913890634820867 %
Solve with parameters [0.78083069 0.08142752 0.0074813  1.13845071]
  Count:  1600 , QoI:  [-0.00679586]
Acceptance ratio:  0.6870705808869456 %
Solve with parameters [0.71078597 0.06371032 0.01083455 0.88265671]
  Count:  1610 , QoI:  [-0.01911837]
Acceptance ratio:  0.6828057107386716 %
Solve with parameters [0.56334796 0.0605776  0.00654645 0.95642685]
  Count:  1620 , QoI:  [-0.01447206]
Acceptance ratio:  0.6785934608266502 %
Solve with parameters [0.86919824 0.07690583 0.00928321 1.12866209]
  Count:  1630 , QoI:  [-0.002849]
Acceptance ratio:  0.6744328632740649 %
Solve with parameters [0.72836275 0.07110339 0.00907466 1.14042317]
  Count:  1640 , QoI:  [-0.02012161]
Acceptance ratio:  0.6703229737964655 %
Solve with parameters [0.80830293 0.07472095 0.00745377 1.21194157]
  Count:  1650 , QoI:  [0.00588182]
Acceptance ratio:  0.6662628709872804 %
Solve with parameters [0.77137671 0.07536944 0.00750656 1.20410883]
  Count:  1660 , QoI:  [-0.00186778]
Acceptance ratio:  0.6622516556291391 %
Solve with parameters [0.81452389 0.07207534 0.00760539 1.25266248]
  Count:  1670 , QoI:  [0.00893908]
Acceptance ratio:  0.6582884500299222 %
Solve with parameters [0.7909921  0.09893976 0.0124308  1.02752696]
  Count:  1680 , QoI:  [-0.05720255]
Acceptance ratio:  0.6543723973825104 %
Solve with parameters [0.74700948 0.06494155 0.0111643  1.093459  ]
  Count:  1690 , QoI:  [-0.02707989]
Acceptance ratio:  0.6505026611472502 %
Solve with parameters [0.7377557  0.06899831 0.00890938 1.17699451]
  Count:  1700 , QoI:  [-0.01520965]
Acceptance ratio:  0.6466784244562023 %
Solve with parameters [0.6554308  0.06163201 0.00961369 1.11623259]
  Count:  1710 , QoI:  [-0.02774959]
Acceptance ratio:  0.6428988895382818 %
Solve with parameters [0.78504917 0.07290796 0.00671278 1.16796834]
  Count:  1720 , QoI:  [0.01045713]
Acceptance ratio:  0.6391632771644393 %
Solve with parameters [0.70259983 0.08266496 0.00794168 0.99786554]
  Count:  1730 , QoI:  [-0.02390066]
Acceptance ratio:  0.635470826112074 %
Solve with parameters [0.71039281 0.06404507 0.00731389 1.04676938]
  Count:  1740 , QoI:  [-2.27430323e-05]
Acceptance ratio:  0.6892590465249857 %
Solve with parameters [0.68964356 0.06285886 0.00858129 1.20363653]
  Count:  1750 , QoI:  [-0.01417698]
Acceptance ratio:  0.6853226727584237 %
Solve with parameters [0.72174206 0.06405224 0.00800933 0.9109429 ]
  Count:  1760 , QoI:  [-0.0013921]
Acceptance ratio:  0.6814310051107325 %
Solve with parameters [0.74836866 0.06600288 0.00868637 0.94821402]
  Count:  1770 , QoI:  [-0.00431957]
Acceptance ratio:  0.6775832862789385 %
Solve with parameters [0.90518794 0.06867053 0.00631705 1.11960768]
  Count:  1780 , QoI:  [0.03815415]
Acceptance ratio:  0.673778775968557 %
Solve with parameters [0.75199661 0.07178358 0.0072705  0.98707601]
  Count:  1790 , QoI:  [9.58234463e-05]
Acceptance ratio:  0.6700167504187605 %
Solve with parameters [0.76623096 0.06029443 0.00667552 0.96841054]
  Count:  1800 , QoI:  [0.01826795]
Acceptance ratio:  0.6662965019433648 %
Solve with parameters [0.74447235 0.06459738 0.00723445 1.16534098]
  Count:  1810 , QoI:  [0.0067902]
Acceptance ratio:  0.6626173384870238 %
Solve with parameters [0.6984338  0.06534003 0.00824702 1.10857198]
  Count:  1820 , QoI:  [-0.01173672]
Acceptance ratio:  0.6589785831960462 %
Solve with parameters [0.77160332 0.06440361 0.01073297 0.83422488]
  Count:  1830 , QoI:  [-0.00566181]
Acceptance ratio:  0.6553795740032768 %
Solve with parameters [0.64711219 0.06604295 0.0076353  1.15159434]
  Count:  1840 , QoI:  [-0.01547878]
Acceptance ratio:  0.6518196632265073 %
Solve with parameters [0.61819829 0.07236432 0.00759307 1.06414546]
  Count:  1850 , QoI:  [-0.026176]
Acceptance ratio:  0.6482982171799028 %
Solve with parameters [0.73044577 0.06839564 0.00802193 0.85940659]
  Count:  1860 , QoI:  [-0.00255646]
Acceptance ratio:  0.6448146157979581 %
Solve with parameters [0.7411978  0.06330005 0.00684213 1.02420282]
  Count:  1870 , QoI:  [0.00983045]
Acceptance ratio:  0.6413682522715126 %
Solve with parameters [0.62548642 0.0641942  0.00873547 1.06074778]
  Count:  1880 , QoI:  [-0.02669674]
Acceptance ratio:  0.6379585326953748 %
Solve with parameters [0.86372357 0.06750343 0.00561561 0.97386492]
  Count:  1890 , QoI:  [0.03548227]
Acceptance ratio:  0.6345848757271285 %
Solve with parameters [0.57435213 0.06587795 0.00765899 1.39425492]
  Count:  1900 , QoI:  [-0.02284753]
Acceptance ratio:  0.6312467122567069 %
Solve with parameters [0.85567235 0.06583897 0.00806904 0.9389757 ]
  Count:  1910 , QoI:  [0.01857038]
Acceptance ratio:  0.6279434850863422 %
Solve with parameters [0.934032   0.05565562 0.00608914 1.18461781]
  Count:  1920 , QoI:  [0.0613216]
Acceptance ratio:  0.6246746486205101 %
Solve with parameters [0.7056916  0.06953695 0.00690618 0.97460543]
  Count:  1930 , QoI:  [-0.0025879]
Acceptance ratio:  0.6214396685655101 %
Solve with parameters [0.70314392 0.05567131 0.00766192 1.13936289]
  Count:  1940 , QoI:  [0.00432798]
Acceptance ratio:  0.6182380216383307 %
Solve with parameters [0.64513564 0.07135102 0.00790356 1.10555885]
  Count:  1950 , QoI:  [-0.02368332]
Acceptance ratio:  0.6150691952844696 %
Solve with parameters [0.63302361 0.07040194 0.00746326 1.00210354]
  Count:  1960 , QoI:  [-0.02009837]
Acceptance ratio:  0.6119326874043856 %
Solve with parameters [0.70839423 0.06572455 0.00803834 1.11627804]
  Count:  1970 , QoI:  [-0.0085569]
Acceptance ratio:  0.60882800608828 %
Solve with parameters [1.02368745 0.06659846 0.00898126 1.40156499]
  Count:  1980 , QoI:  [0.04096564]
Acceptance ratio:  0.6057546693589096 %
Solve with parameters [0.70602595 0.06020854 0.00710296 1.07462831]
  Count:  1990 , QoI:  [0.00495138]
Acceptance ratio:  0.6027122049221497 %
Solve with parameters [0.876442   0.07923291 0.00911784 1.01459047]
  Count:  2000 , QoI:  [5.80883442e-05]
Number accepted = 13
